[0.096s] Invoking command in '/home/meric/f1tenth_ws/build/vesc_driver': CMAKE_PREFIX_PATH=/home/meric/f1tenth_ws/install/vesc_msgs:/home/meric/f1tenth_ws/install/waypoint_generator:/home/meric/f1tenth_ws/install/vesc:/home/meric/f1tenth_ws/install/vesc_driver:/home/meric/f1tenth_ws/install/vesc_ackermann:/home/meric/f1tenth_ws/install/teleop_tools:/home/meric/f1tenth_ws/install/teleop_tools_msgs:/home/meric/f1tenth_ws/install/range_lib:/home/meric/f1tenth_ws/install/pure_pursuit:/home/meric/f1tenth_ws/install/ackermann_mux:/home/meric/f1tenth_ws/install/f1tenth_stack:/home/meric/f1tenth_ws/install/joy_teleop:/home/meric/f1tenth_ws/install/stanley_avoidance:/home/meric/f1tenth_ws/install/stanley2_avoidance:/home/meric/f1tenth_ws/install/slam:/home/meric/f1tenth_ws/install/particle_filter:/home/meric/f1tenth_ws/install/mouse_teleop:/home/meric/f1tenth_ws/install/key_teleop:/opt/ros/foxy LD_LIBRARY_PATH=/home/meric/f1tenth_ws/install/vesc_msgs/lib:/home/meric/f1tenth_ws/install/vesc_driver/lib:/home/meric/f1tenth_ws/install/vesc_ackermann/lib:/home/meric/f1tenth_ws/install/teleop_tools_msgs/lib:/home/meric/ORBLIB/Pangolin/build/:/usr/lib/aarch64-linux-gnu/gazebo-11/plugins:/opt/ros/foxy/opt/yaml_cpp_vendor/lib:/opt/ros/foxy/opt/rviz_ogre_vendor/lib:/opt/ros/foxy/lib/aarch64-linux-gnu:/opt/ros/foxy/lib:/home/meric/ORBLIB/ORB_SLAM3/lib PYTHONPATH=/home/meric/f1tenth_ws/install/vesc_msgs/lib/python3.8/site-packages:/home/meric/f1tenth_ws/install/f1tenth_stack/lib/python3.8/site-packages:/home/meric/f1tenth_ws/install/joy_teleop/lib/python3.8/site-packages:/home/meric/f1tenth_ws/install/teleop_tools_msgs/lib/python3.8/site-packages:/home/meric/f1tenth_ws/install/stanley_avoidance/lib/python3.8/site-packages:/home/meric/f1tenth_ws/install/stanley2_avoidance/lib/python3.8/site-packages:/home/meric/f1tenth_ws/install/slam/lib/python3.8/site-packages:/home/meric/f1tenth_ws/install/particle_filter/lib/python3.8/site-packages:/home/meric/f1tenth_ws/install/mouse_teleop/lib/python3.8/site-packages:/home/meric/f1tenth_ws/install/key_teleop/lib/python3.8/site-packages:/opt/ros/foxy/lib/python3.8/site-packages /usr/bin/cmake --build /home/meric/f1tenth_ws/build/vesc_driver -- -j6 -l6
[0.310s] [ 50%] Built target vesc_driver
[0.349s] [ 70%] Built target vesc_driver_node
[0.420s] [100%] Built target vesc_device_namer
[0.472s] Invoked command in '/home/meric/f1tenth_ws/build/vesc_driver' returned '0': CMAKE_PREFIX_PATH=/home/meric/f1tenth_ws/install/vesc_msgs:/home/meric/f1tenth_ws/install/waypoint_generator:/home/meric/f1tenth_ws/install/vesc:/home/meric/f1tenth_ws/install/vesc_driver:/home/meric/f1tenth_ws/install/vesc_ackermann:/home/meric/f1tenth_ws/install/teleop_tools:/home/meric/f1tenth_ws/install/teleop_tools_msgs:/home/meric/f1tenth_ws/install/range_lib:/home/meric/f1tenth_ws/install/pure_pursuit:/home/meric/f1tenth_ws/install/ackermann_mux:/home/meric/f1tenth_ws/install/f1tenth_stack:/home/meric/f1tenth_ws/install/joy_teleop:/home/meric/f1tenth_ws/install/stanley_avoidance:/home/meric/f1tenth_ws/install/stanley2_avoidance:/home/meric/f1tenth_ws/install/slam:/home/meric/f1tenth_ws/install/particle_filter:/home/meric/f1tenth_ws/install/mouse_teleop:/home/meric/f1tenth_ws/install/key_teleop:/opt/ros/foxy LD_LIBRARY_PATH=/home/meric/f1tenth_ws/install/vesc_msgs/lib:/home/meric/f1tenth_ws/install/vesc_driver/lib:/home/meric/f1tenth_ws/install/vesc_ackermann/lib:/home/meric/f1tenth_ws/install/teleop_tools_msgs/lib:/home/meric/ORBLIB/Pangolin/build/:/usr/lib/aarch64-linux-gnu/gazebo-11/plugins:/opt/ros/foxy/opt/yaml_cpp_vendor/lib:/opt/ros/foxy/opt/rviz_ogre_vendor/lib:/opt/ros/foxy/lib/aarch64-linux-gnu:/opt/ros/foxy/lib:/home/meric/ORBLIB/ORB_SLAM3/lib PYTHONPATH=/home/meric/f1tenth_ws/install/vesc_msgs/lib/python3.8/site-packages:/home/meric/f1tenth_ws/install/f1tenth_stack/lib/python3.8/site-packages:/home/meric/f1tenth_ws/install/joy_teleop/lib/python3.8/site-packages:/home/meric/f1tenth_ws/install/teleop_tools_msgs/lib/python3.8/site-packages:/home/meric/f1tenth_ws/install/stanley_avoidance/lib/python3.8/site-packages:/home/meric/f1tenth_ws/install/stanley2_avoidance/lib/python3.8/site-packages:/home/meric/f1tenth_ws/install/slam/lib/python3.8/site-packages:/home/meric/f1tenth_ws/install/particle_filter/lib/python3.8/site-packages:/home/meric/f1tenth_ws/install/mouse_teleop/lib/python3.8/site-packages:/home/meric/f1tenth_ws/install/key_teleop/lib/python3.8/site-packages:/opt/ros/foxy/lib/python3.8/site-packages /usr/bin/cmake --build /home/meric/f1tenth_ws/build/vesc_driver -- -j6 -l6
[0.480s] Invoking command in '/home/meric/f1tenth_ws/build/vesc_driver': CMAKE_PREFIX_PATH=/home/meric/f1tenth_ws/install/vesc_msgs:/home/meric/f1tenth_ws/install/waypoint_generator:/home/meric/f1tenth_ws/install/vesc:/home/meric/f1tenth_ws/install/vesc_driver:/home/meric/f1tenth_ws/install/vesc_ackermann:/home/meric/f1tenth_ws/install/teleop_tools:/home/meric/f1tenth_ws/install/teleop_tools_msgs:/home/meric/f1tenth_ws/install/range_lib:/home/meric/f1tenth_ws/install/pure_pursuit:/home/meric/f1tenth_ws/install/ackermann_mux:/home/meric/f1tenth_ws/install/f1tenth_stack:/home/meric/f1tenth_ws/install/joy_teleop:/home/meric/f1tenth_ws/install/stanley_avoidance:/home/meric/f1tenth_ws/install/stanley2_avoidance:/home/meric/f1tenth_ws/install/slam:/home/meric/f1tenth_ws/install/particle_filter:/home/meric/f1tenth_ws/install/mouse_teleop:/home/meric/f1tenth_ws/install/key_teleop:/opt/ros/foxy LD_LIBRARY_PATH=/home/meric/f1tenth_ws/install/vesc_msgs/lib:/home/meric/f1tenth_ws/install/vesc_driver/lib:/home/meric/f1tenth_ws/install/vesc_ackermann/lib:/home/meric/f1tenth_ws/install/teleop_tools_msgs/lib:/home/meric/ORBLIB/Pangolin/build/:/usr/lib/aarch64-linux-gnu/gazebo-11/plugins:/opt/ros/foxy/opt/yaml_cpp_vendor/lib:/opt/ros/foxy/opt/rviz_ogre_vendor/lib:/opt/ros/foxy/lib/aarch64-linux-gnu:/opt/ros/foxy/lib:/home/meric/ORBLIB/ORB_SLAM3/lib PYTHONPATH=/home/meric/f1tenth_ws/install/vesc_msgs/lib/python3.8/site-packages:/home/meric/f1tenth_ws/install/f1tenth_stack/lib/python3.8/site-packages:/home/meric/f1tenth_ws/install/joy_teleop/lib/python3.8/site-packages:/home/meric/f1tenth_ws/install/teleop_tools_msgs/lib/python3.8/site-packages:/home/meric/f1tenth_ws/install/stanley_avoidance/lib/python3.8/site-packages:/home/meric/f1tenth_ws/install/stanley2_avoidance/lib/python3.8/site-packages:/home/meric/f1tenth_ws/install/slam/lib/python3.8/site-packages:/home/meric/f1tenth_ws/install/particle_filter/lib/python3.8/site-packages:/home/meric/f1tenth_ws/install/mouse_teleop/lib/python3.8/site-packages:/home/meric/f1tenth_ws/install/key_teleop/lib/python3.8/site-packages:/opt/ros/foxy/lib/python3.8/site-packages /usr/bin/cmake --install /home/meric/f1tenth_ws/build/vesc_driver
[0.503s] -- Install configuration: ""
[0.504s] -- Up-to-date: /home/meric/f1tenth_ws/install/vesc_driver/lib/vesc_driver/vesc_driver_node
[0.504s] -- Up-to-date: /home/meric/f1tenth_ws/install/vesc_driver/include
[0.504s] -- Up-to-date: /home/meric/f1tenth_ws/install/vesc_driver/include/vesc_driver
[0.505s] -- Up-to-date: /home/meric/f1tenth_ws/install/vesc_driver/include/vesc_driver/datatypes.hpp
[0.505s] -- Up-to-date: /home/meric/f1tenth_ws/install/vesc_driver/include/vesc_driver/vesc_interface.hpp
[0.505s] -- Up-to-date: /home/meric/f1tenth_ws/install/vesc_driver/include/vesc_driver/vesc_device_uuid_lookup.hpp
[0.505s] -- Up-to-date: /home/meric/f1tenth_ws/install/vesc_driver/include/vesc_driver/vesc_packet_factory.hpp
[0.505s] -- Up-to-date: /home/meric/f1tenth_ws/install/vesc_driver/include/vesc_driver/crc.hpp
[0.506s] -- Up-to-date: /home/meric/f1tenth_ws/install/vesc_driver/include/vesc_driver/vesc_driver.hpp
[0.506s] -- Up-to-date: /home/meric/f1tenth_ws/install/vesc_driver/include/vesc_driver/vesc_packet.hpp
[0.506s] -- Up-to-date: /home/meric/f1tenth_ws/install/vesc_driver/share/vesc_driver/environment/library_path.sh
[0.506s] -- Up-to-date: /home/meric/f1tenth_ws/install/vesc_driver/share/vesc_driver/environment/library_path.dsv
[0.507s] -- Up-to-date: /home/meric/f1tenth_ws/install/vesc_driver/lib/libvesc_driver.so
[0.508s] -- Up-to-date: /home/meric/f1tenth_ws/install/vesc_driver/lib/vesc_driver/vesc_device_namer
[0.508s] -- Up-to-date: /home/meric/f1tenth_ws/install/vesc_driver/share/vesc_driver/launch
[0.508s] -- Up-to-date: /home/meric/f1tenth_ws/install/vesc_driver/share/vesc_driver/launch/vesc_driver_node.launch.py
[0.509s] -- Up-to-date: /home/meric/f1tenth_ws/install/vesc_driver/share/vesc_driver/params
[0.509s] -- Up-to-date: /home/meric/f1tenth_ws/install/vesc_driver/share/vesc_driver/params/vesc_config.yaml
[0.509s] -- Up-to-date: /home/meric/f1tenth_ws/install/vesc_driver/share/ament_index/resource_index/package_run_dependencies/vesc_driver
[0.509s] -- Up-to-date: /home/meric/f1tenth_ws/install/vesc_driver/share/ament_index/resource_index/parent_prefix_path/vesc_driver
[0.509s] -- Up-to-date: /home/meric/f1tenth_ws/install/vesc_driver/share/vesc_driver/environment/ament_prefix_path.sh
[0.510s] -- Up-to-date: /home/meric/f1tenth_ws/install/vesc_driver/share/vesc_driver/environment/ament_prefix_path.dsv
[0.510s] -- Up-to-date: /home/meric/f1tenth_ws/install/vesc_driver/share/vesc_driver/environment/path.sh
[0.510s] -- Up-to-date: /home/meric/f1tenth_ws/install/vesc_driver/share/vesc_driver/environment/path.dsv
[0.510s] -- Up-to-date: /home/meric/f1tenth_ws/install/vesc_driver/share/vesc_driver/local_setup.bash
[0.510s] -- Up-to-date: /home/meric/f1tenth_ws/install/vesc_driver/share/vesc_driver/local_setup.sh
[0.510s] -- Up-to-date: /home/meric/f1tenth_ws/install/vesc_driver/share/vesc_driver/local_setup.zsh
[0.511s] -- Up-to-date: /home/meric/f1tenth_ws/install/vesc_driver/share/vesc_driver/local_setup.dsv
[0.511s] -- Installing: /home/meric/f1tenth_ws/install/vesc_driver/share/vesc_driver/package.dsv
[0.512s] -- Up-to-date: /home/meric/f1tenth_ws/install/vesc_driver/share/ament_index/resource_index/packages/vesc_driver
[0.512s] -- Up-to-date: /home/meric/f1tenth_ws/install/vesc_driver/share/ament_index/resource_index/rclcpp_components/vesc_driver
[0.512s] -- Up-to-date: /home/meric/f1tenth_ws/install/vesc_driver/share/vesc_driver/cmake/ament_cmake_export_dependencies-extras.cmake
[0.512s] -- Up-to-date: /home/meric/f1tenth_ws/install/vesc_driver/share/vesc_driver/cmake/ament_cmake_export_include_directories-extras.cmake
[0.512s] -- Up-to-date: /home/meric/f1tenth_ws/install/vesc_driver/share/vesc_driver/cmake/ament_cmake_export_libraries-extras.cmake
[0.512s] -- Up-to-date: /home/meric/f1tenth_ws/install/vesc_driver/share/vesc_driver/cmake/vesc_driverConfig.cmake
[0.512s] -- Up-to-date: /home/meric/f1tenth_ws/install/vesc_driver/share/vesc_driver/cmake/vesc_driverConfig-version.cmake
[0.512s] -- Up-to-date: /home/meric/f1tenth_ws/install/vesc_driver/share/vesc_driver/package.xml
[0.518s] Invoked command in '/home/meric/f1tenth_ws/build/vesc_driver' returned '0': CMAKE_PREFIX_PATH=/home/meric/f1tenth_ws/install/vesc_msgs:/home/meric/f1tenth_ws/install/waypoint_generator:/home/meric/f1tenth_ws/install/vesc:/home/meric/f1tenth_ws/install/vesc_driver:/home/meric/f1tenth_ws/install/vesc_ackermann:/home/meric/f1tenth_ws/install/teleop_tools:/home/meric/f1tenth_ws/install/teleop_tools_msgs:/home/meric/f1tenth_ws/install/range_lib:/home/meric/f1tenth_ws/install/pure_pursuit:/home/meric/f1tenth_ws/install/ackermann_mux:/home/meric/f1tenth_ws/install/f1tenth_stack:/home/meric/f1tenth_ws/install/joy_teleop:/home/meric/f1tenth_ws/install/stanley_avoidance:/home/meric/f1tenth_ws/install/stanley2_avoidance:/home/meric/f1tenth_ws/install/slam:/home/meric/f1tenth_ws/install/particle_filter:/home/meric/f1tenth_ws/install/mouse_teleop:/home/meric/f1tenth_ws/install/key_teleop:/opt/ros/foxy LD_LIBRARY_PATH=/home/meric/f1tenth_ws/install/vesc_msgs/lib:/home/meric/f1tenth_ws/install/vesc_driver/lib:/home/meric/f1tenth_ws/install/vesc_ackermann/lib:/home/meric/f1tenth_ws/install/teleop_tools_msgs/lib:/home/meric/ORBLIB/Pangolin/build/:/usr/lib/aarch64-linux-gnu/gazebo-11/plugins:/opt/ros/foxy/opt/yaml_cpp_vendor/lib:/opt/ros/foxy/opt/rviz_ogre_vendor/lib:/opt/ros/foxy/lib/aarch64-linux-gnu:/opt/ros/foxy/lib:/home/meric/ORBLIB/ORB_SLAM3/lib PYTHONPATH=/home/meric/f1tenth_ws/install/vesc_msgs/lib/python3.8/site-packages:/home/meric/f1tenth_ws/install/f1tenth_stack/lib/python3.8/site-packages:/home/meric/f1tenth_ws/install/joy_teleop/lib/python3.8/site-packages:/home/meric/f1tenth_ws/install/teleop_tools_msgs/lib/python3.8/site-packages:/home/meric/f1tenth_ws/install/stanley_avoidance/lib/python3.8/site-packages:/home/meric/f1tenth_ws/install/stanley2_avoidance/lib/python3.8/site-packages:/home/meric/f1tenth_ws/install/slam/lib/python3.8/site-packages:/home/meric/f1tenth_ws/install/particle_filter/lib/python3.8/site-packages:/home/meric/f1tenth_ws/install/mouse_teleop/lib/python3.8/site-packages:/home/meric/f1tenth_ws/install/key_teleop/lib/python3.8/site-packages:/opt/ros/foxy/lib/python3.8/site-packages /usr/bin/cmake --install /home/meric/f1tenth_ws/build/vesc_driver
