[0.040s] Invoking command in '/home/meric/f1tenth_ws/build/range_lib': /usr/bin/cmake --build /home/meric/f1tenth_ws/build/range_lib -- -j6 -l6
[0.238s] [ 33%] Built target gflags_nothreads_static
[0.360s] [ 66%] Built target gflags_static
[0.471s] [100%] Built target range_lib
[1.147s] Invoked command in '/home/meric/f1tenth_ws/build/range_lib' returned '0': /usr/bin/cmake --build /home/meric/f1tenth_ws/build/range_lib -- -j6 -l6
[1.154s] Invoking command in '/home/meric/f1tenth_ws/build/range_lib': /usr/bin/cmake --install /home/meric/f1tenth_ws/build/range_lib
[1.176s] -- Install configuration: "Release"
[1.176s] -- Up-to-date: /home/meric/f1tenth_ws/install/range_lib/lib/libgflags.a
[1.176s] -- Up-to-date: /home/meric/f1tenth_ws/install/range_lib/lib/libgflags_nothreads.a
[1.177s] -- Up-to-date: /home/meric/f1tenth_ws/install/range_lib/include/gflags/gflags.h
[1.177s] -- Up-to-date: /home/meric/f1tenth_ws/install/range_lib/include/gflags/gflags_declare.h
[1.177s] -- Up-to-date: /home/meric/f1tenth_ws/install/range_lib/include/gflags/gflags_completions.h
[1.178s] -- Up-to-date: /home/meric/f1tenth_ws/install/range_lib/include/gflags/gflags_gflags.h
[1.178s] -- Up-to-date: /home/meric/f1tenth_ws/install/range_lib/lib/cmake/gflags/gflags-config.cmake
[1.178s] -- Up-to-date: /home/meric/f1tenth_ws/install/range_lib/lib/cmake/gflags/gflags-config-version.cmake
[1.178s] -- Up-to-date: /home/meric/f1tenth_ws/install/range_lib/lib/cmake/gflags/gflags-targets.cmake
[1.179s] -- Up-to-date: /home/meric/f1tenth_ws/install/range_lib/bin/gflags_completions.sh
[1.180s] -- Up-to-date: /home/meric/f1tenth_ws/install/range_lib/lib/pkgconfig/gflags.pc
[1.180s] -- Up-to-date: /home/meric/.cmake/packages/gflags/ba55e8eeaa041bdaca5b2698354619ca
[1.856s] Invoked command in '/home/meric/f1tenth_ws/build/range_lib' returned '0': /usr/bin/cmake --install /home/meric/f1tenth_ws/build/range_lib
