[2.149s] Invoking command in '/home/meric/f1tenth_ws/src/slam': PYTHONPATH=/home/meric/f1tenth_ws/build/slam/prefix_override:/usr/lib/python3/dist-packages/colcon_core/task/python/colcon_distutils_commands:/home/meric/f1tenth_ws/install/slam/lib/python3.8/site-packages:${PYTHONPATH} /usr/bin/python3 -W ignore:setup.py install is deprecated -W ignore:easy_install command is deprecated setup.py egg_info --egg-base ../../build/slam build --build-base /home/meric/f1tenth_ws/build/slam/build install --record /home/meric/f1tenth_ws/build/slam/install.log --install-scripts $base/lib/slam --single-version-externally-managed install_data
[2.644s] running egg_info
[2.645s] writing ../../build/slam/slam.egg-info/PKG-INFO
[2.645s] writing dependency_links to ../../build/slam/slam.egg-info/dependency_links.txt
[2.646s] writing entry points to ../../build/slam/slam.egg-info/entry_points.txt
[2.646s] writing requirements to ../../build/slam/slam.egg-info/requires.txt
[2.646s] writing top-level names to ../../build/slam/slam.egg-info/top_level.txt
[2.713s] reading manifest file '../../build/slam/slam.egg-info/SOURCES.txt'
[2.714s] writing manifest file '../../build/slam/slam.egg-info/SOURCES.txt'
[2.715s] running build
[2.715s] running build_py
[2.715s] running install
[2.717s] running install_lib
[2.720s] running install_data
[2.721s] running install_egg_info
[2.725s] removing '/home/meric/f1tenth_ws/install/slam/lib/python3.8/site-packages/slam-0.0.0-py3.8.egg-info' (and everything under it)
[2.725s] Copying ../../build/slam/slam.egg-info to /home/meric/f1tenth_ws/install/slam/lib/python3.8/site-packages/slam-0.0.0-py3.8.egg-info
[2.727s] running install_scripts
[2.766s] writing list of installed files to '/home/meric/f1tenth_ws/build/slam/install.log'
[2.833s] Invoked command in '/home/meric/f1tenth_ws/src/slam' returned '0': PYTHONPATH=/home/meric/f1tenth_ws/build/slam/prefix_override:/usr/lib/python3/dist-packages/colcon_core/task/python/colcon_distutils_commands:/home/meric/f1tenth_ws/install/slam/lib/python3.8/site-packages:${PYTHONPATH} /usr/bin/python3 -W ignore:setup.py install is deprecated -W ignore:easy_install command is deprecated setup.py egg_info --egg-base ../../build/slam build --build-base /home/meric/f1tenth_ws/build/slam/build install --record /home/meric/f1tenth_ws/build/slam/install.log --install-scripts $base/lib/slam --single-version-externally-managed install_data
