running develop
Removing /home/meric/f1tenth_ws/install/stanley2_avoidance/lib/python3.8/site-packages/stanley2-avoidance.egg-link (link to .)
running egg_info
writing ../../build/stanley2_avoidance/stanley2_avoidance.egg-info/PKG-INFO
writing dependency_links to ../../build/stanley2_avoidance/stanley2_avoidance.egg-info/dependency_links.txt
writing entry points to ../../build/stanley2_avoidance/stanley2_avoidance.egg-info/entry_points.txt
writing requirements to ../../build/stanley2_avoidance/stanley2_avoidance.egg-info/requires.txt
writing top-level names to ../../build/stanley2_avoidance/stanley2_avoidance.egg-info/top_level.txt
reading manifest file '../../build/stanley2_avoidance/stanley2_avoidance.egg-info/SOURCES.txt'
writing manifest file '../../build/stanley2_avoidance/stanley2_avoidance.egg-info/SOURCES.txt'
running build
running build_py
creating /home/meric/f1tenth_ws/build/stanley2_avoidance/build
creating /home/meric/f1tenth_ws/build/stanley2_avoidance/build/lib
creating /home/meric/f1tenth_ws/build/stanley2_avoidance/build/lib/stanley2_avoidance
copying stanley2_avoidance/stanley_avoidance.py -> /home/meric/f1tenth_ws/build/stanley2_avoidance/build/lib/stanley2_avoidance
copying stanley2_avoidance/__init__.py -> /home/meric/f1tenth_ws/build/stanley2_avoidance/build/lib/stanley2_avoidance
running install
running install_lib
creating /home/meric/f1tenth_ws/install/stanley2_avoidance/lib/python3.8/site-packages/stanley2_avoidance
copying /home/meric/f1tenth_ws/build/stanley2_avoidance/build/lib/stanley2_avoidance/stanley_avoidance.py -> /home/meric/f1tenth_ws/install/stanley2_avoidance/lib/python3.8/site-packages/stanley2_avoidance
copying /home/meric/f1tenth_ws/build/stanley2_avoidance/build/lib/stanley2_avoidance/__init__.py -> /home/meric/f1tenth_ws/install/stanley2_avoidance/lib/python3.8/site-packages/stanley2_avoidance
byte-compiling /home/meric/f1tenth_ws/install/stanley2_avoidance/lib/python3.8/site-packages/stanley2_avoidance/stanley_avoidance.py to stanley_avoidance.cpython-38.pyc
byte-compiling /home/meric/f1tenth_ws/install/stanley2_avoidance/lib/python3.8/site-packages/stanley2_avoidance/__init__.py to __init__.cpython-38.pyc
running install_data
copying resource/stanley2_avoidance -> /home/meric/f1tenth_ws/install/stanley2_avoidance/share/ament_index/resource_index/packages
copying package.xml -> /home/meric/f1tenth_ws/install/stanley2_avoidance/share/stanley2_avoidance
copying launch/sim_stanley_avoidance_launch.py -> /home/meric/f1tenth_ws/install/stanley2_avoidance/share/stanley2_avoidance/launch
copying launch/stanley_avoidance_launch.py -> /home/meric/f1tenth_ws/install/stanley2_avoidance/share/stanley2_avoidance/launch
copying launch/sim_multi_agent_stanley_avoidance_launch.py -> /home/meric/f1tenth_ws/install/stanley2_avoidance/share/stanley2_avoidance/launch
copying launch/stanley_avoidance.rviz -> /home/meric/f1tenth_ws/install/stanley2_avoidance/share/stanley2_avoidance/launch
copying config/config.yaml -> /home/meric/f1tenth_ws/install/stanley2_avoidance/share/stanley2_avoidance/config
copying config/sim_config.yaml -> /home/meric/f1tenth_ws/install/stanley2_avoidance/share/stanley2_avoidance/config
running install_egg_info
Copying ../../build/stanley2_avoidance/stanley2_avoidance.egg-info to /home/meric/f1tenth_ws/install/stanley2_avoidance/lib/python3.8/site-packages/stanley2_avoidance-0.0.0-py3.8.egg-info
running install_scripts
Installing stanley2_avoidance script to /home/meric/f1tenth_ws/install/stanley2_avoidance/lib/stanley2_avoidance
writing list of installed files to '/home/meric/f1tenth_ws/build/stanley2_avoidance/install.log'
