[2.223s] Invoking command in '/home/meric/f1tenth_ws/build/stanley2_avoidance': PYTHONPATH=/home/meric/f1tenth_ws/build/stanley2_avoidance/prefix_override:/usr/lib/python3/dist-packages/colcon_core/task/python/colcon_distutils_commands:/home/meric/f1tenth_ws/install/stanley2_avoidance/lib/python3.8/site-packages:${PYTHONPATH} /usr/bin/python3 -W ignore:setup.py install is deprecated -W ignore:easy_install command is deprecated setup.py develop --uninstall --editable --build-directory /home/meric/f1tenth_ws/build/stanley2_avoidance/build
[3.203s] running develop
[3.771s] Removing /home/meric/f1tenth_ws/install/stanley2_avoidance/lib/python3.8/site-packages/stanley2-avoidance.egg-link (link to .)
[3.869s] Invoked command in '/home/meric/f1tenth_ws/build/stanley2_avoidance' returned '0': PYTHONPATH=/home/meric/f1tenth_ws/build/stanley2_avoidance/prefix_override:/usr/lib/python3/dist-packages/colcon_core/task/python/colcon_distutils_commands:/home/meric/f1tenth_ws/install/stanley2_avoidance/lib/python3.8/site-packages:${PYTHONPATH} /usr/bin/python3 -W ignore:setup.py install is deprecated -W ignore:easy_install command is deprecated setup.py develop --uninstall --editable --build-directory /home/meric/f1tenth_ws/build/stanley2_avoidance/build
[3.871s] Invoking command in '/home/meric/f1tenth_ws/src/stanley2_avoidance': PYTHONPATH=/home/meric/f1tenth_ws/build/stanley2_avoidance/prefix_override:/usr/lib/python3/dist-packages/colcon_core/task/python/colcon_distutils_commands:/home/meric/f1tenth_ws/install/stanley2_avoidance/lib/python3.8/site-packages:${PYTHONPATH} /usr/bin/python3 -W ignore:setup.py install is deprecated -W ignore:easy_install command is deprecated setup.py egg_info --egg-base ../../build/stanley2_avoidance build --build-base /home/meric/f1tenth_ws/build/stanley2_avoidance/build install --record /home/meric/f1tenth_ws/build/stanley2_avoidance/install.log --install-scripts $base/lib/stanley2_avoidance --single-version-externally-managed install_data --force
[5.084s] running egg_info
[5.086s] writing ../../build/stanley2_avoidance/stanley2_avoidance.egg-info/PKG-INFO
[5.095s] writing dependency_links to ../../build/stanley2_avoidance/stanley2_avoidance.egg-info/dependency_links.txt
[5.104s] writing entry points to ../../build/stanley2_avoidance/stanley2_avoidance.egg-info/entry_points.txt
[5.104s] writing requirements to ../../build/stanley2_avoidance/stanley2_avoidance.egg-info/requires.txt
[5.104s] writing top-level names to ../../build/stanley2_avoidance/stanley2_avoidance.egg-info/top_level.txt
[5.271s] reading manifest file '../../build/stanley2_avoidance/stanley2_avoidance.egg-info/SOURCES.txt'
[5.274s] writing manifest file '../../build/stanley2_avoidance/stanley2_avoidance.egg-info/SOURCES.txt'
[5.274s] running build
[5.274s] running build_py
[5.275s] creating /home/meric/f1tenth_ws/build/stanley2_avoidance/build
[5.275s] creating /home/meric/f1tenth_ws/build/stanley2_avoidance/build/lib
[5.275s] creating /home/meric/f1tenth_ws/build/stanley2_avoidance/build/lib/stanley2_avoidance
[5.275s] copying stanley2_avoidance/stanley_avoidance.py -> /home/meric/f1tenth_ws/build/stanley2_avoidance/build/lib/stanley2_avoidance
[5.278s] copying stanley2_avoidance/__init__.py -> /home/meric/f1tenth_ws/build/stanley2_avoidance/build/lib/stanley2_avoidance
[5.279s] running install
[5.279s] running install_lib
[5.281s] creating /home/meric/f1tenth_ws/install/stanley2_avoidance/lib/python3.8/site-packages/stanley2_avoidance
[5.287s] copying /home/meric/f1tenth_ws/build/stanley2_avoidance/build/lib/stanley2_avoidance/stanley_avoidance.py -> /home/meric/f1tenth_ws/install/stanley2_avoidance/lib/python3.8/site-packages/stanley2_avoidance
[5.288s] copying /home/meric/f1tenth_ws/build/stanley2_avoidance/build/lib/stanley2_avoidance/__init__.py -> /home/meric/f1tenth_ws/install/stanley2_avoidance/lib/python3.8/site-packages/stanley2_avoidance
[5.289s] byte-compiling /home/meric/f1tenth_ws/install/stanley2_avoidance/lib/python3.8/site-packages/stanley2_avoidance/stanley_avoidance.py to stanley_avoidance.cpython-38.pyc
[5.327s] byte-compiling /home/meric/f1tenth_ws/install/stanley2_avoidance/lib/python3.8/site-packages/stanley2_avoidance/__init__.py to __init__.cpython-38.pyc
[5.327s] running install_data
[5.339s] copying resource/stanley2_avoidance -> /home/meric/f1tenth_ws/install/stanley2_avoidance/share/ament_index/resource_index/packages
[5.339s] copying package.xml -> /home/meric/f1tenth_ws/install/stanley2_avoidance/share/stanley2_avoidance
[5.340s] copying launch/sim_stanley_avoidance_launch.py -> /home/meric/f1tenth_ws/install/stanley2_avoidance/share/stanley2_avoidance/launch
[5.340s] copying launch/stanley_avoidance_launch.py -> /home/meric/f1tenth_ws/install/stanley2_avoidance/share/stanley2_avoidance/launch
[5.340s] copying launch/sim_multi_agent_stanley_avoidance_launch.py -> /home/meric/f1tenth_ws/install/stanley2_avoidance/share/stanley2_avoidance/launch
[5.341s] copying launch/stanley_avoidance.rviz -> /home/meric/f1tenth_ws/install/stanley2_avoidance/share/stanley2_avoidance/launch
[5.341s] copying config/config.yaml -> /home/meric/f1tenth_ws/install/stanley2_avoidance/share/stanley2_avoidance/config
[5.342s] copying config/sim_config.yaml -> /home/meric/f1tenth_ws/install/stanley2_avoidance/share/stanley2_avoidance/config
[5.342s] running install_egg_info
[5.346s] Copying ../../build/stanley2_avoidance/stanley2_avoidance.egg-info to /home/meric/f1tenth_ws/install/stanley2_avoidance/lib/python3.8/site-packages/stanley2_avoidance-0.0.0-py3.8.egg-info
[5.357s] running install_scripts
[5.446s] Installing stanley2_avoidance script to /home/meric/f1tenth_ws/install/stanley2_avoidance/lib/stanley2_avoidance
[5.454s] writing list of installed files to '/home/meric/f1tenth_ws/build/stanley2_avoidance/install.log'
[5.844s] Invoked command in '/home/meric/f1tenth_ws/src/stanley2_avoidance' returned '0': PYTHONPATH=/home/meric/f1tenth_ws/build/stanley2_avoidance/prefix_override:/usr/lib/python3/dist-packages/colcon_core/task/python/colcon_distutils_commands:/home/meric/f1tenth_ws/install/stanley2_avoidance/lib/python3.8/site-packages:${PYTHONPATH} /usr/bin/python3 -W ignore:setup.py install is deprecated -W ignore:easy_install command is deprecated setup.py egg_info --egg-base ../../build/stanley2_avoidance build --build-base /home/meric/f1tenth_ws/build/stanley2_avoidance/build install --record /home/meric/f1tenth_ws/build/stanley2_avoidance/install.log --install-scripts $base/lib/stanley2_avoidance --single-version-externally-managed install_data --force
