[3.295s] Invoking command in '/home/meric/f1tenth_ws/src/f1tenth_system/teleop_tools/key_teleop': PYTHONPATH=/home/meric/f1tenth_ws/build/key_teleop/prefix_override:/usr/lib/python3/dist-packages/colcon_core/task/python/colcon_distutils_commands:/home/meric/f1tenth_ws/install/key_teleop/lib/python3.8/site-packages:${PYTHONPATH} /usr/bin/python3 -W ignore:setup.py install is deprecated -W ignore:easy_install command is deprecated setup.py egg_info --egg-base ../../../../build/key_teleop build --build-base /home/meric/f1tenth_ws/build/key_teleop/build install --record /home/meric/f1tenth_ws/build/key_teleop/install.log --install-scripts $base/lib/key_teleop --single-version-externally-managed install_data
[4.027s] running egg_info
[4.028s] writing ../../../../build/key_teleop/key_teleop.egg-info/PKG-INFO
[4.028s] writing dependency_links to ../../../../build/key_teleop/key_teleop.egg-info/dependency_links.txt
[4.029s] writing entry points to ../../../../build/key_teleop/key_teleop.egg-info/entry_points.txt
[4.030s] writing requirements to ../../../../build/key_teleop/key_teleop.egg-info/requires.txt
[4.030s] writing top-level names to ../../../../build/key_teleop/key_teleop.egg-info/top_level.txt
[4.124s] reading manifest file '../../../../build/key_teleop/key_teleop.egg-info/SOURCES.txt'
[4.126s] writing manifest file '../../../../build/key_teleop/key_teleop.egg-info/SOURCES.txt'
[4.126s] running build
[4.126s] running build_py
[4.129s] running install
[4.139s] running install_lib
[4.143s] running install_data
[4.146s] running install_egg_info
[4.156s] removing '/home/meric/f1tenth_ws/install/key_teleop/lib/python3.8/site-packages/key_teleop-0.3.0-py3.8.egg-info' (and everything under it)
[4.158s] Copying ../../../../build/key_teleop/key_teleop.egg-info to /home/meric/f1tenth_ws/install/key_teleop/lib/python3.8/site-packages/key_teleop-0.3.0-py3.8.egg-info
[4.162s] running install_scripts
[4.285s] Installing key_teleop script to /home/meric/f1tenth_ws/install/key_teleop/lib/key_teleop
[4.285s] writing list of installed files to '/home/meric/f1tenth_ws/build/key_teleop/install.log'
[5.065s] Invoked command in '/home/meric/f1tenth_ws/src/f1tenth_system/teleop_tools/key_teleop' returned '0': PYTHONPATH=/home/meric/f1tenth_ws/build/key_teleop/prefix_override:/usr/lib/python3/dist-packages/colcon_core/task/python/colcon_distutils_commands:/home/meric/f1tenth_ws/install/key_teleop/lib/python3.8/site-packages:${PYTHONPATH} /usr/bin/python3 -W ignore:setup.py install is deprecated -W ignore:easy_install command is deprecated setup.py egg_info --egg-base ../../../../build/key_teleop build --build-base /home/meric/f1tenth_ws/build/key_teleop/build install --record /home/meric/f1tenth_ws/build/key_teleop/install.log --install-scripts $base/lib/key_teleop --single-version-externally-managed install_data
