[3.059s] Invoking command in '/home/meric/f1tenth_ws/src/f1tenth_system/teleop_tools/joy_teleop': CMAKE_PREFIX_PATH=/home/meric/f1tenth_ws/install/teleop_tools_msgs:/home/meric/f1tenth_ws/install/waypoint_generator:/home/meric/f1tenth_ws/install/vesc:/home/meric/f1tenth_ws/install/vesc_driver:/home/meric/f1tenth_ws/install/vesc_ackermann:/home/meric/f1tenth_ws/install/vesc_msgs:/home/meric/f1tenth_ws/install/teleop_tools:/home/meric/f1tenth_ws/install/pure_pursuit:/home/meric/f1tenth_ws/install/ackermann_mux LD_LIBRARY_PATH=/home/meric/f1tenth_ws/install/teleop_tools_msgs/lib:/home/meric/f1tenth_ws/install/vesc_driver/lib:/home/meric/f1tenth_ws/install/vesc_ackermann/lib:/home/meric/f1tenth_ws/install/vesc_msgs/lib:/home/meric/ORBLIB/Pangolin/build/:/usr/lib/aarch64-linux-gnu/gazebo-11/plugins:/opt/ros/foxy/opt/yaml_cpp_vendor/lib:/opt/ros/foxy/opt/rviz_ogre_vendor/lib:/opt/ros/foxy/lib/aarch64-linux-gnu:/opt/ros/foxy/lib:/home/meric/ORBLIB/ORB_SLAM3/lib PYTHONPATH=/home/meric/f1tenth_ws/build/joy_teleop/prefix_override:/usr/lib/python3/dist-packages/colcon_core/task/python/colcon_distutils_commands:/home/meric/f1tenth_ws/install/joy_teleop/lib/python3.8/site-packages:/home/meric/f1tenth_ws/install/teleop_tools_msgs/lib/python3.8/site-packages:/home/meric/f1tenth_ws/build/stanley2_avoidance:/home/meric/f1tenth_ws/install/stanley2_avoidance/lib/python3.8/site-packages:/home/meric/f1tenth_ws/install/f1tenth_stack/lib/python3.8/site-packages:/home/meric/f1tenth_ws/install/vesc_msgs/lib/python3.8/site-packages:/home/meric/f1tenth_ws/install/joy_teleop/lib/python3.8/site-packages:/home/meric/f1tenth_ws/install/stanley_avoidance/lib/python3.8/site-packages:/home/meric/f1tenth_ws/install/slam/lib/python3.8/site-packages:/home/meric/f1tenth_ws/install/navigation/lib/python3.8/site-packages:/home/meric/f1tenth_ws/install/mouse_teleop/lib/python3.8/site-packages:/home/meric/f1tenth_ws/install/key_teleop/lib/python3.8/site-packages:/opt/ros/foxy/lib/python3.8/site-packages /usr/bin/python3 -W ignore:setup.py install is deprecated -W ignore:easy_install command is deprecated setup.py egg_info --egg-base ../../../../build/joy_teleop build --build-base /home/meric/f1tenth_ws/build/joy_teleop/build install --record /home/meric/f1tenth_ws/build/joy_teleop/install.log --install-scripts $base/lib/joy_teleop --single-version-externally-managed install_data
[3.837s] running egg_info
[3.839s] creating ../../../../build/joy_teleop/joy_teleop.egg-info
[3.839s] writing ../../../../build/joy_teleop/joy_teleop.egg-info/PKG-INFO
[3.840s] writing dependency_links to ../../../../build/joy_teleop/joy_teleop.egg-info/dependency_links.txt
[3.840s] writing entry points to ../../../../build/joy_teleop/joy_teleop.egg-info/entry_points.txt
[3.841s] writing requirements to ../../../../build/joy_teleop/joy_teleop.egg-info/requires.txt
[3.841s] writing top-level names to ../../../../build/joy_teleop/joy_teleop.egg-info/top_level.txt
[3.844s] writing manifest file '../../../../build/joy_teleop/joy_teleop.egg-info/SOURCES.txt'
[3.997s] reading manifest file '../../../../build/joy_teleop/joy_teleop.egg-info/SOURCES.txt'
[3.999s] writing manifest file '../../../../build/joy_teleop/joy_teleop.egg-info/SOURCES.txt'
[4.000s] running build
[4.001s] running build_py
[4.002s] creating /home/meric/f1tenth_ws/build/joy_teleop/build
[4.002s] creating /home/meric/f1tenth_ws/build/joy_teleop/build/lib
[4.003s] creating /home/meric/f1tenth_ws/build/joy_teleop/build/lib/joy_teleop
[4.003s] copying joy_teleop/__init__.py -> /home/meric/f1tenth_ws/build/joy_teleop/build/lib/joy_teleop
[4.004s] copying joy_teleop/incrementer_server.py -> /home/meric/f1tenth_ws/build/joy_teleop/build/lib/joy_teleop
[4.005s] copying joy_teleop/joy_teleop.py -> /home/meric/f1tenth_ws/build/joy_teleop/build/lib/joy_teleop
[4.006s] running install
[4.009s] running install_lib
[4.013s] creating /home/meric/f1tenth_ws/install/joy_teleop/lib/python3.8/site-packages/joy_teleop
[4.014s] copying /home/meric/f1tenth_ws/build/joy_teleop/build/lib/joy_teleop/__init__.py -> /home/meric/f1tenth_ws/install/joy_teleop/lib/python3.8/site-packages/joy_teleop
[4.017s] copying /home/meric/f1tenth_ws/build/joy_teleop/build/lib/joy_teleop/incrementer_server.py -> /home/meric/f1tenth_ws/install/joy_teleop/lib/python3.8/site-packages/joy_teleop
[4.019s] copying /home/meric/f1tenth_ws/build/joy_teleop/build/lib/joy_teleop/joy_teleop.py -> /home/meric/f1tenth_ws/install/joy_teleop/lib/python3.8/site-packages/joy_teleop
[4.021s] byte-compiling /home/meric/f1tenth_ws/install/joy_teleop/lib/python3.8/site-packages/joy_teleop/__init__.py to __init__.cpython-38.pyc
[4.036s] byte-compiling /home/meric/f1tenth_ws/install/joy_teleop/lib/python3.8/site-packages/joy_teleop/incrementer_server.py to incrementer_server.cpython-38.pyc
[4.039s] byte-compiling /home/meric/f1tenth_ws/install/joy_teleop/lib/python3.8/site-packages/joy_teleop/joy_teleop.py to joy_teleop.cpython-38.pyc
[4.044s] running install_data
[4.045s] copying package.xml -> /home/meric/f1tenth_ws/install/joy_teleop/share/joy_teleop
[4.045s] creating /home/meric/f1tenth_ws/install/joy_teleop/share/joy_teleop/config
[4.048s] copying config/joy_teleop_example.yaml -> /home/meric/f1tenth_ws/install/joy_teleop/share/joy_teleop/config
[4.049s] creating /home/meric/f1tenth_ws/install/joy_teleop/share/joy_teleop/launch
[4.049s] copying launch/example.launch.py -> /home/meric/f1tenth_ws/install/joy_teleop/share/joy_teleop/launch
[4.052s] creating /home/meric/f1tenth_ws/install/joy_teleop/share/ament_index
[4.052s] creating /home/meric/f1tenth_ws/install/joy_teleop/share/ament_index/resource_index
[4.052s] creating /home/meric/f1tenth_ws/install/joy_teleop/share/ament_index/resource_index/packages
[4.052s] copying resource/joy_teleop -> /home/meric/f1tenth_ws/install/joy_teleop/share/ament_index/resource_index/packages
[4.052s] running install_egg_info
[4.057s] Copying ../../../../build/joy_teleop/joy_teleop.egg-info to /home/meric/f1tenth_ws/install/joy_teleop/lib/python3.8/site-packages/joy_teleop-0.3.0-py3.8.egg-info
[4.067s] running install_scripts
[4.156s] Installing incrementer_server script to /home/meric/f1tenth_ws/install/joy_teleop/lib/joy_teleop
[4.156s] Installing joy_teleop script to /home/meric/f1tenth_ws/install/joy_teleop/lib/joy_teleop
[4.157s] writing list of installed files to '/home/meric/f1tenth_ws/build/joy_teleop/install.log'
[4.242s] Invoked command in '/home/meric/f1tenth_ws/src/f1tenth_system/teleop_tools/joy_teleop' returned '0': CMAKE_PREFIX_PATH=/home/meric/f1tenth_ws/install/teleop_tools_msgs:/home/meric/f1tenth_ws/install/waypoint_generator:/home/meric/f1tenth_ws/install/vesc:/home/meric/f1tenth_ws/install/vesc_driver:/home/meric/f1tenth_ws/install/vesc_ackermann:/home/meric/f1tenth_ws/install/vesc_msgs:/home/meric/f1tenth_ws/install/teleop_tools:/home/meric/f1tenth_ws/install/pure_pursuit:/home/meric/f1tenth_ws/install/ackermann_mux LD_LIBRARY_PATH=/home/meric/f1tenth_ws/install/teleop_tools_msgs/lib:/home/meric/f1tenth_ws/install/vesc_driver/lib:/home/meric/f1tenth_ws/install/vesc_ackermann/lib:/home/meric/f1tenth_ws/install/vesc_msgs/lib:/home/meric/ORBLIB/Pangolin/build/:/usr/lib/aarch64-linux-gnu/gazebo-11/plugins:/opt/ros/foxy/opt/yaml_cpp_vendor/lib:/opt/ros/foxy/opt/rviz_ogre_vendor/lib:/opt/ros/foxy/lib/aarch64-linux-gnu:/opt/ros/foxy/lib:/home/meric/ORBLIB/ORB_SLAM3/lib PYTHONPATH=/home/meric/f1tenth_ws/build/joy_teleop/prefix_override:/usr/lib/python3/dist-packages/colcon_core/task/python/colcon_distutils_commands:/home/meric/f1tenth_ws/install/joy_teleop/lib/python3.8/site-packages:/home/meric/f1tenth_ws/install/teleop_tools_msgs/lib/python3.8/site-packages:/home/meric/f1tenth_ws/build/stanley2_avoidance:/home/meric/f1tenth_ws/install/stanley2_avoidance/lib/python3.8/site-packages:/home/meric/f1tenth_ws/install/f1tenth_stack/lib/python3.8/site-packages:/home/meric/f1tenth_ws/install/vesc_msgs/lib/python3.8/site-packages:/home/meric/f1tenth_ws/install/joy_teleop/lib/python3.8/site-packages:/home/meric/f1tenth_ws/install/stanley_avoidance/lib/python3.8/site-packages:/home/meric/f1tenth_ws/install/slam/lib/python3.8/site-packages:/home/meric/f1tenth_ws/install/navigation/lib/python3.8/site-packages:/home/meric/f1tenth_ws/install/mouse_teleop/lib/python3.8/site-packages:/home/meric/f1tenth_ws/install/key_teleop/lib/python3.8/site-packages:/opt/ros/foxy/lib/python3.8/site-packages /usr/bin/python3 -W ignore:setup.py install is deprecated -W ignore:easy_install command is deprecated setup.py egg_info --egg-base ../../../../build/joy_teleop build --build-base /home/meric/f1tenth_ws/build/joy_teleop/build install --record /home/meric/f1tenth_ws/build/joy_teleop/install.log --install-scripts $base/lib/joy_teleop --single-version-externally-managed install_data
