[0.205s] Invoking command in '/home/meric/f1tenth_ws/build/vesc': AMENT_PREFIX_PATH=/home/meric/f1tenth_ws/install/vesc_driver:/home/meric/f1tenth_ws/install/vesc_ackermann:/home/meric/f1tenth_ws/install/vesc_msgs:${AMENT_PREFIX_PATH} CMAKE_PREFIX_PATH=/home/meric/f1tenth_ws/install/vesc_driver:/home/meric/f1tenth_ws/install/vesc_ackermann:/home/meric/f1tenth_ws/install/vesc_msgs:/opt/ros/foxy LD_LIBRARY_PATH=/home/meric/f1tenth_ws/install/vesc_driver/lib:/home/meric/f1tenth_ws/install/vesc_ackermann/lib:/home/meric/f1tenth_ws/install/vesc_msgs/lib:${LD_LIBRARY_PATH} PYTHONPATH=/home/meric/f1tenth_ws/install/vesc_msgs/lib/python3.8/site-packages:${PYTHONPATH} /usr/bin/cmake --build /home/meric/f1tenth_ws/build/vesc -- -j6 -l6
[1.301s] Invoked command in '/home/meric/f1tenth_ws/build/vesc' returned '0': AMENT_PREFIX_PATH=/home/meric/f1tenth_ws/install/vesc_driver:/home/meric/f1tenth_ws/install/vesc_ackermann:/home/meric/f1tenth_ws/install/vesc_msgs:${AMENT_PREFIX_PATH} CMAKE_PREFIX_PATH=/home/meric/f1tenth_ws/install/vesc_driver:/home/meric/f1tenth_ws/install/vesc_ackermann:/home/meric/f1tenth_ws/install/vesc_msgs:/opt/ros/foxy LD_LIBRARY_PATH=/home/meric/f1tenth_ws/install/vesc_driver/lib:/home/meric/f1tenth_ws/install/vesc_ackermann/lib:/home/meric/f1tenth_ws/install/vesc_msgs/lib:${LD_LIBRARY_PATH} PYTHONPATH=/home/meric/f1tenth_ws/install/vesc_msgs/lib/python3.8/site-packages:${PYTHONPATH} /usr/bin/cmake --build /home/meric/f1tenth_ws/build/vesc -- -j6 -l6
[1.308s] Invoking command in '/home/meric/f1tenth_ws/build/vesc': AMENT_PREFIX_PATH=/home/meric/f1tenth_ws/install/vesc_driver:/home/meric/f1tenth_ws/install/vesc_ackermann:/home/meric/f1tenth_ws/install/vesc_msgs:${AMENT_PREFIX_PATH} CMAKE_PREFIX_PATH=/home/meric/f1tenth_ws/install/vesc_driver:/home/meric/f1tenth_ws/install/vesc_ackermann:/home/meric/f1tenth_ws/install/vesc_msgs:/opt/ros/foxy LD_LIBRARY_PATH=/home/meric/f1tenth_ws/install/vesc_driver/lib:/home/meric/f1tenth_ws/install/vesc_ackermann/lib:/home/meric/f1tenth_ws/install/vesc_msgs/lib:${LD_LIBRARY_PATH} PYTHONPATH=/home/meric/f1tenth_ws/install/vesc_msgs/lib/python3.8/site-packages:${PYTHONPATH} /usr/bin/cmake --install /home/meric/f1tenth_ws/build/vesc
[1.340s] -- Install configuration: ""
[1.341s] -- Up-to-date: /home/meric/f1tenth_ws/install/vesc/share/ament_index/resource_index/package_run_dependencies/vesc
[1.341s] -- Up-to-date: /home/meric/f1tenth_ws/install/vesc/share/ament_index/resource_index/parent_prefix_path/vesc
[1.341s] -- Up-to-date: /home/meric/f1tenth_ws/install/vesc/share/vesc/environment/ament_prefix_path.sh
[1.342s] -- Up-to-date: /home/meric/f1tenth_ws/install/vesc/share/vesc/environment/ament_prefix_path.dsv
[1.342s] -- Up-to-date: /home/meric/f1tenth_ws/install/vesc/share/vesc/environment/path.sh
[1.342s] -- Up-to-date: /home/meric/f1tenth_ws/install/vesc/share/vesc/environment/path.dsv
[1.342s] -- Up-to-date: /home/meric/f1tenth_ws/install/vesc/share/vesc/local_setup.bash
[1.342s] -- Up-to-date: /home/meric/f1tenth_ws/install/vesc/share/vesc/local_setup.sh
[1.343s] -- Up-to-date: /home/meric/f1tenth_ws/install/vesc/share/vesc/local_setup.zsh
[1.343s] -- Up-to-date: /home/meric/f1tenth_ws/install/vesc/share/vesc/local_setup.dsv
[1.344s] -- Installing: /home/meric/f1tenth_ws/install/vesc/share/vesc/package.dsv
[1.344s] -- Up-to-date: /home/meric/f1tenth_ws/install/vesc/share/ament_index/resource_index/packages/vesc
[1.344s] -- Up-to-date: /home/meric/f1tenth_ws/install/vesc/share/vesc/cmake/vescConfig.cmake
[1.344s] -- Up-to-date: /home/meric/f1tenth_ws/install/vesc/share/vesc/cmake/vescConfig-version.cmake
[1.344s] -- Up-to-date: /home/meric/f1tenth_ws/install/vesc/share/vesc/package.xml
[1.369s] Invoked command in '/home/meric/f1tenth_ws/build/vesc' returned '0': AMENT_PREFIX_PATH=/home/meric/f1tenth_ws/install/vesc_driver:/home/meric/f1tenth_ws/install/vesc_ackermann:/home/meric/f1tenth_ws/install/vesc_msgs:${AMENT_PREFIX_PATH} CMAKE_PREFIX_PATH=/home/meric/f1tenth_ws/install/vesc_driver:/home/meric/f1tenth_ws/install/vesc_ackermann:/home/meric/f1tenth_ws/install/vesc_msgs:/opt/ros/foxy LD_LIBRARY_PATH=/home/meric/f1tenth_ws/install/vesc_driver/lib:/home/meric/f1tenth_ws/install/vesc_ackermann/lib:/home/meric/f1tenth_ws/install/vesc_msgs/lib:${LD_LIBRARY_PATH} PYTHONPATH=/home/meric/f1tenth_ws/install/vesc_msgs/lib/python3.8/site-packages:${PYTHONPATH} /usr/bin/cmake --install /home/meric/f1tenth_ws/build/vesc
