[0.598s] Invoking command in '/home/meric/f1tenth_ws/build/vesc_ackermann': AMENT_PREFIX_PATH=/home/meric/f1tenth_ws/install/vesc_msgs:${AMENT_PREFIX_PATH} CMAKE_PREFIX_PATH=/home/meric/f1tenth_ws/install/vesc_msgs:/opt/ros/foxy LD_LIBRARY_PATH=/home/meric/f1tenth_ws/install/vesc_msgs/lib:${LD_LIBRARY_PATH} PYTHONPATH=/home/meric/f1tenth_ws/install/vesc_msgs/lib/python3.8/site-packages:${PYTHONPATH} /usr/bin/cmake --build /home/meric/f1tenth_ws/build/vesc_ackermann -- -j6 -l6
[0.773s] [ 28%] Built target ackermann_to_vesc_node
[0.816s] [ 57%] Built target vesc_to_odom_node
[0.836s] [100%] Built target vesc_ackermann
[0.875s] Invoked command in '/home/meric/f1tenth_ws/build/vesc_ackermann' returned '0': AMENT_PREFIX_PATH=/home/meric/f1tenth_ws/install/vesc_msgs:${AMENT_PREFIX_PATH} CMAKE_PREFIX_PATH=/home/meric/f1tenth_ws/install/vesc_msgs:/opt/ros/foxy LD_LIBRARY_PATH=/home/meric/f1tenth_ws/install/vesc_msgs/lib:${LD_LIBRARY_PATH} PYTHONPATH=/home/meric/f1tenth_ws/install/vesc_msgs/lib/python3.8/site-packages:${PYTHONPATH} /usr/bin/cmake --build /home/meric/f1tenth_ws/build/vesc_ackermann -- -j6 -l6
[0.876s] Invoking command in '/home/meric/f1tenth_ws/build/vesc_ackermann': AMENT_PREFIX_PATH=/home/meric/f1tenth_ws/install/vesc_msgs:${AMENT_PREFIX_PATH} CMAKE_PREFIX_PATH=/home/meric/f1tenth_ws/install/vesc_msgs:/opt/ros/foxy LD_LIBRARY_PATH=/home/meric/f1tenth_ws/install/vesc_msgs/lib:${LD_LIBRARY_PATH} PYTHONPATH=/home/meric/f1tenth_ws/install/vesc_msgs/lib/python3.8/site-packages:${PYTHONPATH} /usr/bin/cmake --install /home/meric/f1tenth_ws/build/vesc_ackermann
[0.899s] -- Install configuration: ""
[0.904s] -- Up-to-date: /home/meric/f1tenth_ws/install/vesc_ackermann/lib/vesc_ackermann/ackermann_to_vesc_node
[0.905s] -- Up-to-date: /home/meric/f1tenth_ws/install/vesc_ackermann/lib/vesc_ackermann/vesc_to_odom_node
[0.906s] -- Up-to-date: /home/meric/f1tenth_ws/install/vesc_ackermann/include
[0.906s] -- Up-to-date: /home/meric/f1tenth_ws/install/vesc_ackermann/include/vesc_ackermann
[0.907s] -- Up-to-date: /home/meric/f1tenth_ws/install/vesc_ackermann/include/vesc_ackermann/ackermann_to_vesc.hpp
[0.907s] -- Up-to-date: /home/meric/f1tenth_ws/install/vesc_ackermann/include/vesc_ackermann/vesc_to_odom.hpp
[0.907s] -- Up-to-date: /home/meric/f1tenth_ws/install/vesc_ackermann/share/vesc_ackermann/environment/library_path.sh
[0.908s] -- Up-to-date: /home/meric/f1tenth_ws/install/vesc_ackermann/share/vesc_ackermann/environment/library_path.dsv
[0.909s] -- Up-to-date: /home/meric/f1tenth_ws/install/vesc_ackermann/lib/libvesc_ackermann.so
[0.909s] -- Up-to-date: /home/meric/f1tenth_ws/install/vesc_ackermann/share/vesc_ackermann/launch
[0.910s] -- Up-to-date: /home/meric/f1tenth_ws/install/vesc_ackermann/share/vesc_ackermann/launch/vesc_to_odom_node.launch.xml
[0.910s] -- Up-to-date: /home/meric/f1tenth_ws/install/vesc_ackermann/share/vesc_ackermann/launch/ackermann_to_vesc_node.launch.xml
[0.911s] -- Up-to-date: /home/meric/f1tenth_ws/install/vesc_ackermann/share/ament_index/resource_index/package_run_dependencies/vesc_ackermann
[0.911s] -- Up-to-date: /home/meric/f1tenth_ws/install/vesc_ackermann/share/ament_index/resource_index/parent_prefix_path/vesc_ackermann
[0.911s] -- Up-to-date: /home/meric/f1tenth_ws/install/vesc_ackermann/share/vesc_ackermann/environment/ament_prefix_path.sh
[0.912s] -- Up-to-date: /home/meric/f1tenth_ws/install/vesc_ackermann/share/vesc_ackermann/environment/ament_prefix_path.dsv
[0.912s] -- Up-to-date: /home/meric/f1tenth_ws/install/vesc_ackermann/share/vesc_ackermann/environment/path.sh
[0.913s] -- Up-to-date: /home/meric/f1tenth_ws/install/vesc_ackermann/share/vesc_ackermann/environment/path.dsv
[0.913s] -- Up-to-date: /home/meric/f1tenth_ws/install/vesc_ackermann/share/vesc_ackermann/local_setup.bash
[0.914s] -- Up-to-date: /home/meric/f1tenth_ws/install/vesc_ackermann/share/vesc_ackermann/local_setup.sh
[0.914s] -- Up-to-date: /home/meric/f1tenth_ws/install/vesc_ackermann/share/vesc_ackermann/local_setup.zsh
[0.914s] -- Up-to-date: /home/meric/f1tenth_ws/install/vesc_ackermann/share/vesc_ackermann/local_setup.dsv
[0.915s] -- Installing: /home/meric/f1tenth_ws/install/vesc_ackermann/share/vesc_ackermann/package.dsv
[0.916s] -- Up-to-date: /home/meric/f1tenth_ws/install/vesc_ackermann/share/ament_index/resource_index/packages/vesc_ackermann
[0.916s] -- Up-to-date: /home/meric/f1tenth_ws/install/vesc_ackermann/share/ament_index/resource_index/rclcpp_components/vesc_ackermann
[0.917s] -- Up-to-date: /home/meric/f1tenth_ws/install/vesc_ackermann/share/vesc_ackermann/cmake/ament_cmake_export_dependencies-extras.cmake
[0.917s] -- Up-to-date: /home/meric/f1tenth_ws/install/vesc_ackermann/share/vesc_ackermann/cmake/ament_cmake_export_include_directories-extras.cmake
[0.917s] -- Up-to-date: /home/meric/f1tenth_ws/install/vesc_ackermann/share/vesc_ackermann/cmake/ament_cmake_export_libraries-extras.cmake
[0.918s] -- Up-to-date: /home/meric/f1tenth_ws/install/vesc_ackermann/share/vesc_ackermann/cmake/vesc_ackermannConfig.cmake
[0.919s] -- Up-to-date: /home/meric/f1tenth_ws/install/vesc_ackermann/share/vesc_ackermann/cmake/vesc_ackermannConfig-version.cmake
[0.919s] -- Up-to-date: /home/meric/f1tenth_ws/install/vesc_ackermann/share/vesc_ackermann/package.xml
[0.927s] Invoked command in '/home/meric/f1tenth_ws/build/vesc_ackermann' returned '0': AMENT_PREFIX_PATH=/home/meric/f1tenth_ws/install/vesc_msgs:${AMENT_PREFIX_PATH} CMAKE_PREFIX_PATH=/home/meric/f1tenth_ws/install/vesc_msgs:/opt/ros/foxy LD_LIBRARY_PATH=/home/meric/f1tenth_ws/install/vesc_msgs/lib:${LD_LIBRARY_PATH} PYTHONPATH=/home/meric/f1tenth_ws/install/vesc_msgs/lib/python3.8/site-packages:${PYTHONPATH} /usr/bin/cmake --install /home/meric/f1tenth_ws/build/vesc_ackermann
