[1.087s] Invoking command in '/home/meric/f1tenth_ws/build/waypoint_generator': CMAKE_PREFIX_PATH=/opt/ros/foxy /usr/bin/cmake --build /home/meric/f1tenth_ws/build/waypoint_generator -- -j6 -l6
[1.226s] [ 50%] Built target waypoint_visualizer
[1.232s] [100%] Built target waypoint_generator
[1.260s] Invoked command in '/home/meric/f1tenth_ws/build/waypoint_generator' returned '0': CMAKE_PREFIX_PATH=/opt/ros/foxy /usr/bin/cmake --build /home/meric/f1tenth_ws/build/waypoint_generator -- -j6 -l6
[1.262s] Invoking command in '/home/meric/f1tenth_ws/build/waypoint_generator': CMAKE_PREFIX_PATH=/opt/ros/foxy /usr/bin/cmake --install /home/meric/f1tenth_ws/build/waypoint_generator
[1.293s] -- Install configuration: ""
[1.294s] -- Up-to-date: /home/meric/f1tenth_ws/install/waypoint_generator/lib/waypoint_generator/waypoint_generator
[1.294s] -- Up-to-date: /home/meric/f1tenth_ws/install/waypoint_generator/lib/waypoint_generator/waypoint_visualizer
[1.295s] -- Up-to-date: /home/meric/f1tenth_ws/install/waypoint_generator/share/ament_index/resource_index/package_run_dependencies/waypoint_generator
[1.295s] -- Up-to-date: /home/meric/f1tenth_ws/install/waypoint_generator/share/ament_index/resource_index/parent_prefix_path/waypoint_generator
[1.297s] -- Up-to-date: /home/meric/f1tenth_ws/install/waypoint_generator/share/waypoint_generator/environment/ament_prefix_path.sh
[1.299s] -- Up-to-date: /home/meric/f1tenth_ws/install/waypoint_generator/share/waypoint_generator/environment/ament_prefix_path.dsv
[1.299s] -- Up-to-date: /home/meric/f1tenth_ws/install/waypoint_generator/share/waypoint_generator/environment/path.sh
[1.299s] -- Up-to-date: /home/meric/f1tenth_ws/install/waypoint_generator/share/waypoint_generator/environment/path.dsv
[1.299s] -- Up-to-date: /home/meric/f1tenth_ws/install/waypoint_generator/share/waypoint_generator/local_setup.bash
[1.300s] -- Up-to-date: /home/meric/f1tenth_ws/install/waypoint_generator/share/waypoint_generator/local_setup.sh
[1.300s] -- Up-to-date: /home/meric/f1tenth_ws/install/waypoint_generator/share/waypoint_generator/local_setup.zsh
[1.300s] -- Up-to-date: /home/meric/f1tenth_ws/install/waypoint_generator/share/waypoint_generator/local_setup.dsv
[1.300s] -- Installing: /home/meric/f1tenth_ws/install/waypoint_generator/share/waypoint_generator/package.dsv
[1.301s] -- Up-to-date: /home/meric/f1tenth_ws/install/waypoint_generator/share/ament_index/resource_index/packages/waypoint_generator
[1.301s] -- Up-to-date: /home/meric/f1tenth_ws/install/waypoint_generator/share/waypoint_generator/cmake/waypoint_generatorConfig.cmake
[1.301s] -- Up-to-date: /home/meric/f1tenth_ws/install/waypoint_generator/share/waypoint_generator/cmake/waypoint_generatorConfig-version.cmake
[1.301s] -- Up-to-date: /home/meric/f1tenth_ws/install/waypoint_generator/share/waypoint_generator/package.xml
[1.896s] Invoked command in '/home/meric/f1tenth_ws/build/waypoint_generator' returned '0': CMAKE_PREFIX_PATH=/opt/ros/foxy /usr/bin/cmake --install /home/meric/f1tenth_ws/build/waypoint_generator
