[0.131s] Invoking command in '/home/meric/f1tenth_ws/build/vesc_msgs': CMAKE_PREFIX_PATH=${CMAKE_PREFIX_PATH}:/home/meric/f1tenth_ws/install/f1tenth_stack:/home/meric/f1tenth_ws/install/joy_teleop:/home/meric/f1tenth_ws/install/stanley_avoidance:/home/meric/f1tenth_ws/install/stanley2_avoidance:/home/meric/f1tenth_ws/install/slam:/home/meric/f1tenth_ws/install/particle_filter:/home/meric/f1tenth_ws/install/mouse_teleop:/home/meric/f1tenth_ws/install/key_teleop:/home/meric/install/f1tenth_stack:/home/meric/install/joy_teleop:/home/meric/install/mouse_teleop:/home/meric/install/key_teleop:/opt/ros/foxy /usr/bin/cmake --build /home/meric/f1tenth_ws/build/vesc_msgs -- -j6 -l6
[1.294s] [  1%] Built target vesc_msgs__cpp
[1.296s] [ 12%] Built target vesc_msgs__rosidl_generator_c
[1.296s] [ 23%] Built target vesc_msgs__rosidl_typesupport_cpp
[1.297s] [ 34%] Built target vesc_msgs__rosidl_typesupport_c
[1.297s] [ 45%] Built target vesc_msgs__rosidl_typesupport_introspection_c
[1.298s] [ 56%] Built target vesc_msgs__rosidl_typesupport_fastrtps_cpp
[1.302s] [ 67%] Built target vesc_msgs__rosidl_typesupport_introspection_cpp
[1.302s] [ 78%] Built target vesc_msgs__rosidl_typesupport_fastrtps_c
[1.302s] [ 78%] Built target vesc_msgs
[1.302s] [ 80%] Built target vesc_msgs__py
[1.302s] [ 89%] Built target vesc_msgs__python
[1.303s] [ 96%] Built target vesc_msgs__rosidl_typesupport_c__pyext
[1.303s] [ 96%] Built target vesc_msgs__rosidl_typesupport_fastrtps_c__pyext
[1.303s] [100%] Built target vesc_msgs__rosidl_typesupport_introspection_c__pyext
[1.853s] Invoked command in '/home/meric/f1tenth_ws/build/vesc_msgs' returned '0': CMAKE_PREFIX_PATH=${CMAKE_PREFIX_PATH}:/home/meric/f1tenth_ws/install/f1tenth_stack:/home/meric/f1tenth_ws/install/joy_teleop:/home/meric/f1tenth_ws/install/stanley_avoidance:/home/meric/f1tenth_ws/install/stanley2_avoidance:/home/meric/f1tenth_ws/install/slam:/home/meric/f1tenth_ws/install/particle_filter:/home/meric/f1tenth_ws/install/mouse_teleop:/home/meric/f1tenth_ws/install/key_teleop:/home/meric/install/f1tenth_stack:/home/meric/install/joy_teleop:/home/meric/install/mouse_teleop:/home/meric/install/key_teleop:/opt/ros/foxy /usr/bin/cmake --build /home/meric/f1tenth_ws/build/vesc_msgs -- -j6 -l6
[1.887s] Invoking command in '/home/meric/f1tenth_ws/build/vesc_msgs': CMAKE_PREFIX_PATH=${CMAKE_PREFIX_PATH}:/home/meric/f1tenth_ws/install/f1tenth_stack:/home/meric/f1tenth_ws/install/joy_teleop:/home/meric/f1tenth_ws/install/stanley_avoidance:/home/meric/f1tenth_ws/install/stanley2_avoidance:/home/meric/f1tenth_ws/install/slam:/home/meric/f1tenth_ws/install/particle_filter:/home/meric/f1tenth_ws/install/mouse_teleop:/home/meric/f1tenth_ws/install/key_teleop:/home/meric/install/f1tenth_stack:/home/meric/install/joy_teleop:/home/meric/install/mouse_teleop:/home/meric/install/key_teleop:/opt/ros/foxy /usr/bin/cmake --install /home/meric/f1tenth_ws/build/vesc_msgs
[1.914s] -- Install configuration: ""
[1.915s] -- Up-to-date: /home/meric/f1tenth_ws/install/vesc_msgs/share/ament_index/resource_index/rosidl_interfaces/vesc_msgs
[1.915s] -- Up-to-date: /home/meric/f1tenth_ws/install/vesc_msgs/include/vesc_msgs
[1.915s] -- Up-to-date: /home/meric/f1tenth_ws/install/vesc_msgs/include/vesc_msgs/msg
[1.915s] -- Up-to-date: /home/meric/f1tenth_ws/install/vesc_msgs/include/vesc_msgs/msg/rosidl_generator_c__visibility_control.h
[1.916s] -- Up-to-date: /home/meric/f1tenth_ws/install/vesc_msgs/include/vesc_msgs/msg/vesc_state_stamped.h
[1.916s] -- Up-to-date: /home/meric/f1tenth_ws/install/vesc_msgs/include/vesc_msgs/msg/vesc_state.h
[1.916s] -- Up-to-date: /home/meric/f1tenth_ws/install/vesc_msgs/include/vesc_msgs/msg/vesc_imu_stamped.h
[1.916s] -- Up-to-date: /home/meric/f1tenth_ws/install/vesc_msgs/include/vesc_msgs/msg/vesc_imu.h
[1.916s] -- Up-to-date: /home/meric/f1tenth_ws/install/vesc_msgs/include/vesc_msgs/msg/detail
[1.916s] -- Up-to-date: /home/meric/f1tenth_ws/install/vesc_msgs/include/vesc_msgs/msg/detail/vesc_imu_stamped__struct.h
[1.916s] -- Up-to-date: /home/meric/f1tenth_ws/install/vesc_msgs/include/vesc_msgs/msg/detail/vesc_imu_stamped__functions.c
[1.917s] -- Up-to-date: /home/meric/f1tenth_ws/install/vesc_msgs/include/vesc_msgs/msg/detail/vesc_state__functions.h
[1.917s] -- Up-to-date: /home/meric/f1tenth_ws/install/vesc_msgs/include/vesc_msgs/msg/detail/vesc_state__functions.c
[1.917s] -- Up-to-date: /home/meric/f1tenth_ws/install/vesc_msgs/include/vesc_msgs/msg/detail/vesc_imu__functions.h
[1.917s] -- Up-to-date: /home/meric/f1tenth_ws/install/vesc_msgs/include/vesc_msgs/msg/detail/vesc_imu_stamped__type_support.h
[1.917s] -- Up-to-date: /home/meric/f1tenth_ws/install/vesc_msgs/include/vesc_msgs/msg/detail/vesc_state_stamped__functions.h
[1.918s] -- Up-to-date: /home/meric/f1tenth_ws/install/vesc_msgs/include/vesc_msgs/msg/detail/vesc_state__type_support.h
[1.918s] -- Up-to-date: /home/meric/f1tenth_ws/install/vesc_msgs/include/vesc_msgs/msg/detail/vesc_state_stamped__struct.h
[1.918s] -- Up-to-date: /home/meric/f1tenth_ws/install/vesc_msgs/include/vesc_msgs/msg/detail/vesc_state__struct.h
[1.918s] -- Up-to-date: /home/meric/f1tenth_ws/install/vesc_msgs/include/vesc_msgs/msg/detail/vesc_imu__type_support.h
[1.919s] -- Up-to-date: /home/meric/f1tenth_ws/install/vesc_msgs/include/vesc_msgs/msg/detail/vesc_imu__struct.h
[1.919s] -- Up-to-date: /home/meric/f1tenth_ws/install/vesc_msgs/include/vesc_msgs/msg/detail/vesc_state_stamped__type_support.h
[1.920s] -- Up-to-date: /home/meric/f1tenth_ws/install/vesc_msgs/include/vesc_msgs/msg/detail/vesc_imu_stamped__functions.h
[1.920s] -- Up-to-date: /home/meric/f1tenth_ws/install/vesc_msgs/include/vesc_msgs/msg/detail/vesc_state_stamped__functions.c
[1.921s] -- Up-to-date: /home/meric/f1tenth_ws/install/vesc_msgs/include/vesc_msgs/msg/detail/vesc_imu__functions.c
[1.921s] -- Up-to-date: /home/meric/f1tenth_ws/install/vesc_msgs/share/vesc_msgs/environment/library_path.sh
[1.922s] -- Up-to-date: /home/meric/f1tenth_ws/install/vesc_msgs/share/vesc_msgs/environment/library_path.dsv
[1.923s] -- Up-to-date: /home/meric/f1tenth_ws/install/vesc_msgs/lib/libvesc_msgs__rosidl_generator_c.so
[1.925s] -- Up-to-date: /home/meric/f1tenth_ws/install/vesc_msgs/include/vesc_msgs
[1.925s] -- Up-to-date: /home/meric/f1tenth_ws/install/vesc_msgs/include/vesc_msgs/msg
[1.926s] -- Up-to-date: /home/meric/f1tenth_ws/install/vesc_msgs/include/vesc_msgs/msg/rosidl_typesupport_fastrtps_c__visibility_control.h
[1.927s] -- Up-to-date: /home/meric/f1tenth_ws/install/vesc_msgs/include/vesc_msgs/msg/detail
[1.927s] -- Up-to-date: /home/meric/f1tenth_ws/install/vesc_msgs/include/vesc_msgs/msg/detail/vesc_state__rosidl_typesupport_fastrtps_c.h
[1.928s] -- Up-to-date: /home/meric/f1tenth_ws/install/vesc_msgs/include/vesc_msgs/msg/detail/vesc_imu_stamped__rosidl_typesupport_fastrtps_c.h
[1.929s] -- Up-to-date: /home/meric/f1tenth_ws/install/vesc_msgs/include/vesc_msgs/msg/detail/vesc_state_stamped__rosidl_typesupport_fastrtps_c.h
[1.933s] -- Up-to-date: /home/meric/f1tenth_ws/install/vesc_msgs/include/vesc_msgs/msg/detail/vesc_imu__rosidl_typesupport_fastrtps_c.h
[1.942s] -- Up-to-date: /home/meric/f1tenth_ws/install/vesc_msgs/lib/libvesc_msgs__rosidl_typesupport_fastrtps_c.so
[1.943s] -- Up-to-date: /home/meric/f1tenth_ws/install/vesc_msgs/include/vesc_msgs
[1.943s] -- Up-to-date: /home/meric/f1tenth_ws/install/vesc_msgs/include/vesc_msgs/msg
[1.943s] -- Up-to-date: /home/meric/f1tenth_ws/install/vesc_msgs/include/vesc_msgs/msg/rosidl_typesupport_fastrtps_cpp__visibility_control.h
[1.943s] -- Up-to-date: /home/meric/f1tenth_ws/install/vesc_msgs/include/vesc_msgs/msg/detail
[1.944s] -- Up-to-date: /home/meric/f1tenth_ws/install/vesc_msgs/include/vesc_msgs/msg/detail/vesc_state__rosidl_typesupport_fastrtps_cpp.hpp
[1.944s] -- Up-to-date: /home/meric/f1tenth_ws/install/vesc_msgs/include/vesc_msgs/msg/detail/dds_fastrtps
[1.944s] -- Up-to-date: /home/meric/f1tenth_ws/install/vesc_msgs/include/vesc_msgs/msg/detail/vesc_imu__rosidl_typesupport_fastrtps_cpp.hpp
[1.944s] -- Up-to-date: /home/meric/f1tenth_ws/install/vesc_msgs/include/vesc_msgs/msg/detail/vesc_state_stamped__rosidl_typesupport_fastrtps_cpp.hpp
[1.944s] -- Up-to-date: /home/meric/f1tenth_ws/install/vesc_msgs/include/vesc_msgs/msg/detail/vesc_imu_stamped__rosidl_typesupport_fastrtps_cpp.hpp
[1.945s] -- Up-to-date: /home/meric/f1tenth_ws/install/vesc_msgs/lib/libvesc_msgs__rosidl_typesupport_fastrtps_cpp.so
[1.945s] -- Up-to-date: /home/meric/f1tenth_ws/install/vesc_msgs/include/vesc_msgs
[1.946s] -- Up-to-date: /home/meric/f1tenth_ws/install/vesc_msgs/include/vesc_msgs/msg
[1.946s] -- Up-to-date: /home/meric/f1tenth_ws/install/vesc_msgs/include/vesc_msgs/msg/detail
[1.947s] -- Up-to-date: /home/meric/f1tenth_ws/install/vesc_msgs/include/vesc_msgs/msg/detail/vesc_imu_stamped__rosidl_typesupport_introspection_c.h
[1.947s] -- Up-to-date: /home/meric/f1tenth_ws/install/vesc_msgs/include/vesc_msgs/msg/detail/vesc_imu__rosidl_typesupport_introspection_c.h
[1.947s] -- Up-to-date: /home/meric/f1tenth_ws/install/vesc_msgs/include/vesc_msgs/msg/detail/vesc_state__type_support.c
[1.947s] -- Up-to-date: /home/meric/f1tenth_ws/install/vesc_msgs/include/vesc_msgs/msg/detail/vesc_imu_stamped__type_support.c
[1.947s] -- Up-to-date: /home/meric/f1tenth_ws/install/vesc_msgs/include/vesc_msgs/msg/detail/vesc_state_stamped__rosidl_typesupport_introspection_c.h
[1.947s] -- Up-to-date: /home/meric/f1tenth_ws/install/vesc_msgs/include/vesc_msgs/msg/detail/vesc_state__rosidl_typesupport_introspection_c.h
[1.948s] -- Up-to-date: /home/meric/f1tenth_ws/install/vesc_msgs/include/vesc_msgs/msg/detail/vesc_state_stamped__type_support.c
[1.949s] -- Up-to-date: /home/meric/f1tenth_ws/install/vesc_msgs/include/vesc_msgs/msg/detail/vesc_imu__type_support.c
[1.949s] -- Up-to-date: /home/meric/f1tenth_ws/install/vesc_msgs/include/vesc_msgs/msg/rosidl_typesupport_introspection_c__visibility_control.h
[1.949s] -- Up-to-date: /home/meric/f1tenth_ws/install/vesc_msgs/lib/libvesc_msgs__rosidl_typesupport_introspection_c.so
[1.952s] -- Up-to-date: /home/meric/f1tenth_ws/install/vesc_msgs/lib/libvesc_msgs__rosidl_typesupport_c.so
[1.952s] -- Up-to-date: /home/meric/f1tenth_ws/install/vesc_msgs/include/vesc_msgs
[1.952s] -- Up-to-date: /home/meric/f1tenth_ws/install/vesc_msgs/include/vesc_msgs/msg
[1.952s] -- Up-to-date: /home/meric/f1tenth_ws/install/vesc_msgs/include/vesc_msgs/msg/vesc_state_stamped.hpp
[1.953s] -- Up-to-date: /home/meric/f1tenth_ws/install/vesc_msgs/include/vesc_msgs/msg/vesc_imu.hpp
[1.953s] -- Up-to-date: /home/meric/f1tenth_ws/install/vesc_msgs/include/vesc_msgs/msg/vesc_imu_stamped.hpp
[1.953s] -- Up-to-date: /home/meric/f1tenth_ws/install/vesc_msgs/include/vesc_msgs/msg/detail
[1.953s] -- Up-to-date: /home/meric/f1tenth_ws/install/vesc_msgs/include/vesc_msgs/msg/detail/vesc_imu_stamped__struct.hpp
[1.953s] -- Up-to-date: /home/meric/f1tenth_ws/install/vesc_msgs/include/vesc_msgs/msg/detail/vesc_state_stamped__traits.hpp
[1.954s] -- Up-to-date: /home/meric/f1tenth_ws/install/vesc_msgs/include/vesc_msgs/msg/detail/vesc_imu__traits.hpp
[1.955s] -- Up-to-date: /home/meric/f1tenth_ws/install/vesc_msgs/include/vesc_msgs/msg/detail/vesc_state_stamped__builder.hpp
[1.955s] -- Up-to-date: /home/meric/f1tenth_ws/install/vesc_msgs/include/vesc_msgs/msg/detail/vesc_imu__builder.hpp
[1.955s] -- Up-to-date: /home/meric/f1tenth_ws/install/vesc_msgs/include/vesc_msgs/msg/detail/vesc_state__type_support.hpp
[1.955s] -- Up-to-date: /home/meric/f1tenth_ws/install/vesc_msgs/include/vesc_msgs/msg/detail/vesc_state_stamped__type_support.hpp
[1.955s] -- Up-to-date: /home/meric/f1tenth_ws/install/vesc_msgs/include/vesc_msgs/msg/detail/vesc_state__builder.hpp
[1.955s] -- Up-to-date: /home/meric/f1tenth_ws/install/vesc_msgs/include/vesc_msgs/msg/detail/vesc_imu_stamped__traits.hpp
[1.955s] -- Up-to-date: /home/meric/f1tenth_ws/install/vesc_msgs/include/vesc_msgs/msg/detail/vesc_state_stamped__struct.hpp
[1.956s] -- Up-to-date: /home/meric/f1tenth_ws/install/vesc_msgs/include/vesc_msgs/msg/detail/vesc_imu_stamped__type_support.hpp
[1.956s] -- Up-to-date: /home/meric/f1tenth_ws/install/vesc_msgs/include/vesc_msgs/msg/detail/vesc_imu_stamped__builder.hpp
[1.956s] -- Up-to-date: /home/meric/f1tenth_ws/install/vesc_msgs/include/vesc_msgs/msg/detail/vesc_imu__type_support.hpp
[1.956s] -- Up-to-date: /home/meric/f1tenth_ws/install/vesc_msgs/include/vesc_msgs/msg/detail/vesc_state__traits.hpp
[1.956s] -- Up-to-date: /home/meric/f1tenth_ws/install/vesc_msgs/include/vesc_msgs/msg/detail/vesc_state__struct.hpp
[1.956s] -- Up-to-date: /home/meric/f1tenth_ws/install/vesc_msgs/include/vesc_msgs/msg/detail/vesc_imu__struct.hpp
[1.956s] -- Up-to-date: /home/meric/f1tenth_ws/install/vesc_msgs/include/vesc_msgs/msg/rosidl_generator_cpp__visibility_control.hpp
[1.956s] -- Up-to-date: /home/meric/f1tenth_ws/install/vesc_msgs/include/vesc_msgs/msg/vesc_state.hpp
[1.957s] -- Up-to-date: /home/meric/f1tenth_ws/install/vesc_msgs/include/vesc_msgs
[1.957s] -- Up-to-date: /home/meric/f1tenth_ws/install/vesc_msgs/include/vesc_msgs/msg
[1.957s] -- Up-to-date: /home/meric/f1tenth_ws/install/vesc_msgs/include/vesc_msgs/msg/detail
[1.957s] -- Up-to-date: /home/meric/f1tenth_ws/install/vesc_msgs/include/vesc_msgs/msg/detail/vesc_imu_stamped__rosidl_typesupport_introspection_cpp.hpp
[1.957s] -- Up-to-date: /home/meric/f1tenth_ws/install/vesc_msgs/include/vesc_msgs/msg/detail/vesc_state_stamped__type_support.cpp
[1.957s] -- Up-to-date: /home/meric/f1tenth_ws/install/vesc_msgs/include/vesc_msgs/msg/detail/vesc_imu__type_support.cpp
[1.958s] -- Up-to-date: /home/meric/f1tenth_ws/install/vesc_msgs/include/vesc_msgs/msg/detail/vesc_imu_stamped__type_support.cpp
[1.958s] -- Up-to-date: /home/meric/f1tenth_ws/install/vesc_msgs/include/vesc_msgs/msg/detail/vesc_imu__rosidl_typesupport_introspection_cpp.hpp
[1.958s] -- Up-to-date: /home/meric/f1tenth_ws/install/vesc_msgs/include/vesc_msgs/msg/detail/vesc_state__rosidl_typesupport_introspection_cpp.hpp
[1.958s] -- Up-to-date: /home/meric/f1tenth_ws/install/vesc_msgs/include/vesc_msgs/msg/detail/vesc_state__type_support.cpp
[1.958s] -- Up-to-date: /home/meric/f1tenth_ws/install/vesc_msgs/include/vesc_msgs/msg/detail/vesc_state_stamped__rosidl_typesupport_introspection_cpp.hpp
[1.961s] -- Up-to-date: /home/meric/f1tenth_ws/install/vesc_msgs/lib/libvesc_msgs__rosidl_typesupport_introspection_cpp.so
[1.962s] -- Up-to-date: /home/meric/f1tenth_ws/install/vesc_msgs/lib/libvesc_msgs__rosidl_typesupport_cpp.so
[1.977s] -- Up-to-date: /home/meric/f1tenth_ws/install/vesc_msgs/share/vesc_msgs/environment/pythonpath.sh
[1.977s] -- Up-to-date: /home/meric/f1tenth_ws/install/vesc_msgs/share/vesc_msgs/environment/pythonpath.dsv
[1.977s] -- Up-to-date: /home/meric/f1tenth_ws/install/vesc_msgs/lib/python3.8/site-packages/vesc_msgs/__init__.py
[2.108s] -- Up-to-date: /home/meric/f1tenth_ws/install/vesc_msgs/lib/python3.8/site-packages/vesc_msgs/msg
[2.109s] -- Up-to-date: /home/meric/f1tenth_ws/install/vesc_msgs/lib/python3.8/site-packages/vesc_msgs/msg/_vesc_imu_stamped_s.c
[2.109s] -- Up-to-date: /home/meric/f1tenth_ws/install/vesc_msgs/lib/python3.8/site-packages/vesc_msgs/msg/__init__.py
[2.109s] -- Up-to-date: /home/meric/f1tenth_ws/install/vesc_msgs/lib/python3.8/site-packages/vesc_msgs/msg/_vesc_imu_s.c
[2.110s] -- Up-to-date: /home/meric/f1tenth_ws/install/vesc_msgs/lib/python3.8/site-packages/vesc_msgs/msg/_vesc_state.py
[2.110s] -- Up-to-date: /home/meric/f1tenth_ws/install/vesc_msgs/lib/python3.8/site-packages/vesc_msgs/msg/_vesc_state_stamped_s.c
[2.110s] -- Up-to-date: /home/meric/f1tenth_ws/install/vesc_msgs/lib/python3.8/site-packages/vesc_msgs/msg/_vesc_imu_stamped.py
[2.110s] -- Up-to-date: /home/meric/f1tenth_ws/install/vesc_msgs/lib/python3.8/site-packages/vesc_msgs/msg/_vesc_imu.py
[2.110s] -- Up-to-date: /home/meric/f1tenth_ws/install/vesc_msgs/lib/python3.8/site-packages/vesc_msgs/msg/_vesc_state_s.c
[2.110s] -- Up-to-date: /home/meric/f1tenth_ws/install/vesc_msgs/lib/python3.8/site-packages/vesc_msgs/msg/_vesc_state_stamped.py
[2.111s] -- Up-to-date: /home/meric/f1tenth_ws/install/vesc_msgs/lib/python3.8/site-packages/vesc_msgs/vesc_msgs_s__rosidl_typesupport_fastrtps_c.cpython-38-aarch64-linux-gnu.so
[2.113s] -- Up-to-date: /home/meric/f1tenth_ws/install/vesc_msgs/lib/python3.8/site-packages/vesc_msgs/vesc_msgs_s__rosidl_typesupport_introspection_c.cpython-38-aarch64-linux-gnu.so
[2.114s] -- Up-to-date: /home/meric/f1tenth_ws/install/vesc_msgs/lib/python3.8/site-packages/vesc_msgs/vesc_msgs_s__rosidl_typesupport_c.cpython-38-aarch64-linux-gnu.so
[2.117s] -- Up-to-date: /home/meric/f1tenth_ws/install/vesc_msgs/lib/libvesc_msgs__python.so
[2.117s] -- Up-to-date: /home/meric/f1tenth_ws/install/vesc_msgs/share/vesc_msgs/msg/VescState.idl
[2.118s] -- Up-to-date: /home/meric/f1tenth_ws/install/vesc_msgs/share/vesc_msgs/msg/VescStateStamped.idl
[2.119s] -- Up-to-date: /home/meric/f1tenth_ws/install/vesc_msgs/share/vesc_msgs/msg/VescImu.idl
[2.120s] -- Up-to-date: /home/meric/f1tenth_ws/install/vesc_msgs/share/vesc_msgs/msg/VescImuStamped.idl
[2.120s] -- Up-to-date: /home/meric/f1tenth_ws/install/vesc_msgs/share/vesc_msgs/msg/VescState.msg
[2.121s] -- Up-to-date: /home/meric/f1tenth_ws/install/vesc_msgs/share/vesc_msgs/msg/VescStateStamped.msg
[2.122s] -- Up-to-date: /home/meric/f1tenth_ws/install/vesc_msgs/share/vesc_msgs/msg/VescImu.msg
[2.123s] -- Up-to-date: /home/meric/f1tenth_ws/install/vesc_msgs/share/vesc_msgs/msg/VescImuStamped.msg
[2.123s] -- Up-to-date: /home/meric/f1tenth_ws/install/vesc_msgs/share/ament_index/resource_index/package_run_dependencies/vesc_msgs
[2.124s] -- Up-to-date: /home/meric/f1tenth_ws/install/vesc_msgs/share/ament_index/resource_index/parent_prefix_path/vesc_msgs
[2.124s] -- Up-to-date: /home/meric/f1tenth_ws/install/vesc_msgs/share/vesc_msgs/environment/ament_prefix_path.sh
[2.124s] -- Up-to-date: /home/meric/f1tenth_ws/install/vesc_msgs/share/vesc_msgs/environment/ament_prefix_path.dsv
[2.125s] -- Up-to-date: /home/meric/f1tenth_ws/install/vesc_msgs/share/vesc_msgs/environment/path.sh
[2.125s] -- Up-to-date: /home/meric/f1tenth_ws/install/vesc_msgs/share/vesc_msgs/environment/path.dsv
[2.126s] -- Up-to-date: /home/meric/f1tenth_ws/install/vesc_msgs/share/vesc_msgs/local_setup.bash
[2.127s] -- Up-to-date: /home/meric/f1tenth_ws/install/vesc_msgs/share/vesc_msgs/local_setup.sh
[2.127s] -- Up-to-date: /home/meric/f1tenth_ws/install/vesc_msgs/share/vesc_msgs/local_setup.zsh
[2.128s] -- Up-to-date: /home/meric/f1tenth_ws/install/vesc_msgs/share/vesc_msgs/local_setup.dsv
[2.128s] -- Installing: /home/meric/f1tenth_ws/install/vesc_msgs/share/vesc_msgs/package.dsv
[2.129s] -- Up-to-date: /home/meric/f1tenth_ws/install/vesc_msgs/share/ament_index/resource_index/packages/vesc_msgs
[2.132s] -- Up-to-date: /home/meric/f1tenth_ws/install/vesc_msgs/share/vesc_msgs/cmake/vesc_msgs__rosidl_generator_cExport.cmake
[2.132s] -- Up-to-date: /home/meric/f1tenth_ws/install/vesc_msgs/share/vesc_msgs/cmake/vesc_msgs__rosidl_generator_cExport-noconfig.cmake
[2.133s] -- Up-to-date: /home/meric/f1tenth_ws/install/vesc_msgs/share/vesc_msgs/cmake/vesc_msgs__rosidl_typesupport_introspection_cExport.cmake
[2.133s] -- Up-to-date: /home/meric/f1tenth_ws/install/vesc_msgs/share/vesc_msgs/cmake/vesc_msgs__rosidl_typesupport_introspection_cExport-noconfig.cmake
[2.133s] -- Up-to-date: /home/meric/f1tenth_ws/install/vesc_msgs/share/vesc_msgs/cmake/vesc_msgs__rosidl_typesupport_cExport.cmake
[2.134s] -- Up-to-date: /home/meric/f1tenth_ws/install/vesc_msgs/share/vesc_msgs/cmake/vesc_msgs__rosidl_typesupport_cExport-noconfig.cmake
[2.137s] -- Up-to-date: /home/meric/f1tenth_ws/install/vesc_msgs/share/vesc_msgs/cmake/vesc_msgs__rosidl_generator_cppExport.cmake
[2.138s] -- Up-to-date: /home/meric/f1tenth_ws/install/vesc_msgs/share/vesc_msgs/cmake/vesc_msgs__rosidl_typesupport_introspection_cppExport.cmake
[2.138s] -- Up-to-date: /home/meric/f1tenth_ws/install/vesc_msgs/share/vesc_msgs/cmake/vesc_msgs__rosidl_typesupport_introspection_cppExport-noconfig.cmake
[2.139s] -- Up-to-date: /home/meric/f1tenth_ws/install/vesc_msgs/share/vesc_msgs/cmake/vesc_msgs__rosidl_typesupport_cppExport.cmake
[2.139s] -- Up-to-date: /home/meric/f1tenth_ws/install/vesc_msgs/share/vesc_msgs/cmake/vesc_msgs__rosidl_typesupport_cppExport-noconfig.cmake
[2.140s] -- Up-to-date: /home/meric/f1tenth_ws/install/vesc_msgs/share/vesc_msgs/cmake/rosidl_cmake-extras.cmake
[2.140s] -- Up-to-date: /home/meric/f1tenth_ws/install/vesc_msgs/share/vesc_msgs/cmake/ament_cmake_export_dependencies-extras.cmake
[2.140s] -- Up-to-date: /home/meric/f1tenth_ws/install/vesc_msgs/share/vesc_msgs/cmake/ament_cmake_export_libraries-extras.cmake
[2.140s] -- Up-to-date: /home/meric/f1tenth_ws/install/vesc_msgs/share/vesc_msgs/cmake/ament_cmake_export_targets-extras.cmake
[2.140s] -- Up-to-date: /home/meric/f1tenth_ws/install/vesc_msgs/share/vesc_msgs/cmake/ament_cmake_export_include_directories-extras.cmake
[2.140s] -- Up-to-date: /home/meric/f1tenth_ws/install/vesc_msgs/share/vesc_msgs/cmake/rosidl_cmake_export_typesupport_libraries-extras.cmake
[2.141s] -- Up-to-date: /home/meric/f1tenth_ws/install/vesc_msgs/share/vesc_msgs/cmake/rosidl_cmake_export_typesupport_targets-extras.cmake
[2.141s] -- Up-to-date: /home/meric/f1tenth_ws/install/vesc_msgs/share/vesc_msgs/cmake/vesc_msgsConfig.cmake
[2.141s] -- Up-to-date: /home/meric/f1tenth_ws/install/vesc_msgs/share/vesc_msgs/cmake/vesc_msgsConfig-version.cmake
[2.141s] -- Up-to-date: /home/meric/f1tenth_ws/install/vesc_msgs/share/vesc_msgs/package.xml
[2.263s] Invoked command in '/home/meric/f1tenth_ws/build/vesc_msgs' returned '0': CMAKE_PREFIX_PATH=${CMAKE_PREFIX_PATH}:/home/meric/f1tenth_ws/install/f1tenth_stack:/home/meric/f1tenth_ws/install/joy_teleop:/home/meric/f1tenth_ws/install/stanley_avoidance:/home/meric/f1tenth_ws/install/stanley2_avoidance:/home/meric/f1tenth_ws/install/slam:/home/meric/f1tenth_ws/install/particle_filter:/home/meric/f1tenth_ws/install/mouse_teleop:/home/meric/f1tenth_ws/install/key_teleop:/home/meric/install/f1tenth_stack:/home/meric/install/joy_teleop:/home/meric/install/mouse_teleop:/home/meric/install/key_teleop:/opt/ros/foxy /usr/bin/cmake --install /home/meric/f1tenth_ws/build/vesc_msgs
