[2.807s] Invoking command in '/home/meric/f1tenth_ws/src/slam': PYTHONPATH=/home/meric/f1tenth_ws/build/slam/prefix_override:/usr/lib/python3/dist-packages/colcon_core/task/python/colcon_distutils_commands:/home/meric/f1tenth_ws/install/slam/lib/python3.8/site-packages:${PYTHONPATH} /usr/bin/python3 -W ignore:setup.py install is deprecated -W ignore:easy_install command is deprecated setup.py egg_info --egg-base ../../build/slam build --build-base /home/meric/f1tenth_ws/build/slam/build install --record /home/meric/f1tenth_ws/build/slam/install.log --install-scripts $base/lib/slam --single-version-externally-managed install_data
[3.395s] running egg_info
[3.395s] writing ../../build/slam/slam.egg-info/PKG-INFO
[3.396s] writing dependency_links to ../../build/slam/slam.egg-info/dependency_links.txt
[3.396s] writing entry points to ../../build/slam/slam.egg-info/entry_points.txt
[3.397s] writing requirements to ../../build/slam/slam.egg-info/requires.txt
[3.397s] writing top-level names to ../../build/slam/slam.egg-info/top_level.txt
[3.470s] reading manifest file '../../build/slam/slam.egg-info/SOURCES.txt'
[3.471s] writing manifest file '../../build/slam/slam.egg-info/SOURCES.txt'
[3.471s] running build
[3.471s] running build_py
[3.472s] running install
[3.474s] running install_lib
[3.478s] running install_data
[3.478s] running install_egg_info
[3.483s] removing '/home/meric/f1tenth_ws/install/slam/lib/python3.8/site-packages/slam-0.0.0-py3.8.egg-info' (and everything under it)
[3.484s] Copying ../../build/slam/slam.egg-info to /home/meric/f1tenth_ws/install/slam/lib/python3.8/site-packages/slam-0.0.0-py3.8.egg-info
[3.486s] running install_scripts
[3.527s] writing list of installed files to '/home/meric/f1tenth_ws/build/slam/install.log'
[3.600s] Invoked command in '/home/meric/f1tenth_ws/src/slam' returned '0': PYTHONPATH=/home/meric/f1tenth_ws/build/slam/prefix_override:/usr/lib/python3/dist-packages/colcon_core/task/python/colcon_distutils_commands:/home/meric/f1tenth_ws/install/slam/lib/python3.8/site-packages:${PYTHONPATH} /usr/bin/python3 -W ignore:setup.py install is deprecated -W ignore:easy_install command is deprecated setup.py egg_info --egg-base ../../build/slam build --build-base /home/meric/f1tenth_ws/build/slam/build install --record /home/meric/f1tenth_ws/build/slam/install.log --install-scripts $base/lib/slam --single-version-externally-managed install_data
