[2.729s] Invoking command in '/home/meric/f1tenth_ws/src/stanley_avoidance': PYTHONPATH=/home/meric/f1tenth_ws/build/stanley_avoidance/prefix_override:/usr/lib/python3/dist-packages/colcon_core/task/python/colcon_distutils_commands:/home/meric/f1tenth_ws/install/stanley_avoidance/lib/python3.8/site-packages:${PYTHONPATH} /usr/bin/python3 -W ignore:setup.py install is deprecated -W ignore:easy_install command is deprecated setup.py egg_info --egg-base ../../build/stanley_avoidance build --build-base /home/meric/f1tenth_ws/build/stanley_avoidance/build install --record /home/meric/f1tenth_ws/build/stanley_avoidance/install.log --install-scripts $base/lib/stanley_avoidance --single-version-externally-managed install_data
[3.259s] running egg_info
[3.260s] writing ../../build/stanley_avoidance/stanley_avoidance.egg-info/PKG-INFO
[3.261s] writing dependency_links to ../../build/stanley_avoidance/stanley_avoidance.egg-info/dependency_links.txt
[3.261s] writing entry points to ../../build/stanley_avoidance/stanley_avoidance.egg-info/entry_points.txt
[3.262s] writing requirements to ../../build/stanley_avoidance/stanley_avoidance.egg-info/requires.txt
[3.262s] writing top-level names to ../../build/stanley_avoidance/stanley_avoidance.egg-info/top_level.txt
[3.332s] reading manifest file '../../build/stanley_avoidance/stanley_avoidance.egg-info/SOURCES.txt'
[3.334s] writing manifest file '../../build/stanley_avoidance/stanley_avoidance.egg-info/SOURCES.txt'
[3.335s] running build
[3.335s] running build_py
[3.337s] running install
[3.339s] running install_lib
[3.343s] running install_data
[3.345s] running install_egg_info
[3.349s] removing '/home/meric/f1tenth_ws/install/stanley_avoidance/lib/python3.8/site-packages/stanley_avoidance-0.0.0-py3.8.egg-info' (and everything under it)
[3.350s] Copying ../../build/stanley_avoidance/stanley_avoidance.egg-info to /home/meric/f1tenth_ws/install/stanley_avoidance/lib/python3.8/site-packages/stanley_avoidance-0.0.0-py3.8.egg-info
[3.352s] running install_scripts
[3.393s] Installing stanley_avoidance script to /home/meric/f1tenth_ws/install/stanley_avoidance/lib/stanley_avoidance
[3.395s] writing list of installed files to '/home/meric/f1tenth_ws/build/stanley_avoidance/install.log'
[3.470s] Invoked command in '/home/meric/f1tenth_ws/src/stanley_avoidance' returned '0': PYTHONPATH=/home/meric/f1tenth_ws/build/stanley_avoidance/prefix_override:/usr/lib/python3/dist-packages/colcon_core/task/python/colcon_distutils_commands:/home/meric/f1tenth_ws/install/stanley_avoidance/lib/python3.8/site-packages:${PYTHONPATH} /usr/bin/python3 -W ignore:setup.py install is deprecated -W ignore:easy_install command is deprecated setup.py egg_info --egg-base ../../build/stanley_avoidance build --build-base /home/meric/f1tenth_ws/build/stanley_avoidance/build install --record /home/meric/f1tenth_ws/build/stanley_avoidance/install.log --install-scripts $base/lib/stanley_avoidance --single-version-externally-managed install_data
