[0.110s] Invoking command in '/home/meric/f1tenth_ws/build/vesc_ackermann': AMENT_PREFIX_PATH=/home/meric/f1tenth_ws/install/vesc_msgs:${AMENT_PREFIX_PATH} CMAKE_PREFIX_PATH=/home/meric/f1tenth_ws/install/vesc_msgs:/opt/ros/foxy LD_LIBRARY_PATH=/home/meric/f1tenth_ws/install/vesc_msgs/lib:${LD_LIBRARY_PATH} PYTHONPATH=/home/meric/f1tenth_ws/install/vesc_msgs/lib/python3.8/site-packages:${PYTHONPATH} /usr/bin/cmake --build /home/meric/f1tenth_ws/build/vesc_ackermann -- -j6 -l6
[0.432s] [ 28%] Built target ackermann_to_vesc_node
[0.472s] [ 57%] Built target vesc_to_odom_node
[0.474s] [100%] Built target vesc_ackermann
[0.786s] Invoked command in '/home/meric/f1tenth_ws/build/vesc_ackermann' returned '0': AMENT_PREFIX_PATH=/home/meric/f1tenth_ws/install/vesc_msgs:${AMENT_PREFIX_PATH} CMAKE_PREFIX_PATH=/home/meric/f1tenth_ws/install/vesc_msgs:/opt/ros/foxy LD_LIBRARY_PATH=/home/meric/f1tenth_ws/install/vesc_msgs/lib:${LD_LIBRARY_PATH} PYTHONPATH=/home/meric/f1tenth_ws/install/vesc_msgs/lib/python3.8/site-packages:${PYTHONPATH} /usr/bin/cmake --build /home/meric/f1tenth_ws/build/vesc_ackermann -- -j6 -l6
[0.789s] Invoking command in '/home/meric/f1tenth_ws/build/vesc_ackermann': AMENT_PREFIX_PATH=/home/meric/f1tenth_ws/install/vesc_msgs:${AMENT_PREFIX_PATH} CMAKE_PREFIX_PATH=/home/meric/f1tenth_ws/install/vesc_msgs:/opt/ros/foxy LD_LIBRARY_PATH=/home/meric/f1tenth_ws/install/vesc_msgs/lib:${LD_LIBRARY_PATH} PYTHONPATH=/home/meric/f1tenth_ws/install/vesc_msgs/lib/python3.8/site-packages:${PYTHONPATH} /usr/bin/cmake --install /home/meric/f1tenth_ws/build/vesc_ackermann
[0.821s] -- Install configuration: ""
[0.823s] -- Up-to-date: /home/meric/f1tenth_ws/install/vesc_ackermann/lib/vesc_ackermann/ackermann_to_vesc_node
[0.823s] -- Up-to-date: /home/meric/f1tenth_ws/install/vesc_ackermann/lib/vesc_ackermann/vesc_to_odom_node
[0.824s] -- Up-to-date: /home/meric/f1tenth_ws/install/vesc_ackermann/include
[0.824s] -- Up-to-date: /home/meric/f1tenth_ws/install/vesc_ackermann/include/vesc_ackermann
[0.825s] -- Up-to-date: /home/meric/f1tenth_ws/install/vesc_ackermann/include/vesc_ackermann/ackermann_to_vesc.hpp
[0.825s] -- Up-to-date: /home/meric/f1tenth_ws/install/vesc_ackermann/include/vesc_ackermann/vesc_to_odom.hpp
[0.830s] -- Up-to-date: /home/meric/f1tenth_ws/install/vesc_ackermann/share/vesc_ackermann/environment/library_path.sh
[0.830s] -- Up-to-date: /home/meric/f1tenth_ws/install/vesc_ackermann/share/vesc_ackermann/environment/library_path.dsv
[0.830s] -- Up-to-date: /home/meric/f1tenth_ws/install/vesc_ackermann/lib/libvesc_ackermann.so
[0.830s] -- Up-to-date: /home/meric/f1tenth_ws/install/vesc_ackermann/share/vesc_ackermann/launch
[0.830s] -- Up-to-date: /home/meric/f1tenth_ws/install/vesc_ackermann/share/vesc_ackermann/launch/vesc_to_odom_node.launch.xml
[0.830s] -- Up-to-date: /home/meric/f1tenth_ws/install/vesc_ackermann/share/vesc_ackermann/launch/ackermann_to_vesc_node.launch.xml
[0.831s] -- Up-to-date: /home/meric/f1tenth_ws/install/vesc_ackermann/share/ament_index/resource_index/package_run_dependencies/vesc_ackermann
[0.831s] -- Up-to-date: /home/meric/f1tenth_ws/install/vesc_ackermann/share/ament_index/resource_index/parent_prefix_path/vesc_ackermann
[0.831s] -- Up-to-date: /home/meric/f1tenth_ws/install/vesc_ackermann/share/vesc_ackermann/environment/ament_prefix_path.sh
[0.831s] -- Up-to-date: /home/meric/f1tenth_ws/install/vesc_ackermann/share/vesc_ackermann/environment/ament_prefix_path.dsv
[0.831s] -- Up-to-date: /home/meric/f1tenth_ws/install/vesc_ackermann/share/vesc_ackermann/environment/path.sh
[0.831s] -- Up-to-date: /home/meric/f1tenth_ws/install/vesc_ackermann/share/vesc_ackermann/environment/path.dsv
[0.831s] -- Up-to-date: /home/meric/f1tenth_ws/install/vesc_ackermann/share/vesc_ackermann/local_setup.bash
[0.832s] -- Up-to-date: /home/meric/f1tenth_ws/install/vesc_ackermann/share/vesc_ackermann/local_setup.sh
[0.833s] -- Up-to-date: /home/meric/f1tenth_ws/install/vesc_ackermann/share/vesc_ackermann/local_setup.zsh
[0.833s] -- Up-to-date: /home/meric/f1tenth_ws/install/vesc_ackermann/share/vesc_ackermann/local_setup.dsv
[0.833s] -- Installing: /home/meric/f1tenth_ws/install/vesc_ackermann/share/vesc_ackermann/package.dsv
[0.834s] -- Up-to-date: /home/meric/f1tenth_ws/install/vesc_ackermann/share/ament_index/resource_index/packages/vesc_ackermann
[0.834s] -- Up-to-date: /home/meric/f1tenth_ws/install/vesc_ackermann/share/ament_index/resource_index/rclcpp_components/vesc_ackermann
[0.839s] -- Up-to-date: /home/meric/f1tenth_ws/install/vesc_ackermann/share/vesc_ackermann/cmake/ament_cmake_export_dependencies-extras.cmake
[0.840s] -- Up-to-date: /home/meric/f1tenth_ws/install/vesc_ackermann/share/vesc_ackermann/cmake/ament_cmake_export_include_directories-extras.cmake
[0.840s] -- Up-to-date: /home/meric/f1tenth_ws/install/vesc_ackermann/share/vesc_ackermann/cmake/ament_cmake_export_libraries-extras.cmake
[0.841s] -- Up-to-date: /home/meric/f1tenth_ws/install/vesc_ackermann/share/vesc_ackermann/cmake/vesc_ackermannConfig.cmake
[0.841s] -- Up-to-date: /home/meric/f1tenth_ws/install/vesc_ackermann/share/vesc_ackermann/cmake/vesc_ackermannConfig-version.cmake
[0.841s] -- Up-to-date: /home/meric/f1tenth_ws/install/vesc_ackermann/share/vesc_ackermann/package.xml
[0.900s] Invoked command in '/home/meric/f1tenth_ws/build/vesc_ackermann' returned '0': AMENT_PREFIX_PATH=/home/meric/f1tenth_ws/install/vesc_msgs:${AMENT_PREFIX_PATH} CMAKE_PREFIX_PATH=/home/meric/f1tenth_ws/install/vesc_msgs:/opt/ros/foxy LD_LIBRARY_PATH=/home/meric/f1tenth_ws/install/vesc_msgs/lib:${LD_LIBRARY_PATH} PYTHONPATH=/home/meric/f1tenth_ws/install/vesc_msgs/lib/python3.8/site-packages:${PYTHONPATH} /usr/bin/cmake --install /home/meric/f1tenth_ws/build/vesc_ackermann
