[2.188s] Invoking command in '/home/meric/f1tenth_ws/src/stanley2_avoidance': CONDA_PROMPT_MODIFIER=(base) PYTHONPATH=/home/meric/f1tenth_ws/build/stanley2_avoidance/prefix_override:/usr/lib/python3/dist-packages/colcon_core/task/python/colcon_distutils_commands:/home/meric/f1tenth_ws/install/stanley2_avoidance/lib/python3.8/site-packages:${PYTHONPATH} /usr/bin/python3 -W ignore:setup.py install is deprecated -W ignore:easy_install command is deprecated setup.py egg_info --egg-base ../../build/stanley2_avoidance build --build-base /home/meric/f1tenth_ws/build/stanley2_avoidance/build install --record /home/meric/f1tenth_ws/build/stanley2_avoidance/install.log --install-scripts $base/lib/stanley2_avoidance --single-version-externally-managed install_data
[2.716s] running egg_info
[2.717s] writing ../../build/stanley2_avoidance/stanley2_avoidance.egg-info/PKG-INFO
[2.717s] writing dependency_links to ../../build/stanley2_avoidance/stanley2_avoidance.egg-info/dependency_links.txt
[2.718s] writing entry points to ../../build/stanley2_avoidance/stanley2_avoidance.egg-info/entry_points.txt
[2.718s] writing requirements to ../../build/stanley2_avoidance/stanley2_avoidance.egg-info/requires.txt
[2.718s] writing top-level names to ../../build/stanley2_avoidance/stanley2_avoidance.egg-info/top_level.txt
[2.786s] reading manifest file '../../build/stanley2_avoidance/stanley2_avoidance.egg-info/SOURCES.txt'
[2.787s] writing manifest file '../../build/stanley2_avoidance/stanley2_avoidance.egg-info/SOURCES.txt'
[2.788s] running build
[2.788s] running build_py
[2.788s] copying stanley2_avoidance/stanley2_avoidance.py -> /home/meric/f1tenth_ws/build/stanley2_avoidance/build/lib/stanley2_avoidance
[2.789s] running install
[2.791s] running install_lib
[2.793s] copying /home/meric/f1tenth_ws/build/stanley2_avoidance/build/lib/stanley2_avoidance/stanley2_avoidance.py -> /home/meric/f1tenth_ws/install/stanley2_avoidance/lib/python3.8/site-packages/stanley2_avoidance
[2.795s] byte-compiling /home/meric/f1tenth_ws/install/stanley2_avoidance/lib/python3.8/site-packages/stanley2_avoidance/stanley2_avoidance.py to stanley2_avoidance.cpython-38.pyc
[2.809s] running install_data
[2.809s] copying config/config.yaml -> /home/meric/f1tenth_ws/install/stanley2_avoidance/share/stanley2_avoidance/config
[2.810s] running install_egg_info
[2.815s] removing '/home/meric/f1tenth_ws/install/stanley2_avoidance/lib/python3.8/site-packages/stanley2_avoidance-0.0.0-py3.8.egg-info' (and everything under it)
[2.815s] Copying ../../build/stanley2_avoidance/stanley2_avoidance.egg-info to /home/meric/f1tenth_ws/install/stanley2_avoidance/lib/python3.8/site-packages/stanley2_avoidance-0.0.0-py3.8.egg-info
[2.817s] running install_scripts
[2.857s] Installing stanley2_avoidance script to /home/meric/f1tenth_ws/install/stanley2_avoidance/lib/stanley2_avoidance
[2.857s] writing list of installed files to '/home/meric/f1tenth_ws/build/stanley2_avoidance/install.log'
[2.929s] Invoked command in '/home/meric/f1tenth_ws/src/stanley2_avoidance' returned '0': CONDA_PROMPT_MODIFIER=(base) PYTHONPATH=/home/meric/f1tenth_ws/build/stanley2_avoidance/prefix_override:/usr/lib/python3/dist-packages/colcon_core/task/python/colcon_distutils_commands:/home/meric/f1tenth_ws/install/stanley2_avoidance/lib/python3.8/site-packages:${PYTHONPATH} /usr/bin/python3 -W ignore:setup.py install is deprecated -W ignore:easy_install command is deprecated setup.py egg_info --egg-base ../../build/stanley2_avoidance build --build-base /home/meric/f1tenth_ws/build/stanley2_avoidance/build install --record /home/meric/f1tenth_ws/build/stanley2_avoidance/install.log --install-scripts $base/lib/stanley2_avoidance --single-version-externally-managed install_data
