[0.097s] Invoking command in '/home/meric/f1tenth_ws/build/teleop_tools_msgs': CMAKE_PREFIX_PATH=/opt/ros/foxy /usr/bin/cmake --build /home/meric/f1tenth_ws/build/teleop_tools_msgs -- -j6 -l6
[1.646s] [  9%] Built target teleop_tools_msgs__rosidl_generator_c
[1.646s] [ 12%] Built target teleop_tools_msgs__cpp
[1.646s] [ 32%] Built target teleop_tools_msgs__rosidl_typesupport_cpp
[1.646s] [ 32%] Built target teleop_tools_msgs__rosidl_typesupport_c
[1.646s] [ 41%] Built target teleop_tools_msgs__rosidl_typesupport_introspection_c
[1.646s] [ 51%] Built target teleop_tools_msgs__rosidl_typesupport_fastrtps_cpp
[1.646s] [ 61%] Built target teleop_tools_msgs__rosidl_typesupport_introspection_cpp
[1.647s] [ 70%] Built target teleop_tools_msgs__rosidl_typesupport_fastrtps_c
[1.647s] [ 70%] Built target teleop_tools_msgs
[1.647s] [ 74%] Built target teleop_tools_msgs__py
[1.647s] [ 80%] Built target teleop_tools_msgs__python
[1.647s] [ 87%] Built target teleop_tools_msgs__rosidl_typesupport_introspection_c__pyext
[1.647s] [ 93%] Built target teleop_tools_msgs__rosidl_typesupport_c__pyext
[1.648s] [100%] Built target teleop_tools_msgs__rosidl_typesupport_fastrtps_c__pyext
[1.673s] Invoked command in '/home/meric/f1tenth_ws/build/teleop_tools_msgs' returned '0': CMAKE_PREFIX_PATH=/opt/ros/foxy /usr/bin/cmake --build /home/meric/f1tenth_ws/build/teleop_tools_msgs -- -j6 -l6
[1.677s] Invoking command in '/home/meric/f1tenth_ws/build/teleop_tools_msgs': CMAKE_PREFIX_PATH=/opt/ros/foxy /usr/bin/cmake --install /home/meric/f1tenth_ws/build/teleop_tools_msgs
[1.718s] -- Install configuration: ""
[1.718s] -- Up-to-date: /home/meric/f1tenth_ws/install/teleop_tools_msgs/share/ament_index/resource_index/rosidl_interfaces/teleop_tools_msgs
[1.719s] -- Up-to-date: /home/meric/f1tenth_ws/install/teleop_tools_msgs/include/teleop_tools_msgs
[1.719s] -- Up-to-date: /home/meric/f1tenth_ws/install/teleop_tools_msgs/include/teleop_tools_msgs/msg
[1.727s] -- Up-to-date: /home/meric/f1tenth_ws/install/teleop_tools_msgs/include/teleop_tools_msgs/msg/rosidl_generator_c__visibility_control.h
[1.728s] -- Up-to-date: /home/meric/f1tenth_ws/install/teleop_tools_msgs/include/teleop_tools_msgs/action
[1.728s] -- Up-to-date: /home/meric/f1tenth_ws/install/teleop_tools_msgs/include/teleop_tools_msgs/action/detail
[1.728s] -- Up-to-date: /home/meric/f1tenth_ws/install/teleop_tools_msgs/include/teleop_tools_msgs/action/detail/increment__functions.h
[1.728s] -- Up-to-date: /home/meric/f1tenth_ws/install/teleop_tools_msgs/include/teleop_tools_msgs/action/detail/increment__struct.h
[1.728s] -- Up-to-date: /home/meric/f1tenth_ws/install/teleop_tools_msgs/include/teleop_tools_msgs/action/detail/increment__type_support.h
[1.728s] -- Up-to-date: /home/meric/f1tenth_ws/install/teleop_tools_msgs/include/teleop_tools_msgs/action/detail/increment__functions.c
[1.728s] -- Up-to-date: /home/meric/f1tenth_ws/install/teleop_tools_msgs/include/teleop_tools_msgs/action/increment.h
[1.728s] -- Up-to-date: /home/meric/f1tenth_ws/install/teleop_tools_msgs/share/teleop_tools_msgs/environment/library_path.sh
[1.729s] -- Up-to-date: /home/meric/f1tenth_ws/install/teleop_tools_msgs/share/teleop_tools_msgs/environment/library_path.dsv
[1.729s] -- Up-to-date: /home/meric/f1tenth_ws/install/teleop_tools_msgs/lib/libteleop_tools_msgs__rosidl_generator_c.so
[1.729s] -- Up-to-date: /home/meric/f1tenth_ws/install/teleop_tools_msgs/include/teleop_tools_msgs
[1.729s] -- Up-to-date: /home/meric/f1tenth_ws/install/teleop_tools_msgs/include/teleop_tools_msgs/msg
[1.729s] -- Up-to-date: /home/meric/f1tenth_ws/install/teleop_tools_msgs/include/teleop_tools_msgs/msg/rosidl_typesupport_fastrtps_c__visibility_control.h
[1.729s] -- Up-to-date: /home/meric/f1tenth_ws/install/teleop_tools_msgs/include/teleop_tools_msgs/action
[1.729s] -- Up-to-date: /home/meric/f1tenth_ws/install/teleop_tools_msgs/include/teleop_tools_msgs/action/detail
[1.729s] -- Up-to-date: /home/meric/f1tenth_ws/install/teleop_tools_msgs/include/teleop_tools_msgs/action/detail/increment__rosidl_typesupport_fastrtps_c.h
[1.730s] -- Up-to-date: /home/meric/f1tenth_ws/install/teleop_tools_msgs/lib/libteleop_tools_msgs__rosidl_typesupport_fastrtps_c.so
[1.730s] -- Up-to-date: /home/meric/f1tenth_ws/install/teleop_tools_msgs/include/teleop_tools_msgs
[1.730s] -- Up-to-date: /home/meric/f1tenth_ws/install/teleop_tools_msgs/include/teleop_tools_msgs/msg
[1.730s] -- Up-to-date: /home/meric/f1tenth_ws/install/teleop_tools_msgs/include/teleop_tools_msgs/msg/rosidl_typesupport_fastrtps_cpp__visibility_control.h
[1.731s] -- Up-to-date: /home/meric/f1tenth_ws/install/teleop_tools_msgs/include/teleop_tools_msgs/action
[1.731s] -- Up-to-date: /home/meric/f1tenth_ws/install/teleop_tools_msgs/include/teleop_tools_msgs/action/detail
[1.731s] -- Up-to-date: /home/meric/f1tenth_ws/install/teleop_tools_msgs/include/teleop_tools_msgs/action/detail/increment__rosidl_typesupport_fastrtps_cpp.hpp
[1.731s] -- Up-to-date: /home/meric/f1tenth_ws/install/teleop_tools_msgs/include/teleop_tools_msgs/action/detail/dds_fastrtps
[1.731s] -- Up-to-date: /home/meric/f1tenth_ws/install/teleop_tools_msgs/lib/libteleop_tools_msgs__rosidl_typesupport_fastrtps_cpp.so
[1.731s] -- Up-to-date: /home/meric/f1tenth_ws/install/teleop_tools_msgs/include/teleop_tools_msgs
[1.732s] -- Up-to-date: /home/meric/f1tenth_ws/install/teleop_tools_msgs/include/teleop_tools_msgs/msg
[1.732s] -- Up-to-date: /home/meric/f1tenth_ws/install/teleop_tools_msgs/include/teleop_tools_msgs/msg/rosidl_typesupport_introspection_c__visibility_control.h
[1.732s] -- Up-to-date: /home/meric/f1tenth_ws/install/teleop_tools_msgs/include/teleop_tools_msgs/action
[1.732s] -- Up-to-date: /home/meric/f1tenth_ws/install/teleop_tools_msgs/include/teleop_tools_msgs/action/detail
[1.732s] -- Up-to-date: /home/meric/f1tenth_ws/install/teleop_tools_msgs/include/teleop_tools_msgs/action/detail/increment__rosidl_typesupport_introspection_c.h
[1.732s] -- Up-to-date: /home/meric/f1tenth_ws/install/teleop_tools_msgs/include/teleop_tools_msgs/action/detail/increment__type_support.c
[1.732s] -- Up-to-date: /home/meric/f1tenth_ws/install/teleop_tools_msgs/lib/libteleop_tools_msgs__rosidl_typesupport_introspection_c.so
[1.732s] -- Up-to-date: /home/meric/f1tenth_ws/install/teleop_tools_msgs/lib/libteleop_tools_msgs__rosidl_typesupport_c.so
[1.733s] -- Up-to-date: /home/meric/f1tenth_ws/install/teleop_tools_msgs/include/teleop_tools_msgs
[1.733s] -- Up-to-date: /home/meric/f1tenth_ws/install/teleop_tools_msgs/include/teleop_tools_msgs/msg
[1.733s] -- Up-to-date: /home/meric/f1tenth_ws/install/teleop_tools_msgs/include/teleop_tools_msgs/msg/rosidl_generator_cpp__visibility_control.hpp
[1.733s] -- Up-to-date: /home/meric/f1tenth_ws/install/teleop_tools_msgs/include/teleop_tools_msgs/action
[1.733s] -- Up-to-date: /home/meric/f1tenth_ws/install/teleop_tools_msgs/include/teleop_tools_msgs/action/increment.hpp
[1.733s] -- Up-to-date: /home/meric/f1tenth_ws/install/teleop_tools_msgs/include/teleop_tools_msgs/action/detail
[1.733s] -- Up-to-date: /home/meric/f1tenth_ws/install/teleop_tools_msgs/include/teleop_tools_msgs/action/detail/increment__struct.hpp
[1.733s] -- Up-to-date: /home/meric/f1tenth_ws/install/teleop_tools_msgs/include/teleop_tools_msgs/action/detail/increment__traits.hpp
[1.734s] -- Up-to-date: /home/meric/f1tenth_ws/install/teleop_tools_msgs/include/teleop_tools_msgs/action/detail/increment__type_support.hpp
[1.734s] -- Up-to-date: /home/meric/f1tenth_ws/install/teleop_tools_msgs/include/teleop_tools_msgs/action/detail/increment__builder.hpp
[1.734s] -- Up-to-date: /home/meric/f1tenth_ws/install/teleop_tools_msgs/include/teleop_tools_msgs
[1.734s] -- Up-to-date: /home/meric/f1tenth_ws/install/teleop_tools_msgs/include/teleop_tools_msgs/action
[1.734s] -- Up-to-date: /home/meric/f1tenth_ws/install/teleop_tools_msgs/include/teleop_tools_msgs/action/detail
[1.735s] -- Up-to-date: /home/meric/f1tenth_ws/install/teleop_tools_msgs/include/teleop_tools_msgs/action/detail/increment__rosidl_typesupport_introspection_cpp.hpp
[1.735s] -- Up-to-date: /home/meric/f1tenth_ws/install/teleop_tools_msgs/include/teleop_tools_msgs/action/detail/increment__type_support.cpp
[1.735s] -- Up-to-date: /home/meric/f1tenth_ws/install/teleop_tools_msgs/lib/libteleop_tools_msgs__rosidl_typesupport_introspection_cpp.so
[1.739s] -- Up-to-date: /home/meric/f1tenth_ws/install/teleop_tools_msgs/lib/libteleop_tools_msgs__rosidl_typesupport_cpp.so
[1.739s] -- Up-to-date: /home/meric/f1tenth_ws/install/teleop_tools_msgs/share/teleop_tools_msgs/environment/pythonpath.sh
[1.739s] -- Up-to-date: /home/meric/f1tenth_ws/install/teleop_tools_msgs/share/teleop_tools_msgs/environment/pythonpath.dsv
[1.739s] -- Up-to-date: /home/meric/f1tenth_ws/install/teleop_tools_msgs/lib/python3.8/site-packages/teleop_tools_msgs/__init__.py
[1.793s] -- Up-to-date: /home/meric/f1tenth_ws/install/teleop_tools_msgs/lib/python3.8/site-packages/teleop_tools_msgs/action
[1.793s] -- Up-to-date: /home/meric/f1tenth_ws/install/teleop_tools_msgs/lib/python3.8/site-packages/teleop_tools_msgs/action/_increment.py
[1.793s] -- Up-to-date: /home/meric/f1tenth_ws/install/teleop_tools_msgs/lib/python3.8/site-packages/teleop_tools_msgs/action/__init__.py
[1.793s] -- Up-to-date: /home/meric/f1tenth_ws/install/teleop_tools_msgs/lib/python3.8/site-packages/teleop_tools_msgs/action/_increment_s.c
[1.793s] -- Up-to-date: /home/meric/f1tenth_ws/install/teleop_tools_msgs/lib/python3.8/site-packages/teleop_tools_msgs/teleop_tools_msgs_s__rosidl_typesupport_fastrtps_c.cpython-38-aarch64-linux-gnu.so
[1.793s] -- Up-to-date: /home/meric/f1tenth_ws/install/teleop_tools_msgs/lib/python3.8/site-packages/teleop_tools_msgs/teleop_tools_msgs_s__rosidl_typesupport_introspection_c.cpython-38-aarch64-linux-gnu.so
[1.810s] -- Up-to-date: /home/meric/f1tenth_ws/install/teleop_tools_msgs/lib/python3.8/site-packages/teleop_tools_msgs/teleop_tools_msgs_s__rosidl_typesupport_c.cpython-38-aarch64-linux-gnu.so
[1.811s] -- Up-to-date: /home/meric/f1tenth_ws/install/teleop_tools_msgs/lib/libteleop_tools_msgs__python.so
[1.812s] -- Up-to-date: /home/meric/f1tenth_ws/install/teleop_tools_msgs/share/teleop_tools_msgs/action/Increment.idl
[1.813s] -- Up-to-date: /home/meric/f1tenth_ws/install/teleop_tools_msgs/share/teleop_tools_msgs/action/Increment.action
[1.813s] -- Up-to-date: /home/meric/f1tenth_ws/install/teleop_tools_msgs/share/ament_index/resource_index/package_run_dependencies/teleop_tools_msgs
[1.813s] -- Up-to-date: /home/meric/f1tenth_ws/install/teleop_tools_msgs/share/ament_index/resource_index/parent_prefix_path/teleop_tools_msgs
[1.813s] -- Up-to-date: /home/meric/f1tenth_ws/install/teleop_tools_msgs/share/teleop_tools_msgs/environment/ament_prefix_path.sh
[1.813s] -- Up-to-date: /home/meric/f1tenth_ws/install/teleop_tools_msgs/share/teleop_tools_msgs/environment/ament_prefix_path.dsv
[1.814s] -- Up-to-date: /home/meric/f1tenth_ws/install/teleop_tools_msgs/share/teleop_tools_msgs/environment/path.sh
[1.814s] -- Up-to-date: /home/meric/f1tenth_ws/install/teleop_tools_msgs/share/teleop_tools_msgs/environment/path.dsv
[1.816s] -- Up-to-date: /home/meric/f1tenth_ws/install/teleop_tools_msgs/share/teleop_tools_msgs/local_setup.bash
[1.816s] -- Up-to-date: /home/meric/f1tenth_ws/install/teleop_tools_msgs/share/teleop_tools_msgs/local_setup.sh
[1.816s] -- Up-to-date: /home/meric/f1tenth_ws/install/teleop_tools_msgs/share/teleop_tools_msgs/local_setup.zsh
[1.816s] -- Up-to-date: /home/meric/f1tenth_ws/install/teleop_tools_msgs/share/teleop_tools_msgs/local_setup.dsv
[1.816s] -- Installing: /home/meric/f1tenth_ws/install/teleop_tools_msgs/share/teleop_tools_msgs/package.dsv
[1.817s] -- Up-to-date: /home/meric/f1tenth_ws/install/teleop_tools_msgs/share/ament_index/resource_index/packages/teleop_tools_msgs
[1.817s] -- Up-to-date: /home/meric/f1tenth_ws/install/teleop_tools_msgs/share/teleop_tools_msgs/cmake/teleop_tools_msgs__rosidl_generator_cExport.cmake
[1.817s] -- Up-to-date: /home/meric/f1tenth_ws/install/teleop_tools_msgs/share/teleop_tools_msgs/cmake/teleop_tools_msgs__rosidl_generator_cExport-noconfig.cmake
[1.817s] -- Up-to-date: /home/meric/f1tenth_ws/install/teleop_tools_msgs/share/teleop_tools_msgs/cmake/teleop_tools_msgs__rosidl_typesupport_introspection_cExport.cmake
[1.818s] -- Up-to-date: /home/meric/f1tenth_ws/install/teleop_tools_msgs/share/teleop_tools_msgs/cmake/teleop_tools_msgs__rosidl_typesupport_introspection_cExport-noconfig.cmake
[1.822s] -- Up-to-date: /home/meric/f1tenth_ws/install/teleop_tools_msgs/share/teleop_tools_msgs/cmake/teleop_tools_msgs__rosidl_typesupport_cExport.cmake
[1.822s] -- Up-to-date: /home/meric/f1tenth_ws/install/teleop_tools_msgs/share/teleop_tools_msgs/cmake/teleop_tools_msgs__rosidl_typesupport_cExport-noconfig.cmake
[1.823s] -- Up-to-date: /home/meric/f1tenth_ws/install/teleop_tools_msgs/share/teleop_tools_msgs/cmake/teleop_tools_msgs__rosidl_generator_cppExport.cmake
[1.824s] -- Up-to-date: /home/meric/f1tenth_ws/install/teleop_tools_msgs/share/teleop_tools_msgs/cmake/teleop_tools_msgs__rosidl_typesupport_introspection_cppExport.cmake
[1.824s] -- Up-to-date: /home/meric/f1tenth_ws/install/teleop_tools_msgs/share/teleop_tools_msgs/cmake/teleop_tools_msgs__rosidl_typesupport_introspection_cppExport-noconfig.cmake
[1.825s] -- Up-to-date: /home/meric/f1tenth_ws/install/teleop_tools_msgs/share/teleop_tools_msgs/cmake/teleop_tools_msgs__rosidl_typesupport_cppExport.cmake
[1.825s] -- Up-to-date: /home/meric/f1tenth_ws/install/teleop_tools_msgs/share/teleop_tools_msgs/cmake/teleop_tools_msgs__rosidl_typesupport_cppExport-noconfig.cmake
[1.827s] -- Up-to-date: /home/meric/f1tenth_ws/install/teleop_tools_msgs/share/teleop_tools_msgs/cmake/rosidl_cmake-extras.cmake
[1.827s] -- Up-to-date: /home/meric/f1tenth_ws/install/teleop_tools_msgs/share/teleop_tools_msgs/cmake/ament_cmake_export_dependencies-extras.cmake
[1.828s] -- Up-to-date: /home/meric/f1tenth_ws/install/teleop_tools_msgs/share/teleop_tools_msgs/cmake/ament_cmake_export_libraries-extras.cmake
[1.828s] -- Up-to-date: /home/meric/f1tenth_ws/install/teleop_tools_msgs/share/teleop_tools_msgs/cmake/ament_cmake_export_targets-extras.cmake
[1.828s] -- Up-to-date: /home/meric/f1tenth_ws/install/teleop_tools_msgs/share/teleop_tools_msgs/cmake/ament_cmake_export_include_directories-extras.cmake
[1.829s] -- Up-to-date: /home/meric/f1tenth_ws/install/teleop_tools_msgs/share/teleop_tools_msgs/cmake/rosidl_cmake_export_typesupport_libraries-extras.cmake
[1.829s] -- Up-to-date: /home/meric/f1tenth_ws/install/teleop_tools_msgs/share/teleop_tools_msgs/cmake/rosidl_cmake_export_typesupport_targets-extras.cmake
[1.829s] -- Up-to-date: /home/meric/f1tenth_ws/install/teleop_tools_msgs/share/teleop_tools_msgs/cmake/teleop_tools_msgsConfig.cmake
[1.836s] -- Up-to-date: /home/meric/f1tenth_ws/install/teleop_tools_msgs/share/teleop_tools_msgs/cmake/teleop_tools_msgsConfig-version.cmake
[1.836s] -- Up-to-date: /home/meric/f1tenth_ws/install/teleop_tools_msgs/share/teleop_tools_msgs/package.xml
[1.916s] Invoked command in '/home/meric/f1tenth_ws/build/teleop_tools_msgs' returned '0': CMAKE_PREFIX_PATH=/opt/ros/foxy /usr/bin/cmake --install /home/meric/f1tenth_ws/build/teleop_tools_msgs
