/home/meric/f1tenth_ws/install/f1tenth_stack/lib/python3.8/site-packages/f1tenth_stack/__init__.py
/home/meric/f1tenth_ws/install/f1tenth_stack/lib/python3.8/site-packages/f1tenth_stack/imu_tf_broadcaster.py
/home/meric/f1tenth_ws/install/f1tenth_stack/lib/python3.8/site-packages/f1tenth_stack/tf_publisher.py
/home/meric/f1tenth_ws/install/f1tenth_stack/lib/python3.8/site-packages/f1tenth_stack/throttle_interpolator.py
/home/meric/f1tenth_ws/install/f1tenth_stack/lib/python3.8/site-packages/f1tenth_stack/__pycache__/__init__.cpython-38.pyc
/home/meric/f1tenth_ws/install/f1tenth_stack/lib/python3.8/site-packages/f1tenth_stack/__pycache__/imu_tf_broadcaster.cpython-38.pyc
/home/meric/f1tenth_ws/install/f1tenth_stack/lib/python3.8/site-packages/f1tenth_stack/__pycache__/tf_publisher.cpython-38.pyc
/home/meric/f1tenth_ws/install/f1tenth_stack/lib/python3.8/site-packages/f1tenth_stack/__pycache__/throttle_interpolator.cpython-38.pyc
/home/meric/f1tenth_ws/install/f1tenth_stack/share/ament_index/resource_index/packages/f1tenth_stack
/home/meric/f1tenth_ws/install/f1tenth_stack/share/f1tenth_stack/package.xml
/home/meric/f1tenth_ws/install/f1tenth_stack/share/f1tenth_stack/launch/bringup_launch.py
/home/meric/f1tenth_ws/install/f1tenth_stack/share/f1tenth_stack/config/vesc.yaml
/home/meric/f1tenth_ws/install/f1tenth_stack/share/f1tenth_stack/config/sensors.yaml
/home/meric/f1tenth_ws/install/f1tenth_stack/share/f1tenth_stack/config/mux.yaml
/home/meric/f1tenth_ws/install/f1tenth_stack/share/f1tenth_stack/config/joy_teleop.yaml
/home/meric/f1tenth_ws/install/f1tenth_stack/share/f1tenth_stack/config/f1tenth_online_async.yaml
/home/meric/f1tenth_ws/install/f1tenth_stack/lib/python3.8/site-packages/f1tenth_stack-0.0.1-py3.8.egg-info/top_level.txt
/home/meric/f1tenth_ws/install/f1tenth_stack/lib/python3.8/site-packages/f1tenth_stack-0.0.1-py3.8.egg-info/zip-safe
/home/meric/f1tenth_ws/install/f1tenth_stack/lib/python3.8/site-packages/f1tenth_stack-0.0.1-py3.8.egg-info/PKG-INFO
/home/meric/f1tenth_ws/install/f1tenth_stack/lib/python3.8/site-packages/f1tenth_stack-0.0.1-py3.8.egg-info/requires.txt
/home/meric/f1tenth_ws/install/f1tenth_stack/lib/python3.8/site-packages/f1tenth_stack-0.0.1-py3.8.egg-info/dependency_links.txt
/home/meric/f1tenth_ws/install/f1tenth_stack/lib/python3.8/site-packages/f1tenth_stack-0.0.1-py3.8.egg-info/entry_points.txt
/home/meric/f1tenth_ws/install/f1tenth_stack/lib/python3.8/site-packages/f1tenth_stack-0.0.1-py3.8.egg-info/SOURCES.txt
/home/meric/f1tenth_ws/install/f1tenth_stack/lib/f1tenth_stack/imu_recorder
/home/meric/f1tenth_ws/install/f1tenth_stack/lib/f1tenth_stack/imu_tf_broadcaster
/home/meric/f1tenth_ws/install/f1tenth_stack/lib/f1tenth_stack/tf_publisher
/home/meric/f1tenth_ws/install/f1tenth_stack/lib/f1tenth_stack/throttle_interpolator
