[0.140s] Invoking command in '/home/meric/f1tenth_ws/build/safety_node': CMAKE_PREFIX_PATH=${CMAKE_PREFIX_PATH}:/home/meric/install/f1tenth_stack:/home/meric/install/joy_teleop:/home/meric/install/mouse_teleop:/home/meric/install/key_teleop:/opt/ros/foxy /usr/bin/cmake /home/meric/f1tenth_ws/src/safety_node -DCMAKE_INSTALL_PREFIX=/home/meric/f1tenth_ws/install/safety_node
[0.659s] -- The C compiler identification is GNU 9.4.0
[0.660s] -- The CXX compiler identification is GNU 9.4.0
[0.663s] -- Check for working C compiler: /usr/bin/cc
[0.664s] -- Check for working C compiler: /usr/bin/cc -- works
[0.664s] -- Detecting C compiler ABI info
[0.682s] -- Detecting C compiler ABI info - done
[0.701s] -- Detecting C compile features
[0.701s] -- Detecting C compile features - done
[0.707s] -- Check for working CXX compiler: /usr/bin/c++
[0.858s] -- Check for working CXX compiler: /usr/bin/c++ -- works
[0.859s] -- Detecting CXX compiler ABI info
[1.006s] -- Detecting CXX compiler ABI info - done
[1.025s] -- Detecting CXX compile features
[1.026s] -- Detecting CXX compile features - done
[1.033s] -- Found ament_cmake: 0.9.12 (/opt/ros/foxy/share/ament_cmake/cmake)
[1.092s] -- Found PythonInterp: /usr/bin/python3 (found suitable version "3.8.10", minimum required is "3") 
[1.092s] -- Using PYTHON_EXECUTABLE: /usr/bin/python3
[1.578s] -- Found rclcpp: 2.4.3 (/opt/ros/foxy/share/rclcpp/cmake)
[1.703s] -- Using all available rosidl_typesupport_c: rosidl_typesupport_fastrtps_c;rosidl_typesupport_introspection_c
[1.725s] -- Found rosidl_adapter: 1.3.1 (/opt/ros/foxy/share/rosidl_adapter/cmake)
[2.061s] -- Found OpenSSL: /usr/lib/aarch64-linux-gnu/libcrypto.so (found version "1.1.1f")  
[2.163s] -- Found FastRTPS: /opt/ros/foxy/include  
[2.447s] -- Using all available rosidl_typesupport_cpp: rosidl_typesupport_fastrtps_cpp;rosidl_typesupport_introspection_cpp
[2.642s] -- Found rmw_implementation_cmake: 1.0.4 (/opt/ros/foxy/share/rmw_implementation_cmake/cmake)
[2.649s] -- Using RMW implementation 'rmw_fastrtps_cpp' as default
[2.653s] -- Looking for pthread.h
[2.906s] -- Looking for pthread.h - found
[2.906s] -- Performing Test CMAKE_HAVE_LIBC_PTHREAD
[3.146s] -- Performing Test CMAKE_HAVE_LIBC_PTHREAD - Failed
[3.147s] -- Looking for pthread_create in pthreads
[3.436s] -- Looking for pthread_create in pthreads - not found
[3.436s] -- Looking for pthread_create in pthread
[3.640s] -- Looking for pthread_create in pthread - found
[3.642s] -- Found Threads: TRUE  
[3.965s] -- Found rclpy: 1.0.13 (/opt/ros/foxy/share/rclpy/cmake)
[3.970s] -- Found nav_msgs: 2.0.5 (/opt/ros/foxy/share/nav_msgs/cmake)
[4.196s] -- Found ackermann_msgs: 2.0.2 (/opt/ros/foxy/share/ackermann_msgs/cmake)
[4.266s] -- Found sensor_msgs: 2.0.5 (/opt/ros/foxy/share/sensor_msgs/cmake)
[4.474s] -- Found ament_lint_auto: 0.9.8 (/opt/ros/foxy/share/ament_lint_auto/cmake)
[4.675s] -- Added test 'copyright' to check source files copyright and LICENSE
[4.678s] -- Added test 'cppcheck' to perform static code analysis on C / C++ code
[4.678s] -- Configured cppcheck include dirs: /home/meric/f1tenth_ws/src/safety_node/include
[4.678s] -- Configured cppcheck exclude dirs and/or files: 
[4.680s] -- Added test 'cpplint' to check C / C++ code against the Google style
[4.680s] -- Configured cpplint exclude dirs and/or files: 
[4.682s] -- Added test 'flake8' to check Python code syntax and style conventions
[4.684s] -- Added test 'lint_cmake' to check CMake code style
[4.685s] -- Added test 'pep257' to check Python code against some of the style conventions in PEP 257
[4.688s] -- Added test 'uncrustify' to check C / C++ code style
[4.688s] -- Configured uncrustify additional arguments: 
[4.689s] -- Added test 'xmllint' to check XML markup files
[4.698s] -- Configuring done
[4.718s] -- Generating done
[4.729s] -- Build files have been written to: /home/meric/f1tenth_ws/build/safety_node
[4.757s] Invoked command in '/home/meric/f1tenth_ws/build/safety_node' returned '0': CMAKE_PREFIX_PATH=${CMAKE_PREFIX_PATH}:/home/meric/install/f1tenth_stack:/home/meric/install/joy_teleop:/home/meric/install/mouse_teleop:/home/meric/install/key_teleop:/opt/ros/foxy /usr/bin/cmake /home/meric/f1tenth_ws/src/safety_node -DCMAKE_INSTALL_PREFIX=/home/meric/f1tenth_ws/install/safety_node
[4.764s] Invoking command in '/home/meric/f1tenth_ws/build/safety_node': CMAKE_PREFIX_PATH=${CMAKE_PREFIX_PATH}:/home/meric/install/f1tenth_stack:/home/meric/install/joy_teleop:/home/meric/install/mouse_teleop:/home/meric/install/key_teleop:/opt/ros/foxy /usr/bin/cmake --build /home/meric/f1tenth_ws/build/safety_node -- -j6 -l6
[4.858s] [35m[1mScanning dependencies of target safety_node[0m
[4.935s] [ 50%] [32mBuilding CXX object CMakeFiles/safety_node.dir/src/safety_node.cpp.o[0m
[19.126s] [100%] [32m[1mLinking CXX executable safety_node[0m
[19.725s] [100%] Built target safety_node
[19.750s] Invoked command in '/home/meric/f1tenth_ws/build/safety_node' returned '0': CMAKE_PREFIX_PATH=${CMAKE_PREFIX_PATH}:/home/meric/install/f1tenth_stack:/home/meric/install/joy_teleop:/home/meric/install/mouse_teleop:/home/meric/install/key_teleop:/opt/ros/foxy /usr/bin/cmake --build /home/meric/f1tenth_ws/build/safety_node -- -j6 -l6
[19.758s] Invoking command in '/home/meric/f1tenth_ws/build/safety_node': CMAKE_PREFIX_PATH=${CMAKE_PREFIX_PATH}:/home/meric/install/f1tenth_stack:/home/meric/install/joy_teleop:/home/meric/install/mouse_teleop:/home/meric/install/key_teleop:/opt/ros/foxy /usr/bin/cmake --install /home/meric/f1tenth_ws/build/safety_node
[19.778s] -- Install configuration: ""
[19.778s] -- Installing: /home/meric/f1tenth_ws/install/safety_node/lib/safety_node/safety_node
[19.784s] -- Set runtime path of "/home/meric/f1tenth_ws/install/safety_node/lib/safety_node/safety_node" to ""
[19.784s] -- Installing: /home/meric/f1tenth_ws/install/safety_node/share/safety_node/environment/pythonpath.sh
[19.785s] -- Installing: /home/meric/f1tenth_ws/install/safety_node/share/safety_node/environment/pythonpath.dsv
[19.785s] -- Installing: /home/meric/f1tenth_ws/install/safety_node/lib/python3.8/site-packages/safety_node
[19.785s] -- Installing: /home/meric/f1tenth_ws/install/safety_node/lib/python3.8/site-packages/safety_node/__init__.py
[19.850s] Listing '/home/meric/f1tenth_ws/install/safety_node/lib/python3.8/site-packages/safety_node'...
[19.850s] Compiling '/home/meric/f1tenth_ws/install/safety_node/lib/python3.8/site-packages/safety_node/__init__.py'...
[19.860s] -- Installing: /home/meric/f1tenth_ws/install/safety_node/lib/safety_node/safety_node.py
[19.860s] -- Installing: /home/meric/f1tenth_ws/install/safety_node/share/ament_index/resource_index/package_run_dependencies/safety_node
[19.861s] -- Installing: /home/meric/f1tenth_ws/install/safety_node/share/ament_index/resource_index/parent_prefix_path/safety_node
[19.861s] -- Installing: /home/meric/f1tenth_ws/install/safety_node/share/safety_node/environment/ament_prefix_path.sh
[19.861s] -- Installing: /home/meric/f1tenth_ws/install/safety_node/share/safety_node/environment/ament_prefix_path.dsv
[19.861s] -- Installing: /home/meric/f1tenth_ws/install/safety_node/share/safety_node/environment/path.sh
[19.862s] -- Installing: /home/meric/f1tenth_ws/install/safety_node/share/safety_node/environment/path.dsv
[19.862s] -- Installing: /home/meric/f1tenth_ws/install/safety_node/share/safety_node/local_setup.bash
[19.862s] -- Installing: /home/meric/f1tenth_ws/install/safety_node/share/safety_node/local_setup.sh
[19.863s] -- Installing: /home/meric/f1tenth_ws/install/safety_node/share/safety_node/local_setup.zsh
[19.863s] -- Installing: /home/meric/f1tenth_ws/install/safety_node/share/safety_node/local_setup.dsv
[19.863s] -- Installing: /home/meric/f1tenth_ws/install/safety_node/share/safety_node/package.dsv
[19.863s] -- Installing: /home/meric/f1tenth_ws/install/safety_node/share/ament_index/resource_index/packages/safety_node
[19.864s] -- Installing: /home/meric/f1tenth_ws/install/safety_node/share/safety_node/cmake/safety_nodeConfig.cmake
[19.864s] -- Installing: /home/meric/f1tenth_ws/install/safety_node/share/safety_node/cmake/safety_nodeConfig-version.cmake
[19.864s] -- Installing: /home/meric/f1tenth_ws/install/safety_node/share/safety_node/package.xml
[19.870s] Invoked command in '/home/meric/f1tenth_ws/build/safety_node' returned '0': CMAKE_PREFIX_PATH=${CMAKE_PREFIX_PATH}:/home/meric/install/f1tenth_stack:/home/meric/install/joy_teleop:/home/meric/install/mouse_teleop:/home/meric/install/key_teleop:/opt/ros/foxy /usr/bin/cmake --install /home/meric/f1tenth_ws/build/safety_node
