[2.227s] Invoking command in '/home/meric/f1tenth_ws/src/f1tenth_system/teleop_tools/joy_teleop': CMAKE_PREFIX_PATH=/home/meric/f1tenth_ws/install/teleop_tools_msgs:/home/meric/f1tenth_ws/install/waypoint_generator:/home/meric/f1tenth_ws/install/vesc:/home/meric/f1tenth_ws/install/vesc_driver:/home/meric/f1tenth_ws/install/vesc_ackermann:/home/meric/f1tenth_ws/install/vesc_msgs:/home/meric/f1tenth_ws/install/teleop_tools:/home/meric/f1tenth_ws/install/range_lib:/home/meric/f1tenth_ws/install/pure_pursuit:/home/meric/f1tenth_ws/install/ackermann_mux LD_LIBRARY_PATH=/home/meric/f1tenth_ws/install/teleop_tools_msgs/lib:/home/meric/f1tenth_ws/install/vesc_driver/lib:/home/meric/f1tenth_ws/install/vesc_ackermann/lib:/home/meric/f1tenth_ws/install/vesc_msgs/lib:/home/meric/ORBLIB/Pangolin/build/:/usr/lib/aarch64-linux-gnu/gazebo-11/plugins:/opt/ros/foxy/opt/yaml_cpp_vendor/lib:/opt/ros/foxy/opt/rviz_ogre_vendor/lib:/opt/ros/foxy/lib/aarch64-linux-gnu:/opt/ros/foxy/lib:/home/meric/ORBLIB/ORB_SLAM3/lib PYTHONPATH=/home/meric/f1tenth_ws/build/joy_teleop/prefix_override:/usr/lib/python3/dist-packages/colcon_core/task/python/colcon_distutils_commands:/home/meric/f1tenth_ws/install/joy_teleop/lib/python3.8/site-packages:/home/meric/f1tenth_ws/install/teleop_tools_msgs/lib/python3.8/site-packages:/home/meric/f1tenth_ws/install/f1tenth_stack/lib/python3.8/site-packages:/home/meric/f1tenth_ws/install/vesc_msgs/lib/python3.8/site-packages:/home/meric/f1tenth_ws/install/joy_teleop/lib/python3.8/site-packages:/home/meric/f1tenth_ws/install/stanley_avoidance/lib/python3.8/site-packages:/home/meric/f1tenth_ws/install/stanley2_avoidance/lib/python3.8/site-packages:/home/meric/f1tenth_ws/install/slam/lib/python3.8/site-packages:/home/meric/f1tenth_ws/install/particle_filter/lib/python3.8/site-packages:/home/meric/f1tenth_ws/install/mouse_teleop/lib/python3.8/site-packages:/home/meric/f1tenth_ws/install/key_teleop/lib/python3.8/site-packages:/opt/ros/foxy/lib/python3.8/site-packages /usr/bin/python3 -W ignore:setup.py install is deprecated -W ignore:easy_install command is deprecated setup.py egg_info --egg-base ../../../../build/joy_teleop build --build-base /home/meric/f1tenth_ws/build/joy_teleop/build install --record /home/meric/f1tenth_ws/build/joy_teleop/install.log --install-scripts $base/lib/joy_teleop --single-version-externally-managed install_data
[2.738s] running egg_info
[2.739s] writing ../../../../build/joy_teleop/joy_teleop.egg-info/PKG-INFO
[2.739s] writing dependency_links to ../../../../build/joy_teleop/joy_teleop.egg-info/dependency_links.txt
[2.740s] writing entry points to ../../../../build/joy_teleop/joy_teleop.egg-info/entry_points.txt
[2.740s] writing requirements to ../../../../build/joy_teleop/joy_teleop.egg-info/requires.txt
[2.740s] writing top-level names to ../../../../build/joy_teleop/joy_teleop.egg-info/top_level.txt
[2.811s] reading manifest file '../../../../build/joy_teleop/joy_teleop.egg-info/SOURCES.txt'
[2.814s] writing manifest file '../../../../build/joy_teleop/joy_teleop.egg-info/SOURCES.txt'
[2.814s] running build
[2.814s] running build_py
[2.814s] running install
[2.816s] running install_lib
[2.820s] running install_data
[2.820s] running install_egg_info
[2.824s] removing '/home/meric/f1tenth_ws/install/joy_teleop/lib/python3.8/site-packages/joy_teleop-0.3.0-py3.8.egg-info' (and everything under it)
[2.825s] Copying ../../../../build/joy_teleop/joy_teleop.egg-info to /home/meric/f1tenth_ws/install/joy_teleop/lib/python3.8/site-packages/joy_teleop-0.3.0-py3.8.egg-info
[2.827s] running install_scripts
[2.868s] Installing incrementer_server script to /home/meric/f1tenth_ws/install/joy_teleop/lib/joy_teleop
[2.868s] Installing joy_teleop script to /home/meric/f1tenth_ws/install/joy_teleop/lib/joy_teleop
[2.869s] writing list of installed files to '/home/meric/f1tenth_ws/build/joy_teleop/install.log'
[3.487s] Invoked command in '/home/meric/f1tenth_ws/src/f1tenth_system/teleop_tools/joy_teleop' returned '0': CMAKE_PREFIX_PATH=/home/meric/f1tenth_ws/install/teleop_tools_msgs:/home/meric/f1tenth_ws/install/waypoint_generator:/home/meric/f1tenth_ws/install/vesc:/home/meric/f1tenth_ws/install/vesc_driver:/home/meric/f1tenth_ws/install/vesc_ackermann:/home/meric/f1tenth_ws/install/vesc_msgs:/home/meric/f1tenth_ws/install/teleop_tools:/home/meric/f1tenth_ws/install/range_lib:/home/meric/f1tenth_ws/install/pure_pursuit:/home/meric/f1tenth_ws/install/ackermann_mux LD_LIBRARY_PATH=/home/meric/f1tenth_ws/install/teleop_tools_msgs/lib:/home/meric/f1tenth_ws/install/vesc_driver/lib:/home/meric/f1tenth_ws/install/vesc_ackermann/lib:/home/meric/f1tenth_ws/install/vesc_msgs/lib:/home/meric/ORBLIB/Pangolin/build/:/usr/lib/aarch64-linux-gnu/gazebo-11/plugins:/opt/ros/foxy/opt/yaml_cpp_vendor/lib:/opt/ros/foxy/opt/rviz_ogre_vendor/lib:/opt/ros/foxy/lib/aarch64-linux-gnu:/opt/ros/foxy/lib:/home/meric/ORBLIB/ORB_SLAM3/lib PYTHONPATH=/home/meric/f1tenth_ws/build/joy_teleop/prefix_override:/usr/lib/python3/dist-packages/colcon_core/task/python/colcon_distutils_commands:/home/meric/f1tenth_ws/install/joy_teleop/lib/python3.8/site-packages:/home/meric/f1tenth_ws/install/teleop_tools_msgs/lib/python3.8/site-packages:/home/meric/f1tenth_ws/install/f1tenth_stack/lib/python3.8/site-packages:/home/meric/f1tenth_ws/install/vesc_msgs/lib/python3.8/site-packages:/home/meric/f1tenth_ws/install/joy_teleop/lib/python3.8/site-packages:/home/meric/f1tenth_ws/install/stanley_avoidance/lib/python3.8/site-packages:/home/meric/f1tenth_ws/install/stanley2_avoidance/lib/python3.8/site-packages:/home/meric/f1tenth_ws/install/slam/lib/python3.8/site-packages:/home/meric/f1tenth_ws/install/particle_filter/lib/python3.8/site-packages:/home/meric/f1tenth_ws/install/mouse_teleop/lib/python3.8/site-packages:/home/meric/f1tenth_ws/install/key_teleop/lib/python3.8/site-packages:/opt/ros/foxy/lib/python3.8/site-packages /usr/bin/python3 -W ignore:setup.py install is deprecated -W ignore:easy_install command is deprecated setup.py egg_info --egg-base ../../../../build/joy_teleop build --build-base /home/meric/f1tenth_ws/build/joy_teleop/build install --record /home/meric/f1tenth_ws/build/joy_teleop/install.log --install-scripts $base/lib/joy_teleop --single-version-externally-managed install_data
