[2.105s] Invoking command in '/home/meric/f1tenth_ws/src/f1tenth_system/teleop_tools/mouse_teleop': PYTHONPATH=/home/meric/f1tenth_ws/build/mouse_teleop/prefix_override:/usr/lib/python3/dist-packages/colcon_core/task/python/colcon_distutils_commands:/home/meric/f1tenth_ws/install/mouse_teleop/lib/python3.8/site-packages:${PYTHONPATH} /usr/bin/python3 -W ignore:setup.py install is deprecated -W ignore:easy_install command is deprecated setup.py egg_info --egg-base ../../../../build/mouse_teleop build --build-base /home/meric/f1tenth_ws/build/mouse_teleop/build install --record /home/meric/f1tenth_ws/build/mouse_teleop/install.log --install-scripts $base/lib/mouse_teleop --single-version-externally-managed install_data
[2.796s] running egg_info
[2.796s] creating ../../../../build/mouse_teleop/mouse_teleop.egg-info
[2.797s] writing ../../../../build/mouse_teleop/mouse_teleop.egg-info/PKG-INFO
[2.797s] writing dependency_links to ../../../../build/mouse_teleop/mouse_teleop.egg-info/dependency_links.txt
[2.797s] writing entry points to ../../../../build/mouse_teleop/mouse_teleop.egg-info/entry_points.txt
[2.797s] writing requirements to ../../../../build/mouse_teleop/mouse_teleop.egg-info/requires.txt
[2.797s] writing top-level names to ../../../../build/mouse_teleop/mouse_teleop.egg-info/top_level.txt
[2.797s] writing manifest file '../../../../build/mouse_teleop/mouse_teleop.egg-info/SOURCES.txt'
[2.797s] reading manifest file '../../../../build/mouse_teleop/mouse_teleop.egg-info/SOURCES.txt'
[2.797s] writing manifest file '../../../../build/mouse_teleop/mouse_teleop.egg-info/SOURCES.txt'
[2.798s] running build
[2.798s] running build_py
[2.798s] creating /home/meric/f1tenth_ws/build/mouse_teleop/build
[2.798s] creating /home/meric/f1tenth_ws/build/mouse_teleop/build/lib
[2.798s] creating /home/meric/f1tenth_ws/build/mouse_teleop/build/lib/mouse_teleop
[2.798s] copying mouse_teleop/__init__.py -> /home/meric/f1tenth_ws/build/mouse_teleop/build/lib/mouse_teleop
[2.798s] copying mouse_teleop/mouse_teleop.py -> /home/meric/f1tenth_ws/build/mouse_teleop/build/lib/mouse_teleop
[2.798s] running install
[2.799s] running install_lib
[2.799s] creating /home/meric/f1tenth_ws/install/mouse_teleop/lib/python3.8/site-packages/mouse_teleop
[2.799s] copying /home/meric/f1tenth_ws/build/mouse_teleop/build/lib/mouse_teleop/__init__.py -> /home/meric/f1tenth_ws/install/mouse_teleop/lib/python3.8/site-packages/mouse_teleop
[2.799s] copying /home/meric/f1tenth_ws/build/mouse_teleop/build/lib/mouse_teleop/mouse_teleop.py -> /home/meric/f1tenth_ws/install/mouse_teleop/lib/python3.8/site-packages/mouse_teleop
[2.799s] byte-compiling /home/meric/f1tenth_ws/install/mouse_teleop/lib/python3.8/site-packages/mouse_teleop/__init__.py to __init__.cpython-38.pyc
[2.799s] byte-compiling /home/meric/f1tenth_ws/install/mouse_teleop/lib/python3.8/site-packages/mouse_teleop/mouse_teleop.py to mouse_teleop.cpython-38.pyc
[2.799s] running install_data
[2.799s] copying package.xml -> /home/meric/f1tenth_ws/install/mouse_teleop/share/mouse_teleop
[2.800s] creating /home/meric/f1tenth_ws/install/mouse_teleop/share/mouse_teleop/config
[2.800s] copying config/mouse_teleop.yaml -> /home/meric/f1tenth_ws/install/mouse_teleop/share/mouse_teleop/config
[2.800s] creating /home/meric/f1tenth_ws/install/mouse_teleop/share/mouse_teleop/launch
[2.800s] copying launch/mouse_teleop.launch.py -> /home/meric/f1tenth_ws/install/mouse_teleop/share/mouse_teleop/launch
[2.808s] creating /home/meric/f1tenth_ws/install/mouse_teleop/share/ament_index
[2.808s] creating /home/meric/f1tenth_ws/install/mouse_teleop/share/ament_index/resource_index
[2.809s] creating /home/meric/f1tenth_ws/install/mouse_teleop/share/ament_index/resource_index/packages
[2.809s] copying resource/mouse_teleop -> /home/meric/f1tenth_ws/install/mouse_teleop/share/ament_index/resource_index/packages
[2.810s] running install_egg_info
[2.810s] Copying ../../../../build/mouse_teleop/mouse_teleop.egg-info to /home/meric/f1tenth_ws/install/mouse_teleop/lib/python3.8/site-packages/mouse_teleop-0.3.0-py3.8.egg-info
[2.811s] running install_scripts
[2.811s] Installing mouse_teleop script to /home/meric/f1tenth_ws/install/mouse_teleop/lib/mouse_teleop
[2.811s] writing list of installed files to '/home/meric/f1tenth_ws/build/mouse_teleop/install.log'
[2.880s] Invoked command in '/home/meric/f1tenth_ws/src/f1tenth_system/teleop_tools/mouse_teleop' returned '0': PYTHONPATH=/home/meric/f1tenth_ws/build/mouse_teleop/prefix_override:/usr/lib/python3/dist-packages/colcon_core/task/python/colcon_distutils_commands:/home/meric/f1tenth_ws/install/mouse_teleop/lib/python3.8/site-packages:${PYTHONPATH} /usr/bin/python3 -W ignore:setup.py install is deprecated -W ignore:easy_install command is deprecated setup.py egg_info --egg-base ../../../../build/mouse_teleop build --build-base /home/meric/f1tenth_ws/build/mouse_teleop/build install --record /home/meric/f1tenth_ws/build/mouse_teleop/install.log --install-scripts $base/lib/mouse_teleop --single-version-externally-managed install_data
