[0.138s] Invoking command in '/home/meric/f1tenth_ws/build/teleop_tools_msgs': CMAKE_PREFIX_PATH=${CMAKE_PREFIX_PATH}:/home/meric/f1tenth_ws/install/f1tenth_stack:/home/meric/f1tenth_ws/install/joy_teleop:/home/meric/f1tenth_ws/install/stanley_avoidance:/home/meric/f1tenth_ws/install/stanley2_avoidance:/home/meric/f1tenth_ws/install/slam:/home/meric/f1tenth_ws/install/particle_filter:/home/meric/f1tenth_ws/install/mouse_teleop:/home/meric/f1tenth_ws/install/key_teleop:/opt/ros/foxy /usr/bin/cmake --build /home/meric/f1tenth_ws/build/teleop_tools_msgs -- -j6 -l6
[2.027s] [  9%] Built target teleop_tools_msgs__rosidl_generator_c
[2.027s] [ 12%] Built target teleop_tools_msgs__cpp
[2.027s] [ 22%] Built target teleop_tools_msgs__rosidl_typesupport_c
[2.027s] [ 32%] Built target teleop_tools_msgs__rosidl_typesupport_introspection_c
[2.027s] [ 41%] Built target teleop_tools_msgs__rosidl_typesupport_introspection_cpp
[2.028s] [ 51%] Built target teleop_tools_msgs__rosidl_typesupport_cpp
[2.028s] [ 61%] Built target teleop_tools_msgs__rosidl_typesupport_fastrtps_cpp
[2.028s] [ 70%] Built target teleop_tools_msgs__rosidl_typesupport_fastrtps_c
[2.028s] [ 70%] Built target teleop_tools_msgs
[2.028s] [ 74%] Built target teleop_tools_msgs__py
[2.028s] [ 80%] Built target teleop_tools_msgs__python
[2.028s] [ 87%] Built target teleop_tools_msgs__rosidl_typesupport_c__pyext
[2.028s] [ 93%] Built target teleop_tools_msgs__rosidl_typesupport_introspection_c__pyext
[2.029s] [100%] Built target teleop_tools_msgs__rosidl_typesupport_fastrtps_c__pyext
[2.074s] Invoked command in '/home/meric/f1tenth_ws/build/teleop_tools_msgs' returned '0': CMAKE_PREFIX_PATH=${CMAKE_PREFIX_PATH}:/home/meric/f1tenth_ws/install/f1tenth_stack:/home/meric/f1tenth_ws/install/joy_teleop:/home/meric/f1tenth_ws/install/stanley_avoidance:/home/meric/f1tenth_ws/install/stanley2_avoidance:/home/meric/f1tenth_ws/install/slam:/home/meric/f1tenth_ws/install/particle_filter:/home/meric/f1tenth_ws/install/mouse_teleop:/home/meric/f1tenth_ws/install/key_teleop:/opt/ros/foxy /usr/bin/cmake --build /home/meric/f1tenth_ws/build/teleop_tools_msgs -- -j6 -l6
[2.083s] Invoking command in '/home/meric/f1tenth_ws/build/teleop_tools_msgs': CMAKE_PREFIX_PATH=${CMAKE_PREFIX_PATH}:/home/meric/f1tenth_ws/install/f1tenth_stack:/home/meric/f1tenth_ws/install/joy_teleop:/home/meric/f1tenth_ws/install/stanley_avoidance:/home/meric/f1tenth_ws/install/stanley2_avoidance:/home/meric/f1tenth_ws/install/slam:/home/meric/f1tenth_ws/install/particle_filter:/home/meric/f1tenth_ws/install/mouse_teleop:/home/meric/f1tenth_ws/install/key_teleop:/opt/ros/foxy /usr/bin/cmake --install /home/meric/f1tenth_ws/build/teleop_tools_msgs
[2.126s] -- Install configuration: ""
[2.127s] -- Up-to-date: /home/meric/f1tenth_ws/install/teleop_tools_msgs/share/ament_index/resource_index/rosidl_interfaces/teleop_tools_msgs
[2.127s] -- Up-to-date: /home/meric/f1tenth_ws/install/teleop_tools_msgs/include/teleop_tools_msgs
[2.127s] -- Up-to-date: /home/meric/f1tenth_ws/install/teleop_tools_msgs/include/teleop_tools_msgs/msg
[2.127s] -- Up-to-date: /home/meric/f1tenth_ws/install/teleop_tools_msgs/include/teleop_tools_msgs/msg/rosidl_generator_c__visibility_control.h
[2.136s] -- Up-to-date: /home/meric/f1tenth_ws/install/teleop_tools_msgs/include/teleop_tools_msgs/action
[2.138s] -- Up-to-date: /home/meric/f1tenth_ws/install/teleop_tools_msgs/include/teleop_tools_msgs/action/detail
[2.139s] -- Up-to-date: /home/meric/f1tenth_ws/install/teleop_tools_msgs/include/teleop_tools_msgs/action/detail/increment__functions.h
[2.139s] -- Up-to-date: /home/meric/f1tenth_ws/install/teleop_tools_msgs/include/teleop_tools_msgs/action/detail/increment__struct.h
[2.139s] -- Up-to-date: /home/meric/f1tenth_ws/install/teleop_tools_msgs/include/teleop_tools_msgs/action/detail/increment__type_support.h
[2.139s] -- Up-to-date: /home/meric/f1tenth_ws/install/teleop_tools_msgs/include/teleop_tools_msgs/action/detail/increment__functions.c
[2.140s] -- Up-to-date: /home/meric/f1tenth_ws/install/teleop_tools_msgs/include/teleop_tools_msgs/action/increment.h
[2.140s] -- Up-to-date: /home/meric/f1tenth_ws/install/teleop_tools_msgs/share/teleop_tools_msgs/environment/library_path.sh
[2.140s] -- Up-to-date: /home/meric/f1tenth_ws/install/teleop_tools_msgs/share/teleop_tools_msgs/environment/library_path.dsv
[2.141s] -- Up-to-date: /home/meric/f1tenth_ws/install/teleop_tools_msgs/lib/libteleop_tools_msgs__rosidl_generator_c.so
[2.141s] -- Up-to-date: /home/meric/f1tenth_ws/install/teleop_tools_msgs/include/teleop_tools_msgs
[2.141s] -- Up-to-date: /home/meric/f1tenth_ws/install/teleop_tools_msgs/include/teleop_tools_msgs/msg
[2.141s] -- Up-to-date: /home/meric/f1tenth_ws/install/teleop_tools_msgs/include/teleop_tools_msgs/msg/rosidl_typesupport_fastrtps_c__visibility_control.h
[2.142s] -- Up-to-date: /home/meric/f1tenth_ws/install/teleop_tools_msgs/include/teleop_tools_msgs/action
[2.142s] -- Up-to-date: /home/meric/f1tenth_ws/install/teleop_tools_msgs/include/teleop_tools_msgs/action/detail
[2.142s] -- Up-to-date: /home/meric/f1tenth_ws/install/teleop_tools_msgs/include/teleop_tools_msgs/action/detail/increment__rosidl_typesupport_fastrtps_c.h
[2.142s] -- Up-to-date: /home/meric/f1tenth_ws/install/teleop_tools_msgs/lib/libteleop_tools_msgs__rosidl_typesupport_fastrtps_c.so
[2.142s] -- Up-to-date: /home/meric/f1tenth_ws/install/teleop_tools_msgs/include/teleop_tools_msgs
[2.143s] -- Up-to-date: /home/meric/f1tenth_ws/install/teleop_tools_msgs/include/teleop_tools_msgs/msg
[2.143s] -- Up-to-date: /home/meric/f1tenth_ws/install/teleop_tools_msgs/include/teleop_tools_msgs/msg/rosidl_typesupport_fastrtps_cpp__visibility_control.h
[2.143s] -- Up-to-date: /home/meric/f1tenth_ws/install/teleop_tools_msgs/include/teleop_tools_msgs/action
[2.143s] -- Up-to-date: /home/meric/f1tenth_ws/install/teleop_tools_msgs/include/teleop_tools_msgs/action/detail
[2.143s] -- Up-to-date: /home/meric/f1tenth_ws/install/teleop_tools_msgs/include/teleop_tools_msgs/action/detail/increment__rosidl_typesupport_fastrtps_cpp.hpp
[2.144s] -- Up-to-date: /home/meric/f1tenth_ws/install/teleop_tools_msgs/include/teleop_tools_msgs/action/detail/dds_fastrtps
[2.144s] -- Up-to-date: /home/meric/f1tenth_ws/install/teleop_tools_msgs/lib/libteleop_tools_msgs__rosidl_typesupport_fastrtps_cpp.so
[2.144s] -- Up-to-date: /home/meric/f1tenth_ws/install/teleop_tools_msgs/include/teleop_tools_msgs
[2.144s] -- Up-to-date: /home/meric/f1tenth_ws/install/teleop_tools_msgs/include/teleop_tools_msgs/msg
[2.144s] -- Up-to-date: /home/meric/f1tenth_ws/install/teleop_tools_msgs/include/teleop_tools_msgs/msg/rosidl_typesupport_introspection_c__visibility_control.h
[2.144s] -- Up-to-date: /home/meric/f1tenth_ws/install/teleop_tools_msgs/include/teleop_tools_msgs/action
[2.145s] -- Up-to-date: /home/meric/f1tenth_ws/install/teleop_tools_msgs/include/teleop_tools_msgs/action/detail
[2.145s] -- Up-to-date: /home/meric/f1tenth_ws/install/teleop_tools_msgs/include/teleop_tools_msgs/action/detail/increment__rosidl_typesupport_introspection_c.h
[2.145s] -- Up-to-date: /home/meric/f1tenth_ws/install/teleop_tools_msgs/include/teleop_tools_msgs/action/detail/increment__type_support.c
[2.145s] -- Up-to-date: /home/meric/f1tenth_ws/install/teleop_tools_msgs/lib/libteleop_tools_msgs__rosidl_typesupport_introspection_c.so
[2.145s] -- Up-to-date: /home/meric/f1tenth_ws/install/teleop_tools_msgs/lib/libteleop_tools_msgs__rosidl_typesupport_c.so
[2.145s] -- Up-to-date: /home/meric/f1tenth_ws/install/teleop_tools_msgs/include/teleop_tools_msgs
[2.145s] -- Up-to-date: /home/meric/f1tenth_ws/install/teleop_tools_msgs/include/teleop_tools_msgs/msg
[2.145s] -- Up-to-date: /home/meric/f1tenth_ws/install/teleop_tools_msgs/include/teleop_tools_msgs/msg/rosidl_generator_cpp__visibility_control.hpp
[2.146s] -- Up-to-date: /home/meric/f1tenth_ws/install/teleop_tools_msgs/include/teleop_tools_msgs/action
[2.146s] -- Up-to-date: /home/meric/f1tenth_ws/install/teleop_tools_msgs/include/teleop_tools_msgs/action/increment.hpp
[2.146s] -- Up-to-date: /home/meric/f1tenth_ws/install/teleop_tools_msgs/include/teleop_tools_msgs/action/detail
[2.146s] -- Up-to-date: /home/meric/f1tenth_ws/install/teleop_tools_msgs/include/teleop_tools_msgs/action/detail/increment__struct.hpp
[2.146s] -- Up-to-date: /home/meric/f1tenth_ws/install/teleop_tools_msgs/include/teleop_tools_msgs/action/detail/increment__traits.hpp
[2.146s] -- Up-to-date: /home/meric/f1tenth_ws/install/teleop_tools_msgs/include/teleop_tools_msgs/action/detail/increment__type_support.hpp
[2.146s] -- Up-to-date: /home/meric/f1tenth_ws/install/teleop_tools_msgs/include/teleop_tools_msgs/action/detail/increment__builder.hpp
[2.147s] -- Up-to-date: /home/meric/f1tenth_ws/install/teleop_tools_msgs/include/teleop_tools_msgs
[2.147s] -- Up-to-date: /home/meric/f1tenth_ws/install/teleop_tools_msgs/include/teleop_tools_msgs/action
[2.147s] -- Up-to-date: /home/meric/f1tenth_ws/install/teleop_tools_msgs/include/teleop_tools_msgs/action/detail
[2.147s] -- Up-to-date: /home/meric/f1tenth_ws/install/teleop_tools_msgs/include/teleop_tools_msgs/action/detail/increment__rosidl_typesupport_introspection_cpp.hpp
[2.147s] -- Up-to-date: /home/meric/f1tenth_ws/install/teleop_tools_msgs/include/teleop_tools_msgs/action/detail/increment__type_support.cpp
[2.147s] -- Up-to-date: /home/meric/f1tenth_ws/install/teleop_tools_msgs/lib/libteleop_tools_msgs__rosidl_typesupport_introspection_cpp.so
[2.147s] -- Up-to-date: /home/meric/f1tenth_ws/install/teleop_tools_msgs/lib/libteleop_tools_msgs__rosidl_typesupport_cpp.so
[2.148s] -- Up-to-date: /home/meric/f1tenth_ws/install/teleop_tools_msgs/share/teleop_tools_msgs/environment/pythonpath.sh
[2.148s] -- Up-to-date: /home/meric/f1tenth_ws/install/teleop_tools_msgs/share/teleop_tools_msgs/environment/pythonpath.dsv
[2.148s] -- Up-to-date: /home/meric/f1tenth_ws/install/teleop_tools_msgs/lib/python3.8/site-packages/teleop_tools_msgs/__init__.py
[2.264s] -- Up-to-date: /home/meric/f1tenth_ws/install/teleop_tools_msgs/lib/python3.8/site-packages/teleop_tools_msgs/action
[2.264s] -- Up-to-date: /home/meric/f1tenth_ws/install/teleop_tools_msgs/lib/python3.8/site-packages/teleop_tools_msgs/action/_increment.py
[2.265s] -- Up-to-date: /home/meric/f1tenth_ws/install/teleop_tools_msgs/lib/python3.8/site-packages/teleop_tools_msgs/action/__init__.py
[2.265s] -- Up-to-date: /home/meric/f1tenth_ws/install/teleop_tools_msgs/lib/python3.8/site-packages/teleop_tools_msgs/action/_increment_s.c
[2.265s] -- Up-to-date: /home/meric/f1tenth_ws/install/teleop_tools_msgs/lib/python3.8/site-packages/teleop_tools_msgs/teleop_tools_msgs_s__rosidl_typesupport_fastrtps_c.cpython-38-aarch64-linux-gnu.so
[2.265s] -- Up-to-date: /home/meric/f1tenth_ws/install/teleop_tools_msgs/lib/python3.8/site-packages/teleop_tools_msgs/teleop_tools_msgs_s__rosidl_typesupport_introspection_c.cpython-38-aarch64-linux-gnu.so
[2.265s] -- Up-to-date: /home/meric/f1tenth_ws/install/teleop_tools_msgs/lib/python3.8/site-packages/teleop_tools_msgs/teleop_tools_msgs_s__rosidl_typesupport_c.cpython-38-aarch64-linux-gnu.so
[2.265s] -- Up-to-date: /home/meric/f1tenth_ws/install/teleop_tools_msgs/lib/libteleop_tools_msgs__python.so
[2.265s] -- Up-to-date: /home/meric/f1tenth_ws/install/teleop_tools_msgs/share/teleop_tools_msgs/action/Increment.idl
[2.266s] -- Up-to-date: /home/meric/f1tenth_ws/install/teleop_tools_msgs/share/teleop_tools_msgs/action/Increment.action
[2.266s] -- Up-to-date: /home/meric/f1tenth_ws/install/teleop_tools_msgs/share/ament_index/resource_index/package_run_dependencies/teleop_tools_msgs
[2.266s] -- Up-to-date: /home/meric/f1tenth_ws/install/teleop_tools_msgs/share/ament_index/resource_index/parent_prefix_path/teleop_tools_msgs
[2.266s] -- Up-to-date: /home/meric/f1tenth_ws/install/teleop_tools_msgs/share/teleop_tools_msgs/environment/ament_prefix_path.sh
[2.266s] -- Up-to-date: /home/meric/f1tenth_ws/install/teleop_tools_msgs/share/teleop_tools_msgs/environment/ament_prefix_path.dsv
[2.266s] -- Up-to-date: /home/meric/f1tenth_ws/install/teleop_tools_msgs/share/teleop_tools_msgs/environment/path.sh
[2.266s] -- Up-to-date: /home/meric/f1tenth_ws/install/teleop_tools_msgs/share/teleop_tools_msgs/environment/path.dsv
[2.266s] -- Up-to-date: /home/meric/f1tenth_ws/install/teleop_tools_msgs/share/teleop_tools_msgs/local_setup.bash
[2.267s] -- Up-to-date: /home/meric/f1tenth_ws/install/teleop_tools_msgs/share/teleop_tools_msgs/local_setup.sh
[2.267s] -- Up-to-date: /home/meric/f1tenth_ws/install/teleop_tools_msgs/share/teleop_tools_msgs/local_setup.zsh
[2.267s] -- Up-to-date: /home/meric/f1tenth_ws/install/teleop_tools_msgs/share/teleop_tools_msgs/local_setup.dsv
[2.267s] -- Installing: /home/meric/f1tenth_ws/install/teleop_tools_msgs/share/teleop_tools_msgs/package.dsv
[2.267s] -- Up-to-date: /home/meric/f1tenth_ws/install/teleop_tools_msgs/share/ament_index/resource_index/packages/teleop_tools_msgs
[2.267s] -- Up-to-date: /home/meric/f1tenth_ws/install/teleop_tools_msgs/share/teleop_tools_msgs/cmake/teleop_tools_msgs__rosidl_generator_cExport.cmake
[2.267s] -- Up-to-date: /home/meric/f1tenth_ws/install/teleop_tools_msgs/share/teleop_tools_msgs/cmake/teleop_tools_msgs__rosidl_generator_cExport-noconfig.cmake
[2.267s] -- Up-to-date: /home/meric/f1tenth_ws/install/teleop_tools_msgs/share/teleop_tools_msgs/cmake/teleop_tools_msgs__rosidl_typesupport_introspection_cExport.cmake
[2.268s] -- Up-to-date: /home/meric/f1tenth_ws/install/teleop_tools_msgs/share/teleop_tools_msgs/cmake/teleop_tools_msgs__rosidl_typesupport_introspection_cExport-noconfig.cmake
[2.268s] -- Up-to-date: /home/meric/f1tenth_ws/install/teleop_tools_msgs/share/teleop_tools_msgs/cmake/teleop_tools_msgs__rosidl_typesupport_cExport.cmake
[2.268s] -- Up-to-date: /home/meric/f1tenth_ws/install/teleop_tools_msgs/share/teleop_tools_msgs/cmake/teleop_tools_msgs__rosidl_typesupport_cExport-noconfig.cmake
[2.269s] -- Up-to-date: /home/meric/f1tenth_ws/install/teleop_tools_msgs/share/teleop_tools_msgs/cmake/teleop_tools_msgs__rosidl_generator_cppExport.cmake
[2.269s] -- Up-to-date: /home/meric/f1tenth_ws/install/teleop_tools_msgs/share/teleop_tools_msgs/cmake/teleop_tools_msgs__rosidl_typesupport_introspection_cppExport.cmake
[2.269s] -- Up-to-date: /home/meric/f1tenth_ws/install/teleop_tools_msgs/share/teleop_tools_msgs/cmake/teleop_tools_msgs__rosidl_typesupport_introspection_cppExport-noconfig.cmake
[2.269s] -- Up-to-date: /home/meric/f1tenth_ws/install/teleop_tools_msgs/share/teleop_tools_msgs/cmake/teleop_tools_msgs__rosidl_typesupport_cppExport.cmake
[2.269s] -- Up-to-date: /home/meric/f1tenth_ws/install/teleop_tools_msgs/share/teleop_tools_msgs/cmake/teleop_tools_msgs__rosidl_typesupport_cppExport-noconfig.cmake
[2.269s] -- Up-to-date: /home/meric/f1tenth_ws/install/teleop_tools_msgs/share/teleop_tools_msgs/cmake/rosidl_cmake-extras.cmake
[2.270s] -- Up-to-date: /home/meric/f1tenth_ws/install/teleop_tools_msgs/share/teleop_tools_msgs/cmake/ament_cmake_export_dependencies-extras.cmake
[2.270s] -- Up-to-date: /home/meric/f1tenth_ws/install/teleop_tools_msgs/share/teleop_tools_msgs/cmake/ament_cmake_export_libraries-extras.cmake
[2.270s] -- Up-to-date: /home/meric/f1tenth_ws/install/teleop_tools_msgs/share/teleop_tools_msgs/cmake/ament_cmake_export_targets-extras.cmake
[2.270s] -- Up-to-date: /home/meric/f1tenth_ws/install/teleop_tools_msgs/share/teleop_tools_msgs/cmake/ament_cmake_export_include_directories-extras.cmake
[2.270s] -- Up-to-date: /home/meric/f1tenth_ws/install/teleop_tools_msgs/share/teleop_tools_msgs/cmake/rosidl_cmake_export_typesupport_libraries-extras.cmake
[2.270s] -- Up-to-date: /home/meric/f1tenth_ws/install/teleop_tools_msgs/share/teleop_tools_msgs/cmake/rosidl_cmake_export_typesupport_targets-extras.cmake
[2.270s] -- Up-to-date: /home/meric/f1tenth_ws/install/teleop_tools_msgs/share/teleop_tools_msgs/cmake/teleop_tools_msgsConfig.cmake
[2.274s] -- Up-to-date: /home/meric/f1tenth_ws/install/teleop_tools_msgs/share/teleop_tools_msgs/cmake/teleop_tools_msgsConfig-version.cmake
[2.275s] -- Up-to-date: /home/meric/f1tenth_ws/install/teleop_tools_msgs/share/teleop_tools_msgs/package.xml
[2.367s] Invoked command in '/home/meric/f1tenth_ws/build/teleop_tools_msgs' returned '0': CMAKE_PREFIX_PATH=${CMAKE_PREFIX_PATH}:/home/meric/f1tenth_ws/install/f1tenth_stack:/home/meric/f1tenth_ws/install/joy_teleop:/home/meric/f1tenth_ws/install/stanley_avoidance:/home/meric/f1tenth_ws/install/stanley2_avoidance:/home/meric/f1tenth_ws/install/slam:/home/meric/f1tenth_ws/install/particle_filter:/home/meric/f1tenth_ws/install/mouse_teleop:/home/meric/f1tenth_ws/install/key_teleop:/opt/ros/foxy /usr/bin/cmake --install /home/meric/f1tenth_ws/build/teleop_tools_msgs
