[0.068s] Invoking command in '/home/meric/f1tenth_ws/build/vesc': AMENT_PREFIX_PATH=/home/meric/f1tenth_ws/install/vesc_driver:/home/meric/f1tenth_ws/install/vesc_ackermann:/home/meric/f1tenth_ws/install/vesc_msgs:${AMENT_PREFIX_PATH} CMAKE_PREFIX_PATH=/home/meric/f1tenth_ws/install/vesc_driver:/home/meric/f1tenth_ws/install/vesc_ackermann:/home/meric/f1tenth_ws/install/vesc_msgs:/opt/ros/foxy LD_LIBRARY_PATH=/home/meric/f1tenth_ws/install/vesc_driver/lib:/home/meric/f1tenth_ws/install/vesc_ackermann/lib:/home/meric/f1tenth_ws/install/vesc_msgs/lib:${LD_LIBRARY_PATH} PYTHONPATH=/home/meric/f1tenth_ws/install/vesc_msgs/lib/python3.8/site-packages:${PYTHONPATH} /usr/bin/cmake --build /home/meric/f1tenth_ws/build/vesc -- -j6 -l6
[0.583s] Invoked command in '/home/meric/f1tenth_ws/build/vesc' returned '0': AMENT_PREFIX_PATH=/home/meric/f1tenth_ws/install/vesc_driver:/home/meric/f1tenth_ws/install/vesc_ackermann:/home/meric/f1tenth_ws/install/vesc_msgs:${AMENT_PREFIX_PATH} CMAKE_PREFIX_PATH=/home/meric/f1tenth_ws/install/vesc_driver:/home/meric/f1tenth_ws/install/vesc_ackermann:/home/meric/f1tenth_ws/install/vesc_msgs:/opt/ros/foxy LD_LIBRARY_PATH=/home/meric/f1tenth_ws/install/vesc_driver/lib:/home/meric/f1tenth_ws/install/vesc_ackermann/lib:/home/meric/f1tenth_ws/install/vesc_msgs/lib:${LD_LIBRARY_PATH} PYTHONPATH=/home/meric/f1tenth_ws/install/vesc_msgs/lib/python3.8/site-packages:${PYTHONPATH} /usr/bin/cmake --build /home/meric/f1tenth_ws/build/vesc -- -j6 -l6
[0.587s] Invoking command in '/home/meric/f1tenth_ws/build/vesc': AMENT_PREFIX_PATH=/home/meric/f1tenth_ws/install/vesc_driver:/home/meric/f1tenth_ws/install/vesc_ackermann:/home/meric/f1tenth_ws/install/vesc_msgs:${AMENT_PREFIX_PATH} CMAKE_PREFIX_PATH=/home/meric/f1tenth_ws/install/vesc_driver:/home/meric/f1tenth_ws/install/vesc_ackermann:/home/meric/f1tenth_ws/install/vesc_msgs:/opt/ros/foxy LD_LIBRARY_PATH=/home/meric/f1tenth_ws/install/vesc_driver/lib:/home/meric/f1tenth_ws/install/vesc_ackermann/lib:/home/meric/f1tenth_ws/install/vesc_msgs/lib:${LD_LIBRARY_PATH} PYTHONPATH=/home/meric/f1tenth_ws/install/vesc_msgs/lib/python3.8/site-packages:${PYTHONPATH} /usr/bin/cmake --install /home/meric/f1tenth_ws/build/vesc
[0.616s] -- Install configuration: ""
[0.616s] -- Up-to-date: /home/meric/f1tenth_ws/install/vesc/share/ament_index/resource_index/package_run_dependencies/vesc
[0.617s] -- Up-to-date: /home/meric/f1tenth_ws/install/vesc/share/ament_index/resource_index/parent_prefix_path/vesc
[0.618s] -- Up-to-date: /home/meric/f1tenth_ws/install/vesc/share/vesc/environment/ament_prefix_path.sh
[0.618s] -- Up-to-date: /home/meric/f1tenth_ws/install/vesc/share/vesc/environment/ament_prefix_path.dsv
[0.619s] -- Up-to-date: /home/meric/f1tenth_ws/install/vesc/share/vesc/environment/path.sh
[0.620s] -- Up-to-date: /home/meric/f1tenth_ws/install/vesc/share/vesc/environment/path.dsv
[0.620s] -- Up-to-date: /home/meric/f1tenth_ws/install/vesc/share/vesc/local_setup.bash
[0.621s] -- Up-to-date: /home/meric/f1tenth_ws/install/vesc/share/vesc/local_setup.sh
[0.621s] -- Up-to-date: /home/meric/f1tenth_ws/install/vesc/share/vesc/local_setup.zsh
[0.622s] -- Up-to-date: /home/meric/f1tenth_ws/install/vesc/share/vesc/local_setup.dsv
[0.622s] -- Installing: /home/meric/f1tenth_ws/install/vesc/share/vesc/package.dsv
[0.624s] -- Up-to-date: /home/meric/f1tenth_ws/install/vesc/share/ament_index/resource_index/packages/vesc
[0.625s] -- Up-to-date: /home/meric/f1tenth_ws/install/vesc/share/vesc/cmake/vescConfig.cmake
[0.625s] -- Up-to-date: /home/meric/f1tenth_ws/install/vesc/share/vesc/cmake/vescConfig-version.cmake
[0.626s] -- Up-to-date: /home/meric/f1tenth_ws/install/vesc/share/vesc/package.xml
[0.633s] Invoked command in '/home/meric/f1tenth_ws/build/vesc' returned '0': AMENT_PREFIX_PATH=/home/meric/f1tenth_ws/install/vesc_driver:/home/meric/f1tenth_ws/install/vesc_ackermann:/home/meric/f1tenth_ws/install/vesc_msgs:${AMENT_PREFIX_PATH} CMAKE_PREFIX_PATH=/home/meric/f1tenth_ws/install/vesc_driver:/home/meric/f1tenth_ws/install/vesc_ackermann:/home/meric/f1tenth_ws/install/vesc_msgs:/opt/ros/foxy LD_LIBRARY_PATH=/home/meric/f1tenth_ws/install/vesc_driver/lib:/home/meric/f1tenth_ws/install/vesc_ackermann/lib:/home/meric/f1tenth_ws/install/vesc_msgs/lib:${LD_LIBRARY_PATH} PYTHONPATH=/home/meric/f1tenth_ws/install/vesc_msgs/lib/python3.8/site-packages:${PYTHONPATH} /usr/bin/cmake --install /home/meric/f1tenth_ws/build/vesc
