[1.451s] Invoking command in '/home/meric/f1tenth_ws/src/f1tenth_system/f1tenth_stack': AMENT_PREFIX_PATH=/home/meric/f1tenth_ws/install/joy_teleop:/home/meric/f1tenth_ws/install/waypoint_generator:/home/meric/f1tenth_ws/install/f1tenth_stack:/home/meric/f1tenth_ws/install/vesc:/home/meric/f1tenth_ws/install/vesc_driver:/home/meric/f1tenth_ws/install/vesc_ackermann:/home/meric/f1tenth_ws/install/vesc_msgs:/home/meric/f1tenth_ws/install/teleop_tools:/home/meric/f1tenth_ws/install/teleop_tools_msgs:/home/meric/f1tenth_ws/install/stanley_avoidance:/home/meric/f1tenth_ws/install/stanley2_avoidance:/home/meric/f1tenth_ws/install/slam:/home/meric/f1tenth_ws/install/pure_pursuit:/home/meric/f1tenth_ws/install/mouse_teleop:/home/meric/f1tenth_ws/install/key_teleop:/home/meric/f1tenth_ws/install/ackermann_mux:/opt/ros/foxy CMAKE_PREFIX_PATH=/home/meric/f1tenth_ws/install/vesc:/home/meric/f1tenth_ws/install/vesc_driver:/home/meric/f1tenth_ws/install/vesc_ackermann:/home/meric/f1tenth_ws/install/vesc_msgs:/home/meric/f1tenth_ws/install/teleop_tools_msgs:/home/meric/f1tenth_ws/install/ackermann_mux:/home/meric/f1tenth_ws/install/waypoint_generator:/home/meric/f1tenth_ws/install/teleop_tools:/home/meric/f1tenth_ws/install/pure_pursuit PYTHONPATH=/home/meric/f1tenth_ws/build/f1tenth_stack/prefix_override:/usr/lib/python3/dist-packages/colcon_core/task/python/colcon_distutils_commands:/home/meric/f1tenth_ws/install/f1tenth_stack/lib/python3.8/site-packages:/home/meric/f1tenth_ws/install/joy_teleop/lib/python3.8/site-packages:/home/meric/f1tenth_ws/install/vesc_msgs/lib/python3.8/site-packages:/home/meric/f1tenth_ws/install/teleop_tools_msgs/lib/python3.8/site-packages:/home/meric/f1tenth_ws/install/f1tenth_stack/lib/python3.8/site-packages:/home/meric/f1tenth_ws/install/stanley_avoidance/lib/python3.8/site-packages:/home/meric/f1tenth_ws/install/stanley2_avoidance/lib/python3.8/site-packages:/home/meric/f1tenth_ws/install/slam/lib/python3.8/site-packages:/home/meric/f1tenth_ws/install/mouse_teleop/lib/python3.8/site-packages:/home/meric/f1tenth_ws/install/key_teleop/lib/python3.8/site-packages:/opt/ros/foxy/lib/python3.8/site-packages /usr/bin/python3 -W ignore:setup.py install is deprecated -W ignore:easy_install command is deprecated setup.py egg_info --egg-base ../../../build/f1tenth_stack build --build-base /home/meric/f1tenth_ws/build/f1tenth_stack/build install --record /home/meric/f1tenth_ws/build/f1tenth_stack/install.log --install-scripts $base/lib/f1tenth_stack --single-version-externally-managed install_data
[1.902s] running egg_info
[1.903s] writing ../../../build/f1tenth_stack/f1tenth_stack.egg-info/PKG-INFO
[1.905s] writing dependency_links to ../../../build/f1tenth_stack/f1tenth_stack.egg-info/dependency_links.txt
[1.906s] writing entry points to ../../../build/f1tenth_stack/f1tenth_stack.egg-info/entry_points.txt
[1.906s] writing requirements to ../../../build/f1tenth_stack/f1tenth_stack.egg-info/requires.txt
[1.906s] writing top-level names to ../../../build/f1tenth_stack/f1tenth_stack.egg-info/top_level.txt
[1.969s] reading manifest file '../../../build/f1tenth_stack/f1tenth_stack.egg-info/SOURCES.txt'
[1.971s] writing manifest file '../../../build/f1tenth_stack/f1tenth_stack.egg-info/SOURCES.txt'
[1.971s] running build
[1.971s] running build_py
[1.972s] running install
[1.974s] running install_lib
[1.977s] running install_data
[1.978s] copying launch/bringup_launch.py -> /home/meric/f1tenth_ws/install/f1tenth_stack/share/f1tenth_stack/launch
[1.979s] running install_egg_info
[1.982s] removing '/home/meric/f1tenth_ws/install/f1tenth_stack/lib/python3.8/site-packages/f1tenth_stack-0.0.1-py3.8.egg-info' (and everything under it)
[1.983s] Copying ../../../build/f1tenth_stack/f1tenth_stack.egg-info to /home/meric/f1tenth_ws/install/f1tenth_stack/lib/python3.8/site-packages/f1tenth_stack-0.0.1-py3.8.egg-info
[1.985s] running install_scripts
[2.020s] Installing imu_recorder script to /home/meric/f1tenth_ws/install/f1tenth_stack/lib/f1tenth_stack
[2.020s] Installing imu_tf_broadcaster script to /home/meric/f1tenth_ws/install/f1tenth_stack/lib/f1tenth_stack
[2.021s] Installing tf_publisher script to /home/meric/f1tenth_ws/install/f1tenth_stack/lib/f1tenth_stack
[2.021s] Installing throttle_interpolator script to /home/meric/f1tenth_ws/install/f1tenth_stack/lib/f1tenth_stack
[2.022s] writing list of installed files to '/home/meric/f1tenth_ws/build/f1tenth_stack/install.log'
[2.080s] Invoked command in '/home/meric/f1tenth_ws/src/f1tenth_system/f1tenth_stack' returned '0': AMENT_PREFIX_PATH=/home/meric/f1tenth_ws/install/joy_teleop:/home/meric/f1tenth_ws/install/waypoint_generator:/home/meric/f1tenth_ws/install/f1tenth_stack:/home/meric/f1tenth_ws/install/vesc:/home/meric/f1tenth_ws/install/vesc_driver:/home/meric/f1tenth_ws/install/vesc_ackermann:/home/meric/f1tenth_ws/install/vesc_msgs:/home/meric/f1tenth_ws/install/teleop_tools:/home/meric/f1tenth_ws/install/teleop_tools_msgs:/home/meric/f1tenth_ws/install/stanley_avoidance:/home/meric/f1tenth_ws/install/stanley2_avoidance:/home/meric/f1tenth_ws/install/slam:/home/meric/f1tenth_ws/install/pure_pursuit:/home/meric/f1tenth_ws/install/mouse_teleop:/home/meric/f1tenth_ws/install/key_teleop:/home/meric/f1tenth_ws/install/ackermann_mux:/opt/ros/foxy CMAKE_PREFIX_PATH=/home/meric/f1tenth_ws/install/vesc:/home/meric/f1tenth_ws/install/vesc_driver:/home/meric/f1tenth_ws/install/vesc_ackermann:/home/meric/f1tenth_ws/install/vesc_msgs:/home/meric/f1tenth_ws/install/teleop_tools_msgs:/home/meric/f1tenth_ws/install/ackermann_mux:/home/meric/f1tenth_ws/install/waypoint_generator:/home/meric/f1tenth_ws/install/teleop_tools:/home/meric/f1tenth_ws/install/pure_pursuit PYTHONPATH=/home/meric/f1tenth_ws/build/f1tenth_stack/prefix_override:/usr/lib/python3/dist-packages/colcon_core/task/python/colcon_distutils_commands:/home/meric/f1tenth_ws/install/f1tenth_stack/lib/python3.8/site-packages:/home/meric/f1tenth_ws/install/joy_teleop/lib/python3.8/site-packages:/home/meric/f1tenth_ws/install/vesc_msgs/lib/python3.8/site-packages:/home/meric/f1tenth_ws/install/teleop_tools_msgs/lib/python3.8/site-packages:/home/meric/f1tenth_ws/install/f1tenth_stack/lib/python3.8/site-packages:/home/meric/f1tenth_ws/install/stanley_avoidance/lib/python3.8/site-packages:/home/meric/f1tenth_ws/install/stanley2_avoidance/lib/python3.8/site-packages:/home/meric/f1tenth_ws/install/slam/lib/python3.8/site-packages:/home/meric/f1tenth_ws/install/mouse_teleop/lib/python3.8/site-packages:/home/meric/f1tenth_ws/install/key_teleop/lib/python3.8/site-packages:/opt/ros/foxy/lib/python3.8/site-packages /usr/bin/python3 -W ignore:setup.py install is deprecated -W ignore:easy_install command is deprecated setup.py egg_info --egg-base ../../../build/f1tenth_stack build --build-base /home/meric/f1tenth_ws/build/f1tenth_stack/build install --record /home/meric/f1tenth_ws/build/f1tenth_stack/install.log --install-scripts $base/lib/f1tenth_stack --single-version-externally-managed install_data
