[2.180s] Invoking command in '/home/meric/f1tenth_ws/src/f1tenth_system/teleop_tools/joy_teleop': AMENT_PREFIX_PATH=/home/meric/f1tenth_ws/install/teleop_tools_msgs:${AMENT_PREFIX_PATH} CMAKE_PREFIX_PATH=/home/meric/f1tenth_ws/install/teleop_tools_msgs LD_LIBRARY_PATH=/home/meric/f1tenth_ws/install/teleop_tools_msgs/lib:${LD_LIBRARY_PATH} PYTHONPATH=/home/meric/f1tenth_ws/build/joy_teleop/prefix_override:/usr/lib/python3/dist-packages/colcon_core/task/python/colcon_distutils_commands:/home/meric/f1tenth_ws/install/joy_teleop/lib/python3.8/site-packages:/home/meric/f1tenth_ws/install/teleop_tools_msgs/lib/python3.8/site-packages:${PYTHONPATH} /usr/bin/python3 -W ignore:setup.py install is deprecated -W ignore:easy_install command is deprecated setup.py egg_info --egg-base ../../../../build/joy_teleop build --build-base /home/meric/f1tenth_ws/build/joy_teleop/build install --record /home/meric/f1tenth_ws/build/joy_teleop/install.log --install-scripts $base/lib/joy_teleop --single-version-externally-managed install_data
[2.652s] running egg_info
[2.653s] writing ../../../../build/joy_teleop/joy_teleop.egg-info/PKG-INFO
[2.654s] writing dependency_links to ../../../../build/joy_teleop/joy_teleop.egg-info/dependency_links.txt
[2.654s] writing entry points to ../../../../build/joy_teleop/joy_teleop.egg-info/entry_points.txt
[2.655s] writing requirements to ../../../../build/joy_teleop/joy_teleop.egg-info/requires.txt
[2.655s] writing top-level names to ../../../../build/joy_teleop/joy_teleop.egg-info/top_level.txt
[2.723s] reading manifest file '../../../../build/joy_teleop/joy_teleop.egg-info/SOURCES.txt'
[2.725s] writing manifest file '../../../../build/joy_teleop/joy_teleop.egg-info/SOURCES.txt'
[2.727s] running build
[2.727s] running build_py
[2.728s] running install
[2.728s] running install_lib
[2.732s] running install_data
[2.733s] running install_egg_info
[2.736s] removing '/home/meric/f1tenth_ws/install/joy_teleop/lib/python3.8/site-packages/joy_teleop-0.3.0-py3.8.egg-info' (and everything under it)
[2.737s] Copying ../../../../build/joy_teleop/joy_teleop.egg-info to /home/meric/f1tenth_ws/install/joy_teleop/lib/python3.8/site-packages/joy_teleop-0.3.0-py3.8.egg-info
[2.739s] running install_scripts
[2.778s] Installing incrementer_server script to /home/meric/f1tenth_ws/install/joy_teleop/lib/joy_teleop
[2.778s] Installing joy_teleop script to /home/meric/f1tenth_ws/install/joy_teleop/lib/joy_teleop
[2.780s] writing list of installed files to '/home/meric/f1tenth_ws/build/joy_teleop/install.log'
[2.850s] Invoked command in '/home/meric/f1tenth_ws/src/f1tenth_system/teleop_tools/joy_teleop' returned '0': AMENT_PREFIX_PATH=/home/meric/f1tenth_ws/install/teleop_tools_msgs:${AMENT_PREFIX_PATH} CMAKE_PREFIX_PATH=/home/meric/f1tenth_ws/install/teleop_tools_msgs LD_LIBRARY_PATH=/home/meric/f1tenth_ws/install/teleop_tools_msgs/lib:${LD_LIBRARY_PATH} PYTHONPATH=/home/meric/f1tenth_ws/build/joy_teleop/prefix_override:/usr/lib/python3/dist-packages/colcon_core/task/python/colcon_distutils_commands:/home/meric/f1tenth_ws/install/joy_teleop/lib/python3.8/site-packages:/home/meric/f1tenth_ws/install/teleop_tools_msgs/lib/python3.8/site-packages:${PYTHONPATH} /usr/bin/python3 -W ignore:setup.py install is deprecated -W ignore:easy_install command is deprecated setup.py egg_info --egg-base ../../../../build/joy_teleop build --build-base /home/meric/f1tenth_ws/build/joy_teleop/build install --record /home/meric/f1tenth_ws/build/joy_teleop/install.log --install-scripts $base/lib/joy_teleop --single-version-externally-managed install_data
