[0.085s] Invoking command in '/home/meric/f1tenth_ws/build/vesc_driver': AMENT_PREFIX_PATH=/home/meric/f1tenth_ws/install/vesc_msgs:${AMENT_PREFIX_PATH} CMAKE_PREFIX_PATH=/home/meric/f1tenth_ws/install/vesc_msgs:/opt/ros/foxy LD_LIBRARY_PATH=/home/meric/f1tenth_ws/install/vesc_msgs/lib:${LD_LIBRARY_PATH} PYTHONPATH=/home/meric/f1tenth_ws/install/vesc_msgs/lib/python3.8/site-packages:${PYTHONPATH} /usr/bin/cmake --build /home/meric/f1tenth_ws/build/vesc_driver -- -j6 -l6
[0.344s] [ 20%] Built target vesc_driver_node
[0.352s] [ 70%] Built target vesc_driver
[0.446s] [100%] Built target vesc_device_namer
[0.482s] Invoked command in '/home/meric/f1tenth_ws/build/vesc_driver' returned '0': AMENT_PREFIX_PATH=/home/meric/f1tenth_ws/install/vesc_msgs:${AMENT_PREFIX_PATH} CMAKE_PREFIX_PATH=/home/meric/f1tenth_ws/install/vesc_msgs:/opt/ros/foxy LD_LIBRARY_PATH=/home/meric/f1tenth_ws/install/vesc_msgs/lib:${LD_LIBRARY_PATH} PYTHONPATH=/home/meric/f1tenth_ws/install/vesc_msgs/lib/python3.8/site-packages:${PYTHONPATH} /usr/bin/cmake --build /home/meric/f1tenth_ws/build/vesc_driver -- -j6 -l6
[0.483s] Invoking command in '/home/meric/f1tenth_ws/build/vesc_driver': AMENT_PREFIX_PATH=/home/meric/f1tenth_ws/install/vesc_msgs:${AMENT_PREFIX_PATH} CMAKE_PREFIX_PATH=/home/meric/f1tenth_ws/install/vesc_msgs:/opt/ros/foxy LD_LIBRARY_PATH=/home/meric/f1tenth_ws/install/vesc_msgs/lib:${LD_LIBRARY_PATH} PYTHONPATH=/home/meric/f1tenth_ws/install/vesc_msgs/lib/python3.8/site-packages:${PYTHONPATH} /usr/bin/cmake --install /home/meric/f1tenth_ws/build/vesc_driver
[0.508s] -- Install configuration: ""
[0.510s] -- Up-to-date: /home/meric/f1tenth_ws/install/vesc_driver/lib/vesc_driver/vesc_driver_node
[0.511s] -- Up-to-date: /home/meric/f1tenth_ws/install/vesc_driver/include
[0.511s] -- Up-to-date: /home/meric/f1tenth_ws/install/vesc_driver/include/vesc_driver
[0.511s] -- Up-to-date: /home/meric/f1tenth_ws/install/vesc_driver/include/vesc_driver/datatypes.hpp
[0.512s] -- Up-to-date: /home/meric/f1tenth_ws/install/vesc_driver/include/vesc_driver/vesc_interface.hpp
[0.512s] -- Up-to-date: /home/meric/f1tenth_ws/install/vesc_driver/include/vesc_driver/vesc_device_uuid_lookup.hpp
[0.513s] -- Up-to-date: /home/meric/f1tenth_ws/install/vesc_driver/include/vesc_driver/vesc_packet_factory.hpp
[0.513s] -- Up-to-date: /home/meric/f1tenth_ws/install/vesc_driver/include/vesc_driver/crc.hpp
[0.513s] -- Up-to-date: /home/meric/f1tenth_ws/install/vesc_driver/include/vesc_driver/vesc_driver.hpp
[0.514s] -- Up-to-date: /home/meric/f1tenth_ws/install/vesc_driver/include/vesc_driver/vesc_packet.hpp
[0.514s] -- Up-to-date: /home/meric/f1tenth_ws/install/vesc_driver/share/vesc_driver/environment/library_path.sh
[0.515s] -- Up-to-date: /home/meric/f1tenth_ws/install/vesc_driver/share/vesc_driver/environment/library_path.dsv
[0.516s] -- Up-to-date: /home/meric/f1tenth_ws/install/vesc_driver/lib/libvesc_driver.so
[0.518s] -- Up-to-date: /home/meric/f1tenth_ws/install/vesc_driver/lib/vesc_driver/vesc_device_namer
[0.519s] -- Up-to-date: /home/meric/f1tenth_ws/install/vesc_driver/share/vesc_driver/launch
[0.519s] -- Up-to-date: /home/meric/f1tenth_ws/install/vesc_driver/share/vesc_driver/launch/vesc_driver_node.launch.py
[0.520s] -- Up-to-date: /home/meric/f1tenth_ws/install/vesc_driver/share/vesc_driver/params
[0.520s] -- Up-to-date: /home/meric/f1tenth_ws/install/vesc_driver/share/vesc_driver/params/vesc_config.yaml
[0.521s] -- Up-to-date: /home/meric/f1tenth_ws/install/vesc_driver/share/ament_index/resource_index/package_run_dependencies/vesc_driver
[0.521s] -- Up-to-date: /home/meric/f1tenth_ws/install/vesc_driver/share/ament_index/resource_index/parent_prefix_path/vesc_driver
[0.522s] -- Up-to-date: /home/meric/f1tenth_ws/install/vesc_driver/share/vesc_driver/environment/ament_prefix_path.sh
[0.522s] -- Up-to-date: /home/meric/f1tenth_ws/install/vesc_driver/share/vesc_driver/environment/ament_prefix_path.dsv
[0.523s] -- Up-to-date: /home/meric/f1tenth_ws/install/vesc_driver/share/vesc_driver/environment/path.sh
[0.523s] -- Up-to-date: /home/meric/f1tenth_ws/install/vesc_driver/share/vesc_driver/environment/path.dsv
[0.524s] -- Up-to-date: /home/meric/f1tenth_ws/install/vesc_driver/share/vesc_driver/local_setup.bash
[0.524s] -- Up-to-date: /home/meric/f1tenth_ws/install/vesc_driver/share/vesc_driver/local_setup.sh
[0.525s] -- Up-to-date: /home/meric/f1tenth_ws/install/vesc_driver/share/vesc_driver/local_setup.zsh
[0.526s] -- Up-to-date: /home/meric/f1tenth_ws/install/vesc_driver/share/vesc_driver/local_setup.dsv
[0.527s] -- Installing: /home/meric/f1tenth_ws/install/vesc_driver/share/vesc_driver/package.dsv
[0.528s] -- Up-to-date: /home/meric/f1tenth_ws/install/vesc_driver/share/ament_index/resource_index/packages/vesc_driver
[0.529s] -- Up-to-date: /home/meric/f1tenth_ws/install/vesc_driver/share/ament_index/resource_index/rclcpp_components/vesc_driver
[0.530s] -- Up-to-date: /home/meric/f1tenth_ws/install/vesc_driver/share/vesc_driver/cmake/ament_cmake_export_dependencies-extras.cmake
[0.530s] -- Up-to-date: /home/meric/f1tenth_ws/install/vesc_driver/share/vesc_driver/cmake/ament_cmake_export_include_directories-extras.cmake
[0.531s] -- Up-to-date: /home/meric/f1tenth_ws/install/vesc_driver/share/vesc_driver/cmake/ament_cmake_export_libraries-extras.cmake
[0.532s] -- Up-to-date: /home/meric/f1tenth_ws/install/vesc_driver/share/vesc_driver/cmake/vesc_driverConfig.cmake
[0.532s] -- Up-to-date: /home/meric/f1tenth_ws/install/vesc_driver/share/vesc_driver/cmake/vesc_driverConfig-version.cmake
[0.533s] -- Up-to-date: /home/meric/f1tenth_ws/install/vesc_driver/share/vesc_driver/package.xml
[0.540s] Invoked command in '/home/meric/f1tenth_ws/build/vesc_driver' returned '0': AMENT_PREFIX_PATH=/home/meric/f1tenth_ws/install/vesc_msgs:${AMENT_PREFIX_PATH} CMAKE_PREFIX_PATH=/home/meric/f1tenth_ws/install/vesc_msgs:/opt/ros/foxy LD_LIBRARY_PATH=/home/meric/f1tenth_ws/install/vesc_msgs/lib:${LD_LIBRARY_PATH} PYTHONPATH=/home/meric/f1tenth_ws/install/vesc_msgs/lib/python3.8/site-packages:${PYTHONPATH} /usr/bin/cmake --install /home/meric/f1tenth_ws/build/vesc_driver
