[35m[1mScanning dependencies of target pure_pursuit[0m
[ 50%] Built target waypoint_visualizer
[ 75%] [32mBuilding CXX object CMakeFiles/pure_pursuit.dir/src/pure_pursuit.cpp.o[0m
[100%] [32m[1mLinking CXX executable pure_pursuit[0m
[100%] Built target pure_pursuit
-- Install configuration: ""
-- Installing: /home/meric/f1tenth_ws/install/pure_pursuit/lib/pure_pursuit/pure_pursuit
-- Set runtime path of "/home/meric/f1tenth_ws/install/pure_pursuit/lib/pure_pursuit/pure_pursuit" to ""
-- Up-to-date: /home/meric/f1tenth_ws/install/pure_pursuit/lib/pure_pursuit/waypoint_visualizer
-- Up-to-date: /home/meric/f1tenth_ws/install/pure_pursuit/share/pure_pursuit/launch
-- Up-to-date: /home/meric/f1tenth_ws/install/pure_pursuit/share/pure_pursuit/launch/pure_pursuit_launch.py
-- Up-to-date: /home/meric/f1tenth_ws/install/pure_pursuit/share/pure_pursuit/launch/sim_pure_pursuit.rviz
-- Up-to-date: /home/meric/f1tenth_ws/install/pure_pursuit/share/pure_pursuit/launch/sim_pure_pursuit_launch.py
-- Up-to-date: /home/meric/f1tenth_ws/install/pure_pursuit/share/pure_pursuit/launch/pure_pursuit.rviz
-- Up-to-date: /home/meric/f1tenth_ws/install/pure_pursuit/share/pure_pursuit/config
-- Installing: /home/meric/f1tenth_ws/install/pure_pursuit/share/pure_pursuit/config/config.yaml
-- Up-to-date: /home/meric/f1tenth_ws/install/pure_pursuit/share/pure_pursuit/config/sim_config.yaml
-- Up-to-date: /home/meric/f1tenth_ws/install/pure_pursuit/share/ament_index/resource_index/package_run_dependencies/pure_pursuit
-- Up-to-date: /home/meric/f1tenth_ws/install/pure_pursuit/share/ament_index/resource_index/parent_prefix_path/pure_pursuit
-- Up-to-date: /home/meric/f1tenth_ws/install/pure_pursuit/share/pure_pursuit/environment/ament_prefix_path.sh
-- Up-to-date: /home/meric/f1tenth_ws/install/pure_pursuit/share/pure_pursuit/environment/ament_prefix_path.dsv
-- Up-to-date: /home/meric/f1tenth_ws/install/pure_pursuit/share/pure_pursuit/environment/path.sh
-- Up-to-date: /home/meric/f1tenth_ws/install/pure_pursuit/share/pure_pursuit/environment/path.dsv
-- Up-to-date: /home/meric/f1tenth_ws/install/pure_pursuit/share/pure_pursuit/local_setup.bash
-- Up-to-date: /home/meric/f1tenth_ws/install/pure_pursuit/share/pure_pursuit/local_setup.sh
-- Up-to-date: /home/meric/f1tenth_ws/install/pure_pursuit/share/pure_pursuit/local_setup.zsh
-- Up-to-date: /home/meric/f1tenth_ws/install/pure_pursuit/share/pure_pursuit/local_setup.dsv
-- Installing: /home/meric/f1tenth_ws/install/pure_pursuit/share/pure_pursuit/package.dsv
-- Up-to-date: /home/meric/f1tenth_ws/install/pure_pursuit/share/ament_index/resource_index/packages/pure_pursuit
-- Up-to-date: /home/meric/f1tenth_ws/install/pure_pursuit/share/pure_pursuit/cmake/pure_pursuitConfig.cmake
-- Up-to-date: /home/meric/f1tenth_ws/install/pure_pursuit/share/pure_pursuit/cmake/pure_pursuitConfig-version.cmake
-- Up-to-date: /home/meric/f1tenth_ws/install/pure_pursuit/share/pure_pursuit/package.xml
