[2.350s] Invoking command in '/home/meric/f1tenth_ws/src/slam': PYTHONPATH=/home/meric/f1tenth_ws/build/slam/prefix_override:/usr/lib/python3/dist-packages/colcon_core/task/python/colcon_distutils_commands:/home/meric/f1tenth_ws/install/slam/lib/python3.8/site-packages:${PYTHONPATH} /usr/bin/python3 -W ignore:setup.py install is deprecated -W ignore:easy_install command is deprecated setup.py egg_info --egg-base ../../build/slam build --build-base /home/meric/f1tenth_ws/build/slam/build install --record /home/meric/f1tenth_ws/build/slam/install.log --install-scripts $base/lib/slam --single-version-externally-managed install_data
[2.910s] running egg_info
[2.911s] writing ../../build/slam/slam.egg-info/PKG-INFO
[2.914s] writing dependency_links to ../../build/slam/slam.egg-info/dependency_links.txt
[2.914s] writing entry points to ../../build/slam/slam.egg-info/entry_points.txt
[2.915s] writing requirements to ../../build/slam/slam.egg-info/requires.txt
[2.916s] writing top-level names to ../../build/slam/slam.egg-info/top_level.txt
[2.989s] reading manifest file '../../build/slam/slam.egg-info/SOURCES.txt'
[2.990s] writing manifest file '../../build/slam/slam.egg-info/SOURCES.txt'
[2.990s] running build
[2.991s] running build_py
[2.991s] running install
[2.993s] running install_lib
[2.997s] running install_data
[2.997s] running install_egg_info
[3.002s] removing '/home/meric/f1tenth_ws/install/slam/lib/python3.8/site-packages/slam-0.0.0-py3.8.egg-info' (and everything under it)
[3.002s] Copying ../../build/slam/slam.egg-info to /home/meric/f1tenth_ws/install/slam/lib/python3.8/site-packages/slam-0.0.0-py3.8.egg-info
[3.004s] running install_scripts
[3.045s] writing list of installed files to '/home/meric/f1tenth_ws/build/slam/install.log'
[3.103s] Invoked command in '/home/meric/f1tenth_ws/src/slam' returned '0': PYTHONPATH=/home/meric/f1tenth_ws/build/slam/prefix_override:/usr/lib/python3/dist-packages/colcon_core/task/python/colcon_distutils_commands:/home/meric/f1tenth_ws/install/slam/lib/python3.8/site-packages:${PYTHONPATH} /usr/bin/python3 -W ignore:setup.py install is deprecated -W ignore:easy_install command is deprecated setup.py egg_info --egg-base ../../build/slam build --build-base /home/meric/f1tenth_ws/build/slam/build install --record /home/meric/f1tenth_ws/build/slam/install.log --install-scripts $base/lib/slam --single-version-externally-managed install_data
