[1.131s] Invoking command in '/home/meric/f1tenth_ws/build/vesc_ackermann': AMENT_PREFIX_PATH=/home/meric/f1tenth_ws/install/vesc_msgs:${AMENT_PREFIX_PATH} CMAKE_PREFIX_PATH=/home/meric/f1tenth_ws/install/vesc_msgs:/home/meric/sim_ws/install/waypoint_generator:/home/meric/sim_ws/install/wall_follow:/home/meric/sim_ws/install/scan_matching:/home/meric/sim_ws/install/safety_node:/home/meric/sim_ws/install/pure_pursuit:/home/meric/sim_ws/install/gap_follow:/home/meric/sim_ws/install/stanley_avoidance:/home/meric/sim_ws/install/slam:/home/meric/sim_ws/install/navigation:/home/meric/sim_ws/install/f1tenth_gym_ros:/opt/ros/foxy LD_LIBRARY_PATH=/home/meric/f1tenth_ws/install/vesc_msgs/lib:${LD_LIBRARY_PATH} PYTHONPATH=/home/meric/f1tenth_ws/install/vesc_msgs/lib/python3.8/site-packages:${PYTHONPATH} /usr/bin/cmake --build /home/meric/f1tenth_ws/build/vesc_ackermann -- -j6 -l6
[1.320s] [ 28%] Built target ackermann_to_vesc_node
[1.343s] [ 57%] Built target vesc_to_odom_node
[1.389s] [100%] Built target vesc_ackermann
[1.445s] Invoked command in '/home/meric/f1tenth_ws/build/vesc_ackermann' returned '0': AMENT_PREFIX_PATH=/home/meric/f1tenth_ws/install/vesc_msgs:${AMENT_PREFIX_PATH} CMAKE_PREFIX_PATH=/home/meric/f1tenth_ws/install/vesc_msgs:/home/meric/sim_ws/install/waypoint_generator:/home/meric/sim_ws/install/wall_follow:/home/meric/sim_ws/install/scan_matching:/home/meric/sim_ws/install/safety_node:/home/meric/sim_ws/install/pure_pursuit:/home/meric/sim_ws/install/gap_follow:/home/meric/sim_ws/install/stanley_avoidance:/home/meric/sim_ws/install/slam:/home/meric/sim_ws/install/navigation:/home/meric/sim_ws/install/f1tenth_gym_ros:/opt/ros/foxy LD_LIBRARY_PATH=/home/meric/f1tenth_ws/install/vesc_msgs/lib:${LD_LIBRARY_PATH} PYTHONPATH=/home/meric/f1tenth_ws/install/vesc_msgs/lib/python3.8/site-packages:${PYTHONPATH} /usr/bin/cmake --build /home/meric/f1tenth_ws/build/vesc_ackermann -- -j6 -l6
[1.454s] Invoking command in '/home/meric/f1tenth_ws/build/vesc_ackermann': AMENT_PREFIX_PATH=/home/meric/f1tenth_ws/install/vesc_msgs:${AMENT_PREFIX_PATH} CMAKE_PREFIX_PATH=/home/meric/f1tenth_ws/install/vesc_msgs:/home/meric/sim_ws/install/waypoint_generator:/home/meric/sim_ws/install/wall_follow:/home/meric/sim_ws/install/scan_matching:/home/meric/sim_ws/install/safety_node:/home/meric/sim_ws/install/pure_pursuit:/home/meric/sim_ws/install/gap_follow:/home/meric/sim_ws/install/stanley_avoidance:/home/meric/sim_ws/install/slam:/home/meric/sim_ws/install/navigation:/home/meric/sim_ws/install/f1tenth_gym_ros:/opt/ros/foxy LD_LIBRARY_PATH=/home/meric/f1tenth_ws/install/vesc_msgs/lib:${LD_LIBRARY_PATH} PYTHONPATH=/home/meric/f1tenth_ws/install/vesc_msgs/lib/python3.8/site-packages:${PYTHONPATH} /usr/bin/cmake --install /home/meric/f1tenth_ws/build/vesc_ackermann
[1.503s] -- Install configuration: ""
[1.509s] -- Up-to-date: /home/meric/f1tenth_ws/install/vesc_ackermann/lib/vesc_ackermann/ackermann_to_vesc_node
[1.510s] -- Up-to-date: /home/meric/f1tenth_ws/install/vesc_ackermann/lib/vesc_ackermann/vesc_to_odom_node
[1.511s] -- Up-to-date: /home/meric/f1tenth_ws/install/vesc_ackermann/include
[1.512s] -- Up-to-date: /home/meric/f1tenth_ws/install/vesc_ackermann/include/vesc_ackermann
[1.513s] -- Up-to-date: /home/meric/f1tenth_ws/install/vesc_ackermann/include/vesc_ackermann/ackermann_to_vesc.hpp
[1.513s] -- Up-to-date: /home/meric/f1tenth_ws/install/vesc_ackermann/include/vesc_ackermann/vesc_to_odom.hpp
[1.513s] -- Up-to-date: /home/meric/f1tenth_ws/install/vesc_ackermann/share/vesc_ackermann/environment/library_path.sh
[1.516s] -- Up-to-date: /home/meric/f1tenth_ws/install/vesc_ackermann/share/vesc_ackermann/environment/library_path.dsv
[1.525s] -- Up-to-date: /home/meric/f1tenth_ws/install/vesc_ackermann/lib/libvesc_ackermann.so
[1.525s] -- Up-to-date: /home/meric/f1tenth_ws/install/vesc_ackermann/share/vesc_ackermann/launch
[1.526s] -- Up-to-date: /home/meric/f1tenth_ws/install/vesc_ackermann/share/vesc_ackermann/launch/vesc_to_odom_node.launch.xml
[1.526s] -- Up-to-date: /home/meric/f1tenth_ws/install/vesc_ackermann/share/vesc_ackermann/launch/ackermann_to_vesc_node.launch.xml
[1.527s] -- Up-to-date: /home/meric/f1tenth_ws/install/vesc_ackermann/share/ament_index/resource_index/package_run_dependencies/vesc_ackermann
[1.529s] -- Up-to-date: /home/meric/f1tenth_ws/install/vesc_ackermann/share/ament_index/resource_index/parent_prefix_path/vesc_ackermann
[1.529s] -- Up-to-date: /home/meric/f1tenth_ws/install/vesc_ackermann/share/vesc_ackermann/environment/ament_prefix_path.sh
[1.529s] -- Up-to-date: /home/meric/f1tenth_ws/install/vesc_ackermann/share/vesc_ackermann/environment/ament_prefix_path.dsv
[1.529s] -- Up-to-date: /home/meric/f1tenth_ws/install/vesc_ackermann/share/vesc_ackermann/environment/path.sh
[1.530s] -- Up-to-date: /home/meric/f1tenth_ws/install/vesc_ackermann/share/vesc_ackermann/environment/path.dsv
[1.530s] -- Up-to-date: /home/meric/f1tenth_ws/install/vesc_ackermann/share/vesc_ackermann/local_setup.bash
[1.530s] -- Up-to-date: /home/meric/f1tenth_ws/install/vesc_ackermann/share/vesc_ackermann/local_setup.sh
[1.530s] -- Up-to-date: /home/meric/f1tenth_ws/install/vesc_ackermann/share/vesc_ackermann/local_setup.zsh
[1.530s] -- Up-to-date: /home/meric/f1tenth_ws/install/vesc_ackermann/share/vesc_ackermann/local_setup.dsv
[1.530s] -- Installing: /home/meric/f1tenth_ws/install/vesc_ackermann/share/vesc_ackermann/package.dsv
[1.531s] -- Up-to-date: /home/meric/f1tenth_ws/install/vesc_ackermann/share/ament_index/resource_index/packages/vesc_ackermann
[1.532s] -- Up-to-date: /home/meric/f1tenth_ws/install/vesc_ackermann/share/ament_index/resource_index/rclcpp_components/vesc_ackermann
[1.536s] -- Up-to-date: /home/meric/f1tenth_ws/install/vesc_ackermann/share/vesc_ackermann/cmake/ament_cmake_export_dependencies-extras.cmake
[1.542s] -- Up-to-date: /home/meric/f1tenth_ws/install/vesc_ackermann/share/vesc_ackermann/cmake/ament_cmake_export_include_directories-extras.cmake
[1.542s] -- Up-to-date: /home/meric/f1tenth_ws/install/vesc_ackermann/share/vesc_ackermann/cmake/ament_cmake_export_libraries-extras.cmake
[1.548s] -- Up-to-date: /home/meric/f1tenth_ws/install/vesc_ackermann/share/vesc_ackermann/cmake/vesc_ackermannConfig.cmake
[1.548s] -- Up-to-date: /home/meric/f1tenth_ws/install/vesc_ackermann/share/vesc_ackermann/cmake/vesc_ackermannConfig-version.cmake
[1.549s] -- Up-to-date: /home/meric/f1tenth_ws/install/vesc_ackermann/share/vesc_ackermann/package.xml
[1.550s] Invoked command in '/home/meric/f1tenth_ws/build/vesc_ackermann' returned '0': AMENT_PREFIX_PATH=/home/meric/f1tenth_ws/install/vesc_msgs:${AMENT_PREFIX_PATH} CMAKE_PREFIX_PATH=/home/meric/f1tenth_ws/install/vesc_msgs:/home/meric/sim_ws/install/waypoint_generator:/home/meric/sim_ws/install/wall_follow:/home/meric/sim_ws/install/scan_matching:/home/meric/sim_ws/install/safety_node:/home/meric/sim_ws/install/pure_pursuit:/home/meric/sim_ws/install/gap_follow:/home/meric/sim_ws/install/stanley_avoidance:/home/meric/sim_ws/install/slam:/home/meric/sim_ws/install/navigation:/home/meric/sim_ws/install/f1tenth_gym_ros:/opt/ros/foxy LD_LIBRARY_PATH=/home/meric/f1tenth_ws/install/vesc_msgs/lib:${LD_LIBRARY_PATH} PYTHONPATH=/home/meric/f1tenth_ws/install/vesc_msgs/lib/python3.8/site-packages:${PYTHONPATH} /usr/bin/cmake --install /home/meric/f1tenth_ws/build/vesc_ackermann
