[0.121s] Invoking command in '/home/meric/f1tenth_ws/build/ackermann_mux': CMAKE_PREFIX_PATH=/opt/ros/foxy /usr/bin/cmake --build /home/meric/f1tenth_ws/build/ackermann_mux -- -j6 -l6
[1.751s] [100%] Built target ackermann_mux
[1.786s] Invoked command in '/home/meric/f1tenth_ws/build/ackermann_mux' returned '0': CMAKE_PREFIX_PATH=/opt/ros/foxy /usr/bin/cmake --build /home/meric/f1tenth_ws/build/ackermann_mux -- -j6 -l6
[1.796s] Invoking command in '/home/meric/f1tenth_ws/build/ackermann_mux': CMAKE_PREFIX_PATH=/opt/ros/foxy /usr/bin/cmake --install /home/meric/f1tenth_ws/build/ackermann_mux
[1.847s] -- Install configuration: ""
[1.847s] -- Up-to-date: /home/meric/f1tenth_ws/install/ackermann_mux/lib/ackermann_mux/ackermann_mux
[1.848s] -- Up-to-date: /home/meric/f1tenth_ws/install/ackermann_mux/share/ackermann_mux/launch
[1.848s] -- Up-to-date: /home/meric/f1tenth_ws/install/ackermann_mux/share/ackermann_mux/launch/ackermann_mux_launch.py
[1.860s] -- Up-to-date: /home/meric/f1tenth_ws/install/ackermann_mux/share/ackermann_mux/config
[1.860s] -- Up-to-date: /home/meric/f1tenth_ws/install/ackermann_mux/share/ackermann_mux/config/joystick.yaml
[1.861s] -- Up-to-date: /home/meric/f1tenth_ws/install/ackermann_mux/share/ackermann_mux/config/ackermann_mux_topics.yaml
[1.861s] -- Up-to-date: /home/meric/f1tenth_ws/install/ackermann_mux/share/ackermann_mux/config/ackermann_mux_locks.yaml
[1.861s] -- Up-to-date: /home/meric/f1tenth_ws/install/ackermann_mux/include
[1.861s] -- Up-to-date: /home/meric/f1tenth_ws/install/ackermann_mux/include/ackermann_mux
[1.861s] -- Up-to-date: /home/meric/f1tenth_ws/install/ackermann_mux/include/ackermann_mux/ackermann_mux_diagnostics_status.hpp
[1.861s] -- Up-to-date: /home/meric/f1tenth_ws/install/ackermann_mux/include/ackermann_mux/params_helpers.hpp
[1.861s] -- Up-to-date: /home/meric/f1tenth_ws/install/ackermann_mux/include/ackermann_mux/ackermann_mux.hpp
[1.862s] -- Up-to-date: /home/meric/f1tenth_ws/install/ackermann_mux/include/ackermann_mux/ackermann_mux_diagnostics.hpp
[1.862s] -- Up-to-date: /home/meric/f1tenth_ws/install/ackermann_mux/include/ackermann_mux/utils.hpp
[1.862s] -- Up-to-date: /home/meric/f1tenth_ws/install/ackermann_mux/include/ackermann_mux/topic_handle.hpp
[1.862s] -- Up-to-date: /home/meric/f1tenth_ws/install/ackermann_mux/share/ament_index/resource_index/package_run_dependencies/ackermann_mux
[1.862s] -- Up-to-date: /home/meric/f1tenth_ws/install/ackermann_mux/share/ament_index/resource_index/parent_prefix_path/ackermann_mux
[1.862s] -- Up-to-date: /home/meric/f1tenth_ws/install/ackermann_mux/share/ackermann_mux/environment/ament_prefix_path.sh
[1.862s] -- Up-to-date: /home/meric/f1tenth_ws/install/ackermann_mux/share/ackermann_mux/environment/ament_prefix_path.dsv
[1.863s] -- Up-to-date: /home/meric/f1tenth_ws/install/ackermann_mux/share/ackermann_mux/environment/path.sh
[1.863s] -- Up-to-date: /home/meric/f1tenth_ws/install/ackermann_mux/share/ackermann_mux/environment/path.dsv
[1.863s] -- Up-to-date: /home/meric/f1tenth_ws/install/ackermann_mux/share/ackermann_mux/local_setup.bash
[1.863s] -- Up-to-date: /home/meric/f1tenth_ws/install/ackermann_mux/share/ackermann_mux/local_setup.sh
[1.863s] -- Up-to-date: /home/meric/f1tenth_ws/install/ackermann_mux/share/ackermann_mux/local_setup.zsh
[1.863s] -- Up-to-date: /home/meric/f1tenth_ws/install/ackermann_mux/share/ackermann_mux/local_setup.dsv
[1.863s] -- Installing: /home/meric/f1tenth_ws/install/ackermann_mux/share/ackermann_mux/package.dsv
[1.863s] -- Up-to-date: /home/meric/f1tenth_ws/install/ackermann_mux/share/ament_index/resource_index/packages/ackermann_mux
[1.864s] -- Up-to-date: /home/meric/f1tenth_ws/install/ackermann_mux/share/ackermann_mux/cmake/ament_cmake_export_include_directories-extras.cmake
[1.864s] -- Up-to-date: /home/meric/f1tenth_ws/install/ackermann_mux/share/ackermann_mux/cmake/ament_cmake_export_dependencies-extras.cmake
[1.864s] -- Up-to-date: /home/meric/f1tenth_ws/install/ackermann_mux/share/ackermann_mux/cmake/ackermann_muxConfig.cmake
[1.869s] -- Up-to-date: /home/meric/f1tenth_ws/install/ackermann_mux/share/ackermann_mux/cmake/ackermann_muxConfig-version.cmake
[1.879s] -- Up-to-date: /home/meric/f1tenth_ws/install/ackermann_mux/share/ackermann_mux/package.xml
[1.924s] Invoked command in '/home/meric/f1tenth_ws/build/ackermann_mux' returned '0': CMAKE_PREFIX_PATH=/opt/ros/foxy /usr/bin/cmake --install /home/meric/f1tenth_ws/build/ackermann_mux
