[0.123s] Invoking command in '/home/meric/f1tenth_ws/build/teleop_tools_msgs': CMAKE_PREFIX_PATH=${CMAKE_PREFIX_PATH}:/home/meric/f1tenth_ws/install/f1tenth_stack:/home/meric/f1tenth_ws/install/joy_teleop:/home/meric/f1tenth_ws/install/stanley_avoidance:/home/meric/f1tenth_ws/install/stanley2_avoidance:/home/meric/f1tenth_ws/install/slam:/home/meric/f1tenth_ws/install/particle_filter:/home/meric/f1tenth_ws/install/mouse_teleop:/home/meric/f1tenth_ws/install/key_teleop:/home/meric/sim_ws/install/stanley_avoidance:/home/meric/sim_ws/install/slam:/home/meric/sim_ws/install/navigation:/home/meric/sim_ws/install/f1tenth_gym_ros:/home/meric/install/f1tenth_stack:/home/meric/install/joy_teleop:/home/meric/install/mouse_teleop:/home/meric/install/key_teleop:/opt/ros/foxy /usr/bin/cmake --build /home/meric/f1tenth_ws/build/teleop_tools_msgs -- -j6 -l6
[1.327s] [  3%] Built target teleop_tools_msgs__cpp
[1.327s] [ 12%] Built target teleop_tools_msgs__rosidl_generator_c
[1.327s] [ 22%] Built target teleop_tools_msgs__rosidl_typesupport_introspection_cpp
[1.327s] [ 32%] Built target teleop_tools_msgs__rosidl_typesupport_cpp
[1.327s] [ 41%] Built target teleop_tools_msgs__rosidl_typesupport_fastrtps_cpp
[1.327s] [ 51%] Built target teleop_tools_msgs__rosidl_typesupport_introspection_c
[1.327s] [ 61%] Built target teleop_tools_msgs__rosidl_typesupport_c
[1.328s] [ 70%] Built target teleop_tools_msgs__rosidl_typesupport_fastrtps_c
[1.328s] [ 70%] Built target teleop_tools_msgs
[1.328s] [ 74%] Built target teleop_tools_msgs__py
[1.328s] [ 80%] Built target teleop_tools_msgs__python
[1.328s] [ 87%] Built target teleop_tools_msgs__rosidl_typesupport_introspection_c__pyext
[1.328s] [ 93%] Built target teleop_tools_msgs__rosidl_typesupport_c__pyext
[1.328s] [100%] Built target teleop_tools_msgs__rosidl_typesupport_fastrtps_c__pyext
[1.927s] Invoked command in '/home/meric/f1tenth_ws/build/teleop_tools_msgs' returned '0': CMAKE_PREFIX_PATH=${CMAKE_PREFIX_PATH}:/home/meric/f1tenth_ws/install/f1tenth_stack:/home/meric/f1tenth_ws/install/joy_teleop:/home/meric/f1tenth_ws/install/stanley_avoidance:/home/meric/f1tenth_ws/install/stanley2_avoidance:/home/meric/f1tenth_ws/install/slam:/home/meric/f1tenth_ws/install/particle_filter:/home/meric/f1tenth_ws/install/mouse_teleop:/home/meric/f1tenth_ws/install/key_teleop:/home/meric/sim_ws/install/stanley_avoidance:/home/meric/sim_ws/install/slam:/home/meric/sim_ws/install/navigation:/home/meric/sim_ws/install/f1tenth_gym_ros:/home/meric/install/f1tenth_stack:/home/meric/install/joy_teleop:/home/meric/install/mouse_teleop:/home/meric/install/key_teleop:/opt/ros/foxy /usr/bin/cmake --build /home/meric/f1tenth_ws/build/teleop_tools_msgs -- -j6 -l6
[1.932s] Invoking command in '/home/meric/f1tenth_ws/build/teleop_tools_msgs': CMAKE_PREFIX_PATH=${CMAKE_PREFIX_PATH}:/home/meric/f1tenth_ws/install/f1tenth_stack:/home/meric/f1tenth_ws/install/joy_teleop:/home/meric/f1tenth_ws/install/stanley_avoidance:/home/meric/f1tenth_ws/install/stanley2_avoidance:/home/meric/f1tenth_ws/install/slam:/home/meric/f1tenth_ws/install/particle_filter:/home/meric/f1tenth_ws/install/mouse_teleop:/home/meric/f1tenth_ws/install/key_teleop:/home/meric/sim_ws/install/stanley_avoidance:/home/meric/sim_ws/install/slam:/home/meric/sim_ws/install/navigation:/home/meric/sim_ws/install/f1tenth_gym_ros:/home/meric/install/f1tenth_stack:/home/meric/install/joy_teleop:/home/meric/install/mouse_teleop:/home/meric/install/key_teleop:/opt/ros/foxy /usr/bin/cmake --install /home/meric/f1tenth_ws/build/teleop_tools_msgs
[1.967s] -- Install configuration: ""
[1.967s] -- Up-to-date: /home/meric/f1tenth_ws/install/teleop_tools_msgs/share/ament_index/resource_index/rosidl_interfaces/teleop_tools_msgs
[1.967s] -- Up-to-date: /home/meric/f1tenth_ws/install/teleop_tools_msgs/include/teleop_tools_msgs
[1.967s] -- Up-to-date: /home/meric/f1tenth_ws/install/teleop_tools_msgs/include/teleop_tools_msgs/msg
[1.967s] -- Up-to-date: /home/meric/f1tenth_ws/install/teleop_tools_msgs/include/teleop_tools_msgs/msg/rosidl_generator_c__visibility_control.h
[1.967s] -- Up-to-date: /home/meric/f1tenth_ws/install/teleop_tools_msgs/include/teleop_tools_msgs/action
[1.967s] -- Up-to-date: /home/meric/f1tenth_ws/install/teleop_tools_msgs/include/teleop_tools_msgs/action/detail
[1.968s] -- Up-to-date: /home/meric/f1tenth_ws/install/teleop_tools_msgs/include/teleop_tools_msgs/action/detail/increment__functions.h
[1.968s] -- Up-to-date: /home/meric/f1tenth_ws/install/teleop_tools_msgs/include/teleop_tools_msgs/action/detail/increment__struct.h
[1.968s] -- Up-to-date: /home/meric/f1tenth_ws/install/teleop_tools_msgs/include/teleop_tools_msgs/action/detail/increment__type_support.h
[1.968s] -- Up-to-date: /home/meric/f1tenth_ws/install/teleop_tools_msgs/include/teleop_tools_msgs/action/detail/increment__functions.c
[1.968s] -- Up-to-date: /home/meric/f1tenth_ws/install/teleop_tools_msgs/include/teleop_tools_msgs/action/increment.h
[1.968s] -- Up-to-date: /home/meric/f1tenth_ws/install/teleop_tools_msgs/share/teleop_tools_msgs/environment/library_path.sh
[1.968s] -- Up-to-date: /home/meric/f1tenth_ws/install/teleop_tools_msgs/share/teleop_tools_msgs/environment/library_path.dsv
[1.968s] -- Up-to-date: /home/meric/f1tenth_ws/install/teleop_tools_msgs/lib/libteleop_tools_msgs__rosidl_generator_c.so
[1.984s] -- Up-to-date: /home/meric/f1tenth_ws/install/teleop_tools_msgs/include/teleop_tools_msgs
[1.984s] -- Up-to-date: /home/meric/f1tenth_ws/install/teleop_tools_msgs/include/teleop_tools_msgs/msg
[1.984s] -- Up-to-date: /home/meric/f1tenth_ws/install/teleop_tools_msgs/include/teleop_tools_msgs/msg/rosidl_typesupport_fastrtps_c__visibility_control.h
[1.984s] -- Up-to-date: /home/meric/f1tenth_ws/install/teleop_tools_msgs/include/teleop_tools_msgs/action
[1.984s] -- Up-to-date: /home/meric/f1tenth_ws/install/teleop_tools_msgs/include/teleop_tools_msgs/action/detail
[1.984s] -- Up-to-date: /home/meric/f1tenth_ws/install/teleop_tools_msgs/include/teleop_tools_msgs/action/detail/increment__rosidl_typesupport_fastrtps_c.h
[1.985s] -- Up-to-date: /home/meric/f1tenth_ws/install/teleop_tools_msgs/lib/libteleop_tools_msgs__rosidl_typesupport_fastrtps_c.so
[1.985s] -- Up-to-date: /home/meric/f1tenth_ws/install/teleop_tools_msgs/include/teleop_tools_msgs
[1.985s] -- Up-to-date: /home/meric/f1tenth_ws/install/teleop_tools_msgs/include/teleop_tools_msgs/msg
[1.986s] -- Up-to-date: /home/meric/f1tenth_ws/install/teleop_tools_msgs/include/teleop_tools_msgs/msg/rosidl_typesupport_fastrtps_cpp__visibility_control.h
[1.986s] -- Up-to-date: /home/meric/f1tenth_ws/install/teleop_tools_msgs/include/teleop_tools_msgs/action
[1.986s] -- Up-to-date: /home/meric/f1tenth_ws/install/teleop_tools_msgs/include/teleop_tools_msgs/action/detail
[1.986s] -- Up-to-date: /home/meric/f1tenth_ws/install/teleop_tools_msgs/include/teleop_tools_msgs/action/detail/increment__rosidl_typesupport_fastrtps_cpp.hpp
[1.986s] -- Up-to-date: /home/meric/f1tenth_ws/install/teleop_tools_msgs/include/teleop_tools_msgs/action/detail/dds_fastrtps
[1.987s] -- Up-to-date: /home/meric/f1tenth_ws/install/teleop_tools_msgs/lib/libteleop_tools_msgs__rosidl_typesupport_fastrtps_cpp.so
[1.991s] -- Up-to-date: /home/meric/f1tenth_ws/install/teleop_tools_msgs/include/teleop_tools_msgs
[1.991s] -- Up-to-date: /home/meric/f1tenth_ws/install/teleop_tools_msgs/include/teleop_tools_msgs/msg
[1.991s] -- Up-to-date: /home/meric/f1tenth_ws/install/teleop_tools_msgs/include/teleop_tools_msgs/msg/rosidl_typesupport_introspection_c__visibility_control.h
[1.991s] -- Up-to-date: /home/meric/f1tenth_ws/install/teleop_tools_msgs/include/teleop_tools_msgs/action
[1.991s] -- Up-to-date: /home/meric/f1tenth_ws/install/teleop_tools_msgs/include/teleop_tools_msgs/action/detail
[1.991s] -- Up-to-date: /home/meric/f1tenth_ws/install/teleop_tools_msgs/include/teleop_tools_msgs/action/detail/increment__rosidl_typesupport_introspection_c.h
[1.992s] -- Up-to-date: /home/meric/f1tenth_ws/install/teleop_tools_msgs/include/teleop_tools_msgs/action/detail/increment__type_support.c
[1.992s] -- Up-to-date: /home/meric/f1tenth_ws/install/teleop_tools_msgs/lib/libteleop_tools_msgs__rosidl_typesupport_introspection_c.so
[1.992s] -- Up-to-date: /home/meric/f1tenth_ws/install/teleop_tools_msgs/lib/libteleop_tools_msgs__rosidl_typesupport_c.so
[1.992s] -- Up-to-date: /home/meric/f1tenth_ws/install/teleop_tools_msgs/include/teleop_tools_msgs
[1.992s] -- Up-to-date: /home/meric/f1tenth_ws/install/teleop_tools_msgs/include/teleop_tools_msgs/msg
[1.992s] -- Up-to-date: /home/meric/f1tenth_ws/install/teleop_tools_msgs/include/teleop_tools_msgs/msg/rosidl_generator_cpp__visibility_control.hpp
[1.992s] -- Up-to-date: /home/meric/f1tenth_ws/install/teleop_tools_msgs/include/teleop_tools_msgs/action
[1.993s] -- Up-to-date: /home/meric/f1tenth_ws/install/teleop_tools_msgs/include/teleop_tools_msgs/action/increment.hpp
[1.993s] -- Up-to-date: /home/meric/f1tenth_ws/install/teleop_tools_msgs/include/teleop_tools_msgs/action/detail
[1.993s] -- Up-to-date: /home/meric/f1tenth_ws/install/teleop_tools_msgs/include/teleop_tools_msgs/action/detail/increment__struct.hpp
[1.994s] -- Up-to-date: /home/meric/f1tenth_ws/install/teleop_tools_msgs/include/teleop_tools_msgs/action/detail/increment__traits.hpp
[1.994s] -- Up-to-date: /home/meric/f1tenth_ws/install/teleop_tools_msgs/include/teleop_tools_msgs/action/detail/increment__type_support.hpp
[1.994s] -- Up-to-date: /home/meric/f1tenth_ws/install/teleop_tools_msgs/include/teleop_tools_msgs/action/detail/increment__builder.hpp
[1.994s] -- Up-to-date: /home/meric/f1tenth_ws/install/teleop_tools_msgs/include/teleop_tools_msgs
[1.994s] -- Up-to-date: /home/meric/f1tenth_ws/install/teleop_tools_msgs/include/teleop_tools_msgs/action
[1.994s] -- Up-to-date: /home/meric/f1tenth_ws/install/teleop_tools_msgs/include/teleop_tools_msgs/action/detail
[1.994s] -- Up-to-date: /home/meric/f1tenth_ws/install/teleop_tools_msgs/include/teleop_tools_msgs/action/detail/increment__rosidl_typesupport_introspection_cpp.hpp
[1.994s] -- Up-to-date: /home/meric/f1tenth_ws/install/teleop_tools_msgs/include/teleop_tools_msgs/action/detail/increment__type_support.cpp
[1.995s] -- Up-to-date: /home/meric/f1tenth_ws/install/teleop_tools_msgs/lib/libteleop_tools_msgs__rosidl_typesupport_introspection_cpp.so
[1.995s] -- Up-to-date: /home/meric/f1tenth_ws/install/teleop_tools_msgs/lib/libteleop_tools_msgs__rosidl_typesupport_cpp.so
[1.995s] -- Up-to-date: /home/meric/f1tenth_ws/install/teleop_tools_msgs/share/teleop_tools_msgs/environment/pythonpath.sh
[1.995s] -- Up-to-date: /home/meric/f1tenth_ws/install/teleop_tools_msgs/share/teleop_tools_msgs/environment/pythonpath.dsv
[1.995s] -- Up-to-date: /home/meric/f1tenth_ws/install/teleop_tools_msgs/lib/python3.8/site-packages/teleop_tools_msgs/__init__.py
[2.110s] -- Up-to-date: /home/meric/f1tenth_ws/install/teleop_tools_msgs/lib/python3.8/site-packages/teleop_tools_msgs/action
[2.111s] -- Up-to-date: /home/meric/f1tenth_ws/install/teleop_tools_msgs/lib/python3.8/site-packages/teleop_tools_msgs/action/_increment.py
[2.111s] -- Up-to-date: /home/meric/f1tenth_ws/install/teleop_tools_msgs/lib/python3.8/site-packages/teleop_tools_msgs/action/__init__.py
[2.112s] -- Up-to-date: /home/meric/f1tenth_ws/install/teleop_tools_msgs/lib/python3.8/site-packages/teleop_tools_msgs/action/_increment_s.c
[2.121s] -- Up-to-date: /home/meric/f1tenth_ws/install/teleop_tools_msgs/lib/python3.8/site-packages/teleop_tools_msgs/teleop_tools_msgs_s__rosidl_typesupport_fastrtps_c.cpython-38-aarch64-linux-gnu.so
[2.122s] -- Up-to-date: /home/meric/f1tenth_ws/install/teleop_tools_msgs/lib/python3.8/site-packages/teleop_tools_msgs/teleop_tools_msgs_s__rosidl_typesupport_introspection_c.cpython-38-aarch64-linux-gnu.so
[2.125s] -- Up-to-date: /home/meric/f1tenth_ws/install/teleop_tools_msgs/lib/python3.8/site-packages/teleop_tools_msgs/teleop_tools_msgs_s__rosidl_typesupport_c.cpython-38-aarch64-linux-gnu.so
[2.128s] -- Up-to-date: /home/meric/f1tenth_ws/install/teleop_tools_msgs/lib/libteleop_tools_msgs__python.so
[2.128s] -- Up-to-date: /home/meric/f1tenth_ws/install/teleop_tools_msgs/share/teleop_tools_msgs/action/Increment.idl
[2.129s] -- Up-to-date: /home/meric/f1tenth_ws/install/teleop_tools_msgs/share/teleop_tools_msgs/action/Increment.action
[2.130s] -- Up-to-date: /home/meric/f1tenth_ws/install/teleop_tools_msgs/share/ament_index/resource_index/package_run_dependencies/teleop_tools_msgs
[2.131s] -- Up-to-date: /home/meric/f1tenth_ws/install/teleop_tools_msgs/share/ament_index/resource_index/parent_prefix_path/teleop_tools_msgs
[2.132s] -- Up-to-date: /home/meric/f1tenth_ws/install/teleop_tools_msgs/share/teleop_tools_msgs/environment/ament_prefix_path.sh
[2.132s] -- Up-to-date: /home/meric/f1tenth_ws/install/teleop_tools_msgs/share/teleop_tools_msgs/environment/ament_prefix_path.dsv
[2.133s] -- Up-to-date: /home/meric/f1tenth_ws/install/teleop_tools_msgs/share/teleop_tools_msgs/environment/path.sh
[2.133s] -- Up-to-date: /home/meric/f1tenth_ws/install/teleop_tools_msgs/share/teleop_tools_msgs/environment/path.dsv
[2.136s] -- Up-to-date: /home/meric/f1tenth_ws/install/teleop_tools_msgs/share/teleop_tools_msgs/local_setup.bash
[2.137s] -- Up-to-date: /home/meric/f1tenth_ws/install/teleop_tools_msgs/share/teleop_tools_msgs/local_setup.sh
[2.137s] -- Up-to-date: /home/meric/f1tenth_ws/install/teleop_tools_msgs/share/teleop_tools_msgs/local_setup.zsh
[2.137s] -- Up-to-date: /home/meric/f1tenth_ws/install/teleop_tools_msgs/share/teleop_tools_msgs/local_setup.dsv
[2.137s] -- Installing: /home/meric/f1tenth_ws/install/teleop_tools_msgs/share/teleop_tools_msgs/package.dsv
[2.137s] -- Up-to-date: /home/meric/f1tenth_ws/install/teleop_tools_msgs/share/ament_index/resource_index/packages/teleop_tools_msgs
[2.138s] -- Up-to-date: /home/meric/f1tenth_ws/install/teleop_tools_msgs/share/teleop_tools_msgs/cmake/teleop_tools_msgs__rosidl_generator_cExport.cmake
[2.138s] -- Up-to-date: /home/meric/f1tenth_ws/install/teleop_tools_msgs/share/teleop_tools_msgs/cmake/teleop_tools_msgs__rosidl_generator_cExport-noconfig.cmake
[2.138s] -- Up-to-date: /home/meric/f1tenth_ws/install/teleop_tools_msgs/share/teleop_tools_msgs/cmake/teleop_tools_msgs__rosidl_typesupport_introspection_cExport.cmake
[2.138s] -- Up-to-date: /home/meric/f1tenth_ws/install/teleop_tools_msgs/share/teleop_tools_msgs/cmake/teleop_tools_msgs__rosidl_typesupport_introspection_cExport-noconfig.cmake
[2.139s] -- Up-to-date: /home/meric/f1tenth_ws/install/teleop_tools_msgs/share/teleop_tools_msgs/cmake/teleop_tools_msgs__rosidl_typesupport_cExport.cmake
[2.139s] -- Up-to-date: /home/meric/f1tenth_ws/install/teleop_tools_msgs/share/teleop_tools_msgs/cmake/teleop_tools_msgs__rosidl_typesupport_cExport-noconfig.cmake
[2.139s] -- Up-to-date: /home/meric/f1tenth_ws/install/teleop_tools_msgs/share/teleop_tools_msgs/cmake/teleop_tools_msgs__rosidl_generator_cppExport.cmake
[2.139s] -- Up-to-date: /home/meric/f1tenth_ws/install/teleop_tools_msgs/share/teleop_tools_msgs/cmake/teleop_tools_msgs__rosidl_typesupport_introspection_cppExport.cmake
[2.139s] -- Up-to-date: /home/meric/f1tenth_ws/install/teleop_tools_msgs/share/teleop_tools_msgs/cmake/teleop_tools_msgs__rosidl_typesupport_introspection_cppExport-noconfig.cmake
[2.139s] -- Up-to-date: /home/meric/f1tenth_ws/install/teleop_tools_msgs/share/teleop_tools_msgs/cmake/teleop_tools_msgs__rosidl_typesupport_cppExport.cmake
[2.140s] -- Up-to-date: /home/meric/f1tenth_ws/install/teleop_tools_msgs/share/teleop_tools_msgs/cmake/teleop_tools_msgs__rosidl_typesupport_cppExport-noconfig.cmake
[2.140s] -- Up-to-date: /home/meric/f1tenth_ws/install/teleop_tools_msgs/share/teleop_tools_msgs/cmake/rosidl_cmake-extras.cmake
[2.140s] -- Up-to-date: /home/meric/f1tenth_ws/install/teleop_tools_msgs/share/teleop_tools_msgs/cmake/ament_cmake_export_dependencies-extras.cmake
[2.140s] -- Up-to-date: /home/meric/f1tenth_ws/install/teleop_tools_msgs/share/teleop_tools_msgs/cmake/ament_cmake_export_libraries-extras.cmake
[2.140s] -- Up-to-date: /home/meric/f1tenth_ws/install/teleop_tools_msgs/share/teleop_tools_msgs/cmake/ament_cmake_export_targets-extras.cmake
[2.140s] -- Up-to-date: /home/meric/f1tenth_ws/install/teleop_tools_msgs/share/teleop_tools_msgs/cmake/ament_cmake_export_include_directories-extras.cmake
[2.140s] -- Up-to-date: /home/meric/f1tenth_ws/install/teleop_tools_msgs/share/teleop_tools_msgs/cmake/rosidl_cmake_export_typesupport_libraries-extras.cmake
[2.140s] -- Up-to-date: /home/meric/f1tenth_ws/install/teleop_tools_msgs/share/teleop_tools_msgs/cmake/rosidl_cmake_export_typesupport_targets-extras.cmake
[2.141s] -- Up-to-date: /home/meric/f1tenth_ws/install/teleop_tools_msgs/share/teleop_tools_msgs/cmake/teleop_tools_msgsConfig.cmake
[2.141s] -- Up-to-date: /home/meric/f1tenth_ws/install/teleop_tools_msgs/share/teleop_tools_msgs/cmake/teleop_tools_msgsConfig-version.cmake
[2.157s] -- Up-to-date: /home/meric/f1tenth_ws/install/teleop_tools_msgs/share/teleop_tools_msgs/package.xml
[2.202s] Invoked command in '/home/meric/f1tenth_ws/build/teleop_tools_msgs' returned '0': CMAKE_PREFIX_PATH=${CMAKE_PREFIX_PATH}:/home/meric/f1tenth_ws/install/f1tenth_stack:/home/meric/f1tenth_ws/install/joy_teleop:/home/meric/f1tenth_ws/install/stanley_avoidance:/home/meric/f1tenth_ws/install/stanley2_avoidance:/home/meric/f1tenth_ws/install/slam:/home/meric/f1tenth_ws/install/particle_filter:/home/meric/f1tenth_ws/install/mouse_teleop:/home/meric/f1tenth_ws/install/key_teleop:/home/meric/sim_ws/install/stanley_avoidance:/home/meric/sim_ws/install/slam:/home/meric/sim_ws/install/navigation:/home/meric/sim_ws/install/f1tenth_gym_ros:/home/meric/install/f1tenth_stack:/home/meric/install/joy_teleop:/home/meric/install/mouse_teleop:/home/meric/install/key_teleop:/opt/ros/foxy /usr/bin/cmake --install /home/meric/f1tenth_ws/build/teleop_tools_msgs
