[0.097s] Invoking command in '/home/meric/f1tenth_ws/build/vesc': AMENT_PREFIX_PATH=/home/meric/f1tenth_ws/install/vesc_driver:/home/meric/f1tenth_ws/install/vesc_ackermann:/home/meric/f1tenth_ws/install/vesc_msgs:${AMENT_PREFIX_PATH} CMAKE_PREFIX_PATH=/home/meric/f1tenth_ws/install/vesc_driver:/home/meric/f1tenth_ws/install/vesc_ackermann:/home/meric/f1tenth_ws/install/vesc_msgs:/opt/ros/foxy LD_LIBRARY_PATH=/home/meric/f1tenth_ws/install/vesc_driver/lib:/home/meric/f1tenth_ws/install/vesc_ackermann/lib:/home/meric/f1tenth_ws/install/vesc_msgs/lib:${LD_LIBRARY_PATH} PYTHONPATH=/home/meric/f1tenth_ws/install/vesc_msgs/lib/python3.8/site-packages:${PYTHONPATH} /usr/bin/cmake --build /home/meric/f1tenth_ws/build/vesc -- -j6 -l6
[0.284s] Invoked command in '/home/meric/f1tenth_ws/build/vesc' returned '0': AMENT_PREFIX_PATH=/home/meric/f1tenth_ws/install/vesc_driver:/home/meric/f1tenth_ws/install/vesc_ackermann:/home/meric/f1tenth_ws/install/vesc_msgs:${AMENT_PREFIX_PATH} CMAKE_PREFIX_PATH=/home/meric/f1tenth_ws/install/vesc_driver:/home/meric/f1tenth_ws/install/vesc_ackermann:/home/meric/f1tenth_ws/install/vesc_msgs:/opt/ros/foxy LD_LIBRARY_PATH=/home/meric/f1tenth_ws/install/vesc_driver/lib:/home/meric/f1tenth_ws/install/vesc_ackermann/lib:/home/meric/f1tenth_ws/install/vesc_msgs/lib:${LD_LIBRARY_PATH} PYTHONPATH=/home/meric/f1tenth_ws/install/vesc_msgs/lib/python3.8/site-packages:${PYTHONPATH} /usr/bin/cmake --build /home/meric/f1tenth_ws/build/vesc -- -j6 -l6
[0.291s] Invoking command in '/home/meric/f1tenth_ws/build/vesc': AMENT_PREFIX_PATH=/home/meric/f1tenth_ws/install/vesc_driver:/home/meric/f1tenth_ws/install/vesc_ackermann:/home/meric/f1tenth_ws/install/vesc_msgs:${AMENT_PREFIX_PATH} CMAKE_PREFIX_PATH=/home/meric/f1tenth_ws/install/vesc_driver:/home/meric/f1tenth_ws/install/vesc_ackermann:/home/meric/f1tenth_ws/install/vesc_msgs:/opt/ros/foxy LD_LIBRARY_PATH=/home/meric/f1tenth_ws/install/vesc_driver/lib:/home/meric/f1tenth_ws/install/vesc_ackermann/lib:/home/meric/f1tenth_ws/install/vesc_msgs/lib:${LD_LIBRARY_PATH} PYTHONPATH=/home/meric/f1tenth_ws/install/vesc_msgs/lib/python3.8/site-packages:${PYTHONPATH} /usr/bin/cmake --install /home/meric/f1tenth_ws/build/vesc
[0.315s] -- Install configuration: ""
[0.316s] -- Up-to-date: /home/meric/f1tenth_ws/install/vesc/share/ament_index/resource_index/package_run_dependencies/vesc
[0.316s] -- Up-to-date: /home/meric/f1tenth_ws/install/vesc/share/ament_index/resource_index/parent_prefix_path/vesc
[0.316s] -- Up-to-date: /home/meric/f1tenth_ws/install/vesc/share/vesc/environment/ament_prefix_path.sh
[0.316s] -- Up-to-date: /home/meric/f1tenth_ws/install/vesc/share/vesc/environment/ament_prefix_path.dsv
[0.316s] -- Up-to-date: /home/meric/f1tenth_ws/install/vesc/share/vesc/environment/path.sh
[0.316s] -- Up-to-date: /home/meric/f1tenth_ws/install/vesc/share/vesc/environment/path.dsv
[0.316s] -- Up-to-date: /home/meric/f1tenth_ws/install/vesc/share/vesc/local_setup.bash
[0.317s] -- Up-to-date: /home/meric/f1tenth_ws/install/vesc/share/vesc/local_setup.sh
[0.317s] -- Up-to-date: /home/meric/f1tenth_ws/install/vesc/share/vesc/local_setup.zsh
[0.317s] -- Up-to-date: /home/meric/f1tenth_ws/install/vesc/share/vesc/local_setup.dsv
[0.317s] -- Installing: /home/meric/f1tenth_ws/install/vesc/share/vesc/package.dsv
[0.317s] -- Up-to-date: /home/meric/f1tenth_ws/install/vesc/share/ament_index/resource_index/packages/vesc
[0.317s] -- Up-to-date: /home/meric/f1tenth_ws/install/vesc/share/vesc/cmake/vescConfig.cmake
[0.318s] -- Up-to-date: /home/meric/f1tenth_ws/install/vesc/share/vesc/cmake/vescConfig-version.cmake
[0.318s] -- Up-to-date: /home/meric/f1tenth_ws/install/vesc/share/vesc/package.xml
[0.890s] Invoked command in '/home/meric/f1tenth_ws/build/vesc' returned '0': AMENT_PREFIX_PATH=/home/meric/f1tenth_ws/install/vesc_driver:/home/meric/f1tenth_ws/install/vesc_ackermann:/home/meric/f1tenth_ws/install/vesc_msgs:${AMENT_PREFIX_PATH} CMAKE_PREFIX_PATH=/home/meric/f1tenth_ws/install/vesc_driver:/home/meric/f1tenth_ws/install/vesc_ackermann:/home/meric/f1tenth_ws/install/vesc_msgs:/opt/ros/foxy LD_LIBRARY_PATH=/home/meric/f1tenth_ws/install/vesc_driver/lib:/home/meric/f1tenth_ws/install/vesc_ackermann/lib:/home/meric/f1tenth_ws/install/vesc_msgs/lib:${LD_LIBRARY_PATH} PYTHONPATH=/home/meric/f1tenth_ws/install/vesc_msgs/lib/python3.8/site-packages:${PYTHONPATH} /usr/bin/cmake --install /home/meric/f1tenth_ws/build/vesc
