[0.128s] Invoking command in '/home/meric/f1tenth_ws/build/ackermann_mux': CMAKE_PREFIX_PATH=${CMAKE_PREFIX_PATH}:/home/meric/f1tenth_ws/install/f1tenth_stack:/home/meric/f1tenth_ws/install/joy_teleop:/home/meric/f1tenth_ws/install/stanley_avoidance:/home/meric/f1tenth_ws/install/stanley2_avoidance:/home/meric/f1tenth_ws/install/slam:/home/meric/f1tenth_ws/install/particle_filter:/home/meric/f1tenth_ws/install/mouse_teleop:/home/meric/f1tenth_ws/install/key_teleop:/home/meric/install/f1tenth_stack:/home/meric/install/joy_teleop:/home/meric/install/mouse_teleop:/home/meric/install/key_teleop:/opt/ros/foxy /usr/bin/cmake --build /home/meric/f1tenth_ws/build/ackermann_mux -- -j6 -l6
[1.398s] [100%] Built target ackermann_mux
[2.034s] Invoked command in '/home/meric/f1tenth_ws/build/ackermann_mux' returned '0': CMAKE_PREFIX_PATH=${CMAKE_PREFIX_PATH}:/home/meric/f1tenth_ws/install/f1tenth_stack:/home/meric/f1tenth_ws/install/joy_teleop:/home/meric/f1tenth_ws/install/stanley_avoidance:/home/meric/f1tenth_ws/install/stanley2_avoidance:/home/meric/f1tenth_ws/install/slam:/home/meric/f1tenth_ws/install/particle_filter:/home/meric/f1tenth_ws/install/mouse_teleop:/home/meric/f1tenth_ws/install/key_teleop:/home/meric/install/f1tenth_stack:/home/meric/install/joy_teleop:/home/meric/install/mouse_teleop:/home/meric/install/key_teleop:/opt/ros/foxy /usr/bin/cmake --build /home/meric/f1tenth_ws/build/ackermann_mux -- -j6 -l6
[2.039s] Invoking command in '/home/meric/f1tenth_ws/build/ackermann_mux': CMAKE_PREFIX_PATH=${CMAKE_PREFIX_PATH}:/home/meric/f1tenth_ws/install/f1tenth_stack:/home/meric/f1tenth_ws/install/joy_teleop:/home/meric/f1tenth_ws/install/stanley_avoidance:/home/meric/f1tenth_ws/install/stanley2_avoidance:/home/meric/f1tenth_ws/install/slam:/home/meric/f1tenth_ws/install/particle_filter:/home/meric/f1tenth_ws/install/mouse_teleop:/home/meric/f1tenth_ws/install/key_teleop:/home/meric/install/f1tenth_stack:/home/meric/install/joy_teleop:/home/meric/install/mouse_teleop:/home/meric/install/key_teleop:/opt/ros/foxy /usr/bin/cmake --install /home/meric/f1tenth_ws/build/ackermann_mux
[2.105s] -- Install configuration: ""
[2.105s] -- Up-to-date: /home/meric/f1tenth_ws/install/ackermann_mux/lib/ackermann_mux/ackermann_mux
[2.105s] -- Up-to-date: /home/meric/f1tenth_ws/install/ackermann_mux/share/ackermann_mux/launch
[2.106s] -- Up-to-date: /home/meric/f1tenth_ws/install/ackermann_mux/share/ackermann_mux/launch/ackermann_mux_launch.py
[2.109s] -- Up-to-date: /home/meric/f1tenth_ws/install/ackermann_mux/share/ackermann_mux/config
[2.123s] -- Up-to-date: /home/meric/f1tenth_ws/install/ackermann_mux/share/ackermann_mux/config/joystick.yaml
[2.124s] -- Up-to-date: /home/meric/f1tenth_ws/install/ackermann_mux/share/ackermann_mux/config/ackermann_mux_topics.yaml
[2.126s] -- Up-to-date: /home/meric/f1tenth_ws/install/ackermann_mux/share/ackermann_mux/config/ackermann_mux_locks.yaml
[2.126s] -- Up-to-date: /home/meric/f1tenth_ws/install/ackermann_mux/include
[2.126s] -- Up-to-date: /home/meric/f1tenth_ws/install/ackermann_mux/include/ackermann_mux
[2.126s] -- Up-to-date: /home/meric/f1tenth_ws/install/ackermann_mux/include/ackermann_mux/ackermann_mux_diagnostics_status.hpp
[2.126s] -- Up-to-date: /home/meric/f1tenth_ws/install/ackermann_mux/include/ackermann_mux/params_helpers.hpp
[2.127s] -- Up-to-date: /home/meric/f1tenth_ws/install/ackermann_mux/include/ackermann_mux/ackermann_mux.hpp
[2.127s] -- Up-to-date: /home/meric/f1tenth_ws/install/ackermann_mux/include/ackermann_mux/ackermann_mux_diagnostics.hpp
[2.127s] -- Up-to-date: /home/meric/f1tenth_ws/install/ackermann_mux/include/ackermann_mux/utils.hpp
[2.127s] -- Up-to-date: /home/meric/f1tenth_ws/install/ackermann_mux/include/ackermann_mux/topic_handle.hpp
[2.127s] -- Up-to-date: /home/meric/f1tenth_ws/install/ackermann_mux/share/ament_index/resource_index/package_run_dependencies/ackermann_mux
[2.127s] -- Up-to-date: /home/meric/f1tenth_ws/install/ackermann_mux/share/ament_index/resource_index/parent_prefix_path/ackermann_mux
[2.127s] -- Up-to-date: /home/meric/f1tenth_ws/install/ackermann_mux/share/ackermann_mux/environment/ament_prefix_path.sh
[2.134s] -- Up-to-date: /home/meric/f1tenth_ws/install/ackermann_mux/share/ackermann_mux/environment/ament_prefix_path.dsv
[2.134s] -- Up-to-date: /home/meric/f1tenth_ws/install/ackermann_mux/share/ackermann_mux/environment/path.sh
[2.135s] -- Up-to-date: /home/meric/f1tenth_ws/install/ackermann_mux/share/ackermann_mux/environment/path.dsv
[2.135s] -- Up-to-date: /home/meric/f1tenth_ws/install/ackermann_mux/share/ackermann_mux/local_setup.bash
[2.135s] -- Up-to-date: /home/meric/f1tenth_ws/install/ackermann_mux/share/ackermann_mux/local_setup.sh
[2.135s] -- Up-to-date: /home/meric/f1tenth_ws/install/ackermann_mux/share/ackermann_mux/local_setup.zsh
[2.135s] -- Up-to-date: /home/meric/f1tenth_ws/install/ackermann_mux/share/ackermann_mux/local_setup.dsv
[2.135s] -- Installing: /home/meric/f1tenth_ws/install/ackermann_mux/share/ackermann_mux/package.dsv
[2.135s] -- Up-to-date: /home/meric/f1tenth_ws/install/ackermann_mux/share/ament_index/resource_index/packages/ackermann_mux
[2.135s] -- Up-to-date: /home/meric/f1tenth_ws/install/ackermann_mux/share/ackermann_mux/cmake/ament_cmake_export_include_directories-extras.cmake
[2.136s] -- Up-to-date: /home/meric/f1tenth_ws/install/ackermann_mux/share/ackermann_mux/cmake/ament_cmake_export_dependencies-extras.cmake
[2.136s] -- Up-to-date: /home/meric/f1tenth_ws/install/ackermann_mux/share/ackermann_mux/cmake/ackermann_muxConfig.cmake
[2.136s] -- Up-to-date: /home/meric/f1tenth_ws/install/ackermann_mux/share/ackermann_mux/cmake/ackermann_muxConfig-version.cmake
[2.136s] -- Up-to-date: /home/meric/f1tenth_ws/install/ackermann_mux/share/ackermann_mux/package.xml
[2.138s] Invoked command in '/home/meric/f1tenth_ws/build/ackermann_mux' returned '0': CMAKE_PREFIX_PATH=${CMAKE_PREFIX_PATH}:/home/meric/f1tenth_ws/install/f1tenth_stack:/home/meric/f1tenth_ws/install/joy_teleop:/home/meric/f1tenth_ws/install/stanley_avoidance:/home/meric/f1tenth_ws/install/stanley2_avoidance:/home/meric/f1tenth_ws/install/slam:/home/meric/f1tenth_ws/install/particle_filter:/home/meric/f1tenth_ws/install/mouse_teleop:/home/meric/f1tenth_ws/install/key_teleop:/home/meric/install/f1tenth_stack:/home/meric/install/joy_teleop:/home/meric/install/mouse_teleop:/home/meric/install/key_teleop:/opt/ros/foxy /usr/bin/cmake --install /home/meric/f1tenth_ws/build/ackermann_mux
