[0.094s] Invoking command in '/home/meric/f1tenth_ws/build/vesc_msgs': CMAKE_PREFIX_PATH=/opt/ros/foxy /usr/bin/cmake --build /home/meric/f1tenth_ws/build/vesc_msgs -- -j6 -l6
[1.651s] [  1%] Built target vesc_msgs__cpp
[1.652s] [ 12%] Built target vesc_msgs__rosidl_generator_c
[1.653s] [ 23%] Built target vesc_msgs__rosidl_typesupport_introspection_cpp
[1.653s] [ 34%] Built target vesc_msgs__rosidl_typesupport_fastrtps_cpp
[1.654s] [ 56%] Built target vesc_msgs__rosidl_typesupport_introspection_c
[1.654s] [ 56%] Built target vesc_msgs__rosidl_typesupport_cpp
[1.655s] [ 67%] Built target vesc_msgs__rosidl_typesupport_c
[1.655s] [ 78%] Built target vesc_msgs__rosidl_typesupport_fastrtps_c
[1.656s] [ 78%] Built target vesc_msgs
[1.657s] [ 80%] Built target vesc_msgs__py
[1.657s] [ 89%] Built target vesc_msgs__python
[1.657s] [ 96%] Built target vesc_msgs__rosidl_typesupport_introspection_c__pyext
[1.658s] [ 96%] Built target vesc_msgs__rosidl_typesupport_c__pyext
[1.661s] [100%] Built target vesc_msgs__rosidl_typesupport_fastrtps_c__pyext
[1.664s] Invoked command in '/home/meric/f1tenth_ws/build/vesc_msgs' returned '0': CMAKE_PREFIX_PATH=/opt/ros/foxy /usr/bin/cmake --build /home/meric/f1tenth_ws/build/vesc_msgs -- -j6 -l6
[1.686s] Invoking command in '/home/meric/f1tenth_ws/build/vesc_msgs': CMAKE_PREFIX_PATH=/opt/ros/foxy /usr/bin/cmake --install /home/meric/f1tenth_ws/build/vesc_msgs
[1.708s] -- Install configuration: ""
[1.709s] -- Up-to-date: /home/meric/f1tenth_ws/install/vesc_msgs/share/ament_index/resource_index/rosidl_interfaces/vesc_msgs
[1.709s] -- Up-to-date: /home/meric/f1tenth_ws/install/vesc_msgs/include/vesc_msgs
[1.710s] -- Up-to-date: /home/meric/f1tenth_ws/install/vesc_msgs/include/vesc_msgs/msg
[1.710s] -- Up-to-date: /home/meric/f1tenth_ws/install/vesc_msgs/include/vesc_msgs/msg/rosidl_generator_c__visibility_control.h
[1.710s] -- Up-to-date: /home/meric/f1tenth_ws/install/vesc_msgs/include/vesc_msgs/msg/vesc_state_stamped.h
[1.711s] -- Up-to-date: /home/meric/f1tenth_ws/install/vesc_msgs/include/vesc_msgs/msg/vesc_state.h
[1.711s] -- Up-to-date: /home/meric/f1tenth_ws/install/vesc_msgs/include/vesc_msgs/msg/vesc_imu_stamped.h
[1.711s] -- Up-to-date: /home/meric/f1tenth_ws/install/vesc_msgs/include/vesc_msgs/msg/vesc_imu.h
[1.712s] -- Up-to-date: /home/meric/f1tenth_ws/install/vesc_msgs/include/vesc_msgs/msg/detail
[1.712s] -- Up-to-date: /home/meric/f1tenth_ws/install/vesc_msgs/include/vesc_msgs/msg/detail/vesc_imu_stamped__struct.h
[1.712s] -- Up-to-date: /home/meric/f1tenth_ws/install/vesc_msgs/include/vesc_msgs/msg/detail/vesc_imu_stamped__functions.c
[1.712s] -- Up-to-date: /home/meric/f1tenth_ws/install/vesc_msgs/include/vesc_msgs/msg/detail/vesc_state__functions.h
[1.712s] -- Up-to-date: /home/meric/f1tenth_ws/install/vesc_msgs/include/vesc_msgs/msg/detail/vesc_state__functions.c
[1.712s] -- Up-to-date: /home/meric/f1tenth_ws/install/vesc_msgs/include/vesc_msgs/msg/detail/vesc_imu__functions.h
[1.713s] -- Up-to-date: /home/meric/f1tenth_ws/install/vesc_msgs/include/vesc_msgs/msg/detail/vesc_imu_stamped__type_support.h
[1.713s] -- Up-to-date: /home/meric/f1tenth_ws/install/vesc_msgs/include/vesc_msgs/msg/detail/vesc_state_stamped__functions.h
[1.714s] -- Up-to-date: /home/meric/f1tenth_ws/install/vesc_msgs/include/vesc_msgs/msg/detail/vesc_state__type_support.h
[1.714s] -- Up-to-date: /home/meric/f1tenth_ws/install/vesc_msgs/include/vesc_msgs/msg/detail/vesc_state_stamped__struct.h
[1.715s] -- Up-to-date: /home/meric/f1tenth_ws/install/vesc_msgs/include/vesc_msgs/msg/detail/vesc_state__struct.h
[1.715s] -- Up-to-date: /home/meric/f1tenth_ws/install/vesc_msgs/include/vesc_msgs/msg/detail/vesc_imu__type_support.h
[1.715s] -- Up-to-date: /home/meric/f1tenth_ws/install/vesc_msgs/include/vesc_msgs/msg/detail/vesc_imu__struct.h
[1.716s] -- Up-to-date: /home/meric/f1tenth_ws/install/vesc_msgs/include/vesc_msgs/msg/detail/vesc_state_stamped__type_support.h
[1.716s] -- Up-to-date: /home/meric/f1tenth_ws/install/vesc_msgs/include/vesc_msgs/msg/detail/vesc_imu_stamped__functions.h
[1.717s] -- Up-to-date: /home/meric/f1tenth_ws/install/vesc_msgs/include/vesc_msgs/msg/detail/vesc_state_stamped__functions.c
[1.717s] -- Up-to-date: /home/meric/f1tenth_ws/install/vesc_msgs/include/vesc_msgs/msg/detail/vesc_imu__functions.c
[1.718s] -- Up-to-date: /home/meric/f1tenth_ws/install/vesc_msgs/share/vesc_msgs/environment/library_path.sh
[1.719s] -- Up-to-date: /home/meric/f1tenth_ws/install/vesc_msgs/share/vesc_msgs/environment/library_path.dsv
[1.720s] -- Up-to-date: /home/meric/f1tenth_ws/install/vesc_msgs/lib/libvesc_msgs__rosidl_generator_c.so
[1.724s] -- Up-to-date: /home/meric/f1tenth_ws/install/vesc_msgs/include/vesc_msgs
[1.725s] -- Up-to-date: /home/meric/f1tenth_ws/install/vesc_msgs/include/vesc_msgs/msg
[1.725s] -- Up-to-date: /home/meric/f1tenth_ws/install/vesc_msgs/include/vesc_msgs/msg/rosidl_typesupport_fastrtps_c__visibility_control.h
[1.726s] -- Up-to-date: /home/meric/f1tenth_ws/install/vesc_msgs/include/vesc_msgs/msg/detail
[1.726s] -- Up-to-date: /home/meric/f1tenth_ws/install/vesc_msgs/include/vesc_msgs/msg/detail/vesc_state__rosidl_typesupport_fastrtps_c.h
[1.726s] -- Up-to-date: /home/meric/f1tenth_ws/install/vesc_msgs/include/vesc_msgs/msg/detail/vesc_imu_stamped__rosidl_typesupport_fastrtps_c.h
[1.726s] -- Up-to-date: /home/meric/f1tenth_ws/install/vesc_msgs/include/vesc_msgs/msg/detail/vesc_state_stamped__rosidl_typesupport_fastrtps_c.h
[1.726s] -- Up-to-date: /home/meric/f1tenth_ws/install/vesc_msgs/include/vesc_msgs/msg/detail/vesc_imu__rosidl_typesupport_fastrtps_c.h
[1.726s] -- Up-to-date: /home/meric/f1tenth_ws/install/vesc_msgs/lib/libvesc_msgs__rosidl_typesupport_fastrtps_c.so
[1.727s] -- Up-to-date: /home/meric/f1tenth_ws/install/vesc_msgs/include/vesc_msgs
[1.728s] -- Up-to-date: /home/meric/f1tenth_ws/install/vesc_msgs/include/vesc_msgs/msg
[1.728s] -- Up-to-date: /home/meric/f1tenth_ws/install/vesc_msgs/include/vesc_msgs/msg/rosidl_typesupport_fastrtps_cpp__visibility_control.h
[1.729s] -- Up-to-date: /home/meric/f1tenth_ws/install/vesc_msgs/include/vesc_msgs/msg/detail
[1.730s] -- Up-to-date: /home/meric/f1tenth_ws/install/vesc_msgs/include/vesc_msgs/msg/detail/vesc_state__rosidl_typesupport_fastrtps_cpp.hpp
[1.730s] -- Up-to-date: /home/meric/f1tenth_ws/install/vesc_msgs/include/vesc_msgs/msg/detail/dds_fastrtps
[1.730s] -- Up-to-date: /home/meric/f1tenth_ws/install/vesc_msgs/include/vesc_msgs/msg/detail/vesc_imu__rosidl_typesupport_fastrtps_cpp.hpp
[1.731s] -- Up-to-date: /home/meric/f1tenth_ws/install/vesc_msgs/include/vesc_msgs/msg/detail/vesc_state_stamped__rosidl_typesupport_fastrtps_cpp.hpp
[1.732s] -- Up-to-date: /home/meric/f1tenth_ws/install/vesc_msgs/include/vesc_msgs/msg/detail/vesc_imu_stamped__rosidl_typesupport_fastrtps_cpp.hpp
[1.732s] -- Up-to-date: /home/meric/f1tenth_ws/install/vesc_msgs/lib/libvesc_msgs__rosidl_typesupport_fastrtps_cpp.so
[1.732s] -- Up-to-date: /home/meric/f1tenth_ws/install/vesc_msgs/include/vesc_msgs
[1.732s] -- Up-to-date: /home/meric/f1tenth_ws/install/vesc_msgs/include/vesc_msgs/msg
[1.732s] -- Up-to-date: /home/meric/f1tenth_ws/install/vesc_msgs/include/vesc_msgs/msg/detail
[1.732s] -- Up-to-date: /home/meric/f1tenth_ws/install/vesc_msgs/include/vesc_msgs/msg/detail/vesc_imu_stamped__rosidl_typesupport_introspection_c.h
[1.732s] -- Up-to-date: /home/meric/f1tenth_ws/install/vesc_msgs/include/vesc_msgs/msg/detail/vesc_imu__rosidl_typesupport_introspection_c.h
[1.733s] -- Up-to-date: /home/meric/f1tenth_ws/install/vesc_msgs/include/vesc_msgs/msg/detail/vesc_state__type_support.c
[1.733s] -- Up-to-date: /home/meric/f1tenth_ws/install/vesc_msgs/include/vesc_msgs/msg/detail/vesc_imu_stamped__type_support.c
[1.733s] -- Up-to-date: /home/meric/f1tenth_ws/install/vesc_msgs/include/vesc_msgs/msg/detail/vesc_state_stamped__rosidl_typesupport_introspection_c.h
[1.733s] -- Up-to-date: /home/meric/f1tenth_ws/install/vesc_msgs/include/vesc_msgs/msg/detail/vesc_state__rosidl_typesupport_introspection_c.h
[1.733s] -- Up-to-date: /home/meric/f1tenth_ws/install/vesc_msgs/include/vesc_msgs/msg/detail/vesc_state_stamped__type_support.c
[1.733s] -- Up-to-date: /home/meric/f1tenth_ws/install/vesc_msgs/include/vesc_msgs/msg/detail/vesc_imu__type_support.c
[1.733s] -- Up-to-date: /home/meric/f1tenth_ws/install/vesc_msgs/include/vesc_msgs/msg/rosidl_typesupport_introspection_c__visibility_control.h
[1.733s] -- Up-to-date: /home/meric/f1tenth_ws/install/vesc_msgs/lib/libvesc_msgs__rosidl_typesupport_introspection_c.so
[1.734s] -- Up-to-date: /home/meric/f1tenth_ws/install/vesc_msgs/lib/libvesc_msgs__rosidl_typesupport_c.so
[1.734s] -- Up-to-date: /home/meric/f1tenth_ws/install/vesc_msgs/include/vesc_msgs
[1.734s] -- Up-to-date: /home/meric/f1tenth_ws/install/vesc_msgs/include/vesc_msgs/msg
[1.734s] -- Up-to-date: /home/meric/f1tenth_ws/install/vesc_msgs/include/vesc_msgs/msg/vesc_state_stamped.hpp
[1.734s] -- Up-to-date: /home/meric/f1tenth_ws/install/vesc_msgs/include/vesc_msgs/msg/vesc_imu.hpp
[1.734s] -- Up-to-date: /home/meric/f1tenth_ws/install/vesc_msgs/include/vesc_msgs/msg/vesc_imu_stamped.hpp
[1.735s] -- Up-to-date: /home/meric/f1tenth_ws/install/vesc_msgs/include/vesc_msgs/msg/detail
[1.735s] -- Up-to-date: /home/meric/f1tenth_ws/install/vesc_msgs/include/vesc_msgs/msg/detail/vesc_imu_stamped__struct.hpp
[1.735s] -- Up-to-date: /home/meric/f1tenth_ws/install/vesc_msgs/include/vesc_msgs/msg/detail/vesc_state_stamped__traits.hpp
[1.735s] -- Up-to-date: /home/meric/f1tenth_ws/install/vesc_msgs/include/vesc_msgs/msg/detail/vesc_imu__traits.hpp
[1.735s] -- Up-to-date: /home/meric/f1tenth_ws/install/vesc_msgs/include/vesc_msgs/msg/detail/vesc_state_stamped__builder.hpp
[1.736s] -- Up-to-date: /home/meric/f1tenth_ws/install/vesc_msgs/include/vesc_msgs/msg/detail/vesc_imu__builder.hpp
[1.736s] -- Up-to-date: /home/meric/f1tenth_ws/install/vesc_msgs/include/vesc_msgs/msg/detail/vesc_state__type_support.hpp
[1.736s] -- Up-to-date: /home/meric/f1tenth_ws/install/vesc_msgs/include/vesc_msgs/msg/detail/vesc_state_stamped__type_support.hpp
[1.736s] -- Up-to-date: /home/meric/f1tenth_ws/install/vesc_msgs/include/vesc_msgs/msg/detail/vesc_state__builder.hpp
[1.736s] -- Up-to-date: /home/meric/f1tenth_ws/install/vesc_msgs/include/vesc_msgs/msg/detail/vesc_imu_stamped__traits.hpp
[1.736s] -- Up-to-date: /home/meric/f1tenth_ws/install/vesc_msgs/include/vesc_msgs/msg/detail/vesc_state_stamped__struct.hpp
[1.736s] -- Up-to-date: /home/meric/f1tenth_ws/install/vesc_msgs/include/vesc_msgs/msg/detail/vesc_imu_stamped__type_support.hpp
[1.736s] -- Up-to-date: /home/meric/f1tenth_ws/install/vesc_msgs/include/vesc_msgs/msg/detail/vesc_imu_stamped__builder.hpp
[1.737s] -- Up-to-date: /home/meric/f1tenth_ws/install/vesc_msgs/include/vesc_msgs/msg/detail/vesc_imu__type_support.hpp
[1.737s] -- Up-to-date: /home/meric/f1tenth_ws/install/vesc_msgs/include/vesc_msgs/msg/detail/vesc_state__traits.hpp
[1.740s] -- Up-to-date: /home/meric/f1tenth_ws/install/vesc_msgs/include/vesc_msgs/msg/detail/vesc_state__struct.hpp
[1.741s] -- Up-to-date: /home/meric/f1tenth_ws/install/vesc_msgs/include/vesc_msgs/msg/detail/vesc_imu__struct.hpp
[1.741s] -- Up-to-date: /home/meric/f1tenth_ws/install/vesc_msgs/include/vesc_msgs/msg/rosidl_generator_cpp__visibility_control.hpp
[1.742s] -- Up-to-date: /home/meric/f1tenth_ws/install/vesc_msgs/include/vesc_msgs/msg/vesc_state.hpp
[1.742s] -- Up-to-date: /home/meric/f1tenth_ws/install/vesc_msgs/include/vesc_msgs
[1.742s] -- Up-to-date: /home/meric/f1tenth_ws/install/vesc_msgs/include/vesc_msgs/msg
[1.742s] -- Up-to-date: /home/meric/f1tenth_ws/install/vesc_msgs/include/vesc_msgs/msg/detail
[1.742s] -- Up-to-date: /home/meric/f1tenth_ws/install/vesc_msgs/include/vesc_msgs/msg/detail/vesc_imu_stamped__rosidl_typesupport_introspection_cpp.hpp
[1.742s] -- Up-to-date: /home/meric/f1tenth_ws/install/vesc_msgs/include/vesc_msgs/msg/detail/vesc_state_stamped__type_support.cpp
[1.742s] -- Up-to-date: /home/meric/f1tenth_ws/install/vesc_msgs/include/vesc_msgs/msg/detail/vesc_imu__type_support.cpp
[1.742s] -- Up-to-date: /home/meric/f1tenth_ws/install/vesc_msgs/include/vesc_msgs/msg/detail/vesc_imu_stamped__type_support.cpp
[1.743s] -- Up-to-date: /home/meric/f1tenth_ws/install/vesc_msgs/include/vesc_msgs/msg/detail/vesc_imu__rosidl_typesupport_introspection_cpp.hpp
[1.743s] -- Up-to-date: /home/meric/f1tenth_ws/install/vesc_msgs/include/vesc_msgs/msg/detail/vesc_state__rosidl_typesupport_introspection_cpp.hpp
[1.743s] -- Up-to-date: /home/meric/f1tenth_ws/install/vesc_msgs/include/vesc_msgs/msg/detail/vesc_state__type_support.cpp
[1.743s] -- Up-to-date: /home/meric/f1tenth_ws/install/vesc_msgs/include/vesc_msgs/msg/detail/vesc_state_stamped__rosidl_typesupport_introspection_cpp.hpp
[1.743s] -- Up-to-date: /home/meric/f1tenth_ws/install/vesc_msgs/lib/libvesc_msgs__rosidl_typesupport_introspection_cpp.so
[1.746s] -- Up-to-date: /home/meric/f1tenth_ws/install/vesc_msgs/lib/libvesc_msgs__rosidl_typesupport_cpp.so
[1.746s] -- Up-to-date: /home/meric/f1tenth_ws/install/vesc_msgs/share/vesc_msgs/environment/pythonpath.sh
[1.746s] -- Up-to-date: /home/meric/f1tenth_ws/install/vesc_msgs/share/vesc_msgs/environment/pythonpath.dsv
[1.746s] -- Up-to-date: /home/meric/f1tenth_ws/install/vesc_msgs/lib/python3.8/site-packages/vesc_msgs/__init__.py
[1.800s] -- Up-to-date: /home/meric/f1tenth_ws/install/vesc_msgs/lib/python3.8/site-packages/vesc_msgs/msg
[1.801s] -- Up-to-date: /home/meric/f1tenth_ws/install/vesc_msgs/lib/python3.8/site-packages/vesc_msgs/msg/_vesc_imu_stamped_s.c
[1.801s] -- Up-to-date: /home/meric/f1tenth_ws/install/vesc_msgs/lib/python3.8/site-packages/vesc_msgs/msg/__init__.py
[1.801s] -- Up-to-date: /home/meric/f1tenth_ws/install/vesc_msgs/lib/python3.8/site-packages/vesc_msgs/msg/_vesc_imu_s.c
[1.803s] -- Up-to-date: /home/meric/f1tenth_ws/install/vesc_msgs/lib/python3.8/site-packages/vesc_msgs/msg/_vesc_state.py
[1.807s] -- Up-to-date: /home/meric/f1tenth_ws/install/vesc_msgs/lib/python3.8/site-packages/vesc_msgs/msg/_vesc_state_stamped_s.c
[1.807s] -- Up-to-date: /home/meric/f1tenth_ws/install/vesc_msgs/lib/python3.8/site-packages/vesc_msgs/msg/_vesc_imu_stamped.py
[1.807s] -- Up-to-date: /home/meric/f1tenth_ws/install/vesc_msgs/lib/python3.8/site-packages/vesc_msgs/msg/_vesc_imu.py
[1.808s] -- Up-to-date: /home/meric/f1tenth_ws/install/vesc_msgs/lib/python3.8/site-packages/vesc_msgs/msg/_vesc_state_s.c
[1.808s] -- Up-to-date: /home/meric/f1tenth_ws/install/vesc_msgs/lib/python3.8/site-packages/vesc_msgs/msg/_vesc_state_stamped.py
[1.808s] -- Up-to-date: /home/meric/f1tenth_ws/install/vesc_msgs/lib/python3.8/site-packages/vesc_msgs/vesc_msgs_s__rosidl_typesupport_fastrtps_c.cpython-38-aarch64-linux-gnu.so
[1.808s] -- Up-to-date: /home/meric/f1tenth_ws/install/vesc_msgs/lib/python3.8/site-packages/vesc_msgs/vesc_msgs_s__rosidl_typesupport_introspection_c.cpython-38-aarch64-linux-gnu.so
[1.808s] -- Up-to-date: /home/meric/f1tenth_ws/install/vesc_msgs/lib/python3.8/site-packages/vesc_msgs/vesc_msgs_s__rosidl_typesupport_c.cpython-38-aarch64-linux-gnu.so
[1.810s] -- Up-to-date: /home/meric/f1tenth_ws/install/vesc_msgs/lib/libvesc_msgs__python.so
[1.810s] -- Up-to-date: /home/meric/f1tenth_ws/install/vesc_msgs/share/vesc_msgs/msg/VescState.idl
[1.810s] -- Up-to-date: /home/meric/f1tenth_ws/install/vesc_msgs/share/vesc_msgs/msg/VescStateStamped.idl
[1.810s] -- Up-to-date: /home/meric/f1tenth_ws/install/vesc_msgs/share/vesc_msgs/msg/VescImu.idl
[1.810s] -- Up-to-date: /home/meric/f1tenth_ws/install/vesc_msgs/share/vesc_msgs/msg/VescImuStamped.idl
[1.810s] -- Up-to-date: /home/meric/f1tenth_ws/install/vesc_msgs/share/vesc_msgs/msg/VescState.msg
[1.811s] -- Up-to-date: /home/meric/f1tenth_ws/install/vesc_msgs/share/vesc_msgs/msg/VescStateStamped.msg
[1.811s] -- Up-to-date: /home/meric/f1tenth_ws/install/vesc_msgs/share/vesc_msgs/msg/VescImu.msg
[1.812s] -- Up-to-date: /home/meric/f1tenth_ws/install/vesc_msgs/share/vesc_msgs/msg/VescImuStamped.msg
[1.813s] -- Up-to-date: /home/meric/f1tenth_ws/install/vesc_msgs/share/ament_index/resource_index/package_run_dependencies/vesc_msgs
[1.814s] -- Up-to-date: /home/meric/f1tenth_ws/install/vesc_msgs/share/ament_index/resource_index/parent_prefix_path/vesc_msgs
[1.814s] -- Up-to-date: /home/meric/f1tenth_ws/install/vesc_msgs/share/vesc_msgs/environment/ament_prefix_path.sh
[1.814s] -- Up-to-date: /home/meric/f1tenth_ws/install/vesc_msgs/share/vesc_msgs/environment/ament_prefix_path.dsv
[1.815s] -- Up-to-date: /home/meric/f1tenth_ws/install/vesc_msgs/share/vesc_msgs/environment/path.sh
[1.816s] -- Up-to-date: /home/meric/f1tenth_ws/install/vesc_msgs/share/vesc_msgs/environment/path.dsv
[1.817s] -- Up-to-date: /home/meric/f1tenth_ws/install/vesc_msgs/share/vesc_msgs/local_setup.bash
[1.820s] -- Up-to-date: /home/meric/f1tenth_ws/install/vesc_msgs/share/vesc_msgs/local_setup.sh
[1.824s] -- Up-to-date: /home/meric/f1tenth_ws/install/vesc_msgs/share/vesc_msgs/local_setup.zsh
[1.825s] -- Up-to-date: /home/meric/f1tenth_ws/install/vesc_msgs/share/vesc_msgs/local_setup.dsv
[1.825s] -- Installing: /home/meric/f1tenth_ws/install/vesc_msgs/share/vesc_msgs/package.dsv
[1.826s] -- Up-to-date: /home/meric/f1tenth_ws/install/vesc_msgs/share/ament_index/resource_index/packages/vesc_msgs
[1.826s] -- Up-to-date: /home/meric/f1tenth_ws/install/vesc_msgs/share/vesc_msgs/cmake/vesc_msgs__rosidl_generator_cExport.cmake
[1.830s] -- Up-to-date: /home/meric/f1tenth_ws/install/vesc_msgs/share/vesc_msgs/cmake/vesc_msgs__rosidl_generator_cExport-noconfig.cmake
[1.831s] -- Up-to-date: /home/meric/f1tenth_ws/install/vesc_msgs/share/vesc_msgs/cmake/vesc_msgs__rosidl_typesupport_introspection_cExport.cmake
[1.831s] -- Up-to-date: /home/meric/f1tenth_ws/install/vesc_msgs/share/vesc_msgs/cmake/vesc_msgs__rosidl_typesupport_introspection_cExport-noconfig.cmake
[1.831s] -- Up-to-date: /home/meric/f1tenth_ws/install/vesc_msgs/share/vesc_msgs/cmake/vesc_msgs__rosidl_typesupport_cExport.cmake
[1.831s] -- Up-to-date: /home/meric/f1tenth_ws/install/vesc_msgs/share/vesc_msgs/cmake/vesc_msgs__rosidl_typesupport_cExport-noconfig.cmake
[1.831s] -- Up-to-date: /home/meric/f1tenth_ws/install/vesc_msgs/share/vesc_msgs/cmake/vesc_msgs__rosidl_generator_cppExport.cmake
[1.833s] -- Up-to-date: /home/meric/f1tenth_ws/install/vesc_msgs/share/vesc_msgs/cmake/vesc_msgs__rosidl_typesupport_introspection_cppExport.cmake
[1.834s] -- Up-to-date: /home/meric/f1tenth_ws/install/vesc_msgs/share/vesc_msgs/cmake/vesc_msgs__rosidl_typesupport_introspection_cppExport-noconfig.cmake
[1.834s] -- Up-to-date: /home/meric/f1tenth_ws/install/vesc_msgs/share/vesc_msgs/cmake/vesc_msgs__rosidl_typesupport_cppExport.cmake
[1.835s] -- Up-to-date: /home/meric/f1tenth_ws/install/vesc_msgs/share/vesc_msgs/cmake/vesc_msgs__rosidl_typesupport_cppExport-noconfig.cmake
[1.835s] -- Up-to-date: /home/meric/f1tenth_ws/install/vesc_msgs/share/vesc_msgs/cmake/rosidl_cmake-extras.cmake
[1.836s] -- Up-to-date: /home/meric/f1tenth_ws/install/vesc_msgs/share/vesc_msgs/cmake/ament_cmake_export_dependencies-extras.cmake
[1.836s] -- Up-to-date: /home/meric/f1tenth_ws/install/vesc_msgs/share/vesc_msgs/cmake/ament_cmake_export_libraries-extras.cmake
[1.836s] -- Up-to-date: /home/meric/f1tenth_ws/install/vesc_msgs/share/vesc_msgs/cmake/ament_cmake_export_targets-extras.cmake
[1.837s] -- Up-to-date: /home/meric/f1tenth_ws/install/vesc_msgs/share/vesc_msgs/cmake/ament_cmake_export_include_directories-extras.cmake
[1.837s] -- Up-to-date: /home/meric/f1tenth_ws/install/vesc_msgs/share/vesc_msgs/cmake/rosidl_cmake_export_typesupport_libraries-extras.cmake
[1.837s] -- Up-to-date: /home/meric/f1tenth_ws/install/vesc_msgs/share/vesc_msgs/cmake/rosidl_cmake_export_typesupport_targets-extras.cmake
[1.838s] -- Up-to-date: /home/meric/f1tenth_ws/install/vesc_msgs/share/vesc_msgs/cmake/vesc_msgsConfig.cmake
[1.839s] -- Up-to-date: /home/meric/f1tenth_ws/install/vesc_msgs/share/vesc_msgs/cmake/vesc_msgsConfig-version.cmake
[1.839s] -- Up-to-date: /home/meric/f1tenth_ws/install/vesc_msgs/share/vesc_msgs/package.xml
[1.881s] Invoked command in '/home/meric/f1tenth_ws/build/vesc_msgs' returned '0': CMAKE_PREFIX_PATH=/opt/ros/foxy /usr/bin/cmake --install /home/meric/f1tenth_ws/build/vesc_msgs
