[0.722s] Invoking command in '/home/meric/f1tenth_ws/build/waypoint_generator': CMAKE_PREFIX_PATH=${CMAKE_PREFIX_PATH}:/home/meric/sim_ws/install/stanley_avoidance:/home/meric/sim_ws/install/slam:/home/meric/sim_ws/install/navigation:/home/meric/sim_ws/install/f1tenth_gym_ros:/home/meric/install/f1tenth_stack:/home/meric/install/joy_teleop:/home/meric/install/mouse_teleop:/home/meric/install/key_teleop:/home/meric/f1tenth_ws/install/f1tenth_stack:/home/meric/f1tenth_ws/install/joy_teleop:/home/meric/f1tenth_ws/install/stanley_avoidance:/home/meric/f1tenth_ws/install/stanley2_avoidance:/home/meric/f1tenth_ws/install/slam:/home/meric/f1tenth_ws/install/particle_filter:/home/meric/f1tenth_ws/install/mouse_teleop:/home/meric/f1tenth_ws/install/key_teleop:/opt/ros/foxy /usr/bin/cmake --build /home/meric/f1tenth_ws/build/waypoint_generator -- -j6 -l6
[0.916s] [35m[1mScanning dependencies of target waypoint_visualizer[0m
[1.000s] [ 25%] [32mBuilding CXX object CMakeFiles/waypoint_visualizer.dir/src/waypoint_visualizer.cpp.o[0m
[1.014s] [ 75%] Built target waypoint_generator
[8.527s] [100%] [32m[1mLinking CXX executable waypoint_visualizer[0m
[8.898s] [100%] Built target waypoint_visualizer
[8.936s] Invoked command in '/home/meric/f1tenth_ws/build/waypoint_generator' returned '0': CMAKE_PREFIX_PATH=${CMAKE_PREFIX_PATH}:/home/meric/sim_ws/install/stanley_avoidance:/home/meric/sim_ws/install/slam:/home/meric/sim_ws/install/navigation:/home/meric/sim_ws/install/f1tenth_gym_ros:/home/meric/install/f1tenth_stack:/home/meric/install/joy_teleop:/home/meric/install/mouse_teleop:/home/meric/install/key_teleop:/home/meric/f1tenth_ws/install/f1tenth_stack:/home/meric/f1tenth_ws/install/joy_teleop:/home/meric/f1tenth_ws/install/stanley_avoidance:/home/meric/f1tenth_ws/install/stanley2_avoidance:/home/meric/f1tenth_ws/install/slam:/home/meric/f1tenth_ws/install/particle_filter:/home/meric/f1tenth_ws/install/mouse_teleop:/home/meric/f1tenth_ws/install/key_teleop:/opt/ros/foxy /usr/bin/cmake --build /home/meric/f1tenth_ws/build/waypoint_generator -- -j6 -l6
[8.946s] Invoking command in '/home/meric/f1tenth_ws/build/waypoint_generator': CMAKE_PREFIX_PATH=${CMAKE_PREFIX_PATH}:/home/meric/sim_ws/install/stanley_avoidance:/home/meric/sim_ws/install/slam:/home/meric/sim_ws/install/navigation:/home/meric/sim_ws/install/f1tenth_gym_ros:/home/meric/install/f1tenth_stack:/home/meric/install/joy_teleop:/home/meric/install/mouse_teleop:/home/meric/install/key_teleop:/home/meric/f1tenth_ws/install/f1tenth_stack:/home/meric/f1tenth_ws/install/joy_teleop:/home/meric/f1tenth_ws/install/stanley_avoidance:/home/meric/f1tenth_ws/install/stanley2_avoidance:/home/meric/f1tenth_ws/install/slam:/home/meric/f1tenth_ws/install/particle_filter:/home/meric/f1tenth_ws/install/mouse_teleop:/home/meric/f1tenth_ws/install/key_teleop:/opt/ros/foxy /usr/bin/cmake --install /home/meric/f1tenth_ws/build/waypoint_generator
[8.968s] -- Install configuration: ""
[8.969s] -- Up-to-date: /home/meric/f1tenth_ws/install/waypoint_generator/lib/waypoint_generator/waypoint_generator
[8.969s] -- Installing: /home/meric/f1tenth_ws/install/waypoint_generator/lib/waypoint_generator/waypoint_visualizer
[8.971s] -- Set runtime path of "/home/meric/f1tenth_ws/install/waypoint_generator/lib/waypoint_generator/waypoint_visualizer" to ""
[8.972s] -- Up-to-date: /home/meric/f1tenth_ws/install/waypoint_generator/share/ament_index/resource_index/package_run_dependencies/waypoint_generator
[8.972s] -- Up-to-date: /home/meric/f1tenth_ws/install/waypoint_generator/share/ament_index/resource_index/parent_prefix_path/waypoint_generator
[8.972s] -- Up-to-date: /home/meric/f1tenth_ws/install/waypoint_generator/share/waypoint_generator/environment/ament_prefix_path.sh
[8.972s] -- Up-to-date: /home/meric/f1tenth_ws/install/waypoint_generator/share/waypoint_generator/environment/ament_prefix_path.dsv
[8.972s] -- Up-to-date: /home/meric/f1tenth_ws/install/waypoint_generator/share/waypoint_generator/environment/path.sh
[8.972s] -- Up-to-date: /home/meric/f1tenth_ws/install/waypoint_generator/share/waypoint_generator/environment/path.dsv
[8.973s] -- Up-to-date: /home/meric/f1tenth_ws/install/waypoint_generator/share/waypoint_generator/local_setup.bash
[8.973s] -- Up-to-date: /home/meric/f1tenth_ws/install/waypoint_generator/share/waypoint_generator/local_setup.sh
[8.973s] -- Up-to-date: /home/meric/f1tenth_ws/install/waypoint_generator/share/waypoint_generator/local_setup.zsh
[8.973s] -- Up-to-date: /home/meric/f1tenth_ws/install/waypoint_generator/share/waypoint_generator/local_setup.dsv
[8.973s] -- Installing: /home/meric/f1tenth_ws/install/waypoint_generator/share/waypoint_generator/package.dsv
[8.973s] -- Up-to-date: /home/meric/f1tenth_ws/install/waypoint_generator/share/ament_index/resource_index/packages/waypoint_generator
[8.974s] -- Up-to-date: /home/meric/f1tenth_ws/install/waypoint_generator/share/waypoint_generator/cmake/waypoint_generatorConfig.cmake
[8.974s] -- Up-to-date: /home/meric/f1tenth_ws/install/waypoint_generator/share/waypoint_generator/cmake/waypoint_generatorConfig-version.cmake
[8.974s] -- Up-to-date: /home/meric/f1tenth_ws/install/waypoint_generator/share/waypoint_generator/package.xml
[8.979s] Invoked command in '/home/meric/f1tenth_ws/build/waypoint_generator' returned '0': CMAKE_PREFIX_PATH=${CMAKE_PREFIX_PATH}:/home/meric/sim_ws/install/stanley_avoidance:/home/meric/sim_ws/install/slam:/home/meric/sim_ws/install/navigation:/home/meric/sim_ws/install/f1tenth_gym_ros:/home/meric/install/f1tenth_stack:/home/meric/install/joy_teleop:/home/meric/install/mouse_teleop:/home/meric/install/key_teleop:/home/meric/f1tenth_ws/install/f1tenth_stack:/home/meric/f1tenth_ws/install/joy_teleop:/home/meric/f1tenth_ws/install/stanley_avoidance:/home/meric/f1tenth_ws/install/stanley2_avoidance:/home/meric/f1tenth_ws/install/slam:/home/meric/f1tenth_ws/install/particle_filter:/home/meric/f1tenth_ws/install/mouse_teleop:/home/meric/f1tenth_ws/install/key_teleop:/opt/ros/foxy /usr/bin/cmake --install /home/meric/f1tenth_ws/build/waypoint_generator
