[0.137s] Invoking command in '/home/meric/f1tenth_ws/build/vesc_driver': AMENT_PREFIX_PATH=/home/meric/f1tenth_ws/install/vesc_msgs:${AMENT_PREFIX_PATH} CMAKE_PREFIX_PATH=/home/meric/f1tenth_ws/install/vesc_msgs:/opt/ros/foxy LD_LIBRARY_PATH=/home/meric/f1tenth_ws/install/vesc_msgs/lib:${LD_LIBRARY_PATH} PYTHONPATH=/home/meric/f1tenth_ws/install/vesc_msgs/lib/python3.8/site-packages:${PYTHONPATH} /usr/bin/cmake --build /home/meric/f1tenth_ws/build/vesc_driver -- -j6 -l6
[0.445s] [ 50%] Built target vesc_driver
[0.453s] [ 70%] Built target vesc_driver_node
[0.612s] [100%] Built target vesc_device_namer
[0.660s] Invoked command in '/home/meric/f1tenth_ws/build/vesc_driver' returned '0': AMENT_PREFIX_PATH=/home/meric/f1tenth_ws/install/vesc_msgs:${AMENT_PREFIX_PATH} CMAKE_PREFIX_PATH=/home/meric/f1tenth_ws/install/vesc_msgs:/opt/ros/foxy LD_LIBRARY_PATH=/home/meric/f1tenth_ws/install/vesc_msgs/lib:${LD_LIBRARY_PATH} PYTHONPATH=/home/meric/f1tenth_ws/install/vesc_msgs/lib/python3.8/site-packages:${PYTHONPATH} /usr/bin/cmake --build /home/meric/f1tenth_ws/build/vesc_driver -- -j6 -l6
[0.665s] Invoking command in '/home/meric/f1tenth_ws/build/vesc_driver': AMENT_PREFIX_PATH=/home/meric/f1tenth_ws/install/vesc_msgs:${AMENT_PREFIX_PATH} CMAKE_PREFIX_PATH=/home/meric/f1tenth_ws/install/vesc_msgs:/opt/ros/foxy LD_LIBRARY_PATH=/home/meric/f1tenth_ws/install/vesc_msgs/lib:${LD_LIBRARY_PATH} PYTHONPATH=/home/meric/f1tenth_ws/install/vesc_msgs/lib/python3.8/site-packages:${PYTHONPATH} /usr/bin/cmake --install /home/meric/f1tenth_ws/build/vesc_driver
[0.732s] -- Install configuration: ""
[0.735s] -- Up-to-date: /home/meric/f1tenth_ws/install/vesc_driver/lib/vesc_driver/vesc_driver_node
[0.735s] -- Up-to-date: /home/meric/f1tenth_ws/install/vesc_driver/include
[0.736s] -- Up-to-date: /home/meric/f1tenth_ws/install/vesc_driver/include/vesc_driver
[0.737s] -- Up-to-date: /home/meric/f1tenth_ws/install/vesc_driver/include/vesc_driver/datatypes.hpp
[0.737s] -- Up-to-date: /home/meric/f1tenth_ws/install/vesc_driver/include/vesc_driver/vesc_interface.hpp
[0.737s] -- Up-to-date: /home/meric/f1tenth_ws/install/vesc_driver/include/vesc_driver/vesc_device_uuid_lookup.hpp
[0.737s] -- Up-to-date: /home/meric/f1tenth_ws/install/vesc_driver/include/vesc_driver/vesc_packet_factory.hpp
[0.737s] -- Up-to-date: /home/meric/f1tenth_ws/install/vesc_driver/include/vesc_driver/crc.hpp
[0.738s] -- Up-to-date: /home/meric/f1tenth_ws/install/vesc_driver/include/vesc_driver/vesc_driver.hpp
[0.738s] -- Up-to-date: /home/meric/f1tenth_ws/install/vesc_driver/include/vesc_driver/vesc_packet.hpp
[0.739s] -- Up-to-date: /home/meric/f1tenth_ws/install/vesc_driver/share/vesc_driver/environment/library_path.sh
[0.739s] -- Up-to-date: /home/meric/f1tenth_ws/install/vesc_driver/share/vesc_driver/environment/library_path.dsv
[0.741s] -- Up-to-date: /home/meric/f1tenth_ws/install/vesc_driver/lib/libvesc_driver.so
[0.742s] -- Up-to-date: /home/meric/f1tenth_ws/install/vesc_driver/lib/vesc_driver/vesc_device_namer
[0.742s] -- Up-to-date: /home/meric/f1tenth_ws/install/vesc_driver/share/vesc_driver/launch
[0.743s] -- Up-to-date: /home/meric/f1tenth_ws/install/vesc_driver/share/vesc_driver/launch/vesc_driver_node.launch.py
[0.743s] -- Up-to-date: /home/meric/f1tenth_ws/install/vesc_driver/share/vesc_driver/params
[0.744s] -- Up-to-date: /home/meric/f1tenth_ws/install/vesc_driver/share/vesc_driver/params/vesc_config.yaml
[0.745s] -- Up-to-date: /home/meric/f1tenth_ws/install/vesc_driver/share/ament_index/resource_index/package_run_dependencies/vesc_driver
[0.746s] -- Up-to-date: /home/meric/f1tenth_ws/install/vesc_driver/share/ament_index/resource_index/parent_prefix_path/vesc_driver
[0.747s] -- Up-to-date: /home/meric/f1tenth_ws/install/vesc_driver/share/vesc_driver/environment/ament_prefix_path.sh
[0.747s] -- Up-to-date: /home/meric/f1tenth_ws/install/vesc_driver/share/vesc_driver/environment/ament_prefix_path.dsv
[0.748s] -- Up-to-date: /home/meric/f1tenth_ws/install/vesc_driver/share/vesc_driver/environment/path.sh
[0.748s] -- Up-to-date: /home/meric/f1tenth_ws/install/vesc_driver/share/vesc_driver/environment/path.dsv
[0.749s] -- Up-to-date: /home/meric/f1tenth_ws/install/vesc_driver/share/vesc_driver/local_setup.bash
[0.749s] -- Up-to-date: /home/meric/f1tenth_ws/install/vesc_driver/share/vesc_driver/local_setup.sh
[0.749s] -- Up-to-date: /home/meric/f1tenth_ws/install/vesc_driver/share/vesc_driver/local_setup.zsh
[0.750s] -- Up-to-date: /home/meric/f1tenth_ws/install/vesc_driver/share/vesc_driver/local_setup.dsv
[0.750s] -- Installing: /home/meric/f1tenth_ws/install/vesc_driver/share/vesc_driver/package.dsv
[0.760s] -- Up-to-date: /home/meric/f1tenth_ws/install/vesc_driver/share/ament_index/resource_index/packages/vesc_driver
[0.761s] -- Up-to-date: /home/meric/f1tenth_ws/install/vesc_driver/share/ament_index/resource_index/rclcpp_components/vesc_driver
[0.765s] -- Up-to-date: /home/meric/f1tenth_ws/install/vesc_driver/share/vesc_driver/cmake/ament_cmake_export_dependencies-extras.cmake
[0.765s] -- Up-to-date: /home/meric/f1tenth_ws/install/vesc_driver/share/vesc_driver/cmake/ament_cmake_export_include_directories-extras.cmake
[0.766s] -- Up-to-date: /home/meric/f1tenth_ws/install/vesc_driver/share/vesc_driver/cmake/ament_cmake_export_libraries-extras.cmake
[0.766s] -- Up-to-date: /home/meric/f1tenth_ws/install/vesc_driver/share/vesc_driver/cmake/vesc_driverConfig.cmake
[0.767s] -- Up-to-date: /home/meric/f1tenth_ws/install/vesc_driver/share/vesc_driver/cmake/vesc_driverConfig-version.cmake
[0.767s] -- Up-to-date: /home/meric/f1tenth_ws/install/vesc_driver/share/vesc_driver/package.xml
[0.775s] Invoked command in '/home/meric/f1tenth_ws/build/vesc_driver' returned '0': AMENT_PREFIX_PATH=/home/meric/f1tenth_ws/install/vesc_msgs:${AMENT_PREFIX_PATH} CMAKE_PREFIX_PATH=/home/meric/f1tenth_ws/install/vesc_msgs:/opt/ros/foxy LD_LIBRARY_PATH=/home/meric/f1tenth_ws/install/vesc_msgs/lib:${LD_LIBRARY_PATH} PYTHONPATH=/home/meric/f1tenth_ws/install/vesc_msgs/lib/python3.8/site-packages:${PYTHONPATH} /usr/bin/cmake --install /home/meric/f1tenth_ws/build/vesc_driver
