[0.107s] Invoking command in '/home/meric/f1tenth_ws/build/vesc_msgs': CMAKE_PREFIX_PATH=${CMAKE_PREFIX_PATH}:/home/meric/f1tenth_ws/install/f1tenth_stack:/home/meric/f1tenth_ws/install/joy_teleop:/home/meric/f1tenth_ws/install/stanley_avoidance:/home/meric/f1tenth_ws/install/stanley2_avoidance:/home/meric/f1tenth_ws/install/slam:/home/meric/f1tenth_ws/install/mouse_teleop:/home/meric/f1tenth_ws/install/key_teleop:/opt/ros/foxy /usr/bin/cmake --build /home/meric/f1tenth_ws/build/vesc_msgs -- -j6 -l6
[1.223s] [  1%] Built target vesc_msgs__cpp
[1.225s] [ 12%] Built target vesc_msgs__rosidl_generator_c
[1.225s] [ 23%] Built target vesc_msgs__rosidl_typesupport_c
[1.226s] [ 34%] Built target vesc_msgs__rosidl_typesupport_cpp
[1.226s] [ 45%] Built target vesc_msgs__rosidl_typesupport_fastrtps_cpp
[1.228s] [ 56%] Built target vesc_msgs__rosidl_typesupport_introspection_c
[1.228s] [ 67%] Built target vesc_msgs__rosidl_typesupport_introspection_cpp
[1.228s] [ 78%] Built target vesc_msgs__rosidl_typesupport_fastrtps_c
[1.229s] [ 78%] Built target vesc_msgs
[1.229s] [ 80%] Built target vesc_msgs__py
[1.232s] [ 89%] Built target vesc_msgs__python
[1.233s] [ 92%] Built target vesc_msgs__rosidl_typesupport_c__pyext
[1.233s] [ 96%] Built target vesc_msgs__rosidl_typesupport_fastrtps_c__pyext
[1.233s] [100%] Built target vesc_msgs__rosidl_typesupport_introspection_c__pyext
[1.236s] Invoked command in '/home/meric/f1tenth_ws/build/vesc_msgs' returned '0': CMAKE_PREFIX_PATH=${CMAKE_PREFIX_PATH}:/home/meric/f1tenth_ws/install/f1tenth_stack:/home/meric/f1tenth_ws/install/joy_teleop:/home/meric/f1tenth_ws/install/stanley_avoidance:/home/meric/f1tenth_ws/install/stanley2_avoidance:/home/meric/f1tenth_ws/install/slam:/home/meric/f1tenth_ws/install/mouse_teleop:/home/meric/f1tenth_ws/install/key_teleop:/opt/ros/foxy /usr/bin/cmake --build /home/meric/f1tenth_ws/build/vesc_msgs -- -j6 -l6
[1.258s] Invoking command in '/home/meric/f1tenth_ws/build/vesc_msgs': CMAKE_PREFIX_PATH=${CMAKE_PREFIX_PATH}:/home/meric/f1tenth_ws/install/f1tenth_stack:/home/meric/f1tenth_ws/install/joy_teleop:/home/meric/f1tenth_ws/install/stanley_avoidance:/home/meric/f1tenth_ws/install/stanley2_avoidance:/home/meric/f1tenth_ws/install/slam:/home/meric/f1tenth_ws/install/mouse_teleop:/home/meric/f1tenth_ws/install/key_teleop:/opt/ros/foxy /usr/bin/cmake --install /home/meric/f1tenth_ws/build/vesc_msgs
[1.283s] -- Install configuration: ""
[1.283s] -- Up-to-date: /home/meric/f1tenth_ws/install/vesc_msgs/share/ament_index/resource_index/rosidl_interfaces/vesc_msgs
[1.285s] -- Up-to-date: /home/meric/f1tenth_ws/install/vesc_msgs/include/vesc_msgs
[1.286s] -- Up-to-date: /home/meric/f1tenth_ws/install/vesc_msgs/include/vesc_msgs/msg
[1.286s] -- Up-to-date: /home/meric/f1tenth_ws/install/vesc_msgs/include/vesc_msgs/msg/rosidl_generator_c__visibility_control.h
[1.287s] -- Up-to-date: /home/meric/f1tenth_ws/install/vesc_msgs/include/vesc_msgs/msg/vesc_state_stamped.h
[1.287s] -- Up-to-date: /home/meric/f1tenth_ws/install/vesc_msgs/include/vesc_msgs/msg/vesc_state.h
[1.287s] -- Up-to-date: /home/meric/f1tenth_ws/install/vesc_msgs/include/vesc_msgs/msg/vesc_imu_stamped.h
[1.288s] -- Up-to-date: /home/meric/f1tenth_ws/install/vesc_msgs/include/vesc_msgs/msg/vesc_imu.h
[1.288s] -- Up-to-date: /home/meric/f1tenth_ws/install/vesc_msgs/include/vesc_msgs/msg/detail
[1.289s] -- Up-to-date: /home/meric/f1tenth_ws/install/vesc_msgs/include/vesc_msgs/msg/detail/vesc_imu_stamped__struct.h
[1.290s] -- Up-to-date: /home/meric/f1tenth_ws/install/vesc_msgs/include/vesc_msgs/msg/detail/vesc_imu_stamped__functions.c
[1.291s] -- Up-to-date: /home/meric/f1tenth_ws/install/vesc_msgs/include/vesc_msgs/msg/detail/vesc_state__functions.h
[1.291s] -- Up-to-date: /home/meric/f1tenth_ws/install/vesc_msgs/include/vesc_msgs/msg/detail/vesc_state__functions.c
[1.292s] -- Up-to-date: /home/meric/f1tenth_ws/install/vesc_msgs/include/vesc_msgs/msg/detail/vesc_imu__functions.h
[1.292s] -- Up-to-date: /home/meric/f1tenth_ws/install/vesc_msgs/include/vesc_msgs/msg/detail/vesc_imu_stamped__type_support.h
[1.292s] -- Up-to-date: /home/meric/f1tenth_ws/install/vesc_msgs/include/vesc_msgs/msg/detail/vesc_state_stamped__functions.h
[1.293s] -- Up-to-date: /home/meric/f1tenth_ws/install/vesc_msgs/include/vesc_msgs/msg/detail/vesc_state__type_support.h
[1.293s] -- Up-to-date: /home/meric/f1tenth_ws/install/vesc_msgs/include/vesc_msgs/msg/detail/vesc_state_stamped__struct.h
[1.293s] -- Up-to-date: /home/meric/f1tenth_ws/install/vesc_msgs/include/vesc_msgs/msg/detail/vesc_state__struct.h
[1.294s] -- Up-to-date: /home/meric/f1tenth_ws/install/vesc_msgs/include/vesc_msgs/msg/detail/vesc_imu__type_support.h
[1.294s] -- Up-to-date: /home/meric/f1tenth_ws/install/vesc_msgs/include/vesc_msgs/msg/detail/vesc_imu__struct.h
[1.294s] -- Up-to-date: /home/meric/f1tenth_ws/install/vesc_msgs/include/vesc_msgs/msg/detail/vesc_state_stamped__type_support.h
[1.294s] -- Up-to-date: /home/meric/f1tenth_ws/install/vesc_msgs/include/vesc_msgs/msg/detail/vesc_imu_stamped__functions.h
[1.294s] -- Up-to-date: /home/meric/f1tenth_ws/install/vesc_msgs/include/vesc_msgs/msg/detail/vesc_state_stamped__functions.c
[1.294s] -- Up-to-date: /home/meric/f1tenth_ws/install/vesc_msgs/include/vesc_msgs/msg/detail/vesc_imu__functions.c
[1.294s] -- Up-to-date: /home/meric/f1tenth_ws/install/vesc_msgs/share/vesc_msgs/environment/library_path.sh
[1.294s] -- Up-to-date: /home/meric/f1tenth_ws/install/vesc_msgs/share/vesc_msgs/environment/library_path.dsv
[1.295s] -- Up-to-date: /home/meric/f1tenth_ws/install/vesc_msgs/lib/libvesc_msgs__rosidl_generator_c.so
[1.295s] -- Up-to-date: /home/meric/f1tenth_ws/install/vesc_msgs/include/vesc_msgs
[1.295s] -- Up-to-date: /home/meric/f1tenth_ws/install/vesc_msgs/include/vesc_msgs/msg
[1.295s] -- Up-to-date: /home/meric/f1tenth_ws/install/vesc_msgs/include/vesc_msgs/msg/rosidl_typesupport_fastrtps_c__visibility_control.h
[1.295s] -- Up-to-date: /home/meric/f1tenth_ws/install/vesc_msgs/include/vesc_msgs/msg/detail
[1.295s] -- Up-to-date: /home/meric/f1tenth_ws/install/vesc_msgs/include/vesc_msgs/msg/detail/vesc_state__rosidl_typesupport_fastrtps_c.h
[1.295s] -- Up-to-date: /home/meric/f1tenth_ws/install/vesc_msgs/include/vesc_msgs/msg/detail/vesc_imu_stamped__rosidl_typesupport_fastrtps_c.h
[1.296s] -- Up-to-date: /home/meric/f1tenth_ws/install/vesc_msgs/include/vesc_msgs/msg/detail/vesc_state_stamped__rosidl_typesupport_fastrtps_c.h
[1.296s] -- Up-to-date: /home/meric/f1tenth_ws/install/vesc_msgs/include/vesc_msgs/msg/detail/vesc_imu__rosidl_typesupport_fastrtps_c.h
[1.296s] -- Up-to-date: /home/meric/f1tenth_ws/install/vesc_msgs/lib/libvesc_msgs__rosidl_typesupport_fastrtps_c.so
[1.296s] -- Up-to-date: /home/meric/f1tenth_ws/install/vesc_msgs/include/vesc_msgs
[1.296s] -- Up-to-date: /home/meric/f1tenth_ws/install/vesc_msgs/include/vesc_msgs/msg
[1.296s] -- Up-to-date: /home/meric/f1tenth_ws/install/vesc_msgs/include/vesc_msgs/msg/rosidl_typesupport_fastrtps_cpp__visibility_control.h
[1.296s] -- Up-to-date: /home/meric/f1tenth_ws/install/vesc_msgs/include/vesc_msgs/msg/detail
[1.296s] -- Up-to-date: /home/meric/f1tenth_ws/install/vesc_msgs/include/vesc_msgs/msg/detail/vesc_state__rosidl_typesupport_fastrtps_cpp.hpp
[1.297s] -- Up-to-date: /home/meric/f1tenth_ws/install/vesc_msgs/include/vesc_msgs/msg/detail/dds_fastrtps
[1.297s] -- Up-to-date: /home/meric/f1tenth_ws/install/vesc_msgs/include/vesc_msgs/msg/detail/vesc_imu__rosidl_typesupport_fastrtps_cpp.hpp
[1.297s] -- Up-to-date: /home/meric/f1tenth_ws/install/vesc_msgs/include/vesc_msgs/msg/detail/vesc_state_stamped__rosidl_typesupport_fastrtps_cpp.hpp
[1.297s] -- Up-to-date: /home/meric/f1tenth_ws/install/vesc_msgs/include/vesc_msgs/msg/detail/vesc_imu_stamped__rosidl_typesupport_fastrtps_cpp.hpp
[1.297s] -- Up-to-date: /home/meric/f1tenth_ws/install/vesc_msgs/lib/libvesc_msgs__rosidl_typesupport_fastrtps_cpp.so
[1.298s] -- Up-to-date: /home/meric/f1tenth_ws/install/vesc_msgs/include/vesc_msgs
[1.298s] -- Up-to-date: /home/meric/f1tenth_ws/install/vesc_msgs/include/vesc_msgs/msg
[1.298s] -- Up-to-date: /home/meric/f1tenth_ws/install/vesc_msgs/include/vesc_msgs/msg/detail
[1.299s] -- Up-to-date: /home/meric/f1tenth_ws/install/vesc_msgs/include/vesc_msgs/msg/detail/vesc_imu_stamped__rosidl_typesupport_introspection_c.h
[1.299s] -- Up-to-date: /home/meric/f1tenth_ws/install/vesc_msgs/include/vesc_msgs/msg/detail/vesc_imu__rosidl_typesupport_introspection_c.h
[1.299s] -- Up-to-date: /home/meric/f1tenth_ws/install/vesc_msgs/include/vesc_msgs/msg/detail/vesc_state__type_support.c
[1.299s] -- Up-to-date: /home/meric/f1tenth_ws/install/vesc_msgs/include/vesc_msgs/msg/detail/vesc_imu_stamped__type_support.c
[1.300s] -- Up-to-date: /home/meric/f1tenth_ws/install/vesc_msgs/include/vesc_msgs/msg/detail/vesc_state_stamped__rosidl_typesupport_introspection_c.h
[1.300s] -- Up-to-date: /home/meric/f1tenth_ws/install/vesc_msgs/include/vesc_msgs/msg/detail/vesc_state__rosidl_typesupport_introspection_c.h
[1.300s] -- Up-to-date: /home/meric/f1tenth_ws/install/vesc_msgs/include/vesc_msgs/msg/detail/vesc_state_stamped__type_support.c
[1.300s] -- Up-to-date: /home/meric/f1tenth_ws/install/vesc_msgs/include/vesc_msgs/msg/detail/vesc_imu__type_support.c
[1.300s] -- Up-to-date: /home/meric/f1tenth_ws/install/vesc_msgs/include/vesc_msgs/msg/rosidl_typesupport_introspection_c__visibility_control.h
[1.307s] -- Up-to-date: /home/meric/f1tenth_ws/install/vesc_msgs/lib/libvesc_msgs__rosidl_typesupport_introspection_c.so
[1.309s] -- Up-to-date: /home/meric/f1tenth_ws/install/vesc_msgs/lib/libvesc_msgs__rosidl_typesupport_c.so
[1.310s] -- Up-to-date: /home/meric/f1tenth_ws/install/vesc_msgs/include/vesc_msgs
[1.311s] -- Up-to-date: /home/meric/f1tenth_ws/install/vesc_msgs/include/vesc_msgs/msg
[1.311s] -- Up-to-date: /home/meric/f1tenth_ws/install/vesc_msgs/include/vesc_msgs/msg/vesc_state_stamped.hpp
[1.311s] -- Up-to-date: /home/meric/f1tenth_ws/install/vesc_msgs/include/vesc_msgs/msg/vesc_imu.hpp
[1.311s] -- Up-to-date: /home/meric/f1tenth_ws/install/vesc_msgs/include/vesc_msgs/msg/vesc_imu_stamped.hpp
[1.311s] -- Up-to-date: /home/meric/f1tenth_ws/install/vesc_msgs/include/vesc_msgs/msg/detail
[1.311s] -- Up-to-date: /home/meric/f1tenth_ws/install/vesc_msgs/include/vesc_msgs/msg/detail/vesc_imu_stamped__struct.hpp
[1.311s] -- Up-to-date: /home/meric/f1tenth_ws/install/vesc_msgs/include/vesc_msgs/msg/detail/vesc_state_stamped__traits.hpp
[1.311s] -- Up-to-date: /home/meric/f1tenth_ws/install/vesc_msgs/include/vesc_msgs/msg/detail/vesc_imu__traits.hpp
[1.312s] -- Up-to-date: /home/meric/f1tenth_ws/install/vesc_msgs/include/vesc_msgs/msg/detail/vesc_state_stamped__builder.hpp
[1.312s] -- Up-to-date: /home/meric/f1tenth_ws/install/vesc_msgs/include/vesc_msgs/msg/detail/vesc_imu__builder.hpp
[1.312s] -- Up-to-date: /home/meric/f1tenth_ws/install/vesc_msgs/include/vesc_msgs/msg/detail/vesc_state__type_support.hpp
[1.312s] -- Up-to-date: /home/meric/f1tenth_ws/install/vesc_msgs/include/vesc_msgs/msg/detail/vesc_state_stamped__type_support.hpp
[1.312s] -- Up-to-date: /home/meric/f1tenth_ws/install/vesc_msgs/include/vesc_msgs/msg/detail/vesc_state__builder.hpp
[1.312s] -- Up-to-date: /home/meric/f1tenth_ws/install/vesc_msgs/include/vesc_msgs/msg/detail/vesc_imu_stamped__traits.hpp
[1.312s] -- Up-to-date: /home/meric/f1tenth_ws/install/vesc_msgs/include/vesc_msgs/msg/detail/vesc_state_stamped__struct.hpp
[1.312s] -- Up-to-date: /home/meric/f1tenth_ws/install/vesc_msgs/include/vesc_msgs/msg/detail/vesc_imu_stamped__type_support.hpp
[1.313s] -- Up-to-date: /home/meric/f1tenth_ws/install/vesc_msgs/include/vesc_msgs/msg/detail/vesc_imu_stamped__builder.hpp
[1.313s] -- Up-to-date: /home/meric/f1tenth_ws/install/vesc_msgs/include/vesc_msgs/msg/detail/vesc_imu__type_support.hpp
[1.313s] -- Up-to-date: /home/meric/f1tenth_ws/install/vesc_msgs/include/vesc_msgs/msg/detail/vesc_state__traits.hpp
[1.313s] -- Up-to-date: /home/meric/f1tenth_ws/install/vesc_msgs/include/vesc_msgs/msg/detail/vesc_state__struct.hpp
[1.313s] -- Up-to-date: /home/meric/f1tenth_ws/install/vesc_msgs/include/vesc_msgs/msg/detail/vesc_imu__struct.hpp
[1.313s] -- Up-to-date: /home/meric/f1tenth_ws/install/vesc_msgs/include/vesc_msgs/msg/rosidl_generator_cpp__visibility_control.hpp
[1.313s] -- Up-to-date: /home/meric/f1tenth_ws/install/vesc_msgs/include/vesc_msgs/msg/vesc_state.hpp
[1.314s] -- Up-to-date: /home/meric/f1tenth_ws/install/vesc_msgs/include/vesc_msgs
[1.314s] -- Up-to-date: /home/meric/f1tenth_ws/install/vesc_msgs/include/vesc_msgs/msg
[1.314s] -- Up-to-date: /home/meric/f1tenth_ws/install/vesc_msgs/include/vesc_msgs/msg/detail
[1.314s] -- Up-to-date: /home/meric/f1tenth_ws/install/vesc_msgs/include/vesc_msgs/msg/detail/vesc_imu_stamped__rosidl_typesupport_introspection_cpp.hpp
[1.314s] -- Up-to-date: /home/meric/f1tenth_ws/install/vesc_msgs/include/vesc_msgs/msg/detail/vesc_state_stamped__type_support.cpp
[1.315s] -- Up-to-date: /home/meric/f1tenth_ws/install/vesc_msgs/include/vesc_msgs/msg/detail/vesc_imu__type_support.cpp
[1.315s] -- Up-to-date: /home/meric/f1tenth_ws/install/vesc_msgs/include/vesc_msgs/msg/detail/vesc_imu_stamped__type_support.cpp
[1.315s] -- Up-to-date: /home/meric/f1tenth_ws/install/vesc_msgs/include/vesc_msgs/msg/detail/vesc_imu__rosidl_typesupport_introspection_cpp.hpp
[1.315s] -- Up-to-date: /home/meric/f1tenth_ws/install/vesc_msgs/include/vesc_msgs/msg/detail/vesc_state__rosidl_typesupport_introspection_cpp.hpp
[1.315s] -- Up-to-date: /home/meric/f1tenth_ws/install/vesc_msgs/include/vesc_msgs/msg/detail/vesc_state__type_support.cpp
[1.316s] -- Up-to-date: /home/meric/f1tenth_ws/install/vesc_msgs/include/vesc_msgs/msg/detail/vesc_state_stamped__rosidl_typesupport_introspection_cpp.hpp
[1.316s] -- Up-to-date: /home/meric/f1tenth_ws/install/vesc_msgs/lib/libvesc_msgs__rosidl_typesupport_introspection_cpp.so
[1.316s] -- Up-to-date: /home/meric/f1tenth_ws/install/vesc_msgs/lib/libvesc_msgs__rosidl_typesupport_cpp.so
[1.317s] -- Up-to-date: /home/meric/f1tenth_ws/install/vesc_msgs/share/vesc_msgs/environment/pythonpath.sh
[1.317s] -- Up-to-date: /home/meric/f1tenth_ws/install/vesc_msgs/share/vesc_msgs/environment/pythonpath.dsv
[1.317s] -- Up-to-date: /home/meric/f1tenth_ws/install/vesc_msgs/lib/python3.8/site-packages/vesc_msgs/__init__.py
[1.397s] -- Up-to-date: /home/meric/f1tenth_ws/install/vesc_msgs/lib/python3.8/site-packages/vesc_msgs/msg
[1.402s] -- Up-to-date: /home/meric/f1tenth_ws/install/vesc_msgs/lib/python3.8/site-packages/vesc_msgs/msg/_vesc_imu_stamped_s.c
[1.403s] -- Up-to-date: /home/meric/f1tenth_ws/install/vesc_msgs/lib/python3.8/site-packages/vesc_msgs/msg/__init__.py
[1.403s] -- Up-to-date: /home/meric/f1tenth_ws/install/vesc_msgs/lib/python3.8/site-packages/vesc_msgs/msg/_vesc_imu_s.c
[1.405s] -- Up-to-date: /home/meric/f1tenth_ws/install/vesc_msgs/lib/python3.8/site-packages/vesc_msgs/msg/_vesc_state.py
[1.405s] -- Up-to-date: /home/meric/f1tenth_ws/install/vesc_msgs/lib/python3.8/site-packages/vesc_msgs/msg/_vesc_state_stamped_s.c
[1.406s] -- Up-to-date: /home/meric/f1tenth_ws/install/vesc_msgs/lib/python3.8/site-packages/vesc_msgs/msg/_vesc_imu_stamped.py
[1.406s] -- Up-to-date: /home/meric/f1tenth_ws/install/vesc_msgs/lib/python3.8/site-packages/vesc_msgs/msg/_vesc_imu.py
[1.408s] -- Up-to-date: /home/meric/f1tenth_ws/install/vesc_msgs/lib/python3.8/site-packages/vesc_msgs/msg/_vesc_state_s.c
[1.408s] -- Up-to-date: /home/meric/f1tenth_ws/install/vesc_msgs/lib/python3.8/site-packages/vesc_msgs/msg/_vesc_state_stamped.py
[1.415s] -- Up-to-date: /home/meric/f1tenth_ws/install/vesc_msgs/lib/python3.8/site-packages/vesc_msgs/vesc_msgs_s__rosidl_typesupport_fastrtps_c.cpython-38-aarch64-linux-gnu.so
[1.416s] -- Up-to-date: /home/meric/f1tenth_ws/install/vesc_msgs/lib/python3.8/site-packages/vesc_msgs/vesc_msgs_s__rosidl_typesupport_introspection_c.cpython-38-aarch64-linux-gnu.so
[1.416s] -- Up-to-date: /home/meric/f1tenth_ws/install/vesc_msgs/lib/python3.8/site-packages/vesc_msgs/vesc_msgs_s__rosidl_typesupport_c.cpython-38-aarch64-linux-gnu.so
[1.416s] -- Up-to-date: /home/meric/f1tenth_ws/install/vesc_msgs/lib/libvesc_msgs__python.so
[1.416s] -- Up-to-date: /home/meric/f1tenth_ws/install/vesc_msgs/share/vesc_msgs/msg/VescState.idl
[1.417s] -- Up-to-date: /home/meric/f1tenth_ws/install/vesc_msgs/share/vesc_msgs/msg/VescStateStamped.idl
[1.417s] -- Up-to-date: /home/meric/f1tenth_ws/install/vesc_msgs/share/vesc_msgs/msg/VescImu.idl
[1.418s] -- Up-to-date: /home/meric/f1tenth_ws/install/vesc_msgs/share/vesc_msgs/msg/VescImuStamped.idl
[1.418s] -- Up-to-date: /home/meric/f1tenth_ws/install/vesc_msgs/share/vesc_msgs/msg/VescState.msg
[1.419s] -- Up-to-date: /home/meric/f1tenth_ws/install/vesc_msgs/share/vesc_msgs/msg/VescStateStamped.msg
[1.419s] -- Up-to-date: /home/meric/f1tenth_ws/install/vesc_msgs/share/vesc_msgs/msg/VescImu.msg
[1.420s] -- Up-to-date: /home/meric/f1tenth_ws/install/vesc_msgs/share/vesc_msgs/msg/VescImuStamped.msg
[1.420s] -- Up-to-date: /home/meric/f1tenth_ws/install/vesc_msgs/share/ament_index/resource_index/package_run_dependencies/vesc_msgs
[1.420s] -- Up-to-date: /home/meric/f1tenth_ws/install/vesc_msgs/share/ament_index/resource_index/parent_prefix_path/vesc_msgs
[1.421s] -- Up-to-date: /home/meric/f1tenth_ws/install/vesc_msgs/share/vesc_msgs/environment/ament_prefix_path.sh
[1.421s] -- Up-to-date: /home/meric/f1tenth_ws/install/vesc_msgs/share/vesc_msgs/environment/ament_prefix_path.dsv
[1.422s] -- Up-to-date: /home/meric/f1tenth_ws/install/vesc_msgs/share/vesc_msgs/environment/path.sh
[1.423s] -- Up-to-date: /home/meric/f1tenth_ws/install/vesc_msgs/share/vesc_msgs/environment/path.dsv
[1.425s] -- Up-to-date: /home/meric/f1tenth_ws/install/vesc_msgs/share/vesc_msgs/local_setup.bash
[1.425s] -- Up-to-date: /home/meric/f1tenth_ws/install/vesc_msgs/share/vesc_msgs/local_setup.sh
[1.426s] -- Up-to-date: /home/meric/f1tenth_ws/install/vesc_msgs/share/vesc_msgs/local_setup.zsh
[1.426s] -- Up-to-date: /home/meric/f1tenth_ws/install/vesc_msgs/share/vesc_msgs/local_setup.dsv
[1.427s] -- Installing: /home/meric/f1tenth_ws/install/vesc_msgs/share/vesc_msgs/package.dsv
[1.427s] -- Up-to-date: /home/meric/f1tenth_ws/install/vesc_msgs/share/ament_index/resource_index/packages/vesc_msgs
[1.427s] -- Up-to-date: /home/meric/f1tenth_ws/install/vesc_msgs/share/vesc_msgs/cmake/vesc_msgs__rosidl_generator_cExport.cmake
[1.428s] -- Up-to-date: /home/meric/f1tenth_ws/install/vesc_msgs/share/vesc_msgs/cmake/vesc_msgs__rosidl_generator_cExport-noconfig.cmake
[1.428s] -- Up-to-date: /home/meric/f1tenth_ws/install/vesc_msgs/share/vesc_msgs/cmake/vesc_msgs__rosidl_typesupport_introspection_cExport.cmake
[1.429s] -- Up-to-date: /home/meric/f1tenth_ws/install/vesc_msgs/share/vesc_msgs/cmake/vesc_msgs__rosidl_typesupport_introspection_cExport-noconfig.cmake
[1.429s] -- Up-to-date: /home/meric/f1tenth_ws/install/vesc_msgs/share/vesc_msgs/cmake/vesc_msgs__rosidl_typesupport_cExport.cmake
[1.429s] -- Up-to-date: /home/meric/f1tenth_ws/install/vesc_msgs/share/vesc_msgs/cmake/vesc_msgs__rosidl_typesupport_cExport-noconfig.cmake
[1.430s] -- Up-to-date: /home/meric/f1tenth_ws/install/vesc_msgs/share/vesc_msgs/cmake/vesc_msgs__rosidl_generator_cppExport.cmake
[1.431s] -- Up-to-date: /home/meric/f1tenth_ws/install/vesc_msgs/share/vesc_msgs/cmake/vesc_msgs__rosidl_typesupport_introspection_cppExport.cmake
[1.431s] -- Up-to-date: /home/meric/f1tenth_ws/install/vesc_msgs/share/vesc_msgs/cmake/vesc_msgs__rosidl_typesupport_introspection_cppExport-noconfig.cmake
[1.431s] -- Up-to-date: /home/meric/f1tenth_ws/install/vesc_msgs/share/vesc_msgs/cmake/vesc_msgs__rosidl_typesupport_cppExport.cmake
[1.431s] -- Up-to-date: /home/meric/f1tenth_ws/install/vesc_msgs/share/vesc_msgs/cmake/vesc_msgs__rosidl_typesupport_cppExport-noconfig.cmake
[1.432s] -- Up-to-date: /home/meric/f1tenth_ws/install/vesc_msgs/share/vesc_msgs/cmake/rosidl_cmake-extras.cmake
[1.432s] -- Up-to-date: /home/meric/f1tenth_ws/install/vesc_msgs/share/vesc_msgs/cmake/ament_cmake_export_dependencies-extras.cmake
[1.432s] -- Up-to-date: /home/meric/f1tenth_ws/install/vesc_msgs/share/vesc_msgs/cmake/ament_cmake_export_libraries-extras.cmake
[1.432s] -- Up-to-date: /home/meric/f1tenth_ws/install/vesc_msgs/share/vesc_msgs/cmake/ament_cmake_export_targets-extras.cmake
[1.433s] -- Up-to-date: /home/meric/f1tenth_ws/install/vesc_msgs/share/vesc_msgs/cmake/ament_cmake_export_include_directories-extras.cmake
[1.433s] -- Up-to-date: /home/meric/f1tenth_ws/install/vesc_msgs/share/vesc_msgs/cmake/rosidl_cmake_export_typesupport_libraries-extras.cmake
[1.433s] -- Up-to-date: /home/meric/f1tenth_ws/install/vesc_msgs/share/vesc_msgs/cmake/rosidl_cmake_export_typesupport_targets-extras.cmake
[1.433s] -- Up-to-date: /home/meric/f1tenth_ws/install/vesc_msgs/share/vesc_msgs/cmake/vesc_msgsConfig.cmake
[1.433s] -- Up-to-date: /home/meric/f1tenth_ws/install/vesc_msgs/share/vesc_msgs/cmake/vesc_msgsConfig-version.cmake
[1.434s] -- Up-to-date: /home/meric/f1tenth_ws/install/vesc_msgs/share/vesc_msgs/package.xml
[1.509s] Invoked command in '/home/meric/f1tenth_ws/build/vesc_msgs' returned '0': CMAKE_PREFIX_PATH=${CMAKE_PREFIX_PATH}:/home/meric/f1tenth_ws/install/f1tenth_stack:/home/meric/f1tenth_ws/install/joy_teleop:/home/meric/f1tenth_ws/install/stanley_avoidance:/home/meric/f1tenth_ws/install/stanley2_avoidance:/home/meric/f1tenth_ws/install/slam:/home/meric/f1tenth_ws/install/mouse_teleop:/home/meric/f1tenth_ws/install/key_teleop:/opt/ros/foxy /usr/bin/cmake --install /home/meric/f1tenth_ws/build/vesc_msgs
