[1.345s] Invoking command in '/home/meric/f1tenth_ws/src/stanley2_avoidance': PYTHONPATH=/home/meric/f1tenth_ws/src/build/stanley2_avoidance/prefix_override:/usr/lib/python3/dist-packages/colcon_core/task/python/colcon_distutils_commands:/home/meric/f1tenth_ws/src/install/stanley2_avoidance/lib/python3.8/site-packages:${PYTHONPATH} /usr/bin/python3 -W ignore:setup.py install is deprecated -W ignore:easy_install command is deprecated setup.py egg_info --egg-base ../build/stanley2_avoidance build --build-base /home/meric/f1tenth_ws/src/build/stanley2_avoidance/build install --record /home/meric/f1tenth_ws/src/build/stanley2_avoidance/install.log --install-scripts $base/lib/stanley2_avoidance --single-version-externally-managed install_data
[1.812s] running egg_info
[1.813s] writing ../build/stanley2_avoidance/stanley2_avoidance.egg-info/PKG-INFO
[1.814s] writing dependency_links to ../build/stanley2_avoidance/stanley2_avoidance.egg-info/dependency_links.txt
[1.814s] writing entry points to ../build/stanley2_avoidance/stanley2_avoidance.egg-info/entry_points.txt
[1.814s] writing requirements to ../build/stanley2_avoidance/stanley2_avoidance.egg-info/requires.txt
[1.815s] writing top-level names to ../build/stanley2_avoidance/stanley2_avoidance.egg-info/top_level.txt
[1.879s] reading manifest file '../build/stanley2_avoidance/stanley2_avoidance.egg-info/SOURCES.txt'
[1.881s] writing manifest file '../build/stanley2_avoidance/stanley2_avoidance.egg-info/SOURCES.txt'
[1.881s] running build
[1.881s] running build_py
[1.881s] copying stanley2_avoidance/stanley_avoidance.py -> /home/meric/f1tenth_ws/src/build/stanley2_avoidance/build/lib/stanley2_avoidance
[1.882s] running install
[1.884s] running install_lib
[1.886s] copying /home/meric/f1tenth_ws/src/build/stanley2_avoidance/build/lib/stanley2_avoidance/stanley_avoidance.py -> /home/meric/f1tenth_ws/src/install/stanley2_avoidance/lib/python3.8/site-packages/stanley2_avoidance
[1.888s] byte-compiling /home/meric/f1tenth_ws/src/install/stanley2_avoidance/lib/python3.8/site-packages/stanley2_avoidance/stanley_avoidance.py to stanley_avoidance.cpython-38.pyc
[1.900s] running install_data
[1.901s] running install_egg_info
[1.904s] removing '/home/meric/f1tenth_ws/src/install/stanley2_avoidance/lib/python3.8/site-packages/stanley2_avoidance-0.0.0-py3.8.egg-info' (and everything under it)
[1.905s] Copying ../build/stanley2_avoidance/stanley2_avoidance.egg-info to /home/meric/f1tenth_ws/src/install/stanley2_avoidance/lib/python3.8/site-packages/stanley2_avoidance-0.0.0-py3.8.egg-info
[1.907s] running install_scripts
[1.942s] Installing stanley2_avoidance script to /home/meric/f1tenth_ws/src/install/stanley2_avoidance/lib/stanley2_avoidance
[1.943s] writing list of installed files to '/home/meric/f1tenth_ws/src/build/stanley2_avoidance/install.log'
[2.003s] Invoked command in '/home/meric/f1tenth_ws/src/stanley2_avoidance' returned '0': PYTHONPATH=/home/meric/f1tenth_ws/src/build/stanley2_avoidance/prefix_override:/usr/lib/python3/dist-packages/colcon_core/task/python/colcon_distutils_commands:/home/meric/f1tenth_ws/src/install/stanley2_avoidance/lib/python3.8/site-packages:${PYTHONPATH} /usr/bin/python3 -W ignore:setup.py install is deprecated -W ignore:easy_install command is deprecated setup.py egg_info --egg-base ../build/stanley2_avoidance build --build-base /home/meric/f1tenth_ws/src/build/stanley2_avoidance/build install --record /home/meric/f1tenth_ws/src/build/stanley2_avoidance/install.log --install-scripts $base/lib/stanley2_avoidance --single-version-externally-managed install_data
