[3.499s] Invoking command in '/home/meric/f1tenth_ws/src/slam': PYTHONPATH=/home/meric/f1tenth_ws/build/slam/prefix_override:/usr/lib/python3/dist-packages/colcon_core/task/python/colcon_distutils_commands:/home/meric/f1tenth_ws/install/slam/lib/python3.8/site-packages:${PYTHONPATH} /usr/bin/python3 -W ignore:setup.py install is deprecated -W ignore:easy_install command is deprecated setup.py egg_info --egg-base ../../build/slam build --build-base /home/meric/f1tenth_ws/build/slam/build install --record /home/meric/f1tenth_ws/build/slam/install.log --install-scripts $base/lib/slam --single-version-externally-managed install_data
[4.103s] running egg_info
[4.104s] writing ../../build/slam/slam.egg-info/PKG-INFO
[4.105s] writing dependency_links to ../../build/slam/slam.egg-info/dependency_links.txt
[4.105s] writing entry points to ../../build/slam/slam.egg-info/entry_points.txt
[4.105s] writing requirements to ../../build/slam/slam.egg-info/requires.txt
[4.106s] writing top-level names to ../../build/slam/slam.egg-info/top_level.txt
[4.197s] reading manifest file '../../build/slam/slam.egg-info/SOURCES.txt'
[4.199s] writing manifest file '../../build/slam/slam.egg-info/SOURCES.txt'
[4.199s] running build
[4.199s] running build_py
[4.199s] running install
[4.202s] running install_lib
[4.205s] running install_data
[4.205s] running install_egg_info
[4.209s] removing '/home/meric/f1tenth_ws/install/slam/lib/python3.8/site-packages/slam-0.0.0-py3.8.egg-info' (and everything under it)
[4.210s] Copying ../../build/slam/slam.egg-info to /home/meric/f1tenth_ws/install/slam/lib/python3.8/site-packages/slam-0.0.0-py3.8.egg-info
[4.212s] running install_scripts
[4.253s] writing list of installed files to '/home/meric/f1tenth_ws/build/slam/install.log'
[4.380s] Invoked command in '/home/meric/f1tenth_ws/src/slam' returned '0': PYTHONPATH=/home/meric/f1tenth_ws/build/slam/prefix_override:/usr/lib/python3/dist-packages/colcon_core/task/python/colcon_distutils_commands:/home/meric/f1tenth_ws/install/slam/lib/python3.8/site-packages:${PYTHONPATH} /usr/bin/python3 -W ignore:setup.py install is deprecated -W ignore:easy_install command is deprecated setup.py egg_info --egg-base ../../build/slam build --build-base /home/meric/f1tenth_ws/build/slam/build install --record /home/meric/f1tenth_ws/build/slam/install.log --install-scripts $base/lib/slam --single-version-externally-managed install_data
