[0.105s] Invoking command in '/home/meric/f1tenth_ws/build/safety_node': CMAKE_PREFIX_PATH=/opt/ros/foxy /usr/bin/cmake --build /home/meric/f1tenth_ws/build/safety_node -- -j6 -l6
[0.260s] [100%] Built target safety_node
[0.730s] Invoked command in '/home/meric/f1tenth_ws/build/safety_node' returned '0': CMAKE_PREFIX_PATH=/opt/ros/foxy /usr/bin/cmake --build /home/meric/f1tenth_ws/build/safety_node -- -j6 -l6
[0.736s] Invoking command in '/home/meric/f1tenth_ws/build/safety_node': CMAKE_PREFIX_PATH=/opt/ros/foxy /usr/bin/cmake --install /home/meric/f1tenth_ws/build/safety_node
[0.761s] -- Install configuration: ""
[0.761s] -- Up-to-date: /home/meric/f1tenth_ws/install/safety_node/lib/safety_node/safety_node
[0.762s] -- Up-to-date: /home/meric/f1tenth_ws/install/safety_node/share/safety_node/environment/pythonpath.sh
[0.762s] -- Up-to-date: /home/meric/f1tenth_ws/install/safety_node/share/safety_node/environment/pythonpath.dsv
[0.762s] -- Up-to-date: /home/meric/f1tenth_ws/install/safety_node/lib/python3.8/site-packages/safety_node
[0.762s] -- Up-to-date: /home/meric/f1tenth_ws/install/safety_node/lib/python3.8/site-packages/safety_node/__init__.py
[0.823s] Listing '/home/meric/f1tenth_ws/install/safety_node/lib/python3.8/site-packages/safety_node'...
[0.836s] -- Up-to-date: /home/meric/f1tenth_ws/install/safety_node/lib/safety_node/safety_node.py
[0.836s] -- Up-to-date: /home/meric/f1tenth_ws/install/safety_node/share/ament_index/resource_index/package_run_dependencies/safety_node
[0.837s] -- Up-to-date: /home/meric/f1tenth_ws/install/safety_node/share/ament_index/resource_index/parent_prefix_path/safety_node
[0.837s] -- Up-to-date: /home/meric/f1tenth_ws/install/safety_node/share/safety_node/environment/ament_prefix_path.sh
[0.837s] -- Up-to-date: /home/meric/f1tenth_ws/install/safety_node/share/safety_node/environment/ament_prefix_path.dsv
[0.837s] -- Up-to-date: /home/meric/f1tenth_ws/install/safety_node/share/safety_node/environment/path.sh
[0.837s] -- Up-to-date: /home/meric/f1tenth_ws/install/safety_node/share/safety_node/environment/path.dsv
[0.838s] -- Up-to-date: /home/meric/f1tenth_ws/install/safety_node/share/safety_node/local_setup.bash
[0.838s] -- Up-to-date: /home/meric/f1tenth_ws/install/safety_node/share/safety_node/local_setup.sh
[0.838s] -- Up-to-date: /home/meric/f1tenth_ws/install/safety_node/share/safety_node/local_setup.zsh
[0.838s] -- Up-to-date: /home/meric/f1tenth_ws/install/safety_node/share/safety_node/local_setup.dsv
[0.838s] -- Installing: /home/meric/f1tenth_ws/install/safety_node/share/safety_node/package.dsv
[0.838s] -- Up-to-date: /home/meric/f1tenth_ws/install/safety_node/share/ament_index/resource_index/packages/safety_node
[0.838s] -- Up-to-date: /home/meric/f1tenth_ws/install/safety_node/share/safety_node/cmake/safety_nodeConfig.cmake
[0.839s] -- Up-to-date: /home/meric/f1tenth_ws/install/safety_node/share/safety_node/cmake/safety_nodeConfig-version.cmake
[0.839s] -- Up-to-date: /home/meric/f1tenth_ws/install/safety_node/share/safety_node/package.xml
[1.285s] Invoked command in '/home/meric/f1tenth_ws/build/safety_node' returned '0': CMAKE_PREFIX_PATH=/opt/ros/foxy /usr/bin/cmake --install /home/meric/f1tenth_ws/build/safety_node
