[0.122s] Invoking command in '/home/meric/f1tenth_ws/build/vesc_driver': CMAKE_PREFIX_PATH=/home/meric/f1tenth_ws/install/vesc_msgs:/home/meric/f1tenth_ws/install/waypoint_generator:/home/meric/f1tenth_ws/install/vesc:/home/meric/f1tenth_ws/install/vesc_driver:/home/meric/f1tenth_ws/install/vesc_ackermann:/home/meric/f1tenth_ws/install/teleop_tools:/home/meric/f1tenth_ws/install/teleop_tools_msgs:/home/meric/f1tenth_ws/install/pure_pursuit:/home/meric/f1tenth_ws/install/ackermann_mux:/home/meric/f1tenth_ws/install/f1tenth_stack:/home/meric/f1tenth_ws/install/joy_teleop:/home/meric/f1tenth_ws/install/stanley_avoidance:/home/meric/f1tenth_ws/install/stanley2_avoidance:/home/meric/f1tenth_ws/install/slam:/home/meric/f1tenth_ws/install/mouse_teleop:/home/meric/f1tenth_ws/install/key_teleop:/opt/ros/foxy LD_LIBRARY_PATH=/home/meric/f1tenth_ws/install/vesc_msgs/lib:/home/meric/f1tenth_ws/install/vesc_driver/lib:/home/meric/f1tenth_ws/install/vesc_ackermann/lib:/home/meric/f1tenth_ws/install/teleop_tools_msgs/lib:/home/meric/ORBLIB/Pangolin/build/:/usr/lib/aarch64-linux-gnu/gazebo-11/plugins:/opt/ros/foxy/opt/yaml_cpp_vendor/lib:/opt/ros/foxy/opt/rviz_ogre_vendor/lib:/opt/ros/foxy/lib/aarch64-linux-gnu:/opt/ros/foxy/lib:/home/meric/ORBLIB/ORB_SLAM3/lib PYTHONPATH=/home/meric/f1tenth_ws/install/vesc_msgs/lib/python3.8/site-packages:/home/meric/f1tenth_ws/install/f1tenth_stack/lib/python3.8/site-packages:/home/meric/f1tenth_ws/install/joy_teleop/lib/python3.8/site-packages:/home/meric/f1tenth_ws/install/teleop_tools_msgs/lib/python3.8/site-packages:/home/meric/f1tenth_ws/install/stanley_avoidance/lib/python3.8/site-packages:/home/meric/f1tenth_ws/install/stanley2_avoidance/lib/python3.8/site-packages:/home/meric/f1tenth_ws/install/slam/lib/python3.8/site-packages:/home/meric/f1tenth_ws/install/mouse_teleop/lib/python3.8/site-packages:/home/meric/f1tenth_ws/install/key_teleop/lib/python3.8/site-packages:/opt/ros/foxy/lib/python3.8/site-packages /usr/bin/cmake --build /home/meric/f1tenth_ws/build/vesc_driver -- -j6 -l6
[0.463s] [ 20%] Built target vesc_driver_node
[0.464s] [ 70%] Built target vesc_driver
[0.606s] [100%] Built target vesc_device_namer
[1.186s] Invoked command in '/home/meric/f1tenth_ws/build/vesc_driver' returned '0': CMAKE_PREFIX_PATH=/home/meric/f1tenth_ws/install/vesc_msgs:/home/meric/f1tenth_ws/install/waypoint_generator:/home/meric/f1tenth_ws/install/vesc:/home/meric/f1tenth_ws/install/vesc_driver:/home/meric/f1tenth_ws/install/vesc_ackermann:/home/meric/f1tenth_ws/install/teleop_tools:/home/meric/f1tenth_ws/install/teleop_tools_msgs:/home/meric/f1tenth_ws/install/pure_pursuit:/home/meric/f1tenth_ws/install/ackermann_mux:/home/meric/f1tenth_ws/install/f1tenth_stack:/home/meric/f1tenth_ws/install/joy_teleop:/home/meric/f1tenth_ws/install/stanley_avoidance:/home/meric/f1tenth_ws/install/stanley2_avoidance:/home/meric/f1tenth_ws/install/slam:/home/meric/f1tenth_ws/install/mouse_teleop:/home/meric/f1tenth_ws/install/key_teleop:/opt/ros/foxy LD_LIBRARY_PATH=/home/meric/f1tenth_ws/install/vesc_msgs/lib:/home/meric/f1tenth_ws/install/vesc_driver/lib:/home/meric/f1tenth_ws/install/vesc_ackermann/lib:/home/meric/f1tenth_ws/install/teleop_tools_msgs/lib:/home/meric/ORBLIB/Pangolin/build/:/usr/lib/aarch64-linux-gnu/gazebo-11/plugins:/opt/ros/foxy/opt/yaml_cpp_vendor/lib:/opt/ros/foxy/opt/rviz_ogre_vendor/lib:/opt/ros/foxy/lib/aarch64-linux-gnu:/opt/ros/foxy/lib:/home/meric/ORBLIB/ORB_SLAM3/lib PYTHONPATH=/home/meric/f1tenth_ws/install/vesc_msgs/lib/python3.8/site-packages:/home/meric/f1tenth_ws/install/f1tenth_stack/lib/python3.8/site-packages:/home/meric/f1tenth_ws/install/joy_teleop/lib/python3.8/site-packages:/home/meric/f1tenth_ws/install/teleop_tools_msgs/lib/python3.8/site-packages:/home/meric/f1tenth_ws/install/stanley_avoidance/lib/python3.8/site-packages:/home/meric/f1tenth_ws/install/stanley2_avoidance/lib/python3.8/site-packages:/home/meric/f1tenth_ws/install/slam/lib/python3.8/site-packages:/home/meric/f1tenth_ws/install/mouse_teleop/lib/python3.8/site-packages:/home/meric/f1tenth_ws/install/key_teleop/lib/python3.8/site-packages:/opt/ros/foxy/lib/python3.8/site-packages /usr/bin/cmake --build /home/meric/f1tenth_ws/build/vesc_driver -- -j6 -l6
[1.194s] Invoking command in '/home/meric/f1tenth_ws/build/vesc_driver': CMAKE_PREFIX_PATH=/home/meric/f1tenth_ws/install/vesc_msgs:/home/meric/f1tenth_ws/install/waypoint_generator:/home/meric/f1tenth_ws/install/vesc:/home/meric/f1tenth_ws/install/vesc_driver:/home/meric/f1tenth_ws/install/vesc_ackermann:/home/meric/f1tenth_ws/install/teleop_tools:/home/meric/f1tenth_ws/install/teleop_tools_msgs:/home/meric/f1tenth_ws/install/pure_pursuit:/home/meric/f1tenth_ws/install/ackermann_mux:/home/meric/f1tenth_ws/install/f1tenth_stack:/home/meric/f1tenth_ws/install/joy_teleop:/home/meric/f1tenth_ws/install/stanley_avoidance:/home/meric/f1tenth_ws/install/stanley2_avoidance:/home/meric/f1tenth_ws/install/slam:/home/meric/f1tenth_ws/install/mouse_teleop:/home/meric/f1tenth_ws/install/key_teleop:/opt/ros/foxy LD_LIBRARY_PATH=/home/meric/f1tenth_ws/install/vesc_msgs/lib:/home/meric/f1tenth_ws/install/vesc_driver/lib:/home/meric/f1tenth_ws/install/vesc_ackermann/lib:/home/meric/f1tenth_ws/install/teleop_tools_msgs/lib:/home/meric/ORBLIB/Pangolin/build/:/usr/lib/aarch64-linux-gnu/gazebo-11/plugins:/opt/ros/foxy/opt/yaml_cpp_vendor/lib:/opt/ros/foxy/opt/rviz_ogre_vendor/lib:/opt/ros/foxy/lib/aarch64-linux-gnu:/opt/ros/foxy/lib:/home/meric/ORBLIB/ORB_SLAM3/lib PYTHONPATH=/home/meric/f1tenth_ws/install/vesc_msgs/lib/python3.8/site-packages:/home/meric/f1tenth_ws/install/f1tenth_stack/lib/python3.8/site-packages:/home/meric/f1tenth_ws/install/joy_teleop/lib/python3.8/site-packages:/home/meric/f1tenth_ws/install/teleop_tools_msgs/lib/python3.8/site-packages:/home/meric/f1tenth_ws/install/stanley_avoidance/lib/python3.8/site-packages:/home/meric/f1tenth_ws/install/stanley2_avoidance/lib/python3.8/site-packages:/home/meric/f1tenth_ws/install/slam/lib/python3.8/site-packages:/home/meric/f1tenth_ws/install/mouse_teleop/lib/python3.8/site-packages:/home/meric/f1tenth_ws/install/key_teleop/lib/python3.8/site-packages:/opt/ros/foxy/lib/python3.8/site-packages /usr/bin/cmake --install /home/meric/f1tenth_ws/build/vesc_driver
[1.267s] -- Install configuration: ""
[1.267s] -- Up-to-date: /home/meric/f1tenth_ws/install/vesc_driver/lib/vesc_driver/vesc_driver_node
[1.267s] -- Up-to-date: /home/meric/f1tenth_ws/install/vesc_driver/include
[1.268s] -- Up-to-date: /home/meric/f1tenth_ws/install/vesc_driver/include/vesc_driver
[1.268s] -- Up-to-date: /home/meric/f1tenth_ws/install/vesc_driver/include/vesc_driver/datatypes.hpp
[1.268s] -- Up-to-date: /home/meric/f1tenth_ws/install/vesc_driver/include/vesc_driver/vesc_interface.hpp
[1.268s] -- Up-to-date: /home/meric/f1tenth_ws/install/vesc_driver/include/vesc_driver/vesc_device_uuid_lookup.hpp
[1.268s] -- Up-to-date: /home/meric/f1tenth_ws/install/vesc_driver/include/vesc_driver/vesc_packet_factory.hpp
[1.268s] -- Up-to-date: /home/meric/f1tenth_ws/install/vesc_driver/include/vesc_driver/crc.hpp
[1.268s] -- Up-to-date: /home/meric/f1tenth_ws/install/vesc_driver/include/vesc_driver/vesc_driver.hpp
[1.269s] -- Up-to-date: /home/meric/f1tenth_ws/install/vesc_driver/include/vesc_driver/vesc_packet.hpp
[1.269s] -- Up-to-date: /home/meric/f1tenth_ws/install/vesc_driver/share/vesc_driver/environment/library_path.sh
[1.269s] -- Up-to-date: /home/meric/f1tenth_ws/install/vesc_driver/share/vesc_driver/environment/library_path.dsv
[1.269s] -- Up-to-date: /home/meric/f1tenth_ws/install/vesc_driver/lib/libvesc_driver.so
[1.269s] -- Up-to-date: /home/meric/f1tenth_ws/install/vesc_driver/lib/vesc_driver/vesc_device_namer
[1.269s] -- Up-to-date: /home/meric/f1tenth_ws/install/vesc_driver/share/vesc_driver/launch
[1.269s] -- Up-to-date: /home/meric/f1tenth_ws/install/vesc_driver/share/vesc_driver/launch/vesc_driver_node.launch.py
[1.269s] -- Up-to-date: /home/meric/f1tenth_ws/install/vesc_driver/share/vesc_driver/params
[1.270s] -- Up-to-date: /home/meric/f1tenth_ws/install/vesc_driver/share/vesc_driver/params/vesc_config.yaml
[1.270s] -- Up-to-date: /home/meric/f1tenth_ws/install/vesc_driver/share/ament_index/resource_index/package_run_dependencies/vesc_driver
[1.270s] -- Up-to-date: /home/meric/f1tenth_ws/install/vesc_driver/share/ament_index/resource_index/parent_prefix_path/vesc_driver
[1.270s] -- Up-to-date: /home/meric/f1tenth_ws/install/vesc_driver/share/vesc_driver/environment/ament_prefix_path.sh
[1.270s] -- Up-to-date: /home/meric/f1tenth_ws/install/vesc_driver/share/vesc_driver/environment/ament_prefix_path.dsv
[1.270s] -- Up-to-date: /home/meric/f1tenth_ws/install/vesc_driver/share/vesc_driver/environment/path.sh
[1.270s] -- Up-to-date: /home/meric/f1tenth_ws/install/vesc_driver/share/vesc_driver/environment/path.dsv
[1.271s] -- Up-to-date: /home/meric/f1tenth_ws/install/vesc_driver/share/vesc_driver/local_setup.bash
[1.271s] -- Up-to-date: /home/meric/f1tenth_ws/install/vesc_driver/share/vesc_driver/local_setup.sh
[1.271s] -- Up-to-date: /home/meric/f1tenth_ws/install/vesc_driver/share/vesc_driver/local_setup.zsh
[1.271s] -- Up-to-date: /home/meric/f1tenth_ws/install/vesc_driver/share/vesc_driver/local_setup.dsv
[1.271s] -- Installing: /home/meric/f1tenth_ws/install/vesc_driver/share/vesc_driver/package.dsv
[1.271s] -- Up-to-date: /home/meric/f1tenth_ws/install/vesc_driver/share/ament_index/resource_index/packages/vesc_driver
[1.271s] -- Up-to-date: /home/meric/f1tenth_ws/install/vesc_driver/share/ament_index/resource_index/rclcpp_components/vesc_driver
[1.271s] -- Up-to-date: /home/meric/f1tenth_ws/install/vesc_driver/share/vesc_driver/cmake/ament_cmake_export_dependencies-extras.cmake
[1.271s] -- Up-to-date: /home/meric/f1tenth_ws/install/vesc_driver/share/vesc_driver/cmake/ament_cmake_export_include_directories-extras.cmake
[1.272s] -- Up-to-date: /home/meric/f1tenth_ws/install/vesc_driver/share/vesc_driver/cmake/ament_cmake_export_libraries-extras.cmake
[1.272s] -- Up-to-date: /home/meric/f1tenth_ws/install/vesc_driver/share/vesc_driver/cmake/vesc_driverConfig.cmake
[1.272s] -- Up-to-date: /home/meric/f1tenth_ws/install/vesc_driver/share/vesc_driver/cmake/vesc_driverConfig-version.cmake
[1.272s] -- Up-to-date: /home/meric/f1tenth_ws/install/vesc_driver/share/vesc_driver/package.xml
[1.331s] Invoked command in '/home/meric/f1tenth_ws/build/vesc_driver' returned '0': CMAKE_PREFIX_PATH=/home/meric/f1tenth_ws/install/vesc_msgs:/home/meric/f1tenth_ws/install/waypoint_generator:/home/meric/f1tenth_ws/install/vesc:/home/meric/f1tenth_ws/install/vesc_driver:/home/meric/f1tenth_ws/install/vesc_ackermann:/home/meric/f1tenth_ws/install/teleop_tools:/home/meric/f1tenth_ws/install/teleop_tools_msgs:/home/meric/f1tenth_ws/install/pure_pursuit:/home/meric/f1tenth_ws/install/ackermann_mux:/home/meric/f1tenth_ws/install/f1tenth_stack:/home/meric/f1tenth_ws/install/joy_teleop:/home/meric/f1tenth_ws/install/stanley_avoidance:/home/meric/f1tenth_ws/install/stanley2_avoidance:/home/meric/f1tenth_ws/install/slam:/home/meric/f1tenth_ws/install/mouse_teleop:/home/meric/f1tenth_ws/install/key_teleop:/opt/ros/foxy LD_LIBRARY_PATH=/home/meric/f1tenth_ws/install/vesc_msgs/lib:/home/meric/f1tenth_ws/install/vesc_driver/lib:/home/meric/f1tenth_ws/install/vesc_ackermann/lib:/home/meric/f1tenth_ws/install/teleop_tools_msgs/lib:/home/meric/ORBLIB/Pangolin/build/:/usr/lib/aarch64-linux-gnu/gazebo-11/plugins:/opt/ros/foxy/opt/yaml_cpp_vendor/lib:/opt/ros/foxy/opt/rviz_ogre_vendor/lib:/opt/ros/foxy/lib/aarch64-linux-gnu:/opt/ros/foxy/lib:/home/meric/ORBLIB/ORB_SLAM3/lib PYTHONPATH=/home/meric/f1tenth_ws/install/vesc_msgs/lib/python3.8/site-packages:/home/meric/f1tenth_ws/install/f1tenth_stack/lib/python3.8/site-packages:/home/meric/f1tenth_ws/install/joy_teleop/lib/python3.8/site-packages:/home/meric/f1tenth_ws/install/teleop_tools_msgs/lib/python3.8/site-packages:/home/meric/f1tenth_ws/install/stanley_avoidance/lib/python3.8/site-packages:/home/meric/f1tenth_ws/install/stanley2_avoidance/lib/python3.8/site-packages:/home/meric/f1tenth_ws/install/slam/lib/python3.8/site-packages:/home/meric/f1tenth_ws/install/mouse_teleop/lib/python3.8/site-packages:/home/meric/f1tenth_ws/install/key_teleop/lib/python3.8/site-packages:/opt/ros/foxy/lib/python3.8/site-packages /usr/bin/cmake --install /home/meric/f1tenth_ws/build/vesc_driver
