[0.170s] Invoking command in '/home/meric/f1tenth_ws/build/pure_pursuit': CMAKE_PREFIX_PATH=/opt/ros/foxy /usr/bin/cmake --build /home/meric/f1tenth_ws/build/pure_pursuit -- -j6 -l6
[0.359s] [ 50%] Built target waypoint_visualizer
[0.374s] [100%] Built target pure_pursuit
[0.738s] Invoked command in '/home/meric/f1tenth_ws/build/pure_pursuit' returned '0': CMAKE_PREFIX_PATH=/opt/ros/foxy /usr/bin/cmake --build /home/meric/f1tenth_ws/build/pure_pursuit -- -j6 -l6
[0.745s] Invoking command in '/home/meric/f1tenth_ws/build/pure_pursuit': CMAKE_PREFIX_PATH=/opt/ros/foxy /usr/bin/cmake --install /home/meric/f1tenth_ws/build/pure_pursuit
[0.767s] -- Install configuration: ""
[0.767s] -- Up-to-date: /home/meric/f1tenth_ws/install/pure_pursuit/lib/pure_pursuit/pure_pursuit
[0.768s] -- Up-to-date: /home/meric/f1tenth_ws/install/pure_pursuit/lib/pure_pursuit/waypoint_visualizer
[0.768s] -- Up-to-date: /home/meric/f1tenth_ws/install/pure_pursuit/share/pure_pursuit/launch
[0.768s] -- Up-to-date: /home/meric/f1tenth_ws/install/pure_pursuit/share/pure_pursuit/launch/pure_pursuit_launch.py
[0.769s] -- Up-to-date: /home/meric/f1tenth_ws/install/pure_pursuit/share/pure_pursuit/launch/sim_pure_pursuit.rviz
[0.769s] -- Up-to-date: /home/meric/f1tenth_ws/install/pure_pursuit/share/pure_pursuit/launch/sim_pure_pursuit_launch.py
[0.769s] -- Up-to-date: /home/meric/f1tenth_ws/install/pure_pursuit/share/pure_pursuit/launch/pure_pursuit.rviz
[0.769s] -- Up-to-date: /home/meric/f1tenth_ws/install/pure_pursuit/share/pure_pursuit/config
[0.769s] -- Up-to-date: /home/meric/f1tenth_ws/install/pure_pursuit/share/pure_pursuit/config/config.yaml
[0.769s] -- Up-to-date: /home/meric/f1tenth_ws/install/pure_pursuit/share/pure_pursuit/config/sim_config.yaml
[0.769s] -- Up-to-date: /home/meric/f1tenth_ws/install/pure_pursuit/share/ament_index/resource_index/package_run_dependencies/pure_pursuit
[0.770s] -- Up-to-date: /home/meric/f1tenth_ws/install/pure_pursuit/share/ament_index/resource_index/parent_prefix_path/pure_pursuit
[0.770s] -- Up-to-date: /home/meric/f1tenth_ws/install/pure_pursuit/share/pure_pursuit/environment/ament_prefix_path.sh
[0.770s] -- Up-to-date: /home/meric/f1tenth_ws/install/pure_pursuit/share/pure_pursuit/environment/ament_prefix_path.dsv
[0.770s] -- Up-to-date: /home/meric/f1tenth_ws/install/pure_pursuit/share/pure_pursuit/environment/path.sh
[0.770s] -- Up-to-date: /home/meric/f1tenth_ws/install/pure_pursuit/share/pure_pursuit/environment/path.dsv
[0.770s] -- Up-to-date: /home/meric/f1tenth_ws/install/pure_pursuit/share/pure_pursuit/local_setup.bash
[0.771s] -- Up-to-date: /home/meric/f1tenth_ws/install/pure_pursuit/share/pure_pursuit/local_setup.sh
[0.771s] -- Up-to-date: /home/meric/f1tenth_ws/install/pure_pursuit/share/pure_pursuit/local_setup.zsh
[0.771s] -- Up-to-date: /home/meric/f1tenth_ws/install/pure_pursuit/share/pure_pursuit/local_setup.dsv
[0.771s] -- Installing: /home/meric/f1tenth_ws/install/pure_pursuit/share/pure_pursuit/package.dsv
[0.771s] -- Up-to-date: /home/meric/f1tenth_ws/install/pure_pursuit/share/ament_index/resource_index/packages/pure_pursuit
[0.771s] -- Up-to-date: /home/meric/f1tenth_ws/install/pure_pursuit/share/pure_pursuit/cmake/pure_pursuitConfig.cmake
[0.771s] -- Up-to-date: /home/meric/f1tenth_ws/install/pure_pursuit/share/pure_pursuit/cmake/pure_pursuitConfig-version.cmake
[0.771s] -- Up-to-date: /home/meric/f1tenth_ws/install/pure_pursuit/share/pure_pursuit/package.xml
[0.817s] Invoked command in '/home/meric/f1tenth_ws/build/pure_pursuit' returned '0': CMAKE_PREFIX_PATH=/opt/ros/foxy /usr/bin/cmake --install /home/meric/f1tenth_ws/build/pure_pursuit
