[0.109s] Invoking command in '/home/meric/f1tenth_ws/build/vesc_msgs': CMAKE_PREFIX_PATH=/opt/ros/foxy /usr/bin/cmake --build /home/meric/f1tenth_ws/build/vesc_msgs -- -j6 -l6
[1.786s] [  1%] Built target vesc_msgs__cpp
[1.787s] [ 12%] Built target vesc_msgs__rosidl_generator_c
[1.788s] [ 23%] Built target vesc_msgs__rosidl_typesupport_cpp
[1.788s] [ 34%] Built target vesc_msgs__rosidl_typesupport_fastrtps_cpp
[1.789s] [ 45%] Built target vesc_msgs__rosidl_typesupport_introspection_c
[1.790s] [ 56%] Built target vesc_msgs__rosidl_typesupport_introspection_cpp
[1.791s] [ 67%] Built target vesc_msgs__rosidl_typesupport_c
[1.791s] [ 78%] Built target vesc_msgs__rosidl_typesupport_fastrtps_c
[1.791s] [ 78%] Built target vesc_msgs
[1.792s] [ 80%] Built target vesc_msgs__py
[1.792s] [ 89%] Built target vesc_msgs__python
[1.796s] [ 92%] Built target vesc_msgs__rosidl_typesupport_introspection_c__pyext
[1.796s] [ 96%] Built target vesc_msgs__rosidl_typesupport_c__pyext
[1.796s] [100%] Built target vesc_msgs__rosidl_typesupport_fastrtps_c__pyext
[1.799s] Invoked command in '/home/meric/f1tenth_ws/build/vesc_msgs' returned '0': CMAKE_PREFIX_PATH=/opt/ros/foxy /usr/bin/cmake --build /home/meric/f1tenth_ws/build/vesc_msgs -- -j6 -l6
[1.820s] Invoking command in '/home/meric/f1tenth_ws/build/vesc_msgs': CMAKE_PREFIX_PATH=/opt/ros/foxy /usr/bin/cmake --install /home/meric/f1tenth_ws/build/vesc_msgs
[1.846s] -- Install configuration: ""
[1.846s] -- Up-to-date: /home/meric/f1tenth_ws/install/vesc_msgs/share/ament_index/resource_index/rosidl_interfaces/vesc_msgs
[1.847s] -- Up-to-date: /home/meric/f1tenth_ws/install/vesc_msgs/include/vesc_msgs
[1.848s] -- Up-to-date: /home/meric/f1tenth_ws/install/vesc_msgs/include/vesc_msgs/msg
[1.848s] -- Up-to-date: /home/meric/f1tenth_ws/install/vesc_msgs/include/vesc_msgs/msg/rosidl_generator_c__visibility_control.h
[1.849s] -- Up-to-date: /home/meric/f1tenth_ws/install/vesc_msgs/include/vesc_msgs/msg/vesc_state_stamped.h
[1.850s] -- Up-to-date: /home/meric/f1tenth_ws/install/vesc_msgs/include/vesc_msgs/msg/vesc_state.h
[1.850s] -- Up-to-date: /home/meric/f1tenth_ws/install/vesc_msgs/include/vesc_msgs/msg/vesc_imu_stamped.h
[1.851s] -- Up-to-date: /home/meric/f1tenth_ws/install/vesc_msgs/include/vesc_msgs/msg/vesc_imu.h
[1.852s] -- Up-to-date: /home/meric/f1tenth_ws/install/vesc_msgs/include/vesc_msgs/msg/detail
[1.856s] -- Up-to-date: /home/meric/f1tenth_ws/install/vesc_msgs/include/vesc_msgs/msg/detail/vesc_imu_stamped__struct.h
[1.857s] -- Up-to-date: /home/meric/f1tenth_ws/install/vesc_msgs/include/vesc_msgs/msg/detail/vesc_imu_stamped__functions.c
[1.858s] -- Up-to-date: /home/meric/f1tenth_ws/install/vesc_msgs/include/vesc_msgs/msg/detail/vesc_state__functions.h
[1.864s] -- Up-to-date: /home/meric/f1tenth_ws/install/vesc_msgs/include/vesc_msgs/msg/detail/vesc_state__functions.c
[1.868s] -- Up-to-date: /home/meric/f1tenth_ws/install/vesc_msgs/include/vesc_msgs/msg/detail/vesc_imu__functions.h
[1.868s] -- Up-to-date: /home/meric/f1tenth_ws/install/vesc_msgs/include/vesc_msgs/msg/detail/vesc_imu_stamped__type_support.h
[1.868s] -- Up-to-date: /home/meric/f1tenth_ws/install/vesc_msgs/include/vesc_msgs/msg/detail/vesc_state_stamped__functions.h
[1.868s] -- Up-to-date: /home/meric/f1tenth_ws/install/vesc_msgs/include/vesc_msgs/msg/detail/vesc_state__type_support.h
[1.869s] -- Up-to-date: /home/meric/f1tenth_ws/install/vesc_msgs/include/vesc_msgs/msg/detail/vesc_state_stamped__struct.h
[1.869s] -- Up-to-date: /home/meric/f1tenth_ws/install/vesc_msgs/include/vesc_msgs/msg/detail/vesc_state__struct.h
[1.869s] -- Up-to-date: /home/meric/f1tenth_ws/install/vesc_msgs/include/vesc_msgs/msg/detail/vesc_imu__type_support.h
[1.869s] -- Up-to-date: /home/meric/f1tenth_ws/install/vesc_msgs/include/vesc_msgs/msg/detail/vesc_imu__struct.h
[1.869s] -- Up-to-date: /home/meric/f1tenth_ws/install/vesc_msgs/include/vesc_msgs/msg/detail/vesc_state_stamped__type_support.h
[1.869s] -- Up-to-date: /home/meric/f1tenth_ws/install/vesc_msgs/include/vesc_msgs/msg/detail/vesc_imu_stamped__functions.h
[1.870s] -- Up-to-date: /home/meric/f1tenth_ws/install/vesc_msgs/include/vesc_msgs/msg/detail/vesc_state_stamped__functions.c
[1.871s] -- Up-to-date: /home/meric/f1tenth_ws/install/vesc_msgs/include/vesc_msgs/msg/detail/vesc_imu__functions.c
[1.871s] -- Up-to-date: /home/meric/f1tenth_ws/install/vesc_msgs/share/vesc_msgs/environment/library_path.sh
[1.871s] -- Up-to-date: /home/meric/f1tenth_ws/install/vesc_msgs/share/vesc_msgs/environment/library_path.dsv
[1.871s] -- Up-to-date: /home/meric/f1tenth_ws/install/vesc_msgs/lib/libvesc_msgs__rosidl_generator_c.so
[1.871s] -- Up-to-date: /home/meric/f1tenth_ws/install/vesc_msgs/include/vesc_msgs
[1.871s] -- Up-to-date: /home/meric/f1tenth_ws/install/vesc_msgs/include/vesc_msgs/msg
[1.872s] -- Up-to-date: /home/meric/f1tenth_ws/install/vesc_msgs/include/vesc_msgs/msg/rosidl_typesupport_fastrtps_c__visibility_control.h
[1.872s] -- Up-to-date: /home/meric/f1tenth_ws/install/vesc_msgs/include/vesc_msgs/msg/detail
[1.872s] -- Up-to-date: /home/meric/f1tenth_ws/install/vesc_msgs/include/vesc_msgs/msg/detail/vesc_state__rosidl_typesupport_fastrtps_c.h
[1.872s] -- Up-to-date: /home/meric/f1tenth_ws/install/vesc_msgs/include/vesc_msgs/msg/detail/vesc_imu_stamped__rosidl_typesupport_fastrtps_c.h
[1.872s] -- Up-to-date: /home/meric/f1tenth_ws/install/vesc_msgs/include/vesc_msgs/msg/detail/vesc_state_stamped__rosidl_typesupport_fastrtps_c.h
[1.872s] -- Up-to-date: /home/meric/f1tenth_ws/install/vesc_msgs/include/vesc_msgs/msg/detail/vesc_imu__rosidl_typesupport_fastrtps_c.h
[1.872s] -- Up-to-date: /home/meric/f1tenth_ws/install/vesc_msgs/lib/libvesc_msgs__rosidl_typesupport_fastrtps_c.so
[1.873s] -- Up-to-date: /home/meric/f1tenth_ws/install/vesc_msgs/include/vesc_msgs
[1.873s] -- Up-to-date: /home/meric/f1tenth_ws/install/vesc_msgs/include/vesc_msgs/msg
[1.873s] -- Up-to-date: /home/meric/f1tenth_ws/install/vesc_msgs/include/vesc_msgs/msg/rosidl_typesupport_fastrtps_cpp__visibility_control.h
[1.873s] -- Up-to-date: /home/meric/f1tenth_ws/install/vesc_msgs/include/vesc_msgs/msg/detail
[1.873s] -- Up-to-date: /home/meric/f1tenth_ws/install/vesc_msgs/include/vesc_msgs/msg/detail/vesc_state__rosidl_typesupport_fastrtps_cpp.hpp
[1.873s] -- Up-to-date: /home/meric/f1tenth_ws/install/vesc_msgs/include/vesc_msgs/msg/detail/dds_fastrtps
[1.873s] -- Up-to-date: /home/meric/f1tenth_ws/install/vesc_msgs/include/vesc_msgs/msg/detail/vesc_imu__rosidl_typesupport_fastrtps_cpp.hpp
[1.873s] -- Up-to-date: /home/meric/f1tenth_ws/install/vesc_msgs/include/vesc_msgs/msg/detail/vesc_state_stamped__rosidl_typesupport_fastrtps_cpp.hpp
[1.874s] -- Up-to-date: /home/meric/f1tenth_ws/install/vesc_msgs/include/vesc_msgs/msg/detail/vesc_imu_stamped__rosidl_typesupport_fastrtps_cpp.hpp
[1.875s] -- Up-to-date: /home/meric/f1tenth_ws/install/vesc_msgs/lib/libvesc_msgs__rosidl_typesupport_fastrtps_cpp.so
[1.875s] -- Up-to-date: /home/meric/f1tenth_ws/install/vesc_msgs/include/vesc_msgs
[1.875s] -- Up-to-date: /home/meric/f1tenth_ws/install/vesc_msgs/include/vesc_msgs/msg
[1.875s] -- Up-to-date: /home/meric/f1tenth_ws/install/vesc_msgs/include/vesc_msgs/msg/detail
[1.875s] -- Up-to-date: /home/meric/f1tenth_ws/install/vesc_msgs/include/vesc_msgs/msg/detail/vesc_imu_stamped__rosidl_typesupport_introspection_c.h
[1.875s] -- Up-to-date: /home/meric/f1tenth_ws/install/vesc_msgs/include/vesc_msgs/msg/detail/vesc_imu__rosidl_typesupport_introspection_c.h
[1.875s] -- Up-to-date: /home/meric/f1tenth_ws/install/vesc_msgs/include/vesc_msgs/msg/detail/vesc_state__type_support.c
[1.875s] -- Up-to-date: /home/meric/f1tenth_ws/install/vesc_msgs/include/vesc_msgs/msg/detail/vesc_imu_stamped__type_support.c
[1.876s] -- Up-to-date: /home/meric/f1tenth_ws/install/vesc_msgs/include/vesc_msgs/msg/detail/vesc_state_stamped__rosidl_typesupport_introspection_c.h
[1.876s] -- Up-to-date: /home/meric/f1tenth_ws/install/vesc_msgs/include/vesc_msgs/msg/detail/vesc_state__rosidl_typesupport_introspection_c.h
[1.877s] -- Up-to-date: /home/meric/f1tenth_ws/install/vesc_msgs/include/vesc_msgs/msg/detail/vesc_state_stamped__type_support.c
[1.877s] -- Up-to-date: /home/meric/f1tenth_ws/install/vesc_msgs/include/vesc_msgs/msg/detail/vesc_imu__type_support.c
[1.877s] -- Up-to-date: /home/meric/f1tenth_ws/install/vesc_msgs/include/vesc_msgs/msg/rosidl_typesupport_introspection_c__visibility_control.h
[1.877s] -- Up-to-date: /home/meric/f1tenth_ws/install/vesc_msgs/lib/libvesc_msgs__rosidl_typesupport_introspection_c.so
[1.877s] -- Up-to-date: /home/meric/f1tenth_ws/install/vesc_msgs/lib/libvesc_msgs__rosidl_typesupport_c.so
[1.878s] -- Up-to-date: /home/meric/f1tenth_ws/install/vesc_msgs/include/vesc_msgs
[1.879s] -- Up-to-date: /home/meric/f1tenth_ws/install/vesc_msgs/include/vesc_msgs/msg
[1.879s] -- Up-to-date: /home/meric/f1tenth_ws/install/vesc_msgs/include/vesc_msgs/msg/vesc_state_stamped.hpp
[1.879s] -- Up-to-date: /home/meric/f1tenth_ws/install/vesc_msgs/include/vesc_msgs/msg/vesc_imu.hpp
[1.879s] -- Up-to-date: /home/meric/f1tenth_ws/install/vesc_msgs/include/vesc_msgs/msg/vesc_imu_stamped.hpp
[1.879s] -- Up-to-date: /home/meric/f1tenth_ws/install/vesc_msgs/include/vesc_msgs/msg/detail
[1.879s] -- Up-to-date: /home/meric/f1tenth_ws/install/vesc_msgs/include/vesc_msgs/msg/detail/vesc_imu_stamped__struct.hpp
[1.880s] -- Up-to-date: /home/meric/f1tenth_ws/install/vesc_msgs/include/vesc_msgs/msg/detail/vesc_state_stamped__traits.hpp
[1.880s] -- Up-to-date: /home/meric/f1tenth_ws/install/vesc_msgs/include/vesc_msgs/msg/detail/vesc_imu__traits.hpp
[1.880s] -- Up-to-date: /home/meric/f1tenth_ws/install/vesc_msgs/include/vesc_msgs/msg/detail/vesc_state_stamped__builder.hpp
[1.880s] -- Up-to-date: /home/meric/f1tenth_ws/install/vesc_msgs/include/vesc_msgs/msg/detail/vesc_imu__builder.hpp
[1.880s] -- Up-to-date: /home/meric/f1tenth_ws/install/vesc_msgs/include/vesc_msgs/msg/detail/vesc_state__type_support.hpp
[1.880s] -- Up-to-date: /home/meric/f1tenth_ws/install/vesc_msgs/include/vesc_msgs/msg/detail/vesc_state_stamped__type_support.hpp
[1.880s] -- Up-to-date: /home/meric/f1tenth_ws/install/vesc_msgs/include/vesc_msgs/msg/detail/vesc_state__builder.hpp
[1.881s] -- Up-to-date: /home/meric/f1tenth_ws/install/vesc_msgs/include/vesc_msgs/msg/detail/vesc_imu_stamped__traits.hpp
[1.881s] -- Up-to-date: /home/meric/f1tenth_ws/install/vesc_msgs/include/vesc_msgs/msg/detail/vesc_state_stamped__struct.hpp
[1.885s] -- Up-to-date: /home/meric/f1tenth_ws/install/vesc_msgs/include/vesc_msgs/msg/detail/vesc_imu_stamped__type_support.hpp
[1.886s] -- Up-to-date: /home/meric/f1tenth_ws/install/vesc_msgs/include/vesc_msgs/msg/detail/vesc_imu_stamped__builder.hpp
[1.890s] -- Up-to-date: /home/meric/f1tenth_ws/install/vesc_msgs/include/vesc_msgs/msg/detail/vesc_imu__type_support.hpp
[1.890s] -- Up-to-date: /home/meric/f1tenth_ws/install/vesc_msgs/include/vesc_msgs/msg/detail/vesc_state__traits.hpp
[1.891s] -- Up-to-date: /home/meric/f1tenth_ws/install/vesc_msgs/include/vesc_msgs/msg/detail/vesc_state__struct.hpp
[1.891s] -- Up-to-date: /home/meric/f1tenth_ws/install/vesc_msgs/include/vesc_msgs/msg/detail/vesc_imu__struct.hpp
[1.891s] -- Up-to-date: /home/meric/f1tenth_ws/install/vesc_msgs/include/vesc_msgs/msg/rosidl_generator_cpp__visibility_control.hpp
[1.891s] -- Up-to-date: /home/meric/f1tenth_ws/install/vesc_msgs/include/vesc_msgs/msg/vesc_state.hpp
[1.891s] -- Up-to-date: /home/meric/f1tenth_ws/install/vesc_msgs/include/vesc_msgs
[1.892s] -- Up-to-date: /home/meric/f1tenth_ws/install/vesc_msgs/include/vesc_msgs/msg
[1.892s] -- Up-to-date: /home/meric/f1tenth_ws/install/vesc_msgs/include/vesc_msgs/msg/detail
[1.892s] -- Up-to-date: /home/meric/f1tenth_ws/install/vesc_msgs/include/vesc_msgs/msg/detail/vesc_imu_stamped__rosidl_typesupport_introspection_cpp.hpp
[1.892s] -- Up-to-date: /home/meric/f1tenth_ws/install/vesc_msgs/include/vesc_msgs/msg/detail/vesc_state_stamped__type_support.cpp
[1.892s] -- Up-to-date: /home/meric/f1tenth_ws/install/vesc_msgs/include/vesc_msgs/msg/detail/vesc_imu__type_support.cpp
[1.892s] -- Up-to-date: /home/meric/f1tenth_ws/install/vesc_msgs/include/vesc_msgs/msg/detail/vesc_imu_stamped__type_support.cpp
[1.893s] -- Up-to-date: /home/meric/f1tenth_ws/install/vesc_msgs/include/vesc_msgs/msg/detail/vesc_imu__rosidl_typesupport_introspection_cpp.hpp
[1.893s] -- Up-to-date: /home/meric/f1tenth_ws/install/vesc_msgs/include/vesc_msgs/msg/detail/vesc_state__rosidl_typesupport_introspection_cpp.hpp
[1.893s] -- Up-to-date: /home/meric/f1tenth_ws/install/vesc_msgs/include/vesc_msgs/msg/detail/vesc_state__type_support.cpp
[1.893s] -- Up-to-date: /home/meric/f1tenth_ws/install/vesc_msgs/include/vesc_msgs/msg/detail/vesc_state_stamped__rosidl_typesupport_introspection_cpp.hpp
[1.896s] -- Up-to-date: /home/meric/f1tenth_ws/install/vesc_msgs/lib/libvesc_msgs__rosidl_typesupport_introspection_cpp.so
[1.896s] -- Up-to-date: /home/meric/f1tenth_ws/install/vesc_msgs/lib/libvesc_msgs__rosidl_typesupport_cpp.so
[1.896s] -- Up-to-date: /home/meric/f1tenth_ws/install/vesc_msgs/share/vesc_msgs/environment/pythonpath.sh
[1.896s] -- Up-to-date: /home/meric/f1tenth_ws/install/vesc_msgs/share/vesc_msgs/environment/pythonpath.dsv
[1.897s] -- Up-to-date: /home/meric/f1tenth_ws/install/vesc_msgs/lib/python3.8/site-packages/vesc_msgs/__init__.py
[1.961s] -- Up-to-date: /home/meric/f1tenth_ws/install/vesc_msgs/lib/python3.8/site-packages/vesc_msgs/msg
[1.962s] -- Up-to-date: /home/meric/f1tenth_ws/install/vesc_msgs/lib/python3.8/site-packages/vesc_msgs/msg/_vesc_imu_stamped_s.c
[1.965s] -- Up-to-date: /home/meric/f1tenth_ws/install/vesc_msgs/lib/python3.8/site-packages/vesc_msgs/msg/__init__.py
[1.965s] -- Up-to-date: /home/meric/f1tenth_ws/install/vesc_msgs/lib/python3.8/site-packages/vesc_msgs/msg/_vesc_imu_s.c
[1.965s] -- Up-to-date: /home/meric/f1tenth_ws/install/vesc_msgs/lib/python3.8/site-packages/vesc_msgs/msg/_vesc_state.py
[1.965s] -- Up-to-date: /home/meric/f1tenth_ws/install/vesc_msgs/lib/python3.8/site-packages/vesc_msgs/msg/_vesc_state_stamped_s.c
[1.965s] -- Up-to-date: /home/meric/f1tenth_ws/install/vesc_msgs/lib/python3.8/site-packages/vesc_msgs/msg/_vesc_imu_stamped.py
[1.966s] -- Up-to-date: /home/meric/f1tenth_ws/install/vesc_msgs/lib/python3.8/site-packages/vesc_msgs/msg/_vesc_imu.py
[1.966s] -- Up-to-date: /home/meric/f1tenth_ws/install/vesc_msgs/lib/python3.8/site-packages/vesc_msgs/msg/_vesc_state_s.c
[1.966s] -- Up-to-date: /home/meric/f1tenth_ws/install/vesc_msgs/lib/python3.8/site-packages/vesc_msgs/msg/_vesc_state_stamped.py
[1.966s] -- Up-to-date: /home/meric/f1tenth_ws/install/vesc_msgs/lib/python3.8/site-packages/vesc_msgs/vesc_msgs_s__rosidl_typesupport_fastrtps_c.cpython-38-aarch64-linux-gnu.so
[1.974s] -- Up-to-date: /home/meric/f1tenth_ws/install/vesc_msgs/lib/python3.8/site-packages/vesc_msgs/vesc_msgs_s__rosidl_typesupport_introspection_c.cpython-38-aarch64-linux-gnu.so
[1.974s] -- Up-to-date: /home/meric/f1tenth_ws/install/vesc_msgs/lib/python3.8/site-packages/vesc_msgs/vesc_msgs_s__rosidl_typesupport_c.cpython-38-aarch64-linux-gnu.so
[1.975s] -- Up-to-date: /home/meric/f1tenth_ws/install/vesc_msgs/lib/libvesc_msgs__python.so
[1.975s] -- Up-to-date: /home/meric/f1tenth_ws/install/vesc_msgs/share/vesc_msgs/msg/VescState.idl
[1.975s] -- Up-to-date: /home/meric/f1tenth_ws/install/vesc_msgs/share/vesc_msgs/msg/VescStateStamped.idl
[1.975s] -- Up-to-date: /home/meric/f1tenth_ws/install/vesc_msgs/share/vesc_msgs/msg/VescImu.idl
[1.975s] -- Up-to-date: /home/meric/f1tenth_ws/install/vesc_msgs/share/vesc_msgs/msg/VescImuStamped.idl
[1.975s] -- Up-to-date: /home/meric/f1tenth_ws/install/vesc_msgs/share/vesc_msgs/msg/VescState.msg
[1.976s] -- Up-to-date: /home/meric/f1tenth_ws/install/vesc_msgs/share/vesc_msgs/msg/VescStateStamped.msg
[1.976s] -- Up-to-date: /home/meric/f1tenth_ws/install/vesc_msgs/share/vesc_msgs/msg/VescImu.msg
[1.976s] -- Up-to-date: /home/meric/f1tenth_ws/install/vesc_msgs/share/vesc_msgs/msg/VescImuStamped.msg
[1.976s] -- Up-to-date: /home/meric/f1tenth_ws/install/vesc_msgs/share/ament_index/resource_index/package_run_dependencies/vesc_msgs
[1.976s] -- Up-to-date: /home/meric/f1tenth_ws/install/vesc_msgs/share/ament_index/resource_index/parent_prefix_path/vesc_msgs
[1.976s] -- Up-to-date: /home/meric/f1tenth_ws/install/vesc_msgs/share/vesc_msgs/environment/ament_prefix_path.sh
[1.976s] -- Up-to-date: /home/meric/f1tenth_ws/install/vesc_msgs/share/vesc_msgs/environment/ament_prefix_path.dsv
[1.976s] -- Up-to-date: /home/meric/f1tenth_ws/install/vesc_msgs/share/vesc_msgs/environment/path.sh
[1.977s] -- Up-to-date: /home/meric/f1tenth_ws/install/vesc_msgs/share/vesc_msgs/environment/path.dsv
[1.977s] -- Up-to-date: /home/meric/f1tenth_ws/install/vesc_msgs/share/vesc_msgs/local_setup.bash
[1.977s] -- Up-to-date: /home/meric/f1tenth_ws/install/vesc_msgs/share/vesc_msgs/local_setup.sh
[1.977s] -- Up-to-date: /home/meric/f1tenth_ws/install/vesc_msgs/share/vesc_msgs/local_setup.zsh
[1.977s] -- Up-to-date: /home/meric/f1tenth_ws/install/vesc_msgs/share/vesc_msgs/local_setup.dsv
[1.983s] -- Installing: /home/meric/f1tenth_ws/install/vesc_msgs/share/vesc_msgs/package.dsv
[1.983s] -- Up-to-date: /home/meric/f1tenth_ws/install/vesc_msgs/share/ament_index/resource_index/packages/vesc_msgs
[1.983s] -- Up-to-date: /home/meric/f1tenth_ws/install/vesc_msgs/share/vesc_msgs/cmake/vesc_msgs__rosidl_generator_cExport.cmake
[1.984s] -- Up-to-date: /home/meric/f1tenth_ws/install/vesc_msgs/share/vesc_msgs/cmake/vesc_msgs__rosidl_generator_cExport-noconfig.cmake
[1.984s] -- Up-to-date: /home/meric/f1tenth_ws/install/vesc_msgs/share/vesc_msgs/cmake/vesc_msgs__rosidl_typesupport_introspection_cExport.cmake
[1.984s] -- Up-to-date: /home/meric/f1tenth_ws/install/vesc_msgs/share/vesc_msgs/cmake/vesc_msgs__rosidl_typesupport_introspection_cExport-noconfig.cmake
[1.984s] -- Up-to-date: /home/meric/f1tenth_ws/install/vesc_msgs/share/vesc_msgs/cmake/vesc_msgs__rosidl_typesupport_cExport.cmake
[1.985s] -- Up-to-date: /home/meric/f1tenth_ws/install/vesc_msgs/share/vesc_msgs/cmake/vesc_msgs__rosidl_typesupport_cExport-noconfig.cmake
[1.985s] -- Up-to-date: /home/meric/f1tenth_ws/install/vesc_msgs/share/vesc_msgs/cmake/vesc_msgs__rosidl_generator_cppExport.cmake
[1.985s] -- Up-to-date: /home/meric/f1tenth_ws/install/vesc_msgs/share/vesc_msgs/cmake/vesc_msgs__rosidl_typesupport_introspection_cppExport.cmake
[1.986s] -- Up-to-date: /home/meric/f1tenth_ws/install/vesc_msgs/share/vesc_msgs/cmake/vesc_msgs__rosidl_typesupport_introspection_cppExport-noconfig.cmake
[1.986s] -- Up-to-date: /home/meric/f1tenth_ws/install/vesc_msgs/share/vesc_msgs/cmake/vesc_msgs__rosidl_typesupport_cppExport.cmake
[1.986s] -- Up-to-date: /home/meric/f1tenth_ws/install/vesc_msgs/share/vesc_msgs/cmake/vesc_msgs__rosidl_typesupport_cppExport-noconfig.cmake
[1.986s] -- Up-to-date: /home/meric/f1tenth_ws/install/vesc_msgs/share/vesc_msgs/cmake/rosidl_cmake-extras.cmake
[1.986s] -- Up-to-date: /home/meric/f1tenth_ws/install/vesc_msgs/share/vesc_msgs/cmake/ament_cmake_export_dependencies-extras.cmake
[1.986s] -- Up-to-date: /home/meric/f1tenth_ws/install/vesc_msgs/share/vesc_msgs/cmake/ament_cmake_export_libraries-extras.cmake
[1.986s] -- Up-to-date: /home/meric/f1tenth_ws/install/vesc_msgs/share/vesc_msgs/cmake/ament_cmake_export_targets-extras.cmake
[1.987s] -- Up-to-date: /home/meric/f1tenth_ws/install/vesc_msgs/share/vesc_msgs/cmake/ament_cmake_export_include_directories-extras.cmake
[1.987s] -- Up-to-date: /home/meric/f1tenth_ws/install/vesc_msgs/share/vesc_msgs/cmake/rosidl_cmake_export_typesupport_libraries-extras.cmake
[1.988s] -- Up-to-date: /home/meric/f1tenth_ws/install/vesc_msgs/share/vesc_msgs/cmake/rosidl_cmake_export_typesupport_targets-extras.cmake
[1.988s] -- Up-to-date: /home/meric/f1tenth_ws/install/vesc_msgs/share/vesc_msgs/cmake/vesc_msgsConfig.cmake
[1.988s] -- Up-to-date: /home/meric/f1tenth_ws/install/vesc_msgs/share/vesc_msgs/cmake/vesc_msgsConfig-version.cmake
[1.988s] -- Up-to-date: /home/meric/f1tenth_ws/install/vesc_msgs/share/vesc_msgs/package.xml
[2.067s] Invoked command in '/home/meric/f1tenth_ws/build/vesc_msgs' returned '0': CMAKE_PREFIX_PATH=/opt/ros/foxy /usr/bin/cmake --install /home/meric/f1tenth_ws/build/vesc_msgs
