[3.351s] Invoking command in '/home/meric/f1tenth_ws/src/stanley2_avoidance': PYTHONPATH=/home/meric/f1tenth_ws/build/stanley2_avoidance/prefix_override:/usr/lib/python3/dist-packages/colcon_core/task/python/colcon_distutils_commands:/home/meric/f1tenth_ws/install/stanley2_avoidance/lib/python3.8/site-packages:${PYTHONPATH} /usr/bin/python3 -W ignore:setup.py install is deprecated -W ignore:easy_install command is deprecated setup.py egg_info --egg-base ../../build/stanley2_avoidance build --build-base /home/meric/f1tenth_ws/build/stanley2_avoidance/build install --record /home/meric/f1tenth_ws/build/stanley2_avoidance/install.log --install-scripts $base/lib/stanley2_avoidance --single-version-externally-managed install_data
[3.980s] running egg_info
[3.981s] writing ../../build/stanley2_avoidance/stanley2_avoidance.egg-info/PKG-INFO
[3.982s] writing dependency_links to ../../build/stanley2_avoidance/stanley2_avoidance.egg-info/dependency_links.txt
[3.983s] writing entry points to ../../build/stanley2_avoidance/stanley2_avoidance.egg-info/entry_points.txt
[3.983s] writing requirements to ../../build/stanley2_avoidance/stanley2_avoidance.egg-info/requires.txt
[3.984s] writing top-level names to ../../build/stanley2_avoidance/stanley2_avoidance.egg-info/top_level.txt
[4.058s] reading manifest file '../../build/stanley2_avoidance/stanley2_avoidance.egg-info/SOURCES.txt'
[4.061s] writing manifest file '../../build/stanley2_avoidance/stanley2_avoidance.egg-info/SOURCES.txt'
[4.062s] running build
[4.062s] running build_py
[4.062s] running install
[4.065s] running install_lib
[4.069s] running install_data
[4.069s] running install_egg_info
[4.074s] removing '/home/meric/f1tenth_ws/install/stanley2_avoidance/lib/python3.8/site-packages/stanley2_avoidance-0.0.0-py3.8.egg-info' (and everything under it)
[4.074s] Copying ../../build/stanley2_avoidance/stanley2_avoidance.egg-info to /home/meric/f1tenth_ws/install/stanley2_avoidance/lib/python3.8/site-packages/stanley2_avoidance-0.0.0-py3.8.egg-info
[4.076s] running install_scripts
[4.124s] Installing stanley2_avoidance script to /home/meric/f1tenth_ws/install/stanley2_avoidance/lib/stanley2_avoidance
[4.126s] writing list of installed files to '/home/meric/f1tenth_ws/build/stanley2_avoidance/install.log'
[4.215s] Invoked command in '/home/meric/f1tenth_ws/src/stanley2_avoidance' returned '0': PYTHONPATH=/home/meric/f1tenth_ws/build/stanley2_avoidance/prefix_override:/usr/lib/python3/dist-packages/colcon_core/task/python/colcon_distutils_commands:/home/meric/f1tenth_ws/install/stanley2_avoidance/lib/python3.8/site-packages:${PYTHONPATH} /usr/bin/python3 -W ignore:setup.py install is deprecated -W ignore:easy_install command is deprecated setup.py egg_info --egg-base ../../build/stanley2_avoidance build --build-base /home/meric/f1tenth_ws/build/stanley2_avoidance/build install --record /home/meric/f1tenth_ws/build/stanley2_avoidance/install.log --install-scripts $base/lib/stanley2_avoidance --single-version-externally-managed install_data
