[0.422s] DEBUG:colcon:Command line arguments: ['/usr/bin/colcon', 'build', '--packages-select', 'stanley2_avoidance']
[0.423s] DEBUG:colcon:Parsed command line arguments: Namespace(allow_overriding=[], ament_cmake_args=None, base_paths=['.'], build_base='build', catkin_cmake_args=None, catkin_skip_building_tests=False, cmake_args=None, cmake_clean_cache=False, cmake_clean_first=False, cmake_force_configure=False, cmake_target=None, cmake_target_skip_unavailable=False, continue_on_error=False, event_handlers=None, executor='parallel', ignore_user_meta=False, install_base='install', log_base=None, log_level=None, main=<bound method BuildVerb.main of <colcon_core.verb.build.BuildVerb object at 0xffff9dff8370>>, merge_install=False, metas=['./colcon.meta'], mixin=None, mixin_files=None, mixin_verb=('build',), packages_above=None, packages_above_and_dependencies=None, packages_above_depth=None, packages_end=None, packages_ignore=None, packages_ignore_regex=None, packages_select=['stanley2_avoidance'], packages_select_build_failed=False, packages_select_by_dep=None, packages_select_regex=None, packages_select_test_failures=False, packages_skip=None, packages_skip_build_finished=False, packages_skip_by_dep=None, packages_skip_regex=None, packages_skip_test_passed=False, packages_skip_up_to=None, packages_start=None, packages_up_to=None, packages_up_to_regex=None, parallel_workers=6, paths=None, symlink_install=False, test_result_base=None, verb_extension=<colcon_core.verb.build.BuildVerb object at 0xffff9dff8370>, verb_name='build', verb_parser=<colcon_mixin.mixin.mixin_argument.MixinArgumentDecorator object at 0xffff9dff8ca0>)
[0.752s] Level 1:colcon.colcon_core.package_discovery:discover_packages(colcon_meta) check parameters
[0.752s] Level 1:colcon.colcon_core.package_discovery:discover_packages(recursive) check parameters
[0.752s] Level 1:colcon.colcon_core.package_discovery:discover_packages(ignore) check parameters
[0.752s] Level 1:colcon.colcon_core.package_discovery:discover_packages(path) check parameters
[0.752s] Level 1:colcon.colcon_core.package_discovery:discover_packages(colcon_meta) discover
[0.752s] Level 1:colcon.colcon_core.package_discovery:discover_packages(recursive) discover
[0.753s] INFO:colcon.colcon_core.package_discovery:Crawling recursively for packages in '/home/meric/f1tenth_ws/src'
[0.753s] Level 1:colcon.colcon_core.package_identification:_identify(.) by extensions ['ignore', 'ignore_ament_install']
[0.753s] Level 1:colcon.colcon_core.package_identification:_identify(.) by extension 'ignore'
[0.753s] Level 1:colcon.colcon_core.package_identification:_identify(.) by extension 'ignore_ament_install'
[0.753s] Level 1:colcon.colcon_core.package_identification:_identify(.) by extensions ['colcon_pkg']
[0.753s] Level 1:colcon.colcon_core.package_identification:_identify(.) by extension 'colcon_pkg'
[0.754s] Level 1:colcon.colcon_core.package_identification:_identify(.) by extensions ['colcon_meta']
[0.754s] Level 1:colcon.colcon_core.package_identification:_identify(.) by extension 'colcon_meta'
[0.754s] Level 1:colcon.colcon_core.package_identification:_identify(.) by extensions ['ros']
[0.754s] Level 1:colcon.colcon_core.package_identification:_identify(.) by extension 'ros'
[0.776s] Level 1:colcon.colcon_core.package_identification:_identify(.) by extensions ['cmake', 'python']
[0.777s] Level 1:colcon.colcon_core.package_identification:_identify(.) by extension 'cmake'
[0.777s] Level 1:colcon.colcon_core.package_identification:_identify(.) by extension 'python'
[0.777s] Level 1:colcon.colcon_core.package_identification:_identify(.) by extensions ['python_setup_py']
[0.777s] Level 1:colcon.colcon_core.package_identification:_identify(.) by extension 'python_setup_py'
[0.777s] Level 1:colcon.colcon_core.package_identification:_identify(build) by extensions ['ignore', 'ignore_ament_install']
[0.778s] Level 1:colcon.colcon_core.package_identification:_identify(build) by extension 'ignore'
[0.778s] Level 1:colcon.colcon_core.package_identification:_identify(build) ignored
[0.778s] Level 1:colcon.colcon_core.package_identification:_identify(f1tenth_system) by extensions ['ignore', 'ignore_ament_install']
[0.778s] Level 1:colcon.colcon_core.package_identification:_identify(f1tenth_system) by extension 'ignore'
[0.778s] Level 1:colcon.colcon_core.package_identification:_identify(f1tenth_system) by extension 'ignore_ament_install'
[0.778s] Level 1:colcon.colcon_core.package_identification:_identify(f1tenth_system) by extensions ['colcon_pkg']
[0.779s] Level 1:colcon.colcon_core.package_identification:_identify(f1tenth_system) by extension 'colcon_pkg'
[0.779s] Level 1:colcon.colcon_core.package_identification:_identify(f1tenth_system) by extensions ['colcon_meta']
[0.779s] Level 1:colcon.colcon_core.package_identification:_identify(f1tenth_system) by extension 'colcon_meta'
[0.779s] Level 1:colcon.colcon_core.package_identification:_identify(f1tenth_system) by extensions ['ros']
[0.779s] Level 1:colcon.colcon_core.package_identification:_identify(f1tenth_system) by extension 'ros'
[0.779s] Level 1:colcon.colcon_core.package_identification:_identify(f1tenth_system) by extensions ['cmake', 'python']
[0.779s] Level 1:colcon.colcon_core.package_identification:_identify(f1tenth_system) by extension 'cmake'
[0.779s] Level 1:colcon.colcon_core.package_identification:_identify(f1tenth_system) by extension 'python'
[0.779s] Level 1:colcon.colcon_core.package_identification:_identify(f1tenth_system) by extensions ['python_setup_py']
[0.779s] Level 1:colcon.colcon_core.package_identification:_identify(f1tenth_system) by extension 'python_setup_py'
[0.780s] Level 1:colcon.colcon_core.package_identification:_identify(f1tenth_system/ackermann_mux) by extensions ['ignore', 'ignore_ament_install']
[0.780s] Level 1:colcon.colcon_core.package_identification:_identify(f1tenth_system/ackermann_mux) by extension 'ignore'
[0.780s] Level 1:colcon.colcon_core.package_identification:_identify(f1tenth_system/ackermann_mux) by extension 'ignore_ament_install'
[0.780s] Level 1:colcon.colcon_core.package_identification:_identify(f1tenth_system/ackermann_mux) by extensions ['colcon_pkg']
[0.780s] Level 1:colcon.colcon_core.package_identification:_identify(f1tenth_system/ackermann_mux) by extension 'colcon_pkg'
[0.780s] Level 1:colcon.colcon_core.package_identification:_identify(f1tenth_system/ackermann_mux) by extensions ['colcon_meta']
[0.780s] Level 1:colcon.colcon_core.package_identification:_identify(f1tenth_system/ackermann_mux) by extension 'colcon_meta'
[0.780s] Level 1:colcon.colcon_core.package_identification:_identify(f1tenth_system/ackermann_mux) by extensions ['ros']
[0.780s] Level 1:colcon.colcon_core.package_identification:_identify(f1tenth_system/ackermann_mux) by extension 'ros'
[0.787s] DEBUG:colcon.colcon_core.package_identification:Package 'f1tenth_system/ackermann_mux' with type 'ros.ament_cmake' and name 'ackermann_mux'
[0.787s] Level 1:colcon.colcon_core.package_identification:_identify(f1tenth_system/f1tenth_stack) by extensions ['ignore', 'ignore_ament_install']
[0.787s] Level 1:colcon.colcon_core.package_identification:_identify(f1tenth_system/f1tenth_stack) by extension 'ignore'
[0.787s] Level 1:colcon.colcon_core.package_identification:_identify(f1tenth_system/f1tenth_stack) by extension 'ignore_ament_install'
[0.787s] Level 1:colcon.colcon_core.package_identification:_identify(f1tenth_system/f1tenth_stack) by extensions ['colcon_pkg']
[0.788s] Level 1:colcon.colcon_core.package_identification:_identify(f1tenth_system/f1tenth_stack) by extension 'colcon_pkg'
[0.788s] Level 1:colcon.colcon_core.package_identification:_identify(f1tenth_system/f1tenth_stack) by extensions ['colcon_meta']
[0.788s] Level 1:colcon.colcon_core.package_identification:_identify(f1tenth_system/f1tenth_stack) by extension 'colcon_meta'
[0.788s] Level 1:colcon.colcon_core.package_identification:_identify(f1tenth_system/f1tenth_stack) by extensions ['ros']
[0.788s] Level 1:colcon.colcon_core.package_identification:_identify(f1tenth_system/f1tenth_stack) by extension 'ros'
[0.790s] DEBUG:colcon.colcon_core.package_identification:Package 'f1tenth_system/f1tenth_stack' with type 'ros.ament_python' and name 'f1tenth_stack'
[0.790s] Level 1:colcon.colcon_core.package_identification:_identify(f1tenth_system/scripts) by extensions ['ignore', 'ignore_ament_install']
[0.791s] Level 1:colcon.colcon_core.package_identification:_identify(f1tenth_system/scripts) by extension 'ignore'
[0.791s] Level 1:colcon.colcon_core.package_identification:_identify(f1tenth_system/scripts) by extension 'ignore_ament_install'
[0.791s] Level 1:colcon.colcon_core.package_identification:_identify(f1tenth_system/scripts) by extensions ['colcon_pkg']
[0.791s] Level 1:colcon.colcon_core.package_identification:_identify(f1tenth_system/scripts) by extension 'colcon_pkg'
[0.791s] Level 1:colcon.colcon_core.package_identification:_identify(f1tenth_system/scripts) by extensions ['colcon_meta']
[0.791s] Level 1:colcon.colcon_core.package_identification:_identify(f1tenth_system/scripts) by extension 'colcon_meta'
[0.791s] Level 1:colcon.colcon_core.package_identification:_identify(f1tenth_system/scripts) by extensions ['ros']
[0.791s] Level 1:colcon.colcon_core.package_identification:_identify(f1tenth_system/scripts) by extension 'ros'
[0.792s] Level 1:colcon.colcon_core.package_identification:_identify(f1tenth_system/scripts) by extensions ['cmake', 'python']
[0.792s] Level 1:colcon.colcon_core.package_identification:_identify(f1tenth_system/scripts) by extension 'cmake'
[0.792s] Level 1:colcon.colcon_core.package_identification:_identify(f1tenth_system/scripts) by extension 'python'
[0.792s] Level 1:colcon.colcon_core.package_identification:_identify(f1tenth_system/scripts) by extensions ['python_setup_py']
[0.792s] Level 1:colcon.colcon_core.package_identification:_identify(f1tenth_system/scripts) by extension 'python_setup_py'
[0.792s] Level 1:colcon.colcon_core.package_identification:_identify(f1tenth_system/teleop_tools) by extensions ['ignore', 'ignore_ament_install']
[0.792s] Level 1:colcon.colcon_core.package_identification:_identify(f1tenth_system/teleop_tools) by extension 'ignore'
[0.792s] Level 1:colcon.colcon_core.package_identification:_identify(f1tenth_system/teleop_tools) by extension 'ignore_ament_install'
[0.792s] Level 1:colcon.colcon_core.package_identification:_identify(f1tenth_system/teleop_tools) by extensions ['colcon_pkg']
[0.793s] Level 1:colcon.colcon_core.package_identification:_identify(f1tenth_system/teleop_tools) by extension 'colcon_pkg'
[0.793s] Level 1:colcon.colcon_core.package_identification:_identify(f1tenth_system/teleop_tools) by extensions ['colcon_meta']
[0.793s] Level 1:colcon.colcon_core.package_identification:_identify(f1tenth_system/teleop_tools) by extension 'colcon_meta'
[0.793s] Level 1:colcon.colcon_core.package_identification:_identify(f1tenth_system/teleop_tools) by extensions ['ros']
[0.793s] Level 1:colcon.colcon_core.package_identification:_identify(f1tenth_system/teleop_tools) by extension 'ros'
[0.793s] Level 1:colcon.colcon_core.package_identification:_identify(f1tenth_system/teleop_tools) by extensions ['cmake', 'python']
[0.793s] Level 1:colcon.colcon_core.package_identification:_identify(f1tenth_system/teleop_tools) by extension 'cmake'
[0.793s] Level 1:colcon.colcon_core.package_identification:_identify(f1tenth_system/teleop_tools) by extension 'python'
[0.793s] Level 1:colcon.colcon_core.package_identification:_identify(f1tenth_system/teleop_tools) by extensions ['python_setup_py']
[0.793s] Level 1:colcon.colcon_core.package_identification:_identify(f1tenth_system/teleop_tools) by extension 'python_setup_py'
[0.794s] Level 1:colcon.colcon_core.package_identification:_identify(f1tenth_system/teleop_tools/joy_teleop) by extensions ['ignore', 'ignore_ament_install']
[0.794s] Level 1:colcon.colcon_core.package_identification:_identify(f1tenth_system/teleop_tools/joy_teleop) by extension 'ignore'
[0.794s] Level 1:colcon.colcon_core.package_identification:_identify(f1tenth_system/teleop_tools/joy_teleop) by extension 'ignore_ament_install'
[0.794s] Level 1:colcon.colcon_core.package_identification:_identify(f1tenth_system/teleop_tools/joy_teleop) by extensions ['colcon_pkg']
[0.794s] Level 1:colcon.colcon_core.package_identification:_identify(f1tenth_system/teleop_tools/joy_teleop) by extension 'colcon_pkg'
[0.794s] Level 1:colcon.colcon_core.package_identification:_identify(f1tenth_system/teleop_tools/joy_teleop) by extensions ['colcon_meta']
[0.794s] Level 1:colcon.colcon_core.package_identification:_identify(f1tenth_system/teleop_tools/joy_teleop) by extension 'colcon_meta'
[0.794s] Level 1:colcon.colcon_core.package_identification:_identify(f1tenth_system/teleop_tools/joy_teleop) by extensions ['ros']
[0.794s] Level 1:colcon.colcon_core.package_identification:_identify(f1tenth_system/teleop_tools/joy_teleop) by extension 'ros'
[0.796s] DEBUG:colcon.colcon_core.package_identification:Package 'f1tenth_system/teleop_tools/joy_teleop' with type 'ros.ament_python' and name 'joy_teleop'
[0.796s] Level 1:colcon.colcon_core.package_identification:_identify(f1tenth_system/teleop_tools/key_teleop) by extensions ['ignore', 'ignore_ament_install']
[0.796s] Level 1:colcon.colcon_core.package_identification:_identify(f1tenth_system/teleop_tools/key_teleop) by extension 'ignore'
[0.796s] Level 1:colcon.colcon_core.package_identification:_identify(f1tenth_system/teleop_tools/key_teleop) by extension 'ignore_ament_install'
[0.796s] Level 1:colcon.colcon_core.package_identification:_identify(f1tenth_system/teleop_tools/key_teleop) by extensions ['colcon_pkg']
[0.797s] Level 1:colcon.colcon_core.package_identification:_identify(f1tenth_system/teleop_tools/key_teleop) by extension 'colcon_pkg'
[0.797s] Level 1:colcon.colcon_core.package_identification:_identify(f1tenth_system/teleop_tools/key_teleop) by extensions ['colcon_meta']
[0.797s] Level 1:colcon.colcon_core.package_identification:_identify(f1tenth_system/teleop_tools/key_teleop) by extension 'colcon_meta'
[0.797s] Level 1:colcon.colcon_core.package_identification:_identify(f1tenth_system/teleop_tools/key_teleop) by extensions ['ros']
[0.797s] Level 1:colcon.colcon_core.package_identification:_identify(f1tenth_system/teleop_tools/key_teleop) by extension 'ros'
[0.798s] DEBUG:colcon.colcon_core.package_identification:Package 'f1tenth_system/teleop_tools/key_teleop' with type 'ros.ament_python' and name 'key_teleop'
[0.798s] Level 1:colcon.colcon_core.package_identification:_identify(f1tenth_system/teleop_tools/mouse_teleop) by extensions ['ignore', 'ignore_ament_install']
[0.798s] Level 1:colcon.colcon_core.package_identification:_identify(f1tenth_system/teleop_tools/mouse_teleop) by extension 'ignore'
[0.799s] Level 1:colcon.colcon_core.package_identification:_identify(f1tenth_system/teleop_tools/mouse_teleop) by extension 'ignore_ament_install'
[0.799s] Level 1:colcon.colcon_core.package_identification:_identify(f1tenth_system/teleop_tools/mouse_teleop) by extensions ['colcon_pkg']
[0.799s] Level 1:colcon.colcon_core.package_identification:_identify(f1tenth_system/teleop_tools/mouse_teleop) by extension 'colcon_pkg'
[0.799s] Level 1:colcon.colcon_core.package_identification:_identify(f1tenth_system/teleop_tools/mouse_teleop) by extensions ['colcon_meta']
[0.799s] Level 1:colcon.colcon_core.package_identification:_identify(f1tenth_system/teleop_tools/mouse_teleop) by extension 'colcon_meta'
[0.799s] Level 1:colcon.colcon_core.package_identification:_identify(f1tenth_system/teleop_tools/mouse_teleop) by extensions ['ros']
[0.799s] Level 1:colcon.colcon_core.package_identification:_identify(f1tenth_system/teleop_tools/mouse_teleop) by extension 'ros'
[0.800s] DEBUG:colcon.colcon_core.package_identification:Package 'f1tenth_system/teleop_tools/mouse_teleop' with type 'ros.ament_python' and name 'mouse_teleop'
[0.801s] Level 1:colcon.colcon_core.package_identification:_identify(f1tenth_system/teleop_tools/teleop_tools) by extensions ['ignore', 'ignore_ament_install']
[0.801s] Level 1:colcon.colcon_core.package_identification:_identify(f1tenth_system/teleop_tools/teleop_tools) by extension 'ignore'
[0.801s] Level 1:colcon.colcon_core.package_identification:_identify(f1tenth_system/teleop_tools/teleop_tools) by extension 'ignore_ament_install'
[0.801s] Level 1:colcon.colcon_core.package_identification:_identify(f1tenth_system/teleop_tools/teleop_tools) by extensions ['colcon_pkg']
[0.801s] Level 1:colcon.colcon_core.package_identification:_identify(f1tenth_system/teleop_tools/teleop_tools) by extension 'colcon_pkg'
[0.801s] Level 1:colcon.colcon_core.package_identification:_identify(f1tenth_system/teleop_tools/teleop_tools) by extensions ['colcon_meta']
[0.801s] Level 1:colcon.colcon_core.package_identification:_identify(f1tenth_system/teleop_tools/teleop_tools) by extension 'colcon_meta'
[0.802s] Level 1:colcon.colcon_core.package_identification:_identify(f1tenth_system/teleop_tools/teleop_tools) by extensions ['ros']
[0.802s] Level 1:colcon.colcon_core.package_identification:_identify(f1tenth_system/teleop_tools/teleop_tools) by extension 'ros'
[0.803s] DEBUG:colcon.colcon_core.package_identification:Package 'f1tenth_system/teleop_tools/teleop_tools' with type 'ros.ament_cmake' and name 'teleop_tools'
[0.803s] Level 1:colcon.colcon_core.package_identification:_identify(f1tenth_system/teleop_tools/teleop_tools_msgs) by extensions ['ignore', 'ignore_ament_install']
[0.803s] Level 1:colcon.colcon_core.package_identification:_identify(f1tenth_system/teleop_tools/teleop_tools_msgs) by extension 'ignore'
[0.803s] Level 1:colcon.colcon_core.package_identification:_identify(f1tenth_system/teleop_tools/teleop_tools_msgs) by extension 'ignore_ament_install'
[0.803s] Level 1:colcon.colcon_core.package_identification:_identify(f1tenth_system/teleop_tools/teleop_tools_msgs) by extensions ['colcon_pkg']
[0.803s] Level 1:colcon.colcon_core.package_identification:_identify(f1tenth_system/teleop_tools/teleop_tools_msgs) by extension 'colcon_pkg'
[0.803s] Level 1:colcon.colcon_core.package_identification:_identify(f1tenth_system/teleop_tools/teleop_tools_msgs) by extensions ['colcon_meta']
[0.804s] Level 1:colcon.colcon_core.package_identification:_identify(f1tenth_system/teleop_tools/teleop_tools_msgs) by extension 'colcon_meta'
[0.804s] Level 1:colcon.colcon_core.package_identification:_identify(f1tenth_system/teleop_tools/teleop_tools_msgs) by extensions ['ros']
[0.804s] Level 1:colcon.colcon_core.package_identification:_identify(f1tenth_system/teleop_tools/teleop_tools_msgs) by extension 'ros'
[0.805s] DEBUG:colcon.colcon_core.package_identification:Package 'f1tenth_system/teleop_tools/teleop_tools_msgs' with type 'ros.ament_cmake' and name 'teleop_tools_msgs'
[0.805s] Level 1:colcon.colcon_core.package_identification:_identify(f1tenth_system/vesc) by extensions ['ignore', 'ignore_ament_install']
[0.805s] Level 1:colcon.colcon_core.package_identification:_identify(f1tenth_system/vesc) by extension 'ignore'
[0.805s] Level 1:colcon.colcon_core.package_identification:_identify(f1tenth_system/vesc) by extension 'ignore_ament_install'
[0.805s] Level 1:colcon.colcon_core.package_identification:_identify(f1tenth_system/vesc) by extensions ['colcon_pkg']
[0.806s] Level 1:colcon.colcon_core.package_identification:_identify(f1tenth_system/vesc) by extension 'colcon_pkg'
[0.806s] Level 1:colcon.colcon_core.package_identification:_identify(f1tenth_system/vesc) by extensions ['colcon_meta']
[0.806s] Level 1:colcon.colcon_core.package_identification:_identify(f1tenth_system/vesc) by extension 'colcon_meta'
[0.806s] Level 1:colcon.colcon_core.package_identification:_identify(f1tenth_system/vesc) by extensions ['ros']
[0.806s] Level 1:colcon.colcon_core.package_identification:_identify(f1tenth_system/vesc) by extension 'ros'
[0.806s] Level 1:colcon.colcon_core.package_identification:_identify(f1tenth_system/vesc) by extensions ['cmake', 'python']
[0.806s] Level 1:colcon.colcon_core.package_identification:_identify(f1tenth_system/vesc) by extension 'cmake'
[0.806s] Level 1:colcon.colcon_core.package_identification:_identify(f1tenth_system/vesc) by extension 'python'
[0.806s] Level 1:colcon.colcon_core.package_identification:_identify(f1tenth_system/vesc) by extensions ['python_setup_py']
[0.806s] Level 1:colcon.colcon_core.package_identification:_identify(f1tenth_system/vesc) by extension 'python_setup_py'
[0.807s] Level 1:colcon.colcon_core.package_identification:_identify(f1tenth_system/vesc/vesc) by extensions ['ignore', 'ignore_ament_install']
[0.807s] Level 1:colcon.colcon_core.package_identification:_identify(f1tenth_system/vesc/vesc) by extension 'ignore'
[0.807s] Level 1:colcon.colcon_core.package_identification:_identify(f1tenth_system/vesc/vesc) by extension 'ignore_ament_install'
[0.807s] Level 1:colcon.colcon_core.package_identification:_identify(f1tenth_system/vesc/vesc) by extensions ['colcon_pkg']
[0.807s] Level 1:colcon.colcon_core.package_identification:_identify(f1tenth_system/vesc/vesc) by extension 'colcon_pkg'
[0.807s] Level 1:colcon.colcon_core.package_identification:_identify(f1tenth_system/vesc/vesc) by extensions ['colcon_meta']
[0.807s] Level 1:colcon.colcon_core.package_identification:_identify(f1tenth_system/vesc/vesc) by extension 'colcon_meta'
[0.807s] Level 1:colcon.colcon_core.package_identification:_identify(f1tenth_system/vesc/vesc) by extensions ['ros']
[0.807s] Level 1:colcon.colcon_core.package_identification:_identify(f1tenth_system/vesc/vesc) by extension 'ros'
[0.809s] DEBUG:colcon.colcon_core.package_identification:Package 'f1tenth_system/vesc/vesc' with type 'ros.ament_cmake' and name 'vesc'
[0.809s] Level 1:colcon.colcon_core.package_identification:_identify(f1tenth_system/vesc/vesc_ackermann) by extensions ['ignore', 'ignore_ament_install']
[0.809s] Level 1:colcon.colcon_core.package_identification:_identify(f1tenth_system/vesc/vesc_ackermann) by extension 'ignore'
[0.809s] Level 1:colcon.colcon_core.package_identification:_identify(f1tenth_system/vesc/vesc_ackermann) by extension 'ignore_ament_install'
[0.809s] Level 1:colcon.colcon_core.package_identification:_identify(f1tenth_system/vesc/vesc_ackermann) by extensions ['colcon_pkg']
[0.809s] Level 1:colcon.colcon_core.package_identification:_identify(f1tenth_system/vesc/vesc_ackermann) by extension 'colcon_pkg'
[0.809s] Level 1:colcon.colcon_core.package_identification:_identify(f1tenth_system/vesc/vesc_ackermann) by extensions ['colcon_meta']
[0.810s] Level 1:colcon.colcon_core.package_identification:_identify(f1tenth_system/vesc/vesc_ackermann) by extension 'colcon_meta'
[0.810s] Level 1:colcon.colcon_core.package_identification:_identify(f1tenth_system/vesc/vesc_ackermann) by extensions ['ros']
[0.810s] Level 1:colcon.colcon_core.package_identification:_identify(f1tenth_system/vesc/vesc_ackermann) by extension 'ros'
[0.812s] DEBUG:colcon.colcon_core.package_identification:Package 'f1tenth_system/vesc/vesc_ackermann' with type 'ros.ament_cmake' and name 'vesc_ackermann'
[0.812s] Level 1:colcon.colcon_core.package_identification:_identify(f1tenth_system/vesc/vesc_driver) by extensions ['ignore', 'ignore_ament_install']
[0.812s] Level 1:colcon.colcon_core.package_identification:_identify(f1tenth_system/vesc/vesc_driver) by extension 'ignore'
[0.812s] Level 1:colcon.colcon_core.package_identification:_identify(f1tenth_system/vesc/vesc_driver) by extension 'ignore_ament_install'
[0.812s] Level 1:colcon.colcon_core.package_identification:_identify(f1tenth_system/vesc/vesc_driver) by extensions ['colcon_pkg']
[0.812s] Level 1:colcon.colcon_core.package_identification:_identify(f1tenth_system/vesc/vesc_driver) by extension 'colcon_pkg'
[0.813s] Level 1:colcon.colcon_core.package_identification:_identify(f1tenth_system/vesc/vesc_driver) by extensions ['colcon_meta']
[0.813s] Level 1:colcon.colcon_core.package_identification:_identify(f1tenth_system/vesc/vesc_driver) by extension 'colcon_meta'
[0.813s] Level 1:colcon.colcon_core.package_identification:_identify(f1tenth_system/vesc/vesc_driver) by extensions ['ros']
[0.813s] Level 1:colcon.colcon_core.package_identification:_identify(f1tenth_system/vesc/vesc_driver) by extension 'ros'
[0.815s] DEBUG:colcon.colcon_core.package_identification:Package 'f1tenth_system/vesc/vesc_driver' with type 'ros.ament_cmake' and name 'vesc_driver'
[0.815s] Level 1:colcon.colcon_core.package_identification:_identify(f1tenth_system/vesc/vesc_msgs) by extensions ['ignore', 'ignore_ament_install']
[0.816s] Level 1:colcon.colcon_core.package_identification:_identify(f1tenth_system/vesc/vesc_msgs) by extension 'ignore'
[0.816s] Level 1:colcon.colcon_core.package_identification:_identify(f1tenth_system/vesc/vesc_msgs) by extension 'ignore_ament_install'
[0.816s] Level 1:colcon.colcon_core.package_identification:_identify(f1tenth_system/vesc/vesc_msgs) by extensions ['colcon_pkg']
[0.816s] Level 1:colcon.colcon_core.package_identification:_identify(f1tenth_system/vesc/vesc_msgs) by extension 'colcon_pkg'
[0.816s] Level 1:colcon.colcon_core.package_identification:_identify(f1tenth_system/vesc/vesc_msgs) by extensions ['colcon_meta']
[0.816s] Level 1:colcon.colcon_core.package_identification:_identify(f1tenth_system/vesc/vesc_msgs) by extension 'colcon_meta'
[0.816s] Level 1:colcon.colcon_core.package_identification:_identify(f1tenth_system/vesc/vesc_msgs) by extensions ['ros']
[0.816s] Level 1:colcon.colcon_core.package_identification:_identify(f1tenth_system/vesc/vesc_msgs) by extension 'ros'
[0.818s] DEBUG:colcon.colcon_core.package_identification:Package 'f1tenth_system/vesc/vesc_msgs' with type 'ros.ament_cmake' and name 'vesc_msgs'
[0.818s] Level 1:colcon.colcon_core.package_identification:_identify(install) by extensions ['ignore', 'ignore_ament_install']
[0.818s] Level 1:colcon.colcon_core.package_identification:_identify(install) by extension 'ignore'
[0.818s] Level 1:colcon.colcon_core.package_identification:_identify(install) ignored
[0.819s] Level 1:colcon.colcon_core.package_identification:_identify(log) by extensions ['ignore', 'ignore_ament_install']
[0.819s] Level 1:colcon.colcon_core.package_identification:_identify(log) by extension 'ignore'
[0.819s] Level 1:colcon.colcon_core.package_identification:_identify(log) ignored
[0.819s] Level 1:colcon.colcon_core.package_identification:_identify(pure_pursuit) by extensions ['ignore', 'ignore_ament_install']
[0.819s] Level 1:colcon.colcon_core.package_identification:_identify(pure_pursuit) by extension 'ignore'
[0.819s] Level 1:colcon.colcon_core.package_identification:_identify(pure_pursuit) by extension 'ignore_ament_install'
[0.819s] Level 1:colcon.colcon_core.package_identification:_identify(pure_pursuit) by extensions ['colcon_pkg']
[0.820s] Level 1:colcon.colcon_core.package_identification:_identify(pure_pursuit) by extension 'colcon_pkg'
[0.820s] Level 1:colcon.colcon_core.package_identification:_identify(pure_pursuit) by extensions ['colcon_meta']
[0.820s] Level 1:colcon.colcon_core.package_identification:_identify(pure_pursuit) by extension 'colcon_meta'
[0.820s] Level 1:colcon.colcon_core.package_identification:_identify(pure_pursuit) by extensions ['ros']
[0.820s] Level 1:colcon.colcon_core.package_identification:_identify(pure_pursuit) by extension 'ros'
[0.822s] DEBUG:colcon.colcon_core.package_identification:Package 'pure_pursuit' with type 'ros.ament_cmake' and name 'pure_pursuit'
[0.822s] Level 1:colcon.colcon_core.package_identification:_identify(slam) by extensions ['ignore', 'ignore_ament_install']
[0.822s] Level 1:colcon.colcon_core.package_identification:_identify(slam) by extension 'ignore'
[0.822s] Level 1:colcon.colcon_core.package_identification:_identify(slam) by extension 'ignore_ament_install'
[0.823s] Level 1:colcon.colcon_core.package_identification:_identify(slam) by extensions ['colcon_pkg']
[0.823s] Level 1:colcon.colcon_core.package_identification:_identify(slam) by extension 'colcon_pkg'
[0.823s] Level 1:colcon.colcon_core.package_identification:_identify(slam) by extensions ['colcon_meta']
[0.823s] Level 1:colcon.colcon_core.package_identification:_identify(slam) by extension 'colcon_meta'
[0.823s] Level 1:colcon.colcon_core.package_identification:_identify(slam) by extensions ['ros']
[0.823s] Level 1:colcon.colcon_core.package_identification:_identify(slam) by extension 'ros'
[0.824s] DEBUG:colcon.colcon_core.package_identification:Package 'slam' with type 'ros.ament_python' and name 'slam'
[0.824s] Level 1:colcon.colcon_core.package_identification:_identify(stanley2_avoidance) by extensions ['ignore', 'ignore_ament_install']
[0.824s] Level 1:colcon.colcon_core.package_identification:_identify(stanley2_avoidance) by extension 'ignore'
[0.824s] Level 1:colcon.colcon_core.package_identification:_identify(stanley2_avoidance) by extension 'ignore_ament_install'
[0.825s] Level 1:colcon.colcon_core.package_identification:_identify(stanley2_avoidance) by extensions ['colcon_pkg']
[0.825s] Level 1:colcon.colcon_core.package_identification:_identify(stanley2_avoidance) by extension 'colcon_pkg'
[0.825s] Level 1:colcon.colcon_core.package_identification:_identify(stanley2_avoidance) by extensions ['colcon_meta']
[0.825s] Level 1:colcon.colcon_core.package_identification:_identify(stanley2_avoidance) by extension 'colcon_meta'
[0.825s] Level 1:colcon.colcon_core.package_identification:_identify(stanley2_avoidance) by extensions ['ros']
[0.825s] Level 1:colcon.colcon_core.package_identification:_identify(stanley2_avoidance) by extension 'ros'
[0.827s] DEBUG:colcon.colcon_core.package_identification:Package 'stanley2_avoidance' with type 'ros.ament_python' and name 'stanley2_avoidance'
[0.827s] Level 1:colcon.colcon_core.package_identification:_identify(stanley_avoidance) by extensions ['ignore', 'ignore_ament_install']
[0.827s] Level 1:colcon.colcon_core.package_identification:_identify(stanley_avoidance) by extension 'ignore'
[0.827s] Level 1:colcon.colcon_core.package_identification:_identify(stanley_avoidance) by extension 'ignore_ament_install'
[0.828s] Level 1:colcon.colcon_core.package_identification:_identify(stanley_avoidance) by extensions ['colcon_pkg']
[0.828s] Level 1:colcon.colcon_core.package_identification:_identify(stanley_avoidance) by extension 'colcon_pkg'
[0.828s] Level 1:colcon.colcon_core.package_identification:_identify(stanley_avoidance) by extensions ['colcon_meta']
[0.828s] Level 1:colcon.colcon_core.package_identification:_identify(stanley_avoidance) by extension 'colcon_meta'
[0.828s] Level 1:colcon.colcon_core.package_identification:_identify(stanley_avoidance) by extensions ['ros']
[0.828s] Level 1:colcon.colcon_core.package_identification:_identify(stanley_avoidance) by extension 'ros'
[0.830s] DEBUG:colcon.colcon_core.package_identification:Package 'stanley_avoidance' with type 'ros.ament_python' and name 'stanley_avoidance'
[0.830s] Level 1:colcon.colcon_core.package_identification:_identify(waypoint_generator) by extensions ['ignore', 'ignore_ament_install']
[0.830s] Level 1:colcon.colcon_core.package_identification:_identify(waypoint_generator) by extension 'ignore'
[0.830s] Level 1:colcon.colcon_core.package_identification:_identify(waypoint_generator) by extension 'ignore_ament_install'
[0.830s] Level 1:colcon.colcon_core.package_identification:_identify(waypoint_generator) by extensions ['colcon_pkg']
[0.831s] Level 1:colcon.colcon_core.package_identification:_identify(waypoint_generator) by extension 'colcon_pkg'
[0.831s] Level 1:colcon.colcon_core.package_identification:_identify(waypoint_generator) by extensions ['colcon_meta']
[0.831s] Level 1:colcon.colcon_core.package_identification:_identify(waypoint_generator) by extension 'colcon_meta'
[0.831s] Level 1:colcon.colcon_core.package_identification:_identify(waypoint_generator) by extensions ['ros']
[0.831s] Level 1:colcon.colcon_core.package_identification:_identify(waypoint_generator) by extension 'ros'
[0.833s] DEBUG:colcon.colcon_core.package_identification:Package 'waypoint_generator' with type 'ros.ament_cmake' and name 'waypoint_generator'
[0.833s] Level 1:colcon.colcon_core.package_discovery:discover_packages(recursive) using defaults
[0.833s] Level 1:colcon.colcon_core.package_discovery:discover_packages(ignore) discover
[0.833s] Level 1:colcon.colcon_core.package_discovery:discover_packages(ignore) using defaults
[0.833s] Level 1:colcon.colcon_core.package_discovery:discover_packages(path) discover
[0.833s] Level 1:colcon.colcon_core.package_discovery:discover_packages(path) using defaults
[0.903s] INFO:colcon.colcon_core.package_selection:Skipping not selected package 'ackermann_mux' in 'f1tenth_system/ackermann_mux'
[0.903s] INFO:colcon.colcon_core.package_selection:Skipping not selected package 'key_teleop' in 'f1tenth_system/teleop_tools/key_teleop'
[0.904s] INFO:colcon.colcon_core.package_selection:Skipping not selected package 'mouse_teleop' in 'f1tenth_system/teleop_tools/mouse_teleop'
[0.904s] INFO:colcon.colcon_core.package_selection:Skipping not selected package 'pure_pursuit' in 'pure_pursuit'
[0.904s] INFO:colcon.colcon_core.package_selection:Skipping not selected package 'slam' in 'slam'
[0.904s] INFO:colcon.colcon_core.package_selection:Skipping not selected package 'stanley_avoidance' in 'stanley_avoidance'
[0.904s] INFO:colcon.colcon_core.package_selection:Skipping not selected package 'teleop_tools_msgs' in 'f1tenth_system/teleop_tools/teleop_tools_msgs'
[0.904s] INFO:colcon.colcon_core.package_selection:Skipping not selected package 'vesc_msgs' in 'f1tenth_system/vesc/vesc_msgs'
[0.904s] INFO:colcon.colcon_core.package_selection:Skipping not selected package 'waypoint_generator' in 'waypoint_generator'
[0.904s] INFO:colcon.colcon_core.package_selection:Skipping not selected package 'joy_teleop' in 'f1tenth_system/teleop_tools/joy_teleop'
[0.904s] INFO:colcon.colcon_core.package_selection:Skipping not selected package 'vesc_ackermann' in 'f1tenth_system/vesc/vesc_ackermann'
[0.904s] INFO:colcon.colcon_core.package_selection:Skipping not selected package 'vesc_driver' in 'f1tenth_system/vesc/vesc_driver'
[0.904s] INFO:colcon.colcon_core.package_selection:Skipping not selected package 'teleop_tools' in 'f1tenth_system/teleop_tools/teleop_tools'
[0.904s] INFO:colcon.colcon_core.package_selection:Skipping not selected package 'vesc' in 'f1tenth_system/vesc/vesc'
[0.904s] INFO:colcon.colcon_core.package_selection:Skipping not selected package 'f1tenth_stack' in 'f1tenth_system/f1tenth_stack'
[0.905s] Level 1:colcon.colcon_core.package_discovery:discover_packages(prefix_path) check parameters
[0.905s] Level 1:colcon.colcon_core.package_discovery:discover_packages(prefix_path) discover
[0.911s] DEBUG:colcon.colcon_installed_package_information.package_discovery:Found 16 installed packages in /home/meric/f1tenth_ws/install
[0.914s] DEBUG:colcon.colcon_installed_package_information.package_discovery:Found 334 installed packages in /opt/ros/foxy
[0.917s] Level 1:colcon.colcon_core.package_discovery:discover_packages(prefix_path) using defaults
[1.061s] Level 5:colcon.colcon_core.verb:set package 'stanley2_avoidance' build argument 'cmake_args' from command line to 'None'
[1.061s] Level 5:colcon.colcon_core.verb:set package 'stanley2_avoidance' build argument 'cmake_target' from command line to 'None'
[1.061s] Level 5:colcon.colcon_core.verb:set package 'stanley2_avoidance' build argument 'cmake_target_skip_unavailable' from command line to 'False'
[1.061s] Level 5:colcon.colcon_core.verb:set package 'stanley2_avoidance' build argument 'cmake_clean_cache' from command line to 'False'
[1.061s] Level 5:colcon.colcon_core.verb:set package 'stanley2_avoidance' build argument 'cmake_clean_first' from command line to 'False'
[1.061s] Level 5:colcon.colcon_core.verb:set package 'stanley2_avoidance' build argument 'cmake_force_configure' from command line to 'False'
[1.061s] Level 5:colcon.colcon_core.verb:set package 'stanley2_avoidance' build argument 'ament_cmake_args' from command line to 'None'
[1.061s] Level 5:colcon.colcon_core.verb:set package 'stanley2_avoidance' build argument 'catkin_cmake_args' from command line to 'None'
[1.062s] Level 5:colcon.colcon_core.verb:set package 'stanley2_avoidance' build argument 'catkin_skip_building_tests' from command line to 'False'
[1.062s] DEBUG:colcon.colcon_core.verb:Building package 'stanley2_avoidance' with the following arguments: {'ament_cmake_args': None, 'build_base': '/home/meric/f1tenth_ws/src/build/stanley2_avoidance', 'catkin_cmake_args': None, 'catkin_skip_building_tests': False, 'cmake_args': None, 'cmake_clean_cache': False, 'cmake_clean_first': False, 'cmake_force_configure': False, 'cmake_target': None, 'cmake_target_skip_unavailable': False, 'install_base': '/home/meric/f1tenth_ws/src/install/stanley2_avoidance', 'merge_install': False, 'path': '/home/meric/f1tenth_ws/src/stanley2_avoidance', 'symlink_install': False, 'test_result_base': None}
[1.062s] INFO:colcon.colcon_core.executor:Executing jobs using 'parallel' executor
[1.064s] DEBUG:colcon.colcon_parallel_executor.executor.parallel:run_until_complete
[1.065s] INFO:colcon.colcon_ros.task.ament_python.build:Building ROS package in '/home/meric/f1tenth_ws/src/stanley2_avoidance' with build type 'ament_python'
[1.065s] Level 1:colcon.colcon_core.shell:create_environment_hook('stanley2_avoidance', 'ament_prefix_path')
[1.070s] INFO:colcon.colcon_core.plugin_system:Skipping extension 'colcon_core.shell.bat': Not used on non-Windows systems
[1.071s] INFO:colcon.colcon_core.shell:Creating environment hook '/home/meric/f1tenth_ws/src/install/stanley2_avoidance/share/stanley2_avoidance/hook/ament_prefix_path.ps1'
[1.072s] INFO:colcon.colcon_core.shell:Creating environment descriptor '/home/meric/f1tenth_ws/src/install/stanley2_avoidance/share/stanley2_avoidance/hook/ament_prefix_path.dsv'
[1.073s] INFO:colcon.colcon_core.shell:Creating environment hook '/home/meric/f1tenth_ws/src/install/stanley2_avoidance/share/stanley2_avoidance/hook/ament_prefix_path.sh'
[1.075s] INFO:colcon.colcon_core.shell:Skip shell extension 'powershell' for command environment: Not usable outside of PowerShell
[1.075s] DEBUG:colcon.colcon_core.shell:Skip shell extension 'dsv' for command environment
[1.573s] INFO:colcon.colcon_core.task.python.build:Building Python package in '/home/meric/f1tenth_ws/src/stanley2_avoidance'
[1.574s] INFO:colcon.colcon_core.shell:Skip shell extension 'powershell' for command environment: Not usable outside of PowerShell
[1.575s] DEBUG:colcon.colcon_core.shell:Skip shell extension 'dsv' for command environment
[2.412s] DEBUG:colcon.colcon_core.event_handler.log_command:Invoking command in '/home/meric/f1tenth_ws/src/stanley2_avoidance': PYTHONPATH=/home/meric/f1tenth_ws/src/build/stanley2_avoidance/prefix_override:/usr/lib/python3/dist-packages/colcon_core/task/python/colcon_distutils_commands:/home/meric/f1tenth_ws/src/install/stanley2_avoidance/lib/python3.8/site-packages:${PYTHONPATH} /usr/bin/python3 -W ignore:setup.py install is deprecated -W ignore:easy_install command is deprecated setup.py egg_info --egg-base ../build/stanley2_avoidance build --build-base /home/meric/f1tenth_ws/src/build/stanley2_avoidance/build install --record /home/meric/f1tenth_ws/src/build/stanley2_avoidance/install.log --install-scripts $base/lib/stanley2_avoidance --single-version-externally-managed install_data
[3.070s] DEBUG:colcon.colcon_core.event_handler.log_command:Invoked command in '/home/meric/f1tenth_ws/src/stanley2_avoidance' returned '0': PYTHONPATH=/home/meric/f1tenth_ws/src/build/stanley2_avoidance/prefix_override:/usr/lib/python3/dist-packages/colcon_core/task/python/colcon_distutils_commands:/home/meric/f1tenth_ws/src/install/stanley2_avoidance/lib/python3.8/site-packages:${PYTHONPATH} /usr/bin/python3 -W ignore:setup.py install is deprecated -W ignore:easy_install command is deprecated setup.py egg_info --egg-base ../build/stanley2_avoidance build --build-base /home/meric/f1tenth_ws/src/build/stanley2_avoidance/build install --record /home/meric/f1tenth_ws/src/build/stanley2_avoidance/install.log --install-scripts $base/lib/stanley2_avoidance --single-version-externally-managed install_data
[3.080s] Level 1:colcon.colcon_core.environment:checking '/home/meric/f1tenth_ws/src/install/stanley2_avoidance' for CMake module files
[3.082s] Level 1:colcon.colcon_core.environment:checking '/home/meric/f1tenth_ws/src/install/stanley2_avoidance' for CMake config files
[3.084s] Level 1:colcon.colcon_core.environment:checking '/home/meric/f1tenth_ws/src/install/stanley2_avoidance/lib'
[3.084s] Level 1:colcon.colcon_core.environment:checking '/home/meric/f1tenth_ws/src/install/stanley2_avoidance/bin'
[3.085s] Level 1:colcon.colcon_core.environment:checking '/home/meric/f1tenth_ws/src/install/stanley2_avoidance/lib/pkgconfig/stanley2_avoidance.pc'
[3.085s] Level 1:colcon.colcon_core.environment:checking '/home/meric/f1tenth_ws/src/install/stanley2_avoidance/lib/python3.8/site-packages'
[3.085s] Level 1:colcon.colcon_core.shell:create_environment_hook('stanley2_avoidance', 'pythonpath')
[3.086s] INFO:colcon.colcon_core.shell:Creating environment hook '/home/meric/f1tenth_ws/src/install/stanley2_avoidance/share/stanley2_avoidance/hook/pythonpath.ps1'
[3.087s] INFO:colcon.colcon_core.shell:Creating environment descriptor '/home/meric/f1tenth_ws/src/install/stanley2_avoidance/share/stanley2_avoidance/hook/pythonpath.dsv'
[3.088s] INFO:colcon.colcon_core.shell:Creating environment hook '/home/meric/f1tenth_ws/src/install/stanley2_avoidance/share/stanley2_avoidance/hook/pythonpath.sh'
[3.089s] Level 1:colcon.colcon_core.environment:checking '/home/meric/f1tenth_ws/src/install/stanley2_avoidance/bin'
[3.089s] Level 1:colcon.colcon_core.environment:create_environment_scripts_only(stanley2_avoidance)
[3.091s] INFO:colcon.colcon_core.shell:Creating package script '/home/meric/f1tenth_ws/src/install/stanley2_avoidance/share/stanley2_avoidance/package.ps1'
[3.094s] INFO:colcon.colcon_core.shell:Creating package descriptor '/home/meric/f1tenth_ws/src/install/stanley2_avoidance/share/stanley2_avoidance/package.dsv'
[3.096s] INFO:colcon.colcon_core.shell:Creating package script '/home/meric/f1tenth_ws/src/install/stanley2_avoidance/share/stanley2_avoidance/package.sh'
[3.098s] INFO:colcon.colcon_core.shell:Creating package script '/home/meric/f1tenth_ws/src/install/stanley2_avoidance/share/stanley2_avoidance/package.bash'
[3.100s] INFO:colcon.colcon_core.shell:Creating package script '/home/meric/f1tenth_ws/src/install/stanley2_avoidance/share/stanley2_avoidance/package.zsh'
[3.102s] Level 1:colcon.colcon_core.environment:create_file_with_runtime_dependencies(/home/meric/f1tenth_ws/src/install/stanley2_avoidance/share/colcon-core/packages/stanley2_avoidance)
[3.103s] DEBUG:colcon.colcon_parallel_executor.executor.parallel:closing loop
[3.104s] DEBUG:colcon.colcon_parallel_executor.executor.parallel:loop closed
[3.104s] DEBUG:colcon.colcon_parallel_executor.executor.parallel:run_until_complete finished with '0'
[3.104s] DEBUG:colcon.colcon_core.event_reactor:joining thread
[3.119s] INFO:colcon.colcon_core.plugin_system:Skipping extension 'colcon_notification.desktop_notification.terminal_notifier': Not used on non-Darwin systems
[3.119s] INFO:colcon.colcon_core.plugin_system:Skipping extension 'colcon_notification.desktop_notification.win32': Not used on non-Windows systems
[3.119s] INFO:colcon.colcon_notification.desktop_notification:Sending desktop notification using 'notify2'
[3.168s] DEBUG:colcon.colcon_core.event_reactor:joined thread
[3.169s] INFO:colcon.colcon_core.shell:Creating prefix script '/home/meric/f1tenth_ws/src/install/local_setup.ps1'
[3.171s] INFO:colcon.colcon_core.shell:Creating prefix util module '/home/meric/f1tenth_ws/src/install/_local_setup_util_ps1.py'
[3.175s] INFO:colcon.colcon_core.shell:Creating prefix chain script '/home/meric/f1tenth_ws/src/install/setup.ps1'
[3.179s] INFO:colcon.colcon_core.shell:Creating prefix script '/home/meric/f1tenth_ws/src/install/local_setup.sh'
[3.180s] INFO:colcon.colcon_core.shell:Creating prefix util module '/home/meric/f1tenth_ws/src/install/_local_setup_util_sh.py'
[3.181s] INFO:colcon.colcon_core.shell:Creating prefix chain script '/home/meric/f1tenth_ws/src/install/setup.sh'
[3.185s] INFO:colcon.colcon_core.shell:Creating prefix script '/home/meric/f1tenth_ws/src/install/local_setup.bash'
[3.186s] INFO:colcon.colcon_core.shell:Creating prefix chain script '/home/meric/f1tenth_ws/src/install/setup.bash'
[3.190s] INFO:colcon.colcon_core.shell:Creating prefix script '/home/meric/f1tenth_ws/src/install/local_setup.zsh'
[3.191s] INFO:colcon.colcon_core.shell:Creating prefix chain script '/home/meric/f1tenth_ws/src/install/setup.zsh'
