[1.578s] Invoking command in '/home/meric/f1tenth_ws/src/f1tenth_system/f1tenth_stack': AMENT_PREFIX_PATH=/home/meric/f1tenth_ws/install/vesc:/home/meric/f1tenth_ws/install/vesc_driver:/home/meric/f1tenth_ws/install/vesc_ackermann:/home/meric/f1tenth_ws/install/joy_teleop:/home/meric/f1tenth_ws/install/vesc_msgs:/home/meric/f1tenth_ws/install/teleop_tools_msgs:/home/meric/f1tenth_ws/install/ackermann_mux:${AMENT_PREFIX_PATH} CMAKE_PREFIX_PATH=/home/meric/f1tenth_ws/install/vesc:/home/meric/f1tenth_ws/install/vesc_driver:/home/meric/f1tenth_ws/install/vesc_ackermann:/home/meric/f1tenth_ws/install/vesc_msgs:/home/meric/f1tenth_ws/install/teleop_tools_msgs:/home/meric/f1tenth_ws/install/ackermann_mux:${CMAKE_PREFIX_PATH} LD_LIBRARY_PATH=/home/meric/f1tenth_ws/install/vesc_driver/lib:/home/meric/f1tenth_ws/install/vesc_ackermann/lib:/home/meric/f1tenth_ws/install/vesc_msgs/lib:/home/meric/f1tenth_ws/install/teleop_tools_msgs/lib:${LD_LIBRARY_PATH} PYTHONPATH=/home/meric/f1tenth_ws/build/f1tenth_stack/prefix_override:/usr/lib/python3/dist-packages/colcon_core/task/python/colcon_distutils_commands:/home/meric/f1tenth_ws/install/f1tenth_stack/lib/python3.8/site-packages:/home/meric/f1tenth_ws/install/joy_teleop/lib/python3.8/site-packages:/home/meric/f1tenth_ws/install/vesc_msgs/lib/python3.8/site-packages:/home/meric/f1tenth_ws/install/teleop_tools_msgs/lib/python3.8/site-packages:${PYTHONPATH} /usr/bin/python3 -W ignore:setup.py install is deprecated -W ignore:easy_install command is deprecated setup.py egg_info --egg-base ../../../build/f1tenth_stack build --build-base /home/meric/f1tenth_ws/build/f1tenth_stack/build install --record /home/meric/f1tenth_ws/build/f1tenth_stack/install.log --install-scripts $base/lib/f1tenth_stack --single-version-externally-managed install_data
[2.040s] running egg_info
[2.041s] writing ../../../build/f1tenth_stack/f1tenth_stack.egg-info/PKG-INFO
[2.043s] writing dependency_links to ../../../build/f1tenth_stack/f1tenth_stack.egg-info/dependency_links.txt
[2.044s] writing entry points to ../../../build/f1tenth_stack/f1tenth_stack.egg-info/entry_points.txt
[2.044s] writing requirements to ../../../build/f1tenth_stack/f1tenth_stack.egg-info/requires.txt
[2.044s] writing top-level names to ../../../build/f1tenth_stack/f1tenth_stack.egg-info/top_level.txt
[2.107s] reading manifest file '../../../build/f1tenth_stack/f1tenth_stack.egg-info/SOURCES.txt'
[2.109s] writing manifest file '../../../build/f1tenth_stack/f1tenth_stack.egg-info/SOURCES.txt'
[2.110s] running build
[2.110s] running build_py
[2.110s] running install
[2.112s] running install_lib
[2.115s] running install_data
[2.116s] copying config/vesc.yaml -> /home/meric/f1tenth_ws/install/f1tenth_stack/share/f1tenth_stack/config
[2.117s] running install_egg_info
[2.120s] removing '/home/meric/f1tenth_ws/install/f1tenth_stack/lib/python3.8/site-packages/f1tenth_stack-0.0.1-py3.8.egg-info' (and everything under it)
[2.121s] Copying ../../../build/f1tenth_stack/f1tenth_stack.egg-info to /home/meric/f1tenth_ws/install/f1tenth_stack/lib/python3.8/site-packages/f1tenth_stack-0.0.1-py3.8.egg-info
[2.123s] running install_scripts
[2.158s] Installing imu_recorder script to /home/meric/f1tenth_ws/install/f1tenth_stack/lib/f1tenth_stack
[2.158s] Installing imu_tf_broadcaster script to /home/meric/f1tenth_ws/install/f1tenth_stack/lib/f1tenth_stack
[2.159s] Installing tf_publisher script to /home/meric/f1tenth_ws/install/f1tenth_stack/lib/f1tenth_stack
[2.159s] Installing throttle_interpolator script to /home/meric/f1tenth_ws/install/f1tenth_stack/lib/f1tenth_stack
[2.160s] writing list of installed files to '/home/meric/f1tenth_ws/build/f1tenth_stack/install.log'
[2.217s] Invoked command in '/home/meric/f1tenth_ws/src/f1tenth_system/f1tenth_stack' returned '0': AMENT_PREFIX_PATH=/home/meric/f1tenth_ws/install/vesc:/home/meric/f1tenth_ws/install/vesc_driver:/home/meric/f1tenth_ws/install/vesc_ackermann:/home/meric/f1tenth_ws/install/joy_teleop:/home/meric/f1tenth_ws/install/vesc_msgs:/home/meric/f1tenth_ws/install/teleop_tools_msgs:/home/meric/f1tenth_ws/install/ackermann_mux:${AMENT_PREFIX_PATH} CMAKE_PREFIX_PATH=/home/meric/f1tenth_ws/install/vesc:/home/meric/f1tenth_ws/install/vesc_driver:/home/meric/f1tenth_ws/install/vesc_ackermann:/home/meric/f1tenth_ws/install/vesc_msgs:/home/meric/f1tenth_ws/install/teleop_tools_msgs:/home/meric/f1tenth_ws/install/ackermann_mux:${CMAKE_PREFIX_PATH} LD_LIBRARY_PATH=/home/meric/f1tenth_ws/install/vesc_driver/lib:/home/meric/f1tenth_ws/install/vesc_ackermann/lib:/home/meric/f1tenth_ws/install/vesc_msgs/lib:/home/meric/f1tenth_ws/install/teleop_tools_msgs/lib:${LD_LIBRARY_PATH} PYTHONPATH=/home/meric/f1tenth_ws/build/f1tenth_stack/prefix_override:/usr/lib/python3/dist-packages/colcon_core/task/python/colcon_distutils_commands:/home/meric/f1tenth_ws/install/f1tenth_stack/lib/python3.8/site-packages:/home/meric/f1tenth_ws/install/joy_teleop/lib/python3.8/site-packages:/home/meric/f1tenth_ws/install/vesc_msgs/lib/python3.8/site-packages:/home/meric/f1tenth_ws/install/teleop_tools_msgs/lib/python3.8/site-packages:${PYTHONPATH} /usr/bin/python3 -W ignore:setup.py install is deprecated -W ignore:easy_install command is deprecated setup.py egg_info --egg-base ../../../build/f1tenth_stack build --build-base /home/meric/f1tenth_ws/build/f1tenth_stack/build install --record /home/meric/f1tenth_ws/build/f1tenth_stack/install.log --install-scripts $base/lib/f1tenth_stack --single-version-externally-managed install_data
