[0.618s] Invoking command in '/home/meric/f1tenth_ws/build/vesc_ackermann': AMENT_PREFIX_PATH=/home/meric/f1tenth_ws/install/vesc_msgs:${AMENT_PREFIX_PATH} CMAKE_PREFIX_PATH=/home/meric/f1tenth_ws/install/vesc_msgs:/home/meric/install/wall_follow:/home/meric/install/vesc:/home/meric/install/vesc_driver:/home/meric/install/vesc_ackermann:/home/meric/install/vesc_msgs:/home/meric/install/teleop_tools:/home/meric/install/teleop_tools_msgs:/home/meric/install/gap_follow:/home/meric/install/forward:/home/meric/install/ackermann_mux:/home/meric/install/f1tenth_stack:/home/meric/install/joy_teleop:/home/meric/install/mouse_teleop:/home/meric/install/key_teleop:/opt/ros/foxy LD_LIBRARY_PATH=/home/meric/f1tenth_ws/install/vesc_msgs/lib:${LD_LIBRARY_PATH} PYTHONPATH=/home/meric/f1tenth_ws/install/vesc_msgs/lib/python3.8/site-packages:${PYTHONPATH} /usr/bin/cmake --build /home/meric/f1tenth_ws/build/vesc_ackermann -- -j6 -l6
[0.847s] [ 28%] Built target vesc_to_odom_node
[0.853s] [ 57%] Built target ackermann_to_vesc_node
[0.858s] [100%] Built target vesc_ackermann
[0.886s] Invoked command in '/home/meric/f1tenth_ws/build/vesc_ackermann' returned '0': AMENT_PREFIX_PATH=/home/meric/f1tenth_ws/install/vesc_msgs:${AMENT_PREFIX_PATH} CMAKE_PREFIX_PATH=/home/meric/f1tenth_ws/install/vesc_msgs:/home/meric/install/wall_follow:/home/meric/install/vesc:/home/meric/install/vesc_driver:/home/meric/install/vesc_ackermann:/home/meric/install/vesc_msgs:/home/meric/install/teleop_tools:/home/meric/install/teleop_tools_msgs:/home/meric/install/gap_follow:/home/meric/install/forward:/home/meric/install/ackermann_mux:/home/meric/install/f1tenth_stack:/home/meric/install/joy_teleop:/home/meric/install/mouse_teleop:/home/meric/install/key_teleop:/opt/ros/foxy LD_LIBRARY_PATH=/home/meric/f1tenth_ws/install/vesc_msgs/lib:${LD_LIBRARY_PATH} PYTHONPATH=/home/meric/f1tenth_ws/install/vesc_msgs/lib/python3.8/site-packages:${PYTHONPATH} /usr/bin/cmake --build /home/meric/f1tenth_ws/build/vesc_ackermann -- -j6 -l6
[0.894s] Invoking command in '/home/meric/f1tenth_ws/build/vesc_ackermann': AMENT_PREFIX_PATH=/home/meric/f1tenth_ws/install/vesc_msgs:${AMENT_PREFIX_PATH} CMAKE_PREFIX_PATH=/home/meric/f1tenth_ws/install/vesc_msgs:/home/meric/install/wall_follow:/home/meric/install/vesc:/home/meric/install/vesc_driver:/home/meric/install/vesc_ackermann:/home/meric/install/vesc_msgs:/home/meric/install/teleop_tools:/home/meric/install/teleop_tools_msgs:/home/meric/install/gap_follow:/home/meric/install/forward:/home/meric/install/ackermann_mux:/home/meric/install/f1tenth_stack:/home/meric/install/joy_teleop:/home/meric/install/mouse_teleop:/home/meric/install/key_teleop:/opt/ros/foxy LD_LIBRARY_PATH=/home/meric/f1tenth_ws/install/vesc_msgs/lib:${LD_LIBRARY_PATH} PYTHONPATH=/home/meric/f1tenth_ws/install/vesc_msgs/lib/python3.8/site-packages:${PYTHONPATH} /usr/bin/cmake --install /home/meric/f1tenth_ws/build/vesc_ackermann
[0.927s] -- Install configuration: ""
[0.928s] -- Up-to-date: /home/meric/f1tenth_ws/install/vesc_ackermann/lib/vesc_ackermann/ackermann_to_vesc_node
[0.929s] -- Up-to-date: /home/meric/f1tenth_ws/install/vesc_ackermann/lib/vesc_ackermann/vesc_to_odom_node
[0.930s] -- Up-to-date: /home/meric/f1tenth_ws/install/vesc_ackermann/include
[0.930s] -- Up-to-date: /home/meric/f1tenth_ws/install/vesc_ackermann/include/vesc_ackermann
[0.930s] -- Up-to-date: /home/meric/f1tenth_ws/install/vesc_ackermann/include/vesc_ackermann/ackermann_to_vesc.hpp
[0.930s] -- Up-to-date: /home/meric/f1tenth_ws/install/vesc_ackermann/include/vesc_ackermann/vesc_to_odom.hpp
[0.931s] -- Up-to-date: /home/meric/f1tenth_ws/install/vesc_ackermann/share/vesc_ackermann/environment/library_path.sh
[0.931s] -- Up-to-date: /home/meric/f1tenth_ws/install/vesc_ackermann/share/vesc_ackermann/environment/library_path.dsv
[0.932s] -- Up-to-date: /home/meric/f1tenth_ws/install/vesc_ackermann/lib/libvesc_ackermann.so
[0.932s] -- Up-to-date: /home/meric/f1tenth_ws/install/vesc_ackermann/share/vesc_ackermann/launch
[0.932s] -- Up-to-date: /home/meric/f1tenth_ws/install/vesc_ackermann/share/vesc_ackermann/launch/vesc_to_odom_node.launch.xml
[0.932s] -- Up-to-date: /home/meric/f1tenth_ws/install/vesc_ackermann/share/vesc_ackermann/launch/ackermann_to_vesc_node.launch.xml
[0.933s] -- Up-to-date: /home/meric/f1tenth_ws/install/vesc_ackermann/share/ament_index/resource_index/package_run_dependencies/vesc_ackermann
[0.933s] -- Up-to-date: /home/meric/f1tenth_ws/install/vesc_ackermann/share/ament_index/resource_index/parent_prefix_path/vesc_ackermann
[0.933s] -- Up-to-date: /home/meric/f1tenth_ws/install/vesc_ackermann/share/vesc_ackermann/environment/ament_prefix_path.sh
[0.934s] -- Up-to-date: /home/meric/f1tenth_ws/install/vesc_ackermann/share/vesc_ackermann/environment/ament_prefix_path.dsv
[0.934s] -- Up-to-date: /home/meric/f1tenth_ws/install/vesc_ackermann/share/vesc_ackermann/environment/path.sh
[0.934s] -- Up-to-date: /home/meric/f1tenth_ws/install/vesc_ackermann/share/vesc_ackermann/environment/path.dsv
[0.935s] -- Up-to-date: /home/meric/f1tenth_ws/install/vesc_ackermann/share/vesc_ackermann/local_setup.bash
[0.935s] -- Up-to-date: /home/meric/f1tenth_ws/install/vesc_ackermann/share/vesc_ackermann/local_setup.sh
[0.935s] -- Up-to-date: /home/meric/f1tenth_ws/install/vesc_ackermann/share/vesc_ackermann/local_setup.zsh
[0.935s] -- Up-to-date: /home/meric/f1tenth_ws/install/vesc_ackermann/share/vesc_ackermann/local_setup.dsv
[0.935s] -- Installing: /home/meric/f1tenth_ws/install/vesc_ackermann/share/vesc_ackermann/package.dsv
[0.935s] -- Up-to-date: /home/meric/f1tenth_ws/install/vesc_ackermann/share/ament_index/resource_index/packages/vesc_ackermann
[0.936s] -- Up-to-date: /home/meric/f1tenth_ws/install/vesc_ackermann/share/ament_index/resource_index/rclcpp_components/vesc_ackermann
[0.936s] -- Up-to-date: /home/meric/f1tenth_ws/install/vesc_ackermann/share/vesc_ackermann/cmake/ament_cmake_export_dependencies-extras.cmake
[0.936s] -- Up-to-date: /home/meric/f1tenth_ws/install/vesc_ackermann/share/vesc_ackermann/cmake/ament_cmake_export_include_directories-extras.cmake
[0.937s] -- Up-to-date: /home/meric/f1tenth_ws/install/vesc_ackermann/share/vesc_ackermann/cmake/ament_cmake_export_libraries-extras.cmake
[0.937s] -- Up-to-date: /home/meric/f1tenth_ws/install/vesc_ackermann/share/vesc_ackermann/cmake/vesc_ackermannConfig.cmake
[0.937s] -- Up-to-date: /home/meric/f1tenth_ws/install/vesc_ackermann/share/vesc_ackermann/cmake/vesc_ackermannConfig-version.cmake
[0.937s] -- Up-to-date: /home/meric/f1tenth_ws/install/vesc_ackermann/share/vesc_ackermann/package.xml
[0.944s] Invoked command in '/home/meric/f1tenth_ws/build/vesc_ackermann' returned '0': AMENT_PREFIX_PATH=/home/meric/f1tenth_ws/install/vesc_msgs:${AMENT_PREFIX_PATH} CMAKE_PREFIX_PATH=/home/meric/f1tenth_ws/install/vesc_msgs:/home/meric/install/wall_follow:/home/meric/install/vesc:/home/meric/install/vesc_driver:/home/meric/install/vesc_ackermann:/home/meric/install/vesc_msgs:/home/meric/install/teleop_tools:/home/meric/install/teleop_tools_msgs:/home/meric/install/gap_follow:/home/meric/install/forward:/home/meric/install/ackermann_mux:/home/meric/install/f1tenth_stack:/home/meric/install/joy_teleop:/home/meric/install/mouse_teleop:/home/meric/install/key_teleop:/opt/ros/foxy LD_LIBRARY_PATH=/home/meric/f1tenth_ws/install/vesc_msgs/lib:${LD_LIBRARY_PATH} PYTHONPATH=/home/meric/f1tenth_ws/install/vesc_msgs/lib/python3.8/site-packages:${PYTHONPATH} /usr/bin/cmake --install /home/meric/f1tenth_ws/build/vesc_ackermann
