[2.145s] Invoking command in '/home/meric/f1tenth_ws/src/stanley2_avoidance': PYTHONPATH=/home/meric/f1tenth_ws/build/stanley2_avoidance/prefix_override:/usr/lib/python3/dist-packages/colcon_core/task/python/colcon_distutils_commands:/home/meric/f1tenth_ws/install/stanley2_avoidance/lib/python3.8/site-packages:${PYTHONPATH} /usr/bin/python3 -W ignore:setup.py install is deprecated -W ignore:easy_install command is deprecated setup.py egg_info --egg-base ../../build/stanley2_avoidance build --build-base /home/meric/f1tenth_ws/build/stanley2_avoidance/build install --record /home/meric/f1tenth_ws/build/stanley2_avoidance/install.log --install-scripts $base/lib/stanley2_avoidance --single-version-externally-managed install_data
[2.644s] running egg_info
[2.645s] writing ../../build/stanley2_avoidance/stanley2_avoidance.egg-info/PKG-INFO
[2.646s] writing dependency_links to ../../build/stanley2_avoidance/stanley2_avoidance.egg-info/dependency_links.txt
[2.646s] writing entry points to ../../build/stanley2_avoidance/stanley2_avoidance.egg-info/entry_points.txt
[2.647s] writing requirements to ../../build/stanley2_avoidance/stanley2_avoidance.egg-info/requires.txt
[2.647s] writing top-level names to ../../build/stanley2_avoidance/stanley2_avoidance.egg-info/top_level.txt
[2.712s] reading manifest file '../../build/stanley2_avoidance/stanley2_avoidance.egg-info/SOURCES.txt'
[2.714s] writing manifest file '../../build/stanley2_avoidance/stanley2_avoidance.egg-info/SOURCES.txt'
[2.714s] running build
[2.714s] running build_py
[2.715s] running install
[2.717s] running install_lib
[2.721s] running install_data
[2.721s] copying launch/stanley2_avoidance_launch.py -> /home/meric/f1tenth_ws/install/stanley2_avoidance/share/stanley2_avoidance/launch
[2.722s] running install_egg_info
[2.726s] removing '/home/meric/f1tenth_ws/install/stanley2_avoidance/lib/python3.8/site-packages/stanley2_avoidance-0.0.0-py3.8.egg-info' (and everything under it)
[2.727s] Copying ../../build/stanley2_avoidance/stanley2_avoidance.egg-info to /home/meric/f1tenth_ws/install/stanley2_avoidance/lib/python3.8/site-packages/stanley2_avoidance-0.0.0-py3.8.egg-info
[2.729s] running install_scripts
[2.767s] Installing stanley2_avoidance script to /home/meric/f1tenth_ws/install/stanley2_avoidance/lib/stanley2_avoidance
[2.768s] writing list of installed files to '/home/meric/f1tenth_ws/build/stanley2_avoidance/install.log'
[2.832s] Invoked command in '/home/meric/f1tenth_ws/src/stanley2_avoidance' returned '0': PYTHONPATH=/home/meric/f1tenth_ws/build/stanley2_avoidance/prefix_override:/usr/lib/python3/dist-packages/colcon_core/task/python/colcon_distutils_commands:/home/meric/f1tenth_ws/install/stanley2_avoidance/lib/python3.8/site-packages:${PYTHONPATH} /usr/bin/python3 -W ignore:setup.py install is deprecated -W ignore:easy_install command is deprecated setup.py egg_info --egg-base ../../build/stanley2_avoidance build --build-base /home/meric/f1tenth_ws/build/stanley2_avoidance/build install --record /home/meric/f1tenth_ws/build/stanley2_avoidance/install.log --install-scripts $base/lib/stanley2_avoidance --single-version-externally-managed install_data
