[0.641s] Invoking command in '/home/meric/f1tenth_ws/build/waypoint_generator': CMAKE_PREFIX_PATH=${CMAKE_PREFIX_PATH}:/home/meric/f1tenth_ws/install/f1tenth_stack:/home/meric/f1tenth_ws/install/joy_teleop:/home/meric/f1tenth_ws/install/stanley_avoidance:/home/meric/f1tenth_ws/install/stanley2_avoidance:/home/meric/f1tenth_ws/install/slam:/home/meric/f1tenth_ws/install/mouse_teleop:/home/meric/f1tenth_ws/install/key_teleop:/opt/ros/foxy /usr/bin/cmake --build /home/meric/f1tenth_ws/build/waypoint_generator -- -j6 -l6
[0.886s] [ 50%] Built target waypoint_visualizer
[0.919s] [100%] Built target waypoint_generator
[1.439s] Invoked command in '/home/meric/f1tenth_ws/build/waypoint_generator' returned '0': CMAKE_PREFIX_PATH=${CMAKE_PREFIX_PATH}:/home/meric/f1tenth_ws/install/f1tenth_stack:/home/meric/f1tenth_ws/install/joy_teleop:/home/meric/f1tenth_ws/install/stanley_avoidance:/home/meric/f1tenth_ws/install/stanley2_avoidance:/home/meric/f1tenth_ws/install/slam:/home/meric/f1tenth_ws/install/mouse_teleop:/home/meric/f1tenth_ws/install/key_teleop:/opt/ros/foxy /usr/bin/cmake --build /home/meric/f1tenth_ws/build/waypoint_generator -- -j6 -l6
[1.445s] Invoking command in '/home/meric/f1tenth_ws/build/waypoint_generator': CMAKE_PREFIX_PATH=${CMAKE_PREFIX_PATH}:/home/meric/f1tenth_ws/install/f1tenth_stack:/home/meric/f1tenth_ws/install/joy_teleop:/home/meric/f1tenth_ws/install/stanley_avoidance:/home/meric/f1tenth_ws/install/stanley2_avoidance:/home/meric/f1tenth_ws/install/slam:/home/meric/f1tenth_ws/install/mouse_teleop:/home/meric/f1tenth_ws/install/key_teleop:/opt/ros/foxy /usr/bin/cmake --install /home/meric/f1tenth_ws/build/waypoint_generator
[1.473s] -- Install configuration: ""
[1.474s] -- Up-to-date: /home/meric/f1tenth_ws/install/waypoint_generator/lib/waypoint_generator/waypoint_generator
[1.474s] -- Up-to-date: /home/meric/f1tenth_ws/install/waypoint_generator/lib/waypoint_generator/waypoint_visualizer
[1.476s] -- Up-to-date: /home/meric/f1tenth_ws/install/waypoint_generator/share/ament_index/resource_index/package_run_dependencies/waypoint_generator
[1.477s] -- Up-to-date: /home/meric/f1tenth_ws/install/waypoint_generator/share/ament_index/resource_index/parent_prefix_path/waypoint_generator
[1.482s] -- Up-to-date: /home/meric/f1tenth_ws/install/waypoint_generator/share/waypoint_generator/environment/ament_prefix_path.sh
[1.484s] -- Up-to-date: /home/meric/f1tenth_ws/install/waypoint_generator/share/waypoint_generator/environment/ament_prefix_path.dsv
[1.484s] -- Up-to-date: /home/meric/f1tenth_ws/install/waypoint_generator/share/waypoint_generator/environment/path.sh
[1.484s] -- Up-to-date: /home/meric/f1tenth_ws/install/waypoint_generator/share/waypoint_generator/environment/path.dsv
[1.485s] -- Up-to-date: /home/meric/f1tenth_ws/install/waypoint_generator/share/waypoint_generator/local_setup.bash
[1.485s] -- Up-to-date: /home/meric/f1tenth_ws/install/waypoint_generator/share/waypoint_generator/local_setup.sh
[1.486s] -- Up-to-date: /home/meric/f1tenth_ws/install/waypoint_generator/share/waypoint_generator/local_setup.zsh
[1.486s] -- Up-to-date: /home/meric/f1tenth_ws/install/waypoint_generator/share/waypoint_generator/local_setup.dsv
[1.486s] -- Installing: /home/meric/f1tenth_ws/install/waypoint_generator/share/waypoint_generator/package.dsv
[1.486s] -- Up-to-date: /home/meric/f1tenth_ws/install/waypoint_generator/share/ament_index/resource_index/packages/waypoint_generator
[1.486s] -- Up-to-date: /home/meric/f1tenth_ws/install/waypoint_generator/share/waypoint_generator/cmake/waypoint_generatorConfig.cmake
[1.487s] -- Up-to-date: /home/meric/f1tenth_ws/install/waypoint_generator/share/waypoint_generator/cmake/waypoint_generatorConfig-version.cmake
[1.487s] -- Up-to-date: /home/meric/f1tenth_ws/install/waypoint_generator/share/waypoint_generator/package.xml
[1.493s] Invoked command in '/home/meric/f1tenth_ws/build/waypoint_generator' returned '0': CMAKE_PREFIX_PATH=${CMAKE_PREFIX_PATH}:/home/meric/f1tenth_ws/install/f1tenth_stack:/home/meric/f1tenth_ws/install/joy_teleop:/home/meric/f1tenth_ws/install/stanley_avoidance:/home/meric/f1tenth_ws/install/stanley2_avoidance:/home/meric/f1tenth_ws/install/slam:/home/meric/f1tenth_ws/install/mouse_teleop:/home/meric/f1tenth_ws/install/key_teleop:/opt/ros/foxy /usr/bin/cmake --install /home/meric/f1tenth_ws/build/waypoint_generator
