[0.115s] Invoking command in '/home/meric/f1tenth_ws/build/vesc_ackermann': CMAKE_PREFIX_PATH=/home/meric/f1tenth_ws/install/vesc_msgs:/home/meric/f1tenth_ws/install/waypoint_generator:/home/meric/f1tenth_ws/install/vesc:/home/meric/f1tenth_ws/install/vesc_driver:/home/meric/f1tenth_ws/install/vesc_ackermann:/home/meric/f1tenth_ws/install/teleop_tools:/home/meric/f1tenth_ws/install/teleop_tools_msgs:/home/meric/f1tenth_ws/install/pure_pursuit:/home/meric/f1tenth_ws/install/ackermann_mux:/home/meric/f1tenth_ws/install/stanley2_avoidance:/home/meric/f1tenth_ws/install/f1tenth_stack:/home/meric/f1tenth_ws/install/joy_teleop:/home/meric/f1tenth_ws/install/stanley_avoidance:/home/meric/f1tenth_ws/install/slam:/home/meric/f1tenth_ws/install/navigation:/home/meric/f1tenth_ws/install/mouse_teleop:/home/meric/f1tenth_ws/install/key_teleop:/opt/ros/foxy LD_LIBRARY_PATH=/home/meric/f1tenth_ws/install/vesc_msgs/lib:/home/meric/f1tenth_ws/install/vesc_driver/lib:/home/meric/f1tenth_ws/install/vesc_ackermann/lib:/home/meric/f1tenth_ws/install/teleop_tools_msgs/lib:/home/meric/ORBLIB/Pangolin/build/:/usr/lib/aarch64-linux-gnu/gazebo-11/plugins:/opt/ros/foxy/opt/yaml_cpp_vendor/lib:/opt/ros/foxy/opt/rviz_ogre_vendor/lib:/opt/ros/foxy/lib/aarch64-linux-gnu:/opt/ros/foxy/lib:/home/meric/ORBLIB/ORB_SLAM3/lib PYTHONPATH=/home/meric/f1tenth_ws/install/vesc_msgs/lib/python3.8/site-packages:/home/meric/f1tenth_ws/build/stanley2_avoidance:/home/meric/f1tenth_ws/install/stanley2_avoidance/lib/python3.8/site-packages:/home/meric/f1tenth_ws/install/f1tenth_stack/lib/python3.8/site-packages:/home/meric/f1tenth_ws/install/joy_teleop/lib/python3.8/site-packages:/home/meric/f1tenth_ws/install/teleop_tools_msgs/lib/python3.8/site-packages:/home/meric/f1tenth_ws/install/stanley_avoidance/lib/python3.8/site-packages:/home/meric/f1tenth_ws/install/slam/lib/python3.8/site-packages:/home/meric/f1tenth_ws/install/navigation/lib/python3.8/site-packages:/home/meric/f1tenth_ws/install/mouse_teleop/lib/python3.8/site-packages:/home/meric/f1tenth_ws/install/key_teleop/lib/python3.8/site-packages:/opt/ros/foxy/lib/python3.8/site-packages /usr/bin/cmake /home/meric/f1tenth_ws/src/f1tenth_system/vesc/vesc_ackermann -DCMAKE_INSTALL_PREFIX=/home/meric/f1tenth_ws/install/vesc_ackermann
[0.334s] -- The C compiler identification is GNU 9.4.0
[0.461s] -- The CXX compiler identification is GNU 9.4.0
[0.471s] -- Check for working C compiler: /usr/bin/cc
[0.637s] -- Check for working C compiler: /usr/bin/cc -- works
[0.639s] -- Detecting C compiler ABI info
[0.824s] -- Detecting C compiler ABI info - done
[0.848s] -- Detecting C compile features
[0.851s] -- Detecting C compile features - done
[0.857s] -- Check for working CXX compiler: /usr/bin/c++
[1.063s] -- Check for working CXX compiler: /usr/bin/c++ -- works
[1.066s] -- Detecting CXX compiler ABI info
[1.256s] -- Detecting CXX compiler ABI info - done
[1.277s] -- Detecting CXX compile features
[1.277s] -- Detecting CXX compile features - done
[1.285s] -- Found ament_cmake_auto: 0.9.12 (/opt/ros/foxy/share/ament_cmake_auto/cmake)
[1.373s] -- Found PythonInterp: /usr/bin/python3 (found suitable version "3.8.10", minimum required is "3") 
[1.374s] -- Using PYTHON_EXECUTABLE: /usr/bin/python3
[2.176s] -- Using all available rosidl_typesupport_c: rosidl_typesupport_fastrtps_c;rosidl_typesupport_introspection_c
[2.196s] -- Found rosidl_adapter: 1.3.1 (/opt/ros/foxy/share/rosidl_adapter/cmake)
[2.438s] -- Found OpenSSL: /usr/lib/aarch64-linux-gnu/libcrypto.so (found version "1.1.1f")  
[2.518s] -- Found FastRTPS: /opt/ros/foxy/include  
[2.721s] -- Using all available rosidl_typesupport_cpp: rosidl_typesupport_fastrtps_cpp;rosidl_typesupport_introspection_cpp
[3.232s] -- Found rmw_implementation_cmake: 1.0.4 (/opt/ros/foxy/share/rmw_implementation_cmake/cmake)
[3.237s] -- Using RMW implementation 'rmw_fastrtps_cpp' as default
[3.239s] -- Looking for pthread.h
[3.418s] -- Looking for pthread.h - found
[3.420s] -- Performing Test CMAKE_HAVE_LIBC_PTHREAD
[3.640s] -- Performing Test CMAKE_HAVE_LIBC_PTHREAD - Failed
[3.641s] -- Looking for pthread_create in pthreads
[3.789s] -- Looking for pthread_create in pthreads - not found
[3.795s] -- Looking for pthread_create in pthread
[3.949s] -- Looking for pthread_create in pthread - found
[3.952s] -- Found Threads: TRUE  
[5.053s] -- Found ament_lint_auto: 0.9.8 (/opt/ros/foxy/share/ament_lint_auto/cmake)
[5.106s] -- Added test 'copyright' to check source files copyright and LICENSE
[5.109s] -- Added test 'cppcheck' to perform static code analysis on C / C++ code
[5.109s] -- Configured cppcheck include dirs: /home/meric/f1tenth_ws/src/f1tenth_system/vesc/vesc_ackermann/include
[5.109s] -- Configured cppcheck exclude dirs and/or files: 
[5.112s] -- Added test 'cpplint' to check C / C++ code against the Google style
[5.112s] -- Configured cpplint exclude dirs and/or files: 
[5.114s] -- Added test 'lint_cmake' to check CMake code style
[5.116s] -- Added test 'uncrustify' to check C / C++ code style
[5.117s] -- Configured uncrustify additional arguments: 
[5.118s] -- Added test 'xmllint' to check XML markup files
[5.131s] -- Configuring done
[5.171s] -- Generating done
[5.189s] -- Build files have been written to: /home/meric/f1tenth_ws/build/vesc_ackermann
[5.227s] Invoked command in '/home/meric/f1tenth_ws/build/vesc_ackermann' returned '0': CMAKE_PREFIX_PATH=/home/meric/f1tenth_ws/install/vesc_msgs:/home/meric/f1tenth_ws/install/waypoint_generator:/home/meric/f1tenth_ws/install/vesc:/home/meric/f1tenth_ws/install/vesc_driver:/home/meric/f1tenth_ws/install/vesc_ackermann:/home/meric/f1tenth_ws/install/teleop_tools:/home/meric/f1tenth_ws/install/teleop_tools_msgs:/home/meric/f1tenth_ws/install/pure_pursuit:/home/meric/f1tenth_ws/install/ackermann_mux:/home/meric/f1tenth_ws/install/stanley2_avoidance:/home/meric/f1tenth_ws/install/f1tenth_stack:/home/meric/f1tenth_ws/install/joy_teleop:/home/meric/f1tenth_ws/install/stanley_avoidance:/home/meric/f1tenth_ws/install/slam:/home/meric/f1tenth_ws/install/navigation:/home/meric/f1tenth_ws/install/mouse_teleop:/home/meric/f1tenth_ws/install/key_teleop:/opt/ros/foxy LD_LIBRARY_PATH=/home/meric/f1tenth_ws/install/vesc_msgs/lib:/home/meric/f1tenth_ws/install/vesc_driver/lib:/home/meric/f1tenth_ws/install/vesc_ackermann/lib:/home/meric/f1tenth_ws/install/teleop_tools_msgs/lib:/home/meric/ORBLIB/Pangolin/build/:/usr/lib/aarch64-linux-gnu/gazebo-11/plugins:/opt/ros/foxy/opt/yaml_cpp_vendor/lib:/opt/ros/foxy/opt/rviz_ogre_vendor/lib:/opt/ros/foxy/lib/aarch64-linux-gnu:/opt/ros/foxy/lib:/home/meric/ORBLIB/ORB_SLAM3/lib PYTHONPATH=/home/meric/f1tenth_ws/install/vesc_msgs/lib/python3.8/site-packages:/home/meric/f1tenth_ws/build/stanley2_avoidance:/home/meric/f1tenth_ws/install/stanley2_avoidance/lib/python3.8/site-packages:/home/meric/f1tenth_ws/install/f1tenth_stack/lib/python3.8/site-packages:/home/meric/f1tenth_ws/install/joy_teleop/lib/python3.8/site-packages:/home/meric/f1tenth_ws/install/teleop_tools_msgs/lib/python3.8/site-packages:/home/meric/f1tenth_ws/install/stanley_avoidance/lib/python3.8/site-packages:/home/meric/f1tenth_ws/install/slam/lib/python3.8/site-packages:/home/meric/f1tenth_ws/install/navigation/lib/python3.8/site-packages:/home/meric/f1tenth_ws/install/mouse_teleop/lib/python3.8/site-packages:/home/meric/f1tenth_ws/install/key_teleop/lib/python3.8/site-packages:/opt/ros/foxy/lib/python3.8/site-packages /usr/bin/cmake /home/meric/f1tenth_ws/src/f1tenth_system/vesc/vesc_ackermann -DCMAKE_INSTALL_PREFIX=/home/meric/f1tenth_ws/install/vesc_ackermann
[5.228s] Invoking command in '/home/meric/f1tenth_ws/build/vesc_ackermann': CMAKE_PREFIX_PATH=/home/meric/f1tenth_ws/install/vesc_msgs:/home/meric/f1tenth_ws/install/waypoint_generator:/home/meric/f1tenth_ws/install/vesc:/home/meric/f1tenth_ws/install/vesc_driver:/home/meric/f1tenth_ws/install/vesc_ackermann:/home/meric/f1tenth_ws/install/teleop_tools:/home/meric/f1tenth_ws/install/teleop_tools_msgs:/home/meric/f1tenth_ws/install/pure_pursuit:/home/meric/f1tenth_ws/install/ackermann_mux:/home/meric/f1tenth_ws/install/stanley2_avoidance:/home/meric/f1tenth_ws/install/f1tenth_stack:/home/meric/f1tenth_ws/install/joy_teleop:/home/meric/f1tenth_ws/install/stanley_avoidance:/home/meric/f1tenth_ws/install/slam:/home/meric/f1tenth_ws/install/navigation:/home/meric/f1tenth_ws/install/mouse_teleop:/home/meric/f1tenth_ws/install/key_teleop:/opt/ros/foxy LD_LIBRARY_PATH=/home/meric/f1tenth_ws/install/vesc_msgs/lib:/home/meric/f1tenth_ws/install/vesc_driver/lib:/home/meric/f1tenth_ws/install/vesc_ackermann/lib:/home/meric/f1tenth_ws/install/teleop_tools_msgs/lib:/home/meric/ORBLIB/Pangolin/build/:/usr/lib/aarch64-linux-gnu/gazebo-11/plugins:/opt/ros/foxy/opt/yaml_cpp_vendor/lib:/opt/ros/foxy/opt/rviz_ogre_vendor/lib:/opt/ros/foxy/lib/aarch64-linux-gnu:/opt/ros/foxy/lib:/home/meric/ORBLIB/ORB_SLAM3/lib PYTHONPATH=/home/meric/f1tenth_ws/install/vesc_msgs/lib/python3.8/site-packages:/home/meric/f1tenth_ws/build/stanley2_avoidance:/home/meric/f1tenth_ws/install/stanley2_avoidance/lib/python3.8/site-packages:/home/meric/f1tenth_ws/install/f1tenth_stack/lib/python3.8/site-packages:/home/meric/f1tenth_ws/install/joy_teleop/lib/python3.8/site-packages:/home/meric/f1tenth_ws/install/teleop_tools_msgs/lib/python3.8/site-packages:/home/meric/f1tenth_ws/install/stanley_avoidance/lib/python3.8/site-packages:/home/meric/f1tenth_ws/install/slam/lib/python3.8/site-packages:/home/meric/f1tenth_ws/install/navigation/lib/python3.8/site-packages:/home/meric/f1tenth_ws/install/mouse_teleop/lib/python3.8/site-packages:/home/meric/f1tenth_ws/install/key_teleop/lib/python3.8/site-packages:/opt/ros/foxy/lib/python3.8/site-packages /usr/bin/cmake --build /home/meric/f1tenth_ws/build/vesc_ackermann -- -j6 -l6
[5.328s] [35m[1mScanning dependencies of target vesc_to_odom_node[0m
[5.342s] [35m[1mScanning dependencies of target ackermann_to_vesc_node[0m
[5.362s] [35m[1mScanning dependencies of target vesc_ackermann[0m
[5.459s] [ 14%] [32mBuilding CXX object CMakeFiles/ackermann_to_vesc_node.dir/rclcpp_components/node_main_ackermann_to_vesc_node.cpp.o[0m
[5.472s] [ 28%] [32mBuilding CXX object CMakeFiles/vesc_to_odom_node.dir/rclcpp_components/node_main_vesc_to_odom_node.cpp.o[0m
[5.539s] [ 57%] [32mBuilding CXX object CMakeFiles/vesc_ackermann.dir/src/vesc_to_odom.cpp.o[0m
[5.547s] [ 57%] [32mBuilding CXX object CMakeFiles/vesc_ackermann.dir/src/ackermann_to_vesc.cpp.o[0m
[13.219s] [ 71%] [32m[1mLinking CXX executable vesc_to_odom_node[0m
[13.372s] [ 85%] [32m[1mLinking CXX executable ackermann_to_vesc_node[0m
[13.528s] [ 85%] Built target vesc_to_odom_node
[13.689s] [ 85%] Built target ackermann_to_vesc_node
[24.652s] [100%] [32m[1mLinking CXX shared library libvesc_ackermann.so[0m
[25.773s] [100%] Built target vesc_ackermann
[25.806s] Invoked command in '/home/meric/f1tenth_ws/build/vesc_ackermann' returned '0': CMAKE_PREFIX_PATH=/home/meric/f1tenth_ws/install/vesc_msgs:/home/meric/f1tenth_ws/install/waypoint_generator:/home/meric/f1tenth_ws/install/vesc:/home/meric/f1tenth_ws/install/vesc_driver:/home/meric/f1tenth_ws/install/vesc_ackermann:/home/meric/f1tenth_ws/install/teleop_tools:/home/meric/f1tenth_ws/install/teleop_tools_msgs:/home/meric/f1tenth_ws/install/pure_pursuit:/home/meric/f1tenth_ws/install/ackermann_mux:/home/meric/f1tenth_ws/install/stanley2_avoidance:/home/meric/f1tenth_ws/install/f1tenth_stack:/home/meric/f1tenth_ws/install/joy_teleop:/home/meric/f1tenth_ws/install/stanley_avoidance:/home/meric/f1tenth_ws/install/slam:/home/meric/f1tenth_ws/install/navigation:/home/meric/f1tenth_ws/install/mouse_teleop:/home/meric/f1tenth_ws/install/key_teleop:/opt/ros/foxy LD_LIBRARY_PATH=/home/meric/f1tenth_ws/install/vesc_msgs/lib:/home/meric/f1tenth_ws/install/vesc_driver/lib:/home/meric/f1tenth_ws/install/vesc_ackermann/lib:/home/meric/f1tenth_ws/install/teleop_tools_msgs/lib:/home/meric/ORBLIB/Pangolin/build/:/usr/lib/aarch64-linux-gnu/gazebo-11/plugins:/opt/ros/foxy/opt/yaml_cpp_vendor/lib:/opt/ros/foxy/opt/rviz_ogre_vendor/lib:/opt/ros/foxy/lib/aarch64-linux-gnu:/opt/ros/foxy/lib:/home/meric/ORBLIB/ORB_SLAM3/lib PYTHONPATH=/home/meric/f1tenth_ws/install/vesc_msgs/lib/python3.8/site-packages:/home/meric/f1tenth_ws/build/stanley2_avoidance:/home/meric/f1tenth_ws/install/stanley2_avoidance/lib/python3.8/site-packages:/home/meric/f1tenth_ws/install/f1tenth_stack/lib/python3.8/site-packages:/home/meric/f1tenth_ws/install/joy_teleop/lib/python3.8/site-packages:/home/meric/f1tenth_ws/install/teleop_tools_msgs/lib/python3.8/site-packages:/home/meric/f1tenth_ws/install/stanley_avoidance/lib/python3.8/site-packages:/home/meric/f1tenth_ws/install/slam/lib/python3.8/site-packages:/home/meric/f1tenth_ws/install/navigation/lib/python3.8/site-packages:/home/meric/f1tenth_ws/install/mouse_teleop/lib/python3.8/site-packages:/home/meric/f1tenth_ws/install/key_teleop/lib/python3.8/site-packages:/opt/ros/foxy/lib/python3.8/site-packages /usr/bin/cmake --build /home/meric/f1tenth_ws/build/vesc_ackermann -- -j6 -l6
[25.808s] Invoking command in '/home/meric/f1tenth_ws/build/vesc_ackermann': CMAKE_PREFIX_PATH=/home/meric/f1tenth_ws/install/vesc_msgs:/home/meric/f1tenth_ws/install/waypoint_generator:/home/meric/f1tenth_ws/install/vesc:/home/meric/f1tenth_ws/install/vesc_driver:/home/meric/f1tenth_ws/install/vesc_ackermann:/home/meric/f1tenth_ws/install/teleop_tools:/home/meric/f1tenth_ws/install/teleop_tools_msgs:/home/meric/f1tenth_ws/install/pure_pursuit:/home/meric/f1tenth_ws/install/ackermann_mux:/home/meric/f1tenth_ws/install/stanley2_avoidance:/home/meric/f1tenth_ws/install/f1tenth_stack:/home/meric/f1tenth_ws/install/joy_teleop:/home/meric/f1tenth_ws/install/stanley_avoidance:/home/meric/f1tenth_ws/install/slam:/home/meric/f1tenth_ws/install/navigation:/home/meric/f1tenth_ws/install/mouse_teleop:/home/meric/f1tenth_ws/install/key_teleop:/opt/ros/foxy LD_LIBRARY_PATH=/home/meric/f1tenth_ws/install/vesc_msgs/lib:/home/meric/f1tenth_ws/install/vesc_driver/lib:/home/meric/f1tenth_ws/install/vesc_ackermann/lib:/home/meric/f1tenth_ws/install/teleop_tools_msgs/lib:/home/meric/ORBLIB/Pangolin/build/:/usr/lib/aarch64-linux-gnu/gazebo-11/plugins:/opt/ros/foxy/opt/yaml_cpp_vendor/lib:/opt/ros/foxy/opt/rviz_ogre_vendor/lib:/opt/ros/foxy/lib/aarch64-linux-gnu:/opt/ros/foxy/lib:/home/meric/ORBLIB/ORB_SLAM3/lib PYTHONPATH=/home/meric/f1tenth_ws/install/vesc_msgs/lib/python3.8/site-packages:/home/meric/f1tenth_ws/build/stanley2_avoidance:/home/meric/f1tenth_ws/install/stanley2_avoidance/lib/python3.8/site-packages:/home/meric/f1tenth_ws/install/f1tenth_stack/lib/python3.8/site-packages:/home/meric/f1tenth_ws/install/joy_teleop/lib/python3.8/site-packages:/home/meric/f1tenth_ws/install/teleop_tools_msgs/lib/python3.8/site-packages:/home/meric/f1tenth_ws/install/stanley_avoidance/lib/python3.8/site-packages:/home/meric/f1tenth_ws/install/slam/lib/python3.8/site-packages:/home/meric/f1tenth_ws/install/navigation/lib/python3.8/site-packages:/home/meric/f1tenth_ws/install/mouse_teleop/lib/python3.8/site-packages:/home/meric/f1tenth_ws/install/key_teleop/lib/python3.8/site-packages:/opt/ros/foxy/lib/python3.8/site-packages /usr/bin/cmake --install /home/meric/f1tenth_ws/build/vesc_ackermann
[25.826s] -- Install configuration: ""
[25.826s] -- Installing: /home/meric/f1tenth_ws/install/vesc_ackermann/lib/vesc_ackermann/ackermann_to_vesc_node
[25.827s] -- Set runtime path of "/home/meric/f1tenth_ws/install/vesc_ackermann/lib/vesc_ackermann/ackermann_to_vesc_node" to ""
[25.827s] -- Installing: /home/meric/f1tenth_ws/install/vesc_ackermann/lib/vesc_ackermann/vesc_to_odom_node
[25.829s] -- Set runtime path of "/home/meric/f1tenth_ws/install/vesc_ackermann/lib/vesc_ackermann/vesc_to_odom_node" to ""
[25.829s] -- Installing: /home/meric/f1tenth_ws/install/vesc_ackermann/include
[25.829s] -- Installing: /home/meric/f1tenth_ws/install/vesc_ackermann/include/vesc_ackermann
[25.829s] -- Installing: /home/meric/f1tenth_ws/install/vesc_ackermann/include/vesc_ackermann/ackermann_to_vesc.hpp
[25.829s] -- Installing: /home/meric/f1tenth_ws/install/vesc_ackermann/include/vesc_ackermann/vesc_to_odom.hpp
[25.830s] -- Installing: /home/meric/f1tenth_ws/install/vesc_ackermann/share/vesc_ackermann/environment/library_path.sh
[25.830s] -- Installing: /home/meric/f1tenth_ws/install/vesc_ackermann/share/vesc_ackermann/environment/library_path.dsv
[25.830s] -- Installing: /home/meric/f1tenth_ws/install/vesc_ackermann/lib/libvesc_ackermann.so
[25.845s] -- Set runtime path of "/home/meric/f1tenth_ws/install/vesc_ackermann/lib/libvesc_ackermann.so" to ""
[25.845s] -- Installing: /home/meric/f1tenth_ws/install/vesc_ackermann/share/vesc_ackermann/launch
[25.846s] -- Installing: /home/meric/f1tenth_ws/install/vesc_ackermann/share/vesc_ackermann/launch/vesc_to_odom_node.launch.xml
[25.846s] -- Installing: /home/meric/f1tenth_ws/install/vesc_ackermann/share/vesc_ackermann/launch/ackermann_to_vesc_node.launch.xml
[25.846s] -- Installing: /home/meric/f1tenth_ws/install/vesc_ackermann/share/ament_index/resource_index/package_run_dependencies/vesc_ackermann
[25.847s] -- Installing: /home/meric/f1tenth_ws/install/vesc_ackermann/share/ament_index/resource_index/parent_prefix_path/vesc_ackermann
[25.847s] -- Installing: /home/meric/f1tenth_ws/install/vesc_ackermann/share/vesc_ackermann/environment/ament_prefix_path.sh
[25.847s] -- Installing: /home/meric/f1tenth_ws/install/vesc_ackermann/share/vesc_ackermann/environment/ament_prefix_path.dsv
[25.847s] -- Installing: /home/meric/f1tenth_ws/install/vesc_ackermann/share/vesc_ackermann/environment/path.sh
[25.848s] -- Installing: /home/meric/f1tenth_ws/install/vesc_ackermann/share/vesc_ackermann/environment/path.dsv
[25.848s] -- Installing: /home/meric/f1tenth_ws/install/vesc_ackermann/share/vesc_ackermann/local_setup.bash
[25.849s] -- Installing: /home/meric/f1tenth_ws/install/vesc_ackermann/share/vesc_ackermann/local_setup.sh
[25.849s] -- Installing: /home/meric/f1tenth_ws/install/vesc_ackermann/share/vesc_ackermann/local_setup.zsh
[25.849s] -- Installing: /home/meric/f1tenth_ws/install/vesc_ackermann/share/vesc_ackermann/local_setup.dsv
[25.849s] -- Installing: /home/meric/f1tenth_ws/install/vesc_ackermann/share/vesc_ackermann/package.dsv
[25.849s] -- Installing: /home/meric/f1tenth_ws/install/vesc_ackermann/share/ament_index/resource_index/packages/vesc_ackermann
[25.850s] -- Installing: /home/meric/f1tenth_ws/install/vesc_ackermann/share/ament_index/resource_index/rclcpp_components/vesc_ackermann
[25.851s] -- Installing: /home/meric/f1tenth_ws/install/vesc_ackermann/share/vesc_ackermann/cmake/ament_cmake_export_dependencies-extras.cmake
[25.851s] -- Installing: /home/meric/f1tenth_ws/install/vesc_ackermann/share/vesc_ackermann/cmake/ament_cmake_export_include_directories-extras.cmake
[25.851s] -- Installing: /home/meric/f1tenth_ws/install/vesc_ackermann/share/vesc_ackermann/cmake/ament_cmake_export_libraries-extras.cmake
[25.851s] -- Installing: /home/meric/f1tenth_ws/install/vesc_ackermann/share/vesc_ackermann/cmake/vesc_ackermannConfig.cmake
[25.852s] -- Installing: /home/meric/f1tenth_ws/install/vesc_ackermann/share/vesc_ackermann/cmake/vesc_ackermannConfig-version.cmake
[25.852s] -- Installing: /home/meric/f1tenth_ws/install/vesc_ackermann/share/vesc_ackermann/package.xml
[25.858s] Invoked command in '/home/meric/f1tenth_ws/build/vesc_ackermann' returned '0': CMAKE_PREFIX_PATH=/home/meric/f1tenth_ws/install/vesc_msgs:/home/meric/f1tenth_ws/install/waypoint_generator:/home/meric/f1tenth_ws/install/vesc:/home/meric/f1tenth_ws/install/vesc_driver:/home/meric/f1tenth_ws/install/vesc_ackermann:/home/meric/f1tenth_ws/install/teleop_tools:/home/meric/f1tenth_ws/install/teleop_tools_msgs:/home/meric/f1tenth_ws/install/pure_pursuit:/home/meric/f1tenth_ws/install/ackermann_mux:/home/meric/f1tenth_ws/install/stanley2_avoidance:/home/meric/f1tenth_ws/install/f1tenth_stack:/home/meric/f1tenth_ws/install/joy_teleop:/home/meric/f1tenth_ws/install/stanley_avoidance:/home/meric/f1tenth_ws/install/slam:/home/meric/f1tenth_ws/install/navigation:/home/meric/f1tenth_ws/install/mouse_teleop:/home/meric/f1tenth_ws/install/key_teleop:/opt/ros/foxy LD_LIBRARY_PATH=/home/meric/f1tenth_ws/install/vesc_msgs/lib:/home/meric/f1tenth_ws/install/vesc_driver/lib:/home/meric/f1tenth_ws/install/vesc_ackermann/lib:/home/meric/f1tenth_ws/install/teleop_tools_msgs/lib:/home/meric/ORBLIB/Pangolin/build/:/usr/lib/aarch64-linux-gnu/gazebo-11/plugins:/opt/ros/foxy/opt/yaml_cpp_vendor/lib:/opt/ros/foxy/opt/rviz_ogre_vendor/lib:/opt/ros/foxy/lib/aarch64-linux-gnu:/opt/ros/foxy/lib:/home/meric/ORBLIB/ORB_SLAM3/lib PYTHONPATH=/home/meric/f1tenth_ws/install/vesc_msgs/lib/python3.8/site-packages:/home/meric/f1tenth_ws/build/stanley2_avoidance:/home/meric/f1tenth_ws/install/stanley2_avoidance/lib/python3.8/site-packages:/home/meric/f1tenth_ws/install/f1tenth_stack/lib/python3.8/site-packages:/home/meric/f1tenth_ws/install/joy_teleop/lib/python3.8/site-packages:/home/meric/f1tenth_ws/install/teleop_tools_msgs/lib/python3.8/site-packages:/home/meric/f1tenth_ws/install/stanley_avoidance/lib/python3.8/site-packages:/home/meric/f1tenth_ws/install/slam/lib/python3.8/site-packages:/home/meric/f1tenth_ws/install/navigation/lib/python3.8/site-packages:/home/meric/f1tenth_ws/install/mouse_teleop/lib/python3.8/site-packages:/home/meric/f1tenth_ws/install/key_teleop/lib/python3.8/site-packages:/opt/ros/foxy/lib/python3.8/site-packages /usr/bin/cmake --install /home/meric/f1tenth_ws/build/vesc_ackermann
