[0.121s] Invoking command in '/home/meric/f1tenth_ws/build/ackermann_mux': CMAKE_PREFIX_PATH=${CMAKE_PREFIX_PATH}:/home/meric/sim_ws/install/stanley_avoidance:/home/meric/sim_ws/install/slam:/home/meric/sim_ws/install/navigation:/home/meric/sim_ws/install/f1tenth_gym_ros:/home/meric/install/f1tenth_stack:/home/meric/install/joy_teleop:/home/meric/install/mouse_teleop:/home/meric/install/key_teleop:/home/meric/f1tenth_ws/install/f1tenth_stack:/home/meric/f1tenth_ws/install/joy_teleop:/home/meric/f1tenth_ws/install/stanley_avoidance:/home/meric/f1tenth_ws/install/stanley2_avoidance:/home/meric/f1tenth_ws/install/slam:/home/meric/f1tenth_ws/install/particle_filter:/home/meric/f1tenth_ws/install/mouse_teleop:/home/meric/f1tenth_ws/install/key_teleop:/opt/ros/foxy /usr/bin/cmake --build /home/meric/f1tenth_ws/build/ackermann_mux -- -j6 -l6
[1.350s] [100%] Built target ackermann_mux
[1.956s] Invoked command in '/home/meric/f1tenth_ws/build/ackermann_mux' returned '0': CMAKE_PREFIX_PATH=${CMAKE_PREFIX_PATH}:/home/meric/sim_ws/install/stanley_avoidance:/home/meric/sim_ws/install/slam:/home/meric/sim_ws/install/navigation:/home/meric/sim_ws/install/f1tenth_gym_ros:/home/meric/install/f1tenth_stack:/home/meric/install/joy_teleop:/home/meric/install/mouse_teleop:/home/meric/install/key_teleop:/home/meric/f1tenth_ws/install/f1tenth_stack:/home/meric/f1tenth_ws/install/joy_teleop:/home/meric/f1tenth_ws/install/stanley_avoidance:/home/meric/f1tenth_ws/install/stanley2_avoidance:/home/meric/f1tenth_ws/install/slam:/home/meric/f1tenth_ws/install/particle_filter:/home/meric/f1tenth_ws/install/mouse_teleop:/home/meric/f1tenth_ws/install/key_teleop:/opt/ros/foxy /usr/bin/cmake --build /home/meric/f1tenth_ws/build/ackermann_mux -- -j6 -l6
[1.963s] Invoking command in '/home/meric/f1tenth_ws/build/ackermann_mux': CMAKE_PREFIX_PATH=${CMAKE_PREFIX_PATH}:/home/meric/sim_ws/install/stanley_avoidance:/home/meric/sim_ws/install/slam:/home/meric/sim_ws/install/navigation:/home/meric/sim_ws/install/f1tenth_gym_ros:/home/meric/install/f1tenth_stack:/home/meric/install/joy_teleop:/home/meric/install/mouse_teleop:/home/meric/install/key_teleop:/home/meric/f1tenth_ws/install/f1tenth_stack:/home/meric/f1tenth_ws/install/joy_teleop:/home/meric/f1tenth_ws/install/stanley_avoidance:/home/meric/f1tenth_ws/install/stanley2_avoidance:/home/meric/f1tenth_ws/install/slam:/home/meric/f1tenth_ws/install/particle_filter:/home/meric/f1tenth_ws/install/mouse_teleop:/home/meric/f1tenth_ws/install/key_teleop:/opt/ros/foxy /usr/bin/cmake --install /home/meric/f1tenth_ws/build/ackermann_mux
[2.019s] -- Install configuration: ""
[2.019s] -- Up-to-date: /home/meric/f1tenth_ws/install/ackermann_mux/lib/ackermann_mux/ackermann_mux
[2.019s] -- Up-to-date: /home/meric/f1tenth_ws/install/ackermann_mux/share/ackermann_mux/launch
[2.019s] -- Up-to-date: /home/meric/f1tenth_ws/install/ackermann_mux/share/ackermann_mux/launch/ackermann_mux_launch.py
[2.019s] -- Up-to-date: /home/meric/f1tenth_ws/install/ackermann_mux/share/ackermann_mux/config
[2.020s] -- Up-to-date: /home/meric/f1tenth_ws/install/ackermann_mux/share/ackermann_mux/config/joystick.yaml
[2.020s] -- Up-to-date: /home/meric/f1tenth_ws/install/ackermann_mux/share/ackermann_mux/config/ackermann_mux_topics.yaml
[2.020s] -- Up-to-date: /home/meric/f1tenth_ws/install/ackermann_mux/share/ackermann_mux/config/ackermann_mux_locks.yaml
[2.020s] -- Up-to-date: /home/meric/f1tenth_ws/install/ackermann_mux/include
[2.020s] -- Up-to-date: /home/meric/f1tenth_ws/install/ackermann_mux/include/ackermann_mux
[2.021s] -- Up-to-date: /home/meric/f1tenth_ws/install/ackermann_mux/include/ackermann_mux/ackermann_mux_diagnostics_status.hpp
[2.021s] -- Up-to-date: /home/meric/f1tenth_ws/install/ackermann_mux/include/ackermann_mux/params_helpers.hpp
[2.024s] -- Up-to-date: /home/meric/f1tenth_ws/install/ackermann_mux/include/ackermann_mux/ackermann_mux.hpp
[2.024s] -- Up-to-date: /home/meric/f1tenth_ws/install/ackermann_mux/include/ackermann_mux/ackermann_mux_diagnostics.hpp
[2.024s] -- Up-to-date: /home/meric/f1tenth_ws/install/ackermann_mux/include/ackermann_mux/utils.hpp
[2.024s] -- Up-to-date: /home/meric/f1tenth_ws/install/ackermann_mux/include/ackermann_mux/topic_handle.hpp
[2.024s] -- Up-to-date: /home/meric/f1tenth_ws/install/ackermann_mux/share/ament_index/resource_index/package_run_dependencies/ackermann_mux
[2.025s] -- Up-to-date: /home/meric/f1tenth_ws/install/ackermann_mux/share/ament_index/resource_index/parent_prefix_path/ackermann_mux
[2.025s] -- Up-to-date: /home/meric/f1tenth_ws/install/ackermann_mux/share/ackermann_mux/environment/ament_prefix_path.sh
[2.025s] -- Up-to-date: /home/meric/f1tenth_ws/install/ackermann_mux/share/ackermann_mux/environment/ament_prefix_path.dsv
[2.025s] -- Up-to-date: /home/meric/f1tenth_ws/install/ackermann_mux/share/ackermann_mux/environment/path.sh
[2.025s] -- Up-to-date: /home/meric/f1tenth_ws/install/ackermann_mux/share/ackermann_mux/environment/path.dsv
[2.025s] -- Up-to-date: /home/meric/f1tenth_ws/install/ackermann_mux/share/ackermann_mux/local_setup.bash
[2.025s] -- Up-to-date: /home/meric/f1tenth_ws/install/ackermann_mux/share/ackermann_mux/local_setup.sh
[2.025s] -- Up-to-date: /home/meric/f1tenth_ws/install/ackermann_mux/share/ackermann_mux/local_setup.zsh
[2.026s] -- Up-to-date: /home/meric/f1tenth_ws/install/ackermann_mux/share/ackermann_mux/local_setup.dsv
[2.026s] -- Installing: /home/meric/f1tenth_ws/install/ackermann_mux/share/ackermann_mux/package.dsv
[2.026s] -- Up-to-date: /home/meric/f1tenth_ws/install/ackermann_mux/share/ament_index/resource_index/packages/ackermann_mux
[2.026s] -- Up-to-date: /home/meric/f1tenth_ws/install/ackermann_mux/share/ackermann_mux/cmake/ament_cmake_export_include_directories-extras.cmake
[2.026s] -- Up-to-date: /home/meric/f1tenth_ws/install/ackermann_mux/share/ackermann_mux/cmake/ament_cmake_export_dependencies-extras.cmake
[2.026s] -- Up-to-date: /home/meric/f1tenth_ws/install/ackermann_mux/share/ackermann_mux/cmake/ackermann_muxConfig.cmake
[2.027s] -- Up-to-date: /home/meric/f1tenth_ws/install/ackermann_mux/share/ackermann_mux/cmake/ackermann_muxConfig-version.cmake
[2.027s] -- Up-to-date: /home/meric/f1tenth_ws/install/ackermann_mux/share/ackermann_mux/package.xml
[2.047s] Invoked command in '/home/meric/f1tenth_ws/build/ackermann_mux' returned '0': CMAKE_PREFIX_PATH=${CMAKE_PREFIX_PATH}:/home/meric/sim_ws/install/stanley_avoidance:/home/meric/sim_ws/install/slam:/home/meric/sim_ws/install/navigation:/home/meric/sim_ws/install/f1tenth_gym_ros:/home/meric/install/f1tenth_stack:/home/meric/install/joy_teleop:/home/meric/install/mouse_teleop:/home/meric/install/key_teleop:/home/meric/f1tenth_ws/install/f1tenth_stack:/home/meric/f1tenth_ws/install/joy_teleop:/home/meric/f1tenth_ws/install/stanley_avoidance:/home/meric/f1tenth_ws/install/stanley2_avoidance:/home/meric/f1tenth_ws/install/slam:/home/meric/f1tenth_ws/install/particle_filter:/home/meric/f1tenth_ws/install/mouse_teleop:/home/meric/f1tenth_ws/install/key_teleop:/opt/ros/foxy /usr/bin/cmake --install /home/meric/f1tenth_ws/build/ackermann_mux
