[1.624s] Invoking command in '/home/meric/f1tenth_ws/src/stanley_avoidance': PYTHONPATH=/home/meric/f1tenth_ws/build/stanley_avoidance/prefix_override:/usr/lib/python3/dist-packages/colcon_core/task/python/colcon_distutils_commands:/home/meric/f1tenth_ws/install/stanley_avoidance/lib/python3.8/site-packages:${PYTHONPATH} /usr/bin/python3 -W ignore:setup.py install is deprecated -W ignore:easy_install command is deprecated setup.py egg_info --egg-base ../../build/stanley_avoidance build --build-base /home/meric/f1tenth_ws/build/stanley_avoidance/build install --record /home/meric/f1tenth_ws/build/stanley_avoidance/install.log --install-scripts $base/lib/stanley_avoidance --single-version-externally-managed install_data
[2.130s] running egg_info
[2.131s] writing ../../build/stanley_avoidance/stanley_avoidance.egg-info/PKG-INFO
[2.131s] writing dependency_links to ../../build/stanley_avoidance/stanley_avoidance.egg-info/dependency_links.txt
[2.132s] writing entry points to ../../build/stanley_avoidance/stanley_avoidance.egg-info/entry_points.txt
[2.132s] writing requirements to ../../build/stanley_avoidance/stanley_avoidance.egg-info/requires.txt
[2.132s] writing top-level names to ../../build/stanley_avoidance/stanley_avoidance.egg-info/top_level.txt
[2.198s] reading manifest file '../../build/stanley_avoidance/stanley_avoidance.egg-info/SOURCES.txt'
[2.199s] writing manifest file '../../build/stanley_avoidance/stanley_avoidance.egg-info/SOURCES.txt'
[2.199s] running build
[2.200s] running build_py
[2.200s] running install
[2.202s] running install_lib
[2.205s] running install_data
[2.205s] running install_egg_info
[2.209s] removing '/home/meric/f1tenth_ws/install/stanley_avoidance/lib/python3.8/site-packages/stanley_avoidance-0.0.0-py3.8.egg-info' (and everything under it)
[2.210s] Copying ../../build/stanley_avoidance/stanley_avoidance.egg-info to /home/meric/f1tenth_ws/install/stanley_avoidance/lib/python3.8/site-packages/stanley_avoidance-0.0.0-py3.8.egg-info
[2.212s] running install_scripts
[2.249s] Installing stanley_avoidance script to /home/meric/f1tenth_ws/install/stanley_avoidance/lib/stanley_avoidance
[2.249s] writing list of installed files to '/home/meric/f1tenth_ws/build/stanley_avoidance/install.log'
[2.313s] Invoked command in '/home/meric/f1tenth_ws/src/stanley_avoidance' returned '0': PYTHONPATH=/home/meric/f1tenth_ws/build/stanley_avoidance/prefix_override:/usr/lib/python3/dist-packages/colcon_core/task/python/colcon_distutils_commands:/home/meric/f1tenth_ws/install/stanley_avoidance/lib/python3.8/site-packages:${PYTHONPATH} /usr/bin/python3 -W ignore:setup.py install is deprecated -W ignore:easy_install command is deprecated setup.py egg_info --egg-base ../../build/stanley_avoidance build --build-base /home/meric/f1tenth_ws/build/stanley_avoidance/build install --record /home/meric/f1tenth_ws/build/stanley_avoidance/install.log --install-scripts $base/lib/stanley_avoidance --single-version-externally-managed install_data
