[0.102s] Invoking command in '/home/meric/f1tenth_ws/build/teleop_tools_msgs': CMAKE_PREFIX_PATH=${CMAKE_PREFIX_PATH}:/home/meric/f1tenth_ws/install/f1tenth_stack:/home/meric/f1tenth_ws/install/joy_teleop:/home/meric/f1tenth_ws/install/stanley_avoidance:/home/meric/f1tenth_ws/install/stanley2_avoidance:/home/meric/f1tenth_ws/install/slam:/home/meric/f1tenth_ws/install/mouse_teleop:/home/meric/f1tenth_ws/install/key_teleop:/opt/ros/foxy /usr/bin/cmake --build /home/meric/f1tenth_ws/build/teleop_tools_msgs -- -j6 -l6
[1.214s] [  3%] Built target teleop_tools_msgs__cpp
[1.214s] [ 12%] Built target teleop_tools_msgs__rosidl_generator_c
[1.215s] [ 32%] Built target teleop_tools_msgs__rosidl_typesupport_c
[1.215s] [ 32%] Built target teleop_tools_msgs__rosidl_typesupport_introspection_cpp
[1.215s] [ 41%] Built target teleop_tools_msgs__rosidl_typesupport_cpp
[1.215s] [ 51%] Built target teleop_tools_msgs__rosidl_typesupport_fastrtps_cpp
[1.215s] [ 61%] Built target teleop_tools_msgs__rosidl_typesupport_introspection_c
[1.215s] [ 70%] Built target teleop_tools_msgs__rosidl_typesupport_fastrtps_c
[1.216s] [ 70%] Built target teleop_tools_msgs
[1.216s] [ 74%] Built target teleop_tools_msgs__py
[1.216s] [ 80%] Built target teleop_tools_msgs__python
[1.216s] [ 87%] Built target teleop_tools_msgs__rosidl_typesupport_fastrtps_c__pyext
[1.216s] [ 93%] Built target teleop_tools_msgs__rosidl_typesupport_c__pyext
[1.216s] [100%] Built target teleop_tools_msgs__rosidl_typesupport_introspection_c__pyext
[1.243s] Invoked command in '/home/meric/f1tenth_ws/build/teleop_tools_msgs' returned '0': CMAKE_PREFIX_PATH=${CMAKE_PREFIX_PATH}:/home/meric/f1tenth_ws/install/f1tenth_stack:/home/meric/f1tenth_ws/install/joy_teleop:/home/meric/f1tenth_ws/install/stanley_avoidance:/home/meric/f1tenth_ws/install/stanley2_avoidance:/home/meric/f1tenth_ws/install/slam:/home/meric/f1tenth_ws/install/mouse_teleop:/home/meric/f1tenth_ws/install/key_teleop:/opt/ros/foxy /usr/bin/cmake --build /home/meric/f1tenth_ws/build/teleop_tools_msgs -- -j6 -l6
[1.248s] Invoking command in '/home/meric/f1tenth_ws/build/teleop_tools_msgs': CMAKE_PREFIX_PATH=${CMAKE_PREFIX_PATH}:/home/meric/f1tenth_ws/install/f1tenth_stack:/home/meric/f1tenth_ws/install/joy_teleop:/home/meric/f1tenth_ws/install/stanley_avoidance:/home/meric/f1tenth_ws/install/stanley2_avoidance:/home/meric/f1tenth_ws/install/slam:/home/meric/f1tenth_ws/install/mouse_teleop:/home/meric/f1tenth_ws/install/key_teleop:/opt/ros/foxy /usr/bin/cmake --install /home/meric/f1tenth_ws/build/teleop_tools_msgs
[1.282s] -- Install configuration: ""
[1.287s] -- Up-to-date: /home/meric/f1tenth_ws/install/teleop_tools_msgs/share/ament_index/resource_index/rosidl_interfaces/teleop_tools_msgs
[1.288s] -- Up-to-date: /home/meric/f1tenth_ws/install/teleop_tools_msgs/include/teleop_tools_msgs
[1.288s] -- Up-to-date: /home/meric/f1tenth_ws/install/teleop_tools_msgs/include/teleop_tools_msgs/msg
[1.289s] -- Up-to-date: /home/meric/f1tenth_ws/install/teleop_tools_msgs/include/teleop_tools_msgs/msg/rosidl_generator_c__visibility_control.h
[1.289s] -- Up-to-date: /home/meric/f1tenth_ws/install/teleop_tools_msgs/include/teleop_tools_msgs/action
[1.289s] -- Up-to-date: /home/meric/f1tenth_ws/install/teleop_tools_msgs/include/teleop_tools_msgs/action/detail
[1.289s] -- Up-to-date: /home/meric/f1tenth_ws/install/teleop_tools_msgs/include/teleop_tools_msgs/action/detail/increment__functions.h
[1.290s] -- Up-to-date: /home/meric/f1tenth_ws/install/teleop_tools_msgs/include/teleop_tools_msgs/action/detail/increment__struct.h
[1.290s] -- Up-to-date: /home/meric/f1tenth_ws/install/teleop_tools_msgs/include/teleop_tools_msgs/action/detail/increment__type_support.h
[1.290s] -- Up-to-date: /home/meric/f1tenth_ws/install/teleop_tools_msgs/include/teleop_tools_msgs/action/detail/increment__functions.c
[1.290s] -- Up-to-date: /home/meric/f1tenth_ws/install/teleop_tools_msgs/include/teleop_tools_msgs/action/increment.h
[1.290s] -- Up-to-date: /home/meric/f1tenth_ws/install/teleop_tools_msgs/share/teleop_tools_msgs/environment/library_path.sh
[1.290s] -- Up-to-date: /home/meric/f1tenth_ws/install/teleop_tools_msgs/share/teleop_tools_msgs/environment/library_path.dsv
[1.291s] -- Up-to-date: /home/meric/f1tenth_ws/install/teleop_tools_msgs/lib/libteleop_tools_msgs__rosidl_generator_c.so
[1.291s] -- Up-to-date: /home/meric/f1tenth_ws/install/teleop_tools_msgs/include/teleop_tools_msgs
[1.291s] -- Up-to-date: /home/meric/f1tenth_ws/install/teleop_tools_msgs/include/teleop_tools_msgs/msg
[1.291s] -- Up-to-date: /home/meric/f1tenth_ws/install/teleop_tools_msgs/include/teleop_tools_msgs/msg/rosidl_typesupport_fastrtps_c__visibility_control.h
[1.291s] -- Up-to-date: /home/meric/f1tenth_ws/install/teleop_tools_msgs/include/teleop_tools_msgs/action
[1.291s] -- Up-to-date: /home/meric/f1tenth_ws/install/teleop_tools_msgs/include/teleop_tools_msgs/action/detail
[1.294s] -- Up-to-date: /home/meric/f1tenth_ws/install/teleop_tools_msgs/include/teleop_tools_msgs/action/detail/increment__rosidl_typesupport_fastrtps_c.h
[1.295s] -- Up-to-date: /home/meric/f1tenth_ws/install/teleop_tools_msgs/lib/libteleop_tools_msgs__rosidl_typesupport_fastrtps_c.so
[1.295s] -- Up-to-date: /home/meric/f1tenth_ws/install/teleop_tools_msgs/include/teleop_tools_msgs
[1.295s] -- Up-to-date: /home/meric/f1tenth_ws/install/teleop_tools_msgs/include/teleop_tools_msgs/msg
[1.296s] -- Up-to-date: /home/meric/f1tenth_ws/install/teleop_tools_msgs/include/teleop_tools_msgs/msg/rosidl_typesupport_fastrtps_cpp__visibility_control.h
[1.296s] -- Up-to-date: /home/meric/f1tenth_ws/install/teleop_tools_msgs/include/teleop_tools_msgs/action
[1.296s] -- Up-to-date: /home/meric/f1tenth_ws/install/teleop_tools_msgs/include/teleop_tools_msgs/action/detail
[1.297s] -- Up-to-date: /home/meric/f1tenth_ws/install/teleop_tools_msgs/include/teleop_tools_msgs/action/detail/increment__rosidl_typesupport_fastrtps_cpp.hpp
[1.297s] -- Up-to-date: /home/meric/f1tenth_ws/install/teleop_tools_msgs/include/teleop_tools_msgs/action/detail/dds_fastrtps
[1.297s] -- Up-to-date: /home/meric/f1tenth_ws/install/teleop_tools_msgs/lib/libteleop_tools_msgs__rosidl_typesupport_fastrtps_cpp.so
[1.297s] -- Up-to-date: /home/meric/f1tenth_ws/install/teleop_tools_msgs/include/teleop_tools_msgs
[1.297s] -- Up-to-date: /home/meric/f1tenth_ws/install/teleop_tools_msgs/include/teleop_tools_msgs/msg
[1.298s] -- Up-to-date: /home/meric/f1tenth_ws/install/teleop_tools_msgs/include/teleop_tools_msgs/msg/rosidl_typesupport_introspection_c__visibility_control.h
[1.298s] -- Up-to-date: /home/meric/f1tenth_ws/install/teleop_tools_msgs/include/teleop_tools_msgs/action
[1.298s] -- Up-to-date: /home/meric/f1tenth_ws/install/teleop_tools_msgs/include/teleop_tools_msgs/action/detail
[1.298s] -- Up-to-date: /home/meric/f1tenth_ws/install/teleop_tools_msgs/include/teleop_tools_msgs/action/detail/increment__rosidl_typesupport_introspection_c.h
[1.298s] -- Up-to-date: /home/meric/f1tenth_ws/install/teleop_tools_msgs/include/teleop_tools_msgs/action/detail/increment__type_support.c
[1.299s] -- Up-to-date: /home/meric/f1tenth_ws/install/teleop_tools_msgs/lib/libteleop_tools_msgs__rosidl_typesupport_introspection_c.so
[1.299s] -- Up-to-date: /home/meric/f1tenth_ws/install/teleop_tools_msgs/lib/libteleop_tools_msgs__rosidl_typesupport_c.so
[1.299s] -- Up-to-date: /home/meric/f1tenth_ws/install/teleop_tools_msgs/include/teleop_tools_msgs
[1.299s] -- Up-to-date: /home/meric/f1tenth_ws/install/teleop_tools_msgs/include/teleop_tools_msgs/msg
[1.299s] -- Up-to-date: /home/meric/f1tenth_ws/install/teleop_tools_msgs/include/teleop_tools_msgs/msg/rosidl_generator_cpp__visibility_control.hpp
[1.299s] -- Up-to-date: /home/meric/f1tenth_ws/install/teleop_tools_msgs/include/teleop_tools_msgs/action
[1.299s] -- Up-to-date: /home/meric/f1tenth_ws/install/teleop_tools_msgs/include/teleop_tools_msgs/action/increment.hpp
[1.300s] -- Up-to-date: /home/meric/f1tenth_ws/install/teleop_tools_msgs/include/teleop_tools_msgs/action/detail
[1.300s] -- Up-to-date: /home/meric/f1tenth_ws/install/teleop_tools_msgs/include/teleop_tools_msgs/action/detail/increment__struct.hpp
[1.300s] -- Up-to-date: /home/meric/f1tenth_ws/install/teleop_tools_msgs/include/teleop_tools_msgs/action/detail/increment__traits.hpp
[1.300s] -- Up-to-date: /home/meric/f1tenth_ws/install/teleop_tools_msgs/include/teleop_tools_msgs/action/detail/increment__type_support.hpp
[1.300s] -- Up-to-date: /home/meric/f1tenth_ws/install/teleop_tools_msgs/include/teleop_tools_msgs/action/detail/increment__builder.hpp
[1.300s] -- Up-to-date: /home/meric/f1tenth_ws/install/teleop_tools_msgs/include/teleop_tools_msgs
[1.300s] -- Up-to-date: /home/meric/f1tenth_ws/install/teleop_tools_msgs/include/teleop_tools_msgs/action
[1.300s] -- Up-to-date: /home/meric/f1tenth_ws/install/teleop_tools_msgs/include/teleop_tools_msgs/action/detail
[1.301s] -- Up-to-date: /home/meric/f1tenth_ws/install/teleop_tools_msgs/include/teleop_tools_msgs/action/detail/increment__rosidl_typesupport_introspection_cpp.hpp
[1.301s] -- Up-to-date: /home/meric/f1tenth_ws/install/teleop_tools_msgs/include/teleop_tools_msgs/action/detail/increment__type_support.cpp
[1.301s] -- Up-to-date: /home/meric/f1tenth_ws/install/teleop_tools_msgs/lib/libteleop_tools_msgs__rosidl_typesupport_introspection_cpp.so
[1.301s] -- Up-to-date: /home/meric/f1tenth_ws/install/teleop_tools_msgs/lib/libteleop_tools_msgs__rosidl_typesupport_cpp.so
[1.301s] -- Up-to-date: /home/meric/f1tenth_ws/install/teleop_tools_msgs/share/teleop_tools_msgs/environment/pythonpath.sh
[1.301s] -- Up-to-date: /home/meric/f1tenth_ws/install/teleop_tools_msgs/share/teleop_tools_msgs/environment/pythonpath.dsv
[1.301s] -- Up-to-date: /home/meric/f1tenth_ws/install/teleop_tools_msgs/lib/python3.8/site-packages/teleop_tools_msgs/__init__.py
[1.367s] -- Up-to-date: /home/meric/f1tenth_ws/install/teleop_tools_msgs/lib/python3.8/site-packages/teleop_tools_msgs/action
[1.368s] -- Up-to-date: /home/meric/f1tenth_ws/install/teleop_tools_msgs/lib/python3.8/site-packages/teleop_tools_msgs/action/_increment.py
[1.368s] -- Up-to-date: /home/meric/f1tenth_ws/install/teleop_tools_msgs/lib/python3.8/site-packages/teleop_tools_msgs/action/__init__.py
[1.368s] -- Up-to-date: /home/meric/f1tenth_ws/install/teleop_tools_msgs/lib/python3.8/site-packages/teleop_tools_msgs/action/_increment_s.c
[1.368s] -- Up-to-date: /home/meric/f1tenth_ws/install/teleop_tools_msgs/lib/python3.8/site-packages/teleop_tools_msgs/teleop_tools_msgs_s__rosidl_typesupport_fastrtps_c.cpython-38-aarch64-linux-gnu.so
[1.371s] -- Up-to-date: /home/meric/f1tenth_ws/install/teleop_tools_msgs/lib/python3.8/site-packages/teleop_tools_msgs/teleop_tools_msgs_s__rosidl_typesupport_introspection_c.cpython-38-aarch64-linux-gnu.so
[1.371s] -- Up-to-date: /home/meric/f1tenth_ws/install/teleop_tools_msgs/lib/python3.8/site-packages/teleop_tools_msgs/teleop_tools_msgs_s__rosidl_typesupport_c.cpython-38-aarch64-linux-gnu.so
[1.372s] -- Up-to-date: /home/meric/f1tenth_ws/install/teleop_tools_msgs/lib/libteleop_tools_msgs__python.so
[1.372s] -- Up-to-date: /home/meric/f1tenth_ws/install/teleop_tools_msgs/share/teleop_tools_msgs/action/Increment.idl
[1.372s] -- Up-to-date: /home/meric/f1tenth_ws/install/teleop_tools_msgs/share/teleop_tools_msgs/action/Increment.action
[1.373s] -- Up-to-date: /home/meric/f1tenth_ws/install/teleop_tools_msgs/share/ament_index/resource_index/package_run_dependencies/teleop_tools_msgs
[1.373s] -- Up-to-date: /home/meric/f1tenth_ws/install/teleop_tools_msgs/share/ament_index/resource_index/parent_prefix_path/teleop_tools_msgs
[1.373s] -- Up-to-date: /home/meric/f1tenth_ws/install/teleop_tools_msgs/share/teleop_tools_msgs/environment/ament_prefix_path.sh
[1.373s] -- Up-to-date: /home/meric/f1tenth_ws/install/teleop_tools_msgs/share/teleop_tools_msgs/environment/ament_prefix_path.dsv
[1.374s] -- Up-to-date: /home/meric/f1tenth_ws/install/teleop_tools_msgs/share/teleop_tools_msgs/environment/path.sh
[1.374s] -- Up-to-date: /home/meric/f1tenth_ws/install/teleop_tools_msgs/share/teleop_tools_msgs/environment/path.dsv
[1.374s] -- Up-to-date: /home/meric/f1tenth_ws/install/teleop_tools_msgs/share/teleop_tools_msgs/local_setup.bash
[1.374s] -- Up-to-date: /home/meric/f1tenth_ws/install/teleop_tools_msgs/share/teleop_tools_msgs/local_setup.sh
[1.374s] -- Up-to-date: /home/meric/f1tenth_ws/install/teleop_tools_msgs/share/teleop_tools_msgs/local_setup.zsh
[1.375s] -- Up-to-date: /home/meric/f1tenth_ws/install/teleop_tools_msgs/share/teleop_tools_msgs/local_setup.dsv
[1.375s] -- Installing: /home/meric/f1tenth_ws/install/teleop_tools_msgs/share/teleop_tools_msgs/package.dsv
[1.375s] -- Up-to-date: /home/meric/f1tenth_ws/install/teleop_tools_msgs/share/ament_index/resource_index/packages/teleop_tools_msgs
[1.375s] -- Up-to-date: /home/meric/f1tenth_ws/install/teleop_tools_msgs/share/teleop_tools_msgs/cmake/teleop_tools_msgs__rosidl_generator_cExport.cmake
[1.375s] -- Up-to-date: /home/meric/f1tenth_ws/install/teleop_tools_msgs/share/teleop_tools_msgs/cmake/teleop_tools_msgs__rosidl_generator_cExport-noconfig.cmake
[1.376s] -- Up-to-date: /home/meric/f1tenth_ws/install/teleop_tools_msgs/share/teleop_tools_msgs/cmake/teleop_tools_msgs__rosidl_typesupport_introspection_cExport.cmake
[1.376s] -- Up-to-date: /home/meric/f1tenth_ws/install/teleop_tools_msgs/share/teleop_tools_msgs/cmake/teleop_tools_msgs__rosidl_typesupport_introspection_cExport-noconfig.cmake
[1.376s] -- Up-to-date: /home/meric/f1tenth_ws/install/teleop_tools_msgs/share/teleop_tools_msgs/cmake/teleop_tools_msgs__rosidl_typesupport_cExport.cmake
[1.376s] -- Up-to-date: /home/meric/f1tenth_ws/install/teleop_tools_msgs/share/teleop_tools_msgs/cmake/teleop_tools_msgs__rosidl_typesupport_cExport-noconfig.cmake
[1.376s] -- Up-to-date: /home/meric/f1tenth_ws/install/teleop_tools_msgs/share/teleop_tools_msgs/cmake/teleop_tools_msgs__rosidl_generator_cppExport.cmake
[1.377s] -- Up-to-date: /home/meric/f1tenth_ws/install/teleop_tools_msgs/share/teleop_tools_msgs/cmake/teleop_tools_msgs__rosidl_typesupport_introspection_cppExport.cmake
[1.377s] -- Up-to-date: /home/meric/f1tenth_ws/install/teleop_tools_msgs/share/teleop_tools_msgs/cmake/teleop_tools_msgs__rosidl_typesupport_introspection_cppExport-noconfig.cmake
[1.377s] -- Up-to-date: /home/meric/f1tenth_ws/install/teleop_tools_msgs/share/teleop_tools_msgs/cmake/teleop_tools_msgs__rosidl_typesupport_cppExport.cmake
[1.377s] -- Up-to-date: /home/meric/f1tenth_ws/install/teleop_tools_msgs/share/teleop_tools_msgs/cmake/teleop_tools_msgs__rosidl_typesupport_cppExport-noconfig.cmake
[1.377s] -- Up-to-date: /home/meric/f1tenth_ws/install/teleop_tools_msgs/share/teleop_tools_msgs/cmake/rosidl_cmake-extras.cmake
[1.390s] -- Up-to-date: /home/meric/f1tenth_ws/install/teleop_tools_msgs/share/teleop_tools_msgs/cmake/ament_cmake_export_dependencies-extras.cmake
[1.392s] -- Up-to-date: /home/meric/f1tenth_ws/install/teleop_tools_msgs/share/teleop_tools_msgs/cmake/ament_cmake_export_libraries-extras.cmake
[1.392s] -- Up-to-date: /home/meric/f1tenth_ws/install/teleop_tools_msgs/share/teleop_tools_msgs/cmake/ament_cmake_export_targets-extras.cmake
[1.393s] -- Up-to-date: /home/meric/f1tenth_ws/install/teleop_tools_msgs/share/teleop_tools_msgs/cmake/ament_cmake_export_include_directories-extras.cmake
[1.393s] -- Up-to-date: /home/meric/f1tenth_ws/install/teleop_tools_msgs/share/teleop_tools_msgs/cmake/rosidl_cmake_export_typesupport_libraries-extras.cmake
[1.394s] -- Up-to-date: /home/meric/f1tenth_ws/install/teleop_tools_msgs/share/teleop_tools_msgs/cmake/rosidl_cmake_export_typesupport_targets-extras.cmake
[1.395s] -- Up-to-date: /home/meric/f1tenth_ws/install/teleop_tools_msgs/share/teleop_tools_msgs/cmake/teleop_tools_msgsConfig.cmake
[1.395s] -- Up-to-date: /home/meric/f1tenth_ws/install/teleop_tools_msgs/share/teleop_tools_msgs/cmake/teleop_tools_msgsConfig-version.cmake
[1.395s] -- Up-to-date: /home/meric/f1tenth_ws/install/teleop_tools_msgs/share/teleop_tools_msgs/package.xml
[1.434s] Invoked command in '/home/meric/f1tenth_ws/build/teleop_tools_msgs' returned '0': CMAKE_PREFIX_PATH=${CMAKE_PREFIX_PATH}:/home/meric/f1tenth_ws/install/f1tenth_stack:/home/meric/f1tenth_ws/install/joy_teleop:/home/meric/f1tenth_ws/install/stanley_avoidance:/home/meric/f1tenth_ws/install/stanley2_avoidance:/home/meric/f1tenth_ws/install/slam:/home/meric/f1tenth_ws/install/mouse_teleop:/home/meric/f1tenth_ws/install/key_teleop:/opt/ros/foxy /usr/bin/cmake --install /home/meric/f1tenth_ws/build/teleop_tools_msgs
