[2.002s] Invoking command in '/home/meric/f1tenth_ws/src/slam': PYTHONPATH=/home/meric/f1tenth_ws/build/slam/prefix_override:/usr/lib/python3/dist-packages/colcon_core/task/python/colcon_distutils_commands:/home/meric/f1tenth_ws/install/slam/lib/python3.8/site-packages:${PYTHONPATH} /usr/bin/python3 -W ignore:setup.py install is deprecated -W ignore:easy_install command is deprecated setup.py egg_info --egg-base ../../build/slam build --build-base /home/meric/f1tenth_ws/build/slam/build install --record /home/meric/f1tenth_ws/build/slam/install.log --install-scripts $base/lib/slam --single-version-externally-managed install_data
[2.523s] running egg_info
[2.524s] writing ../../build/slam/slam.egg-info/PKG-INFO
[2.526s] writing dependency_links to ../../build/slam/slam.egg-info/dependency_links.txt
[2.527s] writing entry points to ../../build/slam/slam.egg-info/entry_points.txt
[2.527s] writing requirements to ../../build/slam/slam.egg-info/requires.txt
[2.527s] writing top-level names to ../../build/slam/slam.egg-info/top_level.txt
[2.596s] reading manifest file '../../build/slam/slam.egg-info/SOURCES.txt'
[2.597s] writing manifest file '../../build/slam/slam.egg-info/SOURCES.txt'
[2.597s] running build
[2.597s] running build_py
[2.598s] running install
[2.601s] running install_lib
[2.605s] running install_data
[2.605s] running install_egg_info
[2.609s] removing '/home/meric/f1tenth_ws/install/slam/lib/python3.8/site-packages/slam-0.0.0-py3.8.egg-info' (and everything under it)
[2.610s] Copying ../../build/slam/slam.egg-info to /home/meric/f1tenth_ws/install/slam/lib/python3.8/site-packages/slam-0.0.0-py3.8.egg-info
[2.612s] running install_scripts
[2.653s] writing list of installed files to '/home/meric/f1tenth_ws/build/slam/install.log'
[2.754s] Invoked command in '/home/meric/f1tenth_ws/src/slam' returned '0': PYTHONPATH=/home/meric/f1tenth_ws/build/slam/prefix_override:/usr/lib/python3/dist-packages/colcon_core/task/python/colcon_distutils_commands:/home/meric/f1tenth_ws/install/slam/lib/python3.8/site-packages:${PYTHONPATH} /usr/bin/python3 -W ignore:setup.py install is deprecated -W ignore:easy_install command is deprecated setup.py egg_info --egg-base ../../build/slam build --build-base /home/meric/f1tenth_ws/build/slam/build install --record /home/meric/f1tenth_ws/build/slam/install.log --install-scripts $base/lib/slam --single-version-externally-managed install_data
