[2.980s] Invoking command in '/home/meric/f1tenth_ws/src/f1tenth_system/teleop_tools/mouse_teleop': PYTHONPATH=/home/meric/f1tenth_ws/build/mouse_teleop/prefix_override:/usr/lib/python3/dist-packages/colcon_core/task/python/colcon_distutils_commands:/home/meric/f1tenth_ws/install/mouse_teleop/lib/python3.8/site-packages:${PYTHONPATH} /usr/bin/python3 -W ignore:setup.py install is deprecated -W ignore:easy_install command is deprecated setup.py egg_info --egg-base ../../../../build/mouse_teleop build --build-base /home/meric/f1tenth_ws/build/mouse_teleop/build install --record /home/meric/f1tenth_ws/build/mouse_teleop/install.log --install-scripts $base/lib/mouse_teleop --single-version-externally-managed install_data
[3.599s] running egg_info
[3.602s] writing ../../../../build/mouse_teleop/mouse_teleop.egg-info/PKG-INFO
[3.602s] writing dependency_links to ../../../../build/mouse_teleop/mouse_teleop.egg-info/dependency_links.txt
[3.603s] writing entry points to ../../../../build/mouse_teleop/mouse_teleop.egg-info/entry_points.txt
[3.604s] writing requirements to ../../../../build/mouse_teleop/mouse_teleop.egg-info/requires.txt
[3.605s] writing top-level names to ../../../../build/mouse_teleop/mouse_teleop.egg-info/top_level.txt
[3.688s] reading manifest file '../../../../build/mouse_teleop/mouse_teleop.egg-info/SOURCES.txt'
[3.691s] writing manifest file '../../../../build/mouse_teleop/mouse_teleop.egg-info/SOURCES.txt'
[3.691s] running build
[3.692s] running build_py
[3.692s] running install
[3.694s] running install_lib
[3.698s] running install_data
[3.698s] running install_egg_info
[3.705s] removing '/home/meric/f1tenth_ws/install/mouse_teleop/lib/python3.8/site-packages/mouse_teleop-0.3.0-py3.8.egg-info' (and everything under it)
[3.705s] Copying ../../../../build/mouse_teleop/mouse_teleop.egg-info to /home/meric/f1tenth_ws/install/mouse_teleop/lib/python3.8/site-packages/mouse_teleop-0.3.0-py3.8.egg-info
[3.710s] running install_scripts
[3.753s] Installing mouse_teleop script to /home/meric/f1tenth_ws/install/mouse_teleop/lib/mouse_teleop
[3.754s] writing list of installed files to '/home/meric/f1tenth_ws/build/mouse_teleop/install.log'
[4.184s] Invoked command in '/home/meric/f1tenth_ws/src/f1tenth_system/teleop_tools/mouse_teleop' returned '0': PYTHONPATH=/home/meric/f1tenth_ws/build/mouse_teleop/prefix_override:/usr/lib/python3/dist-packages/colcon_core/task/python/colcon_distutils_commands:/home/meric/f1tenth_ws/install/mouse_teleop/lib/python3.8/site-packages:${PYTHONPATH} /usr/bin/python3 -W ignore:setup.py install is deprecated -W ignore:easy_install command is deprecated setup.py egg_info --egg-base ../../../../build/mouse_teleop build --build-base /home/meric/f1tenth_ws/build/mouse_teleop/build install --record /home/meric/f1tenth_ws/build/mouse_teleop/install.log --install-scripts $base/lib/mouse_teleop --single-version-externally-managed install_data
