[1.124s] Invoking command in '/home/meric/f1tenth_ws/build/pure_pursuit': CMAKE_PREFIX_PATH=${CMAKE_PREFIX_PATH}:/home/meric/f1tenth_ws/install/f1tenth_stack:/home/meric/f1tenth_ws/install/joy_teleop:/home/meric/f1tenth_ws/install/stanley_avoidance:/home/meric/f1tenth_ws/install/stanley2_avoidance:/home/meric/f1tenth_ws/install/slam:/home/meric/f1tenth_ws/install/mouse_teleop:/home/meric/f1tenth_ws/install/key_teleop:/opt/ros/foxy /usr/bin/cmake --build /home/meric/f1tenth_ws/build/pure_pursuit -- -j6 -l6
[1.268s] [ 50%] Built target waypoint_visualizer
[1.293s] [100%] Built target pure_pursuit
[1.450s] Invoked command in '/home/meric/f1tenth_ws/build/pure_pursuit' returned '0': CMAKE_PREFIX_PATH=${CMAKE_PREFIX_PATH}:/home/meric/f1tenth_ws/install/f1tenth_stack:/home/meric/f1tenth_ws/install/joy_teleop:/home/meric/f1tenth_ws/install/stanley_avoidance:/home/meric/f1tenth_ws/install/stanley2_avoidance:/home/meric/f1tenth_ws/install/slam:/home/meric/f1tenth_ws/install/mouse_teleop:/home/meric/f1tenth_ws/install/key_teleop:/opt/ros/foxy /usr/bin/cmake --build /home/meric/f1tenth_ws/build/pure_pursuit -- -j6 -l6
[1.455s] Invoking command in '/home/meric/f1tenth_ws/build/pure_pursuit': CMAKE_PREFIX_PATH=${CMAKE_PREFIX_PATH}:/home/meric/f1tenth_ws/install/f1tenth_stack:/home/meric/f1tenth_ws/install/joy_teleop:/home/meric/f1tenth_ws/install/stanley_avoidance:/home/meric/f1tenth_ws/install/stanley2_avoidance:/home/meric/f1tenth_ws/install/slam:/home/meric/f1tenth_ws/install/mouse_teleop:/home/meric/f1tenth_ws/install/key_teleop:/opt/ros/foxy /usr/bin/cmake --install /home/meric/f1tenth_ws/build/pure_pursuit
[1.499s] -- Install configuration: ""
[1.500s] -- Up-to-date: /home/meric/f1tenth_ws/install/pure_pursuit/lib/pure_pursuit/pure_pursuit
[1.500s] -- Up-to-date: /home/meric/f1tenth_ws/install/pure_pursuit/lib/pure_pursuit/waypoint_visualizer
[1.500s] -- Up-to-date: /home/meric/f1tenth_ws/install/pure_pursuit/share/pure_pursuit/launch
[1.500s] -- Up-to-date: /home/meric/f1tenth_ws/install/pure_pursuit/share/pure_pursuit/launch/pure_pursuit_launch.py
[1.500s] -- Up-to-date: /home/meric/f1tenth_ws/install/pure_pursuit/share/pure_pursuit/launch/sim_pure_pursuit.rviz
[1.500s] -- Up-to-date: /home/meric/f1tenth_ws/install/pure_pursuit/share/pure_pursuit/launch/sim_pure_pursuit_launch.py
[1.500s] -- Up-to-date: /home/meric/f1tenth_ws/install/pure_pursuit/share/pure_pursuit/launch/pure_pursuit.rviz
[1.501s] -- Up-to-date: /home/meric/f1tenth_ws/install/pure_pursuit/share/pure_pursuit/config
[1.501s] -- Up-to-date: /home/meric/f1tenth_ws/install/pure_pursuit/share/pure_pursuit/config/config.yaml
[1.501s] -- Up-to-date: /home/meric/f1tenth_ws/install/pure_pursuit/share/pure_pursuit/config/sim_config.yaml
[1.501s] -- Up-to-date: /home/meric/f1tenth_ws/install/pure_pursuit/share/ament_index/resource_index/package_run_dependencies/pure_pursuit
[1.501s] -- Up-to-date: /home/meric/f1tenth_ws/install/pure_pursuit/share/ament_index/resource_index/parent_prefix_path/pure_pursuit
[1.501s] -- Up-to-date: /home/meric/f1tenth_ws/install/pure_pursuit/share/pure_pursuit/environment/ament_prefix_path.sh
[1.501s] -- Up-to-date: /home/meric/f1tenth_ws/install/pure_pursuit/share/pure_pursuit/environment/ament_prefix_path.dsv
[1.501s] -- Up-to-date: /home/meric/f1tenth_ws/install/pure_pursuit/share/pure_pursuit/environment/path.sh
[1.503s] -- Up-to-date: /home/meric/f1tenth_ws/install/pure_pursuit/share/pure_pursuit/environment/path.dsv
[1.503s] -- Up-to-date: /home/meric/f1tenth_ws/install/pure_pursuit/share/pure_pursuit/local_setup.bash
[1.503s] -- Up-to-date: /home/meric/f1tenth_ws/install/pure_pursuit/share/pure_pursuit/local_setup.sh
[1.503s] -- Up-to-date: /home/meric/f1tenth_ws/install/pure_pursuit/share/pure_pursuit/local_setup.zsh
[1.504s] -- Up-to-date: /home/meric/f1tenth_ws/install/pure_pursuit/share/pure_pursuit/local_setup.dsv
[1.504s] -- Installing: /home/meric/f1tenth_ws/install/pure_pursuit/share/pure_pursuit/package.dsv
[1.504s] -- Up-to-date: /home/meric/f1tenth_ws/install/pure_pursuit/share/ament_index/resource_index/packages/pure_pursuit
[1.504s] -- Up-to-date: /home/meric/f1tenth_ws/install/pure_pursuit/share/pure_pursuit/cmake/pure_pursuitConfig.cmake
[1.504s] -- Up-to-date: /home/meric/f1tenth_ws/install/pure_pursuit/share/pure_pursuit/cmake/pure_pursuitConfig-version.cmake
[1.504s] -- Up-to-date: /home/meric/f1tenth_ws/install/pure_pursuit/share/pure_pursuit/package.xml
[2.027s] Invoked command in '/home/meric/f1tenth_ws/build/pure_pursuit' returned '0': CMAKE_PREFIX_PATH=${CMAKE_PREFIX_PATH}:/home/meric/f1tenth_ws/install/f1tenth_stack:/home/meric/f1tenth_ws/install/joy_teleop:/home/meric/f1tenth_ws/install/stanley_avoidance:/home/meric/f1tenth_ws/install/stanley2_avoidance:/home/meric/f1tenth_ws/install/slam:/home/meric/f1tenth_ws/install/mouse_teleop:/home/meric/f1tenth_ws/install/key_teleop:/opt/ros/foxy /usr/bin/cmake --install /home/meric/f1tenth_ws/build/pure_pursuit
