[3.866s] Invoking command in '/home/meric/f1tenth_ws/src/slam': PYTHONPATH=/home/meric/f1tenth_ws/build/slam/prefix_override:/usr/lib/python3/dist-packages/colcon_core/task/python/colcon_distutils_commands:/home/meric/f1tenth_ws/install/slam/lib/python3.8/site-packages:${PYTHONPATH} /usr/bin/python3 -W ignore:setup.py install is deprecated -W ignore:easy_install command is deprecated setup.py egg_info --egg-base ../../build/slam build --build-base /home/meric/f1tenth_ws/build/slam/build install --record /home/meric/f1tenth_ws/build/slam/install.log --install-scripts $base/lib/slam --single-version-externally-managed install_data
[4.468s] running egg_info
[4.471s] writing ../../build/slam/slam.egg-info/PKG-INFO
[4.472s] writing dependency_links to ../../build/slam/slam.egg-info/dependency_links.txt
[4.473s] writing entry points to ../../build/slam/slam.egg-info/entry_points.txt
[4.474s] writing requirements to ../../build/slam/slam.egg-info/requires.txt
[4.475s] writing top-level names to ../../build/slam/slam.egg-info/top_level.txt
[4.555s] reading manifest file '../../build/slam/slam.egg-info/SOURCES.txt'
[4.558s] writing manifest file '../../build/slam/slam.egg-info/SOURCES.txt'
[4.559s] running build
[4.559s] running build_py
[4.560s] running install
[4.564s] running install_lib
[4.569s] running install_data
[4.569s] running install_egg_info
[4.575s] removing '/home/meric/f1tenth_ws/install/slam/lib/python3.8/site-packages/slam-0.0.0-py3.8.egg-info' (and everything under it)
[4.576s] Copying ../../build/slam/slam.egg-info to /home/meric/f1tenth_ws/install/slam/lib/python3.8/site-packages/slam-0.0.0-py3.8.egg-info
[4.579s] running install_scripts
[4.632s] writing list of installed files to '/home/meric/f1tenth_ws/build/slam/install.log'
[4.740s] Invoked command in '/home/meric/f1tenth_ws/src/slam' returned '0': PYTHONPATH=/home/meric/f1tenth_ws/build/slam/prefix_override:/usr/lib/python3/dist-packages/colcon_core/task/python/colcon_distutils_commands:/home/meric/f1tenth_ws/install/slam/lib/python3.8/site-packages:${PYTHONPATH} /usr/bin/python3 -W ignore:setup.py install is deprecated -W ignore:easy_install command is deprecated setup.py egg_info --egg-base ../../build/slam build --build-base /home/meric/f1tenth_ws/build/slam/build install --record /home/meric/f1tenth_ws/build/slam/install.log --install-scripts $base/lib/slam --single-version-externally-managed install_data
